[2024-09-11T13:35:24.980+0000] {processor.py:186} INFO - Started process (PID=113) to work on /home/airflow/.local/lib/python3.12/site-packages/airflow/example_dags/example_sensors.py
[2024-09-11T13:35:24.981+0000] {processor.py:914} INFO - Processing file /home/airflow/.local/lib/python3.12/site-packages/airflow/example_dags/example_sensors.py for tasks to queue
[2024-09-11T13:35:24.985+0000] {logging_mixin.py:190} INFO - [2024-09-11T13:35:24.985+0000] {dagbag.py:587} INFO - Filling up the DagBag from /home/airflow/.local/lib/python3.12/site-packages/airflow/example_dags/example_sensors.py
[2024-09-11T13:35:25.010+0000] {processor.py:925} INFO - DAG(s) 'example_sensors' retrieved from /home/airflow/.local/lib/python3.12/site-packages/airflow/example_dags/example_sensors.py
[2024-09-11T13:35:25.220+0000] {logging_mixin.py:190} INFO - [2024-09-11T13:35:25.219+0000] {override.py:1900} INFO - Created Permission View: can edit on DAG:example_sensors
[2024-09-11T13:35:25.270+0000] {logging_mixin.py:190} INFO - [2024-09-11T13:35:25.269+0000] {override.py:1900} INFO - Created Permission View: can delete on DAG:example_sensors
[2024-09-11T13:35:25.306+0000] {logging_mixin.py:190} INFO - [2024-09-11T13:35:25.305+0000] {override.py:1900} INFO - Created Permission View: can read on DAG:example_sensors
[2024-09-11T13:35:25.339+0000] {logging_mixin.py:190} INFO - [2024-09-11T13:35:25.337+0000] {override.py:1900} INFO - Created Permission View: menu access on DAG Run:example_sensors
[2024-09-11T13:35:25.355+0000] {logging_mixin.py:190} INFO - [2024-09-11T13:35:25.354+0000] {override.py:1900} INFO - Created Permission View: can create on DAG Run:example_sensors
[2024-09-11T13:35:25.376+0000] {logging_mixin.py:190} INFO - [2024-09-11T13:35:25.375+0000] {override.py:1900} INFO - Created Permission View: can delete on DAG Run:example_sensors
[2024-09-11T13:35:25.397+0000] {logging_mixin.py:190} INFO - [2024-09-11T13:35:25.396+0000] {override.py:1900} INFO - Created Permission View: can read on DAG Run:example_sensors
[2024-09-11T13:35:25.398+0000] {logging_mixin.py:190} INFO - [2024-09-11T13:35:25.397+0000] {dag.py:3229} INFO - Sync 1 DAGs
[2024-09-11T13:35:25.429+0000] {logging_mixin.py:190} INFO - [2024-09-11T13:35:25.428+0000] {dag.py:3252} INFO - Creating ORM DAG for example_sensors
[2024-09-11T13:35:25.430+0000] {logging_mixin.py:190} INFO - [2024-09-11T13:35:25.430+0000] {dag.py:4156} INFO - Setting next_dagrun for example_sensors to None, run_after=None
[2024-09-11T13:35:25.459+0000] {processor.py:208} INFO - Processing /home/airflow/.local/lib/python3.12/site-packages/airflow/example_dags/example_sensors.py took 0.488 seconds
[2024-09-11T13:35:55.896+0000] {processor.py:186} INFO - Started process (PID=175) to work on /home/airflow/.local/lib/python3.12/site-packages/airflow/example_dags/example_sensors.py
[2024-09-11T13:35:55.897+0000] {processor.py:914} INFO - Processing file /home/airflow/.local/lib/python3.12/site-packages/airflow/example_dags/example_sensors.py for tasks to queue
[2024-09-11T13:35:55.900+0000] {logging_mixin.py:190} INFO - [2024-09-11T13:35:55.899+0000] {dagbag.py:587} INFO - Filling up the DagBag from /home/airflow/.local/lib/python3.12/site-packages/airflow/example_dags/example_sensors.py
[2024-09-11T13:35:55.913+0000] {processor.py:925} INFO - DAG(s) 'example_sensors' retrieved from /home/airflow/.local/lib/python3.12/site-packages/airflow/example_dags/example_sensors.py
[2024-09-11T13:35:55.942+0000] {logging_mixin.py:190} INFO - [2024-09-11T13:35:55.942+0000] {dag.py:3229} INFO - Sync 1 DAGs
[2024-09-11T13:35:55.959+0000] {logging_mixin.py:190} INFO - [2024-09-11T13:35:55.959+0000] {dag.py:4156} INFO - Setting next_dagrun for example_sensors to None, run_after=None
[2024-09-11T13:35:55.978+0000] {processor.py:208} INFO - Processing /home/airflow/.local/lib/python3.12/site-packages/airflow/example_dags/example_sensors.py took 0.089 seconds
[2024-09-11T13:36:26.254+0000] {processor.py:186} INFO - Started process (PID=237) to work on /home/airflow/.local/lib/python3.12/site-packages/airflow/example_dags/example_sensors.py
[2024-09-11T13:36:26.255+0000] {processor.py:914} INFO - Processing file /home/airflow/.local/lib/python3.12/site-packages/airflow/example_dags/example_sensors.py for tasks to queue
[2024-09-11T13:36:26.258+0000] {logging_mixin.py:190} INFO - [2024-09-11T13:36:26.258+0000] {dagbag.py:587} INFO - Filling up the DagBag from /home/airflow/.local/lib/python3.12/site-packages/airflow/example_dags/example_sensors.py
[2024-09-11T13:36:26.270+0000] {processor.py:925} INFO - DAG(s) 'example_sensors' retrieved from /home/airflow/.local/lib/python3.12/site-packages/airflow/example_dags/example_sensors.py
[2024-09-11T13:36:26.301+0000] {logging_mixin.py:190} INFO - [2024-09-11T13:36:26.301+0000] {dag.py:3229} INFO - Sync 1 DAGs
[2024-09-11T13:36:26.317+0000] {logging_mixin.py:190} INFO - [2024-09-11T13:36:26.317+0000] {dag.py:4156} INFO - Setting next_dagrun for example_sensors to None, run_after=None
[2024-09-11T13:36:26.339+0000] {processor.py:208} INFO - Processing /home/airflow/.local/lib/python3.12/site-packages/airflow/example_dags/example_sensors.py took 0.091 seconds
[2024-09-11T13:36:56.879+0000] {processor.py:186} INFO - Started process (PID=299) to work on /home/airflow/.local/lib/python3.12/site-packages/airflow/example_dags/example_sensors.py
[2024-09-11T13:36:56.880+0000] {processor.py:914} INFO - Processing file /home/airflow/.local/lib/python3.12/site-packages/airflow/example_dags/example_sensors.py for tasks to queue
[2024-09-11T13:36:56.883+0000] {logging_mixin.py:190} INFO - [2024-09-11T13:36:56.883+0000] {dagbag.py:587} INFO - Filling up the DagBag from /home/airflow/.local/lib/python3.12/site-packages/airflow/example_dags/example_sensors.py
[2024-09-11T13:36:56.895+0000] {processor.py:925} INFO - DAG(s) 'example_sensors' retrieved from /home/airflow/.local/lib/python3.12/site-packages/airflow/example_dags/example_sensors.py
[2024-09-11T13:36:56.928+0000] {logging_mixin.py:190} INFO - [2024-09-11T13:36:56.928+0000] {dag.py:3229} INFO - Sync 1 DAGs
[2024-09-11T13:36:56.944+0000] {logging_mixin.py:190} INFO - [2024-09-11T13:36:56.943+0000] {dag.py:4156} INFO - Setting next_dagrun for example_sensors to None, run_after=None
[2024-09-11T13:36:56.964+0000] {processor.py:208} INFO - Processing /home/airflow/.local/lib/python3.12/site-packages/airflow/example_dags/example_sensors.py took 0.092 seconds
[2024-09-11T13:37:27.280+0000] {processor.py:186} INFO - Started process (PID=361) to work on /home/airflow/.local/lib/python3.12/site-packages/airflow/example_dags/example_sensors.py
[2024-09-11T13:37:27.281+0000] {processor.py:914} INFO - Processing file /home/airflow/.local/lib/python3.12/site-packages/airflow/example_dags/example_sensors.py for tasks to queue
[2024-09-11T13:37:27.284+0000] {logging_mixin.py:190} INFO - [2024-09-11T13:37:27.284+0000] {dagbag.py:587} INFO - Filling up the DagBag from /home/airflow/.local/lib/python3.12/site-packages/airflow/example_dags/example_sensors.py
[2024-09-11T13:37:27.300+0000] {processor.py:925} INFO - DAG(s) 'example_sensors' retrieved from /home/airflow/.local/lib/python3.12/site-packages/airflow/example_dags/example_sensors.py
[2024-09-11T13:37:27.338+0000] {logging_mixin.py:190} INFO - [2024-09-11T13:37:27.338+0000] {dag.py:3229} INFO - Sync 1 DAGs
[2024-09-11T13:37:27.358+0000] {logging_mixin.py:190} INFO - [2024-09-11T13:37:27.358+0000] {dag.py:4156} INFO - Setting next_dagrun for example_sensors to None, run_after=None
[2024-09-11T13:37:27.385+0000] {processor.py:208} INFO - Processing /home/airflow/.local/lib/python3.12/site-packages/airflow/example_dags/example_sensors.py took 0.115 seconds
[2024-09-11T13:37:58.577+0000] {processor.py:186} INFO - Started process (PID=423) to work on /home/airflow/.local/lib/python3.12/site-packages/airflow/example_dags/example_sensors.py
[2024-09-11T13:37:58.579+0000] {processor.py:914} INFO - Processing file /home/airflow/.local/lib/python3.12/site-packages/airflow/example_dags/example_sensors.py for tasks to queue
[2024-09-11T13:37:58.584+0000] {logging_mixin.py:190} INFO - [2024-09-11T13:37:58.582+0000] {dagbag.py:587} INFO - Filling up the DagBag from /home/airflow/.local/lib/python3.12/site-packages/airflow/example_dags/example_sensors.py
[2024-09-11T13:37:58.606+0000] {processor.py:925} INFO - DAG(s) 'example_sensors' retrieved from /home/airflow/.local/lib/python3.12/site-packages/airflow/example_dags/example_sensors.py
[2024-09-11T13:37:58.673+0000] {logging_mixin.py:190} INFO - [2024-09-11T13:37:58.672+0000] {dag.py:3229} INFO - Sync 1 DAGs
[2024-09-11T13:37:58.714+0000] {logging_mixin.py:190} INFO - [2024-09-11T13:37:58.714+0000] {dag.py:4156} INFO - Setting next_dagrun for example_sensors to None, run_after=None
[2024-09-11T13:37:58.794+0000] {processor.py:208} INFO - Processing /home/airflow/.local/lib/python3.12/site-packages/airflow/example_dags/example_sensors.py took 0.232 seconds
[2024-09-11T13:38:29.563+0000] {processor.py:186} INFO - Started process (PID=485) to work on /home/airflow/.local/lib/python3.12/site-packages/airflow/example_dags/example_sensors.py
[2024-09-11T13:38:29.565+0000] {processor.py:914} INFO - Processing file /home/airflow/.local/lib/python3.12/site-packages/airflow/example_dags/example_sensors.py for tasks to queue
[2024-09-11T13:38:29.567+0000] {logging_mixin.py:190} INFO - [2024-09-11T13:38:29.567+0000] {dagbag.py:587} INFO - Filling up the DagBag from /home/airflow/.local/lib/python3.12/site-packages/airflow/example_dags/example_sensors.py
[2024-09-11T13:38:29.579+0000] {processor.py:925} INFO - DAG(s) 'example_sensors' retrieved from /home/airflow/.local/lib/python3.12/site-packages/airflow/example_dags/example_sensors.py
[2024-09-11T13:38:29.611+0000] {logging_mixin.py:190} INFO - [2024-09-11T13:38:29.611+0000] {dag.py:3229} INFO - Sync 1 DAGs
[2024-09-11T13:38:29.627+0000] {logging_mixin.py:190} INFO - [2024-09-11T13:38:29.627+0000] {dag.py:4156} INFO - Setting next_dagrun for example_sensors to None, run_after=None
[2024-09-11T13:38:29.647+0000] {processor.py:208} INFO - Processing /home/airflow/.local/lib/python3.12/site-packages/airflow/example_dags/example_sensors.py took 0.090 seconds
[2024-09-11T13:39:00.696+0000] {processor.py:186} INFO - Started process (PID=547) to work on /home/airflow/.local/lib/python3.12/site-packages/airflow/example_dags/example_sensors.py
[2024-09-11T13:39:00.697+0000] {processor.py:914} INFO - Processing file /home/airflow/.local/lib/python3.12/site-packages/airflow/example_dags/example_sensors.py for tasks to queue
[2024-09-11T13:39:00.700+0000] {logging_mixin.py:190} INFO - [2024-09-11T13:39:00.700+0000] {dagbag.py:587} INFO - Filling up the DagBag from /home/airflow/.local/lib/python3.12/site-packages/airflow/example_dags/example_sensors.py
[2024-09-11T13:39:00.712+0000] {processor.py:925} INFO - DAG(s) 'example_sensors' retrieved from /home/airflow/.local/lib/python3.12/site-packages/airflow/example_dags/example_sensors.py
[2024-09-11T13:39:00.745+0000] {logging_mixin.py:190} INFO - [2024-09-11T13:39:00.744+0000] {dag.py:3229} INFO - Sync 1 DAGs
[2024-09-11T13:39:00.762+0000] {logging_mixin.py:190} INFO - [2024-09-11T13:39:00.762+0000] {dag.py:4156} INFO - Setting next_dagrun for example_sensors to None, run_after=None
[2024-09-11T13:39:00.784+0000] {processor.py:208} INFO - Processing /home/airflow/.local/lib/python3.12/site-packages/airflow/example_dags/example_sensors.py took 0.094 seconds
[2024-09-11T13:39:31.571+0000] {processor.py:186} INFO - Started process (PID=609) to work on /home/airflow/.local/lib/python3.12/site-packages/airflow/example_dags/example_sensors.py
[2024-09-11T13:39:31.574+0000] {processor.py:914} INFO - Processing file /home/airflow/.local/lib/python3.12/site-packages/airflow/example_dags/example_sensors.py for tasks to queue
[2024-09-11T13:39:31.580+0000] {logging_mixin.py:190} INFO - [2024-09-11T13:39:31.579+0000] {dagbag.py:587} INFO - Filling up the DagBag from /home/airflow/.local/lib/python3.12/site-packages/airflow/example_dags/example_sensors.py
[2024-09-11T13:39:31.616+0000] {processor.py:925} INFO - DAG(s) 'example_sensors' retrieved from /home/airflow/.local/lib/python3.12/site-packages/airflow/example_dags/example_sensors.py
[2024-09-11T13:39:31.689+0000] {logging_mixin.py:190} INFO - [2024-09-11T13:39:31.689+0000] {dag.py:3229} INFO - Sync 1 DAGs
[2024-09-11T13:39:31.739+0000] {logging_mixin.py:190} INFO - [2024-09-11T13:39:31.739+0000] {dag.py:4156} INFO - Setting next_dagrun for example_sensors to None, run_after=None
[2024-09-11T13:39:31.824+0000] {processor.py:208} INFO - Processing /home/airflow/.local/lib/python3.12/site-packages/airflow/example_dags/example_sensors.py took 0.270 seconds
[2024-09-11T13:40:02.671+0000] {processor.py:186} INFO - Started process (PID=671) to work on /home/airflow/.local/lib/python3.12/site-packages/airflow/example_dags/example_sensors.py
[2024-09-11T13:40:02.673+0000] {processor.py:914} INFO - Processing file /home/airflow/.local/lib/python3.12/site-packages/airflow/example_dags/example_sensors.py for tasks to queue
[2024-09-11T13:40:02.676+0000] {logging_mixin.py:190} INFO - [2024-09-11T13:40:02.676+0000] {dagbag.py:587} INFO - Filling up the DagBag from /home/airflow/.local/lib/python3.12/site-packages/airflow/example_dags/example_sensors.py
[2024-09-11T13:40:02.690+0000] {processor.py:925} INFO - DAG(s) 'example_sensors' retrieved from /home/airflow/.local/lib/python3.12/site-packages/airflow/example_dags/example_sensors.py
[2024-09-11T13:40:02.723+0000] {logging_mixin.py:190} INFO - [2024-09-11T13:40:02.722+0000] {dag.py:3229} INFO - Sync 1 DAGs
[2024-09-11T13:40:02.739+0000] {logging_mixin.py:190} INFO - [2024-09-11T13:40:02.739+0000] {dag.py:4156} INFO - Setting next_dagrun for example_sensors to None, run_after=None
[2024-09-11T13:40:02.773+0000] {processor.py:208} INFO - Processing /home/airflow/.local/lib/python3.12/site-packages/airflow/example_dags/example_sensors.py took 0.108 seconds
[2024-09-11T13:40:32.923+0000] {processor.py:186} INFO - Started process (PID=732) to work on /home/airflow/.local/lib/python3.12/site-packages/airflow/example_dags/example_sensors.py
[2024-09-11T13:40:32.926+0000] {processor.py:914} INFO - Processing file /home/airflow/.local/lib/python3.12/site-packages/airflow/example_dags/example_sensors.py for tasks to queue
[2024-09-11T13:40:32.933+0000] {logging_mixin.py:190} INFO - [2024-09-11T13:40:32.932+0000] {dagbag.py:587} INFO - Filling up the DagBag from /home/airflow/.local/lib/python3.12/site-packages/airflow/example_dags/example_sensors.py
[2024-09-11T13:40:32.957+0000] {processor.py:925} INFO - DAG(s) 'example_sensors' retrieved from /home/airflow/.local/lib/python3.12/site-packages/airflow/example_dags/example_sensors.py
[2024-09-11T13:40:32.990+0000] {logging_mixin.py:190} INFO - [2024-09-11T13:40:32.989+0000] {dag.py:3229} INFO - Sync 1 DAGs
[2024-09-11T13:40:33.006+0000] {logging_mixin.py:190} INFO - [2024-09-11T13:40:33.005+0000] {dag.py:4156} INFO - Setting next_dagrun for example_sensors to None, run_after=None
[2024-09-11T13:40:33.027+0000] {processor.py:208} INFO - Processing /home/airflow/.local/lib/python3.12/site-packages/airflow/example_dags/example_sensors.py took 0.113 seconds
[2024-09-11T13:41:03.887+0000] {processor.py:186} INFO - Started process (PID=795) to work on /home/airflow/.local/lib/python3.12/site-packages/airflow/example_dags/example_sensors.py
[2024-09-11T13:41:03.888+0000] {processor.py:914} INFO - Processing file /home/airflow/.local/lib/python3.12/site-packages/airflow/example_dags/example_sensors.py for tasks to queue
[2024-09-11T13:41:03.891+0000] {logging_mixin.py:190} INFO - [2024-09-11T13:41:03.891+0000] {dagbag.py:587} INFO - Filling up the DagBag from /home/airflow/.local/lib/python3.12/site-packages/airflow/example_dags/example_sensors.py
[2024-09-11T13:41:03.903+0000] {processor.py:925} INFO - DAG(s) 'example_sensors' retrieved from /home/airflow/.local/lib/python3.12/site-packages/airflow/example_dags/example_sensors.py
[2024-09-11T13:41:03.933+0000] {logging_mixin.py:190} INFO - [2024-09-11T13:41:03.933+0000] {dag.py:3229} INFO - Sync 1 DAGs
[2024-09-11T13:41:03.950+0000] {logging_mixin.py:190} INFO - [2024-09-11T13:41:03.950+0000] {dag.py:4156} INFO - Setting next_dagrun for example_sensors to None, run_after=None
[2024-09-11T13:41:03.974+0000] {processor.py:208} INFO - Processing /home/airflow/.local/lib/python3.12/site-packages/airflow/example_dags/example_sensors.py took 0.093 seconds
[2024-09-11T13:41:34.674+0000] {processor.py:186} INFO - Started process (PID=857) to work on /home/airflow/.local/lib/python3.12/site-packages/airflow/example_dags/example_sensors.py
[2024-09-11T13:41:34.675+0000] {processor.py:914} INFO - Processing file /home/airflow/.local/lib/python3.12/site-packages/airflow/example_dags/example_sensors.py for tasks to queue
[2024-09-11T13:41:34.677+0000] {logging_mixin.py:190} INFO - [2024-09-11T13:41:34.677+0000] {dagbag.py:587} INFO - Filling up the DagBag from /home/airflow/.local/lib/python3.12/site-packages/airflow/example_dags/example_sensors.py
[2024-09-11T13:41:34.689+0000] {processor.py:925} INFO - DAG(s) 'example_sensors' retrieved from /home/airflow/.local/lib/python3.12/site-packages/airflow/example_dags/example_sensors.py
[2024-09-11T13:41:34.719+0000] {logging_mixin.py:190} INFO - [2024-09-11T13:41:34.719+0000] {dag.py:3229} INFO - Sync 1 DAGs
[2024-09-11T13:41:34.741+0000] {logging_mixin.py:190} INFO - [2024-09-11T13:41:34.741+0000] {dag.py:4156} INFO - Setting next_dagrun for example_sensors to None, run_after=None
[2024-09-11T13:41:34.761+0000] {processor.py:208} INFO - Processing /home/airflow/.local/lib/python3.12/site-packages/airflow/example_dags/example_sensors.py took 0.094 seconds
[2024-09-11T13:42:05.010+0000] {processor.py:186} INFO - Started process (PID=918) to work on /home/airflow/.local/lib/python3.12/site-packages/airflow/example_dags/example_sensors.py
[2024-09-11T13:42:05.012+0000] {processor.py:914} INFO - Processing file /home/airflow/.local/lib/python3.12/site-packages/airflow/example_dags/example_sensors.py for tasks to queue
[2024-09-11T13:42:05.015+0000] {logging_mixin.py:190} INFO - [2024-09-11T13:42:05.015+0000] {dagbag.py:587} INFO - Filling up the DagBag from /home/airflow/.local/lib/python3.12/site-packages/airflow/example_dags/example_sensors.py
[2024-09-11T13:42:05.030+0000] {processor.py:925} INFO - DAG(s) 'example_sensors' retrieved from /home/airflow/.local/lib/python3.12/site-packages/airflow/example_dags/example_sensors.py
[2024-09-11T13:42:05.059+0000] {logging_mixin.py:190} INFO - [2024-09-11T13:42:05.059+0000] {dag.py:3229} INFO - Sync 1 DAGs
[2024-09-11T13:42:05.076+0000] {logging_mixin.py:190} INFO - [2024-09-11T13:42:05.075+0000] {dag.py:4156} INFO - Setting next_dagrun for example_sensors to None, run_after=None
[2024-09-11T13:42:05.097+0000] {processor.py:208} INFO - Processing /home/airflow/.local/lib/python3.12/site-packages/airflow/example_dags/example_sensors.py took 0.095 seconds
[2024-09-11T13:42:35.731+0000] {processor.py:186} INFO - Started process (PID=981) to work on /home/airflow/.local/lib/python3.12/site-packages/airflow/example_dags/example_sensors.py
[2024-09-11T13:42:35.733+0000] {processor.py:914} INFO - Processing file /home/airflow/.local/lib/python3.12/site-packages/airflow/example_dags/example_sensors.py for tasks to queue
[2024-09-11T13:42:35.737+0000] {logging_mixin.py:190} INFO - [2024-09-11T13:42:35.737+0000] {dagbag.py:587} INFO - Filling up the DagBag from /home/airflow/.local/lib/python3.12/site-packages/airflow/example_dags/example_sensors.py
[2024-09-11T13:42:35.752+0000] {processor.py:925} INFO - DAG(s) 'example_sensors' retrieved from /home/airflow/.local/lib/python3.12/site-packages/airflow/example_dags/example_sensors.py
[2024-09-11T13:42:35.788+0000] {logging_mixin.py:190} INFO - [2024-09-11T13:42:35.788+0000] {dag.py:3229} INFO - Sync 1 DAGs
[2024-09-11T13:42:35.811+0000] {logging_mixin.py:190} INFO - [2024-09-11T13:42:35.810+0000] {dag.py:4156} INFO - Setting next_dagrun for example_sensors to None, run_after=None
[2024-09-11T13:42:35.840+0000] {processor.py:208} INFO - Processing /home/airflow/.local/lib/python3.12/site-packages/airflow/example_dags/example_sensors.py took 0.119 seconds
[2024-09-11T13:43:06.508+0000] {processor.py:186} INFO - Started process (PID=1043) to work on /home/airflow/.local/lib/python3.12/site-packages/airflow/example_dags/example_sensors.py
[2024-09-11T13:43:06.509+0000] {processor.py:914} INFO - Processing file /home/airflow/.local/lib/python3.12/site-packages/airflow/example_dags/example_sensors.py for tasks to queue
[2024-09-11T13:43:06.512+0000] {logging_mixin.py:190} INFO - [2024-09-11T13:43:06.511+0000] {dagbag.py:587} INFO - Filling up the DagBag from /home/airflow/.local/lib/python3.12/site-packages/airflow/example_dags/example_sensors.py
[2024-09-11T13:43:06.524+0000] {processor.py:925} INFO - DAG(s) 'example_sensors' retrieved from /home/airflow/.local/lib/python3.12/site-packages/airflow/example_dags/example_sensors.py
[2024-09-11T13:43:06.559+0000] {logging_mixin.py:190} INFO - [2024-09-11T13:43:06.558+0000] {dag.py:3229} INFO - Sync 1 DAGs
[2024-09-11T13:43:06.576+0000] {logging_mixin.py:190} INFO - [2024-09-11T13:43:06.576+0000] {dag.py:4156} INFO - Setting next_dagrun for example_sensors to None, run_after=None
[2024-09-11T13:43:06.600+0000] {processor.py:208} INFO - Processing /home/airflow/.local/lib/python3.12/site-packages/airflow/example_dags/example_sensors.py took 0.100 seconds
[2024-09-11T13:43:36.745+0000] {processor.py:186} INFO - Started process (PID=1104) to work on /home/airflow/.local/lib/python3.12/site-packages/airflow/example_dags/example_sensors.py
[2024-09-11T13:43:36.746+0000] {processor.py:914} INFO - Processing file /home/airflow/.local/lib/python3.12/site-packages/airflow/example_dags/example_sensors.py for tasks to queue
[2024-09-11T13:43:36.749+0000] {logging_mixin.py:190} INFO - [2024-09-11T13:43:36.749+0000] {dagbag.py:587} INFO - Filling up the DagBag from /home/airflow/.local/lib/python3.12/site-packages/airflow/example_dags/example_sensors.py
[2024-09-11T13:43:36.761+0000] {processor.py:925} INFO - DAG(s) 'example_sensors' retrieved from /home/airflow/.local/lib/python3.12/site-packages/airflow/example_dags/example_sensors.py
[2024-09-11T13:43:36.791+0000] {logging_mixin.py:190} INFO - [2024-09-11T13:43:36.790+0000] {dag.py:3229} INFO - Sync 1 DAGs
[2024-09-11T13:43:36.809+0000] {logging_mixin.py:190} INFO - [2024-09-11T13:43:36.809+0000] {dag.py:4156} INFO - Setting next_dagrun for example_sensors to None, run_after=None
[2024-09-11T13:43:36.832+0000] {processor.py:208} INFO - Processing /home/airflow/.local/lib/python3.12/site-packages/airflow/example_dags/example_sensors.py took 0.094 seconds
[2024-09-11T13:44:07.258+0000] {processor.py:186} INFO - Started process (PID=1166) to work on /home/airflow/.local/lib/python3.12/site-packages/airflow/example_dags/example_sensors.py
[2024-09-11T13:44:07.259+0000] {processor.py:914} INFO - Processing file /home/airflow/.local/lib/python3.12/site-packages/airflow/example_dags/example_sensors.py for tasks to queue
[2024-09-11T13:44:07.262+0000] {logging_mixin.py:190} INFO - [2024-09-11T13:44:07.262+0000] {dagbag.py:587} INFO - Filling up the DagBag from /home/airflow/.local/lib/python3.12/site-packages/airflow/example_dags/example_sensors.py
[2024-09-11T13:44:07.274+0000] {processor.py:925} INFO - DAG(s) 'example_sensors' retrieved from /home/airflow/.local/lib/python3.12/site-packages/airflow/example_dags/example_sensors.py
[2024-09-11T13:44:07.306+0000] {logging_mixin.py:190} INFO - [2024-09-11T13:44:07.306+0000] {dag.py:3229} INFO - Sync 1 DAGs
[2024-09-11T13:44:07.326+0000] {logging_mixin.py:190} INFO - [2024-09-11T13:44:07.325+0000] {dag.py:4156} INFO - Setting next_dagrun for example_sensors to None, run_after=None
[2024-09-11T13:44:07.344+0000] {processor.py:208} INFO - Processing /home/airflow/.local/lib/python3.12/site-packages/airflow/example_dags/example_sensors.py took 0.093 seconds
[2024-09-11T13:44:37.695+0000] {processor.py:186} INFO - Started process (PID=1228) to work on /home/airflow/.local/lib/python3.12/site-packages/airflow/example_dags/example_sensors.py
[2024-09-11T13:44:37.696+0000] {processor.py:914} INFO - Processing file /home/airflow/.local/lib/python3.12/site-packages/airflow/example_dags/example_sensors.py for tasks to queue
[2024-09-11T13:44:37.699+0000] {logging_mixin.py:190} INFO - [2024-09-11T13:44:37.699+0000] {dagbag.py:587} INFO - Filling up the DagBag from /home/airflow/.local/lib/python3.12/site-packages/airflow/example_dags/example_sensors.py
[2024-09-11T13:44:37.711+0000] {processor.py:925} INFO - DAG(s) 'example_sensors' retrieved from /home/airflow/.local/lib/python3.12/site-packages/airflow/example_dags/example_sensors.py
[2024-09-11T13:44:37.742+0000] {logging_mixin.py:190} INFO - [2024-09-11T13:44:37.741+0000] {dag.py:3229} INFO - Sync 1 DAGs
[2024-09-11T13:44:37.758+0000] {logging_mixin.py:190} INFO - [2024-09-11T13:44:37.758+0000] {dag.py:4156} INFO - Setting next_dagrun for example_sensors to None, run_after=None
[2024-09-11T13:44:37.780+0000] {processor.py:208} INFO - Processing /home/airflow/.local/lib/python3.12/site-packages/airflow/example_dags/example_sensors.py took 0.092 seconds
[2024-09-11T13:45:08.204+0000] {processor.py:186} INFO - Started process (PID=1290) to work on /home/airflow/.local/lib/python3.12/site-packages/airflow/example_dags/example_sensors.py
[2024-09-11T13:45:08.205+0000] {processor.py:914} INFO - Processing file /home/airflow/.local/lib/python3.12/site-packages/airflow/example_dags/example_sensors.py for tasks to queue
[2024-09-11T13:45:08.208+0000] {logging_mixin.py:190} INFO - [2024-09-11T13:45:08.208+0000] {dagbag.py:587} INFO - Filling up the DagBag from /home/airflow/.local/lib/python3.12/site-packages/airflow/example_dags/example_sensors.py
[2024-09-11T13:45:08.220+0000] {processor.py:925} INFO - DAG(s) 'example_sensors' retrieved from /home/airflow/.local/lib/python3.12/site-packages/airflow/example_dags/example_sensors.py
[2024-09-11T13:45:08.252+0000] {logging_mixin.py:190} INFO - [2024-09-11T13:45:08.252+0000] {dag.py:3229} INFO - Sync 1 DAGs
[2024-09-11T13:45:08.269+0000] {logging_mixin.py:190} INFO - [2024-09-11T13:45:08.269+0000] {dag.py:4156} INFO - Setting next_dagrun for example_sensors to None, run_after=None
[2024-09-11T13:45:08.291+0000] {processor.py:208} INFO - Processing /home/airflow/.local/lib/python3.12/site-packages/airflow/example_dags/example_sensors.py took 0.093 seconds
[2024-09-11T13:45:38.961+0000] {processor.py:186} INFO - Started process (PID=1352) to work on /home/airflow/.local/lib/python3.12/site-packages/airflow/example_dags/example_sensors.py
[2024-09-11T13:45:38.962+0000] {processor.py:914} INFO - Processing file /home/airflow/.local/lib/python3.12/site-packages/airflow/example_dags/example_sensors.py for tasks to queue
[2024-09-11T13:45:38.965+0000] {logging_mixin.py:190} INFO - [2024-09-11T13:45:38.964+0000] {dagbag.py:587} INFO - Filling up the DagBag from /home/airflow/.local/lib/python3.12/site-packages/airflow/example_dags/example_sensors.py
[2024-09-11T13:45:38.977+0000] {processor.py:925} INFO - DAG(s) 'example_sensors' retrieved from /home/airflow/.local/lib/python3.12/site-packages/airflow/example_dags/example_sensors.py
[2024-09-11T13:45:39.005+0000] {logging_mixin.py:190} INFO - [2024-09-11T13:45:39.005+0000] {dag.py:3229} INFO - Sync 1 DAGs
[2024-09-11T13:45:39.021+0000] {logging_mixin.py:190} INFO - [2024-09-11T13:45:39.020+0000] {dag.py:4156} INFO - Setting next_dagrun for example_sensors to None, run_after=None
[2024-09-11T13:45:39.040+0000] {processor.py:208} INFO - Processing /home/airflow/.local/lib/python3.12/site-packages/airflow/example_dags/example_sensors.py took 0.087 seconds
[2024-09-11T13:46:09.402+0000] {processor.py:186} INFO - Started process (PID=1414) to work on /home/airflow/.local/lib/python3.12/site-packages/airflow/example_dags/example_sensors.py
[2024-09-11T13:46:09.403+0000] {processor.py:914} INFO - Processing file /home/airflow/.local/lib/python3.12/site-packages/airflow/example_dags/example_sensors.py for tasks to queue
[2024-09-11T13:46:09.405+0000] {logging_mixin.py:190} INFO - [2024-09-11T13:46:09.405+0000] {dagbag.py:587} INFO - Filling up the DagBag from /home/airflow/.local/lib/python3.12/site-packages/airflow/example_dags/example_sensors.py
[2024-09-11T13:46:09.417+0000] {processor.py:925} INFO - DAG(s) 'example_sensors' retrieved from /home/airflow/.local/lib/python3.12/site-packages/airflow/example_dags/example_sensors.py
[2024-09-11T13:46:09.446+0000] {logging_mixin.py:190} INFO - [2024-09-11T13:46:09.446+0000] {dag.py:3229} INFO - Sync 1 DAGs
[2024-09-11T13:46:09.464+0000] {logging_mixin.py:190} INFO - [2024-09-11T13:46:09.463+0000] {dag.py:4156} INFO - Setting next_dagrun for example_sensors to None, run_after=None
[2024-09-11T13:46:09.484+0000] {processor.py:208} INFO - Processing /home/airflow/.local/lib/python3.12/site-packages/airflow/example_dags/example_sensors.py took 0.089 seconds
[2024-09-11T13:46:42.216+0000] {processor.py:186} INFO - Started process (PID=1476) to work on /home/airflow/.local/lib/python3.12/site-packages/airflow/example_dags/example_sensors.py
[2024-09-11T13:46:42.217+0000] {processor.py:914} INFO - Processing file /home/airflow/.local/lib/python3.12/site-packages/airflow/example_dags/example_sensors.py for tasks to queue
[2024-09-11T13:46:42.220+0000] {logging_mixin.py:190} INFO - [2024-09-11T13:46:42.219+0000] {dagbag.py:587} INFO - Filling up the DagBag from /home/airflow/.local/lib/python3.12/site-packages/airflow/example_dags/example_sensors.py
[2024-09-11T13:46:42.231+0000] {processor.py:925} INFO - DAG(s) 'example_sensors' retrieved from /home/airflow/.local/lib/python3.12/site-packages/airflow/example_dags/example_sensors.py
[2024-09-11T13:46:42.264+0000] {logging_mixin.py:190} INFO - [2024-09-11T13:46:42.264+0000] {dag.py:3229} INFO - Sync 1 DAGs
[2024-09-11T13:46:42.289+0000] {logging_mixin.py:190} INFO - [2024-09-11T13:46:42.289+0000] {dag.py:4156} INFO - Setting next_dagrun for example_sensors to None, run_after=None
[2024-09-11T13:46:42.310+0000] {processor.py:208} INFO - Processing /home/airflow/.local/lib/python3.12/site-packages/airflow/example_dags/example_sensors.py took 0.101 seconds
[2024-09-11T13:47:13.409+0000] {processor.py:186} INFO - Started process (PID=1539) to work on /home/airflow/.local/lib/python3.12/site-packages/airflow/example_dags/example_sensors.py
[2024-09-11T13:47:13.410+0000] {processor.py:914} INFO - Processing file /home/airflow/.local/lib/python3.12/site-packages/airflow/example_dags/example_sensors.py for tasks to queue
[2024-09-11T13:47:13.413+0000] {logging_mixin.py:190} INFO - [2024-09-11T13:47:13.412+0000] {dagbag.py:587} INFO - Filling up the DagBag from /home/airflow/.local/lib/python3.12/site-packages/airflow/example_dags/example_sensors.py
[2024-09-11T13:47:13.424+0000] {processor.py:925} INFO - DAG(s) 'example_sensors' retrieved from /home/airflow/.local/lib/python3.12/site-packages/airflow/example_dags/example_sensors.py
[2024-09-11T13:47:13.455+0000] {logging_mixin.py:190} INFO - [2024-09-11T13:47:13.454+0000] {dag.py:3229} INFO - Sync 1 DAGs
[2024-09-11T13:47:13.470+0000] {logging_mixin.py:190} INFO - [2024-09-11T13:47:13.469+0000] {dag.py:4156} INFO - Setting next_dagrun for example_sensors to None, run_after=None
[2024-09-11T13:47:13.488+0000] {processor.py:208} INFO - Processing /home/airflow/.local/lib/python3.12/site-packages/airflow/example_dags/example_sensors.py took 0.087 seconds
[2024-09-11T13:47:44.548+0000] {processor.py:186} INFO - Started process (PID=1600) to work on /home/airflow/.local/lib/python3.12/site-packages/airflow/example_dags/example_sensors.py
[2024-09-11T13:47:44.549+0000] {processor.py:914} INFO - Processing file /home/airflow/.local/lib/python3.12/site-packages/airflow/example_dags/example_sensors.py for tasks to queue
[2024-09-11T13:47:44.552+0000] {logging_mixin.py:190} INFO - [2024-09-11T13:47:44.551+0000] {dagbag.py:587} INFO - Filling up the DagBag from /home/airflow/.local/lib/python3.12/site-packages/airflow/example_dags/example_sensors.py
[2024-09-11T13:47:44.563+0000] {processor.py:925} INFO - DAG(s) 'example_sensors' retrieved from /home/airflow/.local/lib/python3.12/site-packages/airflow/example_dags/example_sensors.py
[2024-09-11T13:47:44.595+0000] {logging_mixin.py:190} INFO - [2024-09-11T13:47:44.594+0000] {dag.py:3229} INFO - Sync 1 DAGs
[2024-09-11T13:47:44.612+0000] {logging_mixin.py:190} INFO - [2024-09-11T13:47:44.612+0000] {dag.py:4156} INFO - Setting next_dagrun for example_sensors to None, run_after=None
[2024-09-11T13:47:44.632+0000] {processor.py:208} INFO - Processing /home/airflow/.local/lib/python3.12/site-packages/airflow/example_dags/example_sensors.py took 0.091 seconds
[2024-09-11T13:48:16.027+0000] {processor.py:186} INFO - Started process (PID=1662) to work on /home/airflow/.local/lib/python3.12/site-packages/airflow/example_dags/example_sensors.py
[2024-09-11T13:48:16.029+0000] {processor.py:914} INFO - Processing file /home/airflow/.local/lib/python3.12/site-packages/airflow/example_dags/example_sensors.py for tasks to queue
[2024-09-11T13:48:16.031+0000] {logging_mixin.py:190} INFO - [2024-09-11T13:48:16.031+0000] {dagbag.py:587} INFO - Filling up the DagBag from /home/airflow/.local/lib/python3.12/site-packages/airflow/example_dags/example_sensors.py
[2024-09-11T13:48:16.043+0000] {processor.py:925} INFO - DAG(s) 'example_sensors' retrieved from /home/airflow/.local/lib/python3.12/site-packages/airflow/example_dags/example_sensors.py
[2024-09-11T13:48:16.073+0000] {logging_mixin.py:190} INFO - [2024-09-11T13:48:16.072+0000] {dag.py:3229} INFO - Sync 1 DAGs
[2024-09-11T13:48:16.088+0000] {logging_mixin.py:190} INFO - [2024-09-11T13:48:16.088+0000] {dag.py:4156} INFO - Setting next_dagrun for example_sensors to None, run_after=None
[2024-09-11T13:48:16.110+0000] {processor.py:208} INFO - Processing /home/airflow/.local/lib/python3.12/site-packages/airflow/example_dags/example_sensors.py took 0.089 seconds
[2024-09-11T13:48:47.406+0000] {processor.py:186} INFO - Started process (PID=1724) to work on /home/airflow/.local/lib/python3.12/site-packages/airflow/example_dags/example_sensors.py
[2024-09-11T13:48:47.407+0000] {processor.py:914} INFO - Processing file /home/airflow/.local/lib/python3.12/site-packages/airflow/example_dags/example_sensors.py for tasks to queue
[2024-09-11T13:48:47.409+0000] {logging_mixin.py:190} INFO - [2024-09-11T13:48:47.409+0000] {dagbag.py:587} INFO - Filling up the DagBag from /home/airflow/.local/lib/python3.12/site-packages/airflow/example_dags/example_sensors.py
[2024-09-11T13:48:47.421+0000] {processor.py:925} INFO - DAG(s) 'example_sensors' retrieved from /home/airflow/.local/lib/python3.12/site-packages/airflow/example_dags/example_sensors.py
[2024-09-11T13:48:47.450+0000] {logging_mixin.py:190} INFO - [2024-09-11T13:48:47.450+0000] {dag.py:3229} INFO - Sync 1 DAGs
[2024-09-11T13:48:47.468+0000] {logging_mixin.py:190} INFO - [2024-09-11T13:48:47.467+0000] {dag.py:4156} INFO - Setting next_dagrun for example_sensors to None, run_after=None
[2024-09-11T13:48:47.488+0000] {processor.py:208} INFO - Processing /home/airflow/.local/lib/python3.12/site-packages/airflow/example_dags/example_sensors.py took 0.088 seconds
[2024-09-11T13:49:18.551+0000] {processor.py:186} INFO - Started process (PID=1786) to work on /home/airflow/.local/lib/python3.12/site-packages/airflow/example_dags/example_sensors.py
[2024-09-11T13:49:18.552+0000] {processor.py:914} INFO - Processing file /home/airflow/.local/lib/python3.12/site-packages/airflow/example_dags/example_sensors.py for tasks to queue
[2024-09-11T13:49:18.555+0000] {logging_mixin.py:190} INFO - [2024-09-11T13:49:18.554+0000] {dagbag.py:587} INFO - Filling up the DagBag from /home/airflow/.local/lib/python3.12/site-packages/airflow/example_dags/example_sensors.py
[2024-09-11T13:49:18.566+0000] {processor.py:925} INFO - DAG(s) 'example_sensors' retrieved from /home/airflow/.local/lib/python3.12/site-packages/airflow/example_dags/example_sensors.py
[2024-09-11T13:49:18.594+0000] {logging_mixin.py:190} INFO - [2024-09-11T13:49:18.593+0000] {dag.py:3229} INFO - Sync 1 DAGs
[2024-09-11T13:49:18.608+0000] {logging_mixin.py:190} INFO - [2024-09-11T13:49:18.608+0000] {dag.py:4156} INFO - Setting next_dagrun for example_sensors to None, run_after=None
[2024-09-11T13:49:18.628+0000] {processor.py:208} INFO - Processing /home/airflow/.local/lib/python3.12/site-packages/airflow/example_dags/example_sensors.py took 0.084 seconds
[2024-09-11T13:49:49.565+0000] {processor.py:186} INFO - Started process (PID=1848) to work on /home/airflow/.local/lib/python3.12/site-packages/airflow/example_dags/example_sensors.py
[2024-09-11T13:49:49.566+0000] {processor.py:914} INFO - Processing file /home/airflow/.local/lib/python3.12/site-packages/airflow/example_dags/example_sensors.py for tasks to queue
[2024-09-11T13:49:49.569+0000] {logging_mixin.py:190} INFO - [2024-09-11T13:49:49.569+0000] {dagbag.py:587} INFO - Filling up the DagBag from /home/airflow/.local/lib/python3.12/site-packages/airflow/example_dags/example_sensors.py
[2024-09-11T13:49:49.581+0000] {processor.py:925} INFO - DAG(s) 'example_sensors' retrieved from /home/airflow/.local/lib/python3.12/site-packages/airflow/example_dags/example_sensors.py
[2024-09-11T13:49:49.612+0000] {logging_mixin.py:190} INFO - [2024-09-11T13:49:49.611+0000] {dag.py:3229} INFO - Sync 1 DAGs
[2024-09-11T13:49:49.629+0000] {logging_mixin.py:190} INFO - [2024-09-11T13:49:49.628+0000] {dag.py:4156} INFO - Setting next_dagrun for example_sensors to None, run_after=None
[2024-09-11T13:49:49.651+0000] {processor.py:208} INFO - Processing /home/airflow/.local/lib/python3.12/site-packages/airflow/example_dags/example_sensors.py took 0.093 seconds
[2024-09-11T13:50:20.576+0000] {processor.py:186} INFO - Started process (PID=1910) to work on /home/airflow/.local/lib/python3.12/site-packages/airflow/example_dags/example_sensors.py
[2024-09-11T13:50:20.578+0000] {processor.py:914} INFO - Processing file /home/airflow/.local/lib/python3.12/site-packages/airflow/example_dags/example_sensors.py for tasks to queue
[2024-09-11T13:50:20.581+0000] {logging_mixin.py:190} INFO - [2024-09-11T13:50:20.580+0000] {dagbag.py:587} INFO - Filling up the DagBag from /home/airflow/.local/lib/python3.12/site-packages/airflow/example_dags/example_sensors.py
[2024-09-11T13:50:20.597+0000] {processor.py:925} INFO - DAG(s) 'example_sensors' retrieved from /home/airflow/.local/lib/python3.12/site-packages/airflow/example_dags/example_sensors.py
[2024-09-11T13:50:20.656+0000] {logging_mixin.py:190} INFO - [2024-09-11T13:50:20.656+0000] {dag.py:3229} INFO - Sync 1 DAGs
[2024-09-11T13:50:20.676+0000] {logging_mixin.py:190} INFO - [2024-09-11T13:50:20.676+0000] {dag.py:4156} INFO - Setting next_dagrun for example_sensors to None, run_after=None
[2024-09-11T13:50:20.702+0000] {processor.py:208} INFO - Processing /home/airflow/.local/lib/python3.12/site-packages/airflow/example_dags/example_sensors.py took 0.134 seconds
[2024-09-11T13:50:52.647+0000] {processor.py:186} INFO - Started process (PID=1978) to work on /home/airflow/.local/lib/python3.12/site-packages/airflow/example_dags/example_sensors.py
[2024-09-11T13:50:52.648+0000] {processor.py:914} INFO - Processing file /home/airflow/.local/lib/python3.12/site-packages/airflow/example_dags/example_sensors.py for tasks to queue
[2024-09-11T13:50:52.652+0000] {logging_mixin.py:190} INFO - [2024-09-11T13:50:52.652+0000] {dagbag.py:587} INFO - Filling up the DagBag from /home/airflow/.local/lib/python3.12/site-packages/airflow/example_dags/example_sensors.py
[2024-09-11T13:50:52.673+0000] {processor.py:925} INFO - DAG(s) 'example_sensors' retrieved from /home/airflow/.local/lib/python3.12/site-packages/airflow/example_dags/example_sensors.py
[2024-09-11T13:50:52.710+0000] {logging_mixin.py:190} INFO - [2024-09-11T13:50:52.710+0000] {dag.py:3229} INFO - Sync 1 DAGs
[2024-09-11T13:50:52.731+0000] {logging_mixin.py:190} INFO - [2024-09-11T13:50:52.731+0000] {dag.py:4156} INFO - Setting next_dagrun for example_sensors to None, run_after=None
[2024-09-11T13:50:52.760+0000] {processor.py:208} INFO - Processing /home/airflow/.local/lib/python3.12/site-packages/airflow/example_dags/example_sensors.py took 0.121 seconds
[2024-09-11T13:51:24.253+0000] {processor.py:186} INFO - Started process (PID=2041) to work on /home/airflow/.local/lib/python3.12/site-packages/airflow/example_dags/example_sensors.py
[2024-09-11T13:51:24.255+0000] {processor.py:914} INFO - Processing file /home/airflow/.local/lib/python3.12/site-packages/airflow/example_dags/example_sensors.py for tasks to queue
[2024-09-11T13:51:24.258+0000] {logging_mixin.py:190} INFO - [2024-09-11T13:51:24.258+0000] {dagbag.py:587} INFO - Filling up the DagBag from /home/airflow/.local/lib/python3.12/site-packages/airflow/example_dags/example_sensors.py
[2024-09-11T13:51:24.279+0000] {processor.py:925} INFO - DAG(s) 'example_sensors' retrieved from /home/airflow/.local/lib/python3.12/site-packages/airflow/example_dags/example_sensors.py
[2024-09-11T13:51:24.319+0000] {logging_mixin.py:190} INFO - [2024-09-11T13:51:24.318+0000] {dag.py:3229} INFO - Sync 1 DAGs
[2024-09-11T13:51:24.350+0000] {logging_mixin.py:190} INFO - [2024-09-11T13:51:24.350+0000] {dag.py:4156} INFO - Setting next_dagrun for example_sensors to None, run_after=None
[2024-09-11T13:51:24.376+0000] {processor.py:208} INFO - Processing /home/airflow/.local/lib/python3.12/site-packages/airflow/example_dags/example_sensors.py took 0.134 seconds
[2024-09-11T13:51:54.970+0000] {processor.py:186} INFO - Started process (PID=2102) to work on /home/airflow/.local/lib/python3.12/site-packages/airflow/example_dags/example_sensors.py
[2024-09-11T13:51:54.971+0000] {processor.py:914} INFO - Processing file /home/airflow/.local/lib/python3.12/site-packages/airflow/example_dags/example_sensors.py for tasks to queue
[2024-09-11T13:51:54.975+0000] {logging_mixin.py:190} INFO - [2024-09-11T13:51:54.975+0000] {dagbag.py:587} INFO - Filling up the DagBag from /home/airflow/.local/lib/python3.12/site-packages/airflow/example_dags/example_sensors.py
[2024-09-11T13:51:54.996+0000] {processor.py:925} INFO - DAG(s) 'example_sensors' retrieved from /home/airflow/.local/lib/python3.12/site-packages/airflow/example_dags/example_sensors.py
[2024-09-11T13:51:55.031+0000] {logging_mixin.py:190} INFO - [2024-09-11T13:51:55.030+0000] {dag.py:3229} INFO - Sync 1 DAGs
[2024-09-11T13:51:55.050+0000] {logging_mixin.py:190} INFO - [2024-09-11T13:51:55.050+0000] {dag.py:4156} INFO - Setting next_dagrun for example_sensors to None, run_after=None
[2024-09-11T13:51:55.084+0000] {processor.py:208} INFO - Processing /home/airflow/.local/lib/python3.12/site-packages/airflow/example_dags/example_sensors.py took 0.121 seconds
[2024-09-11T13:52:26.389+0000] {processor.py:186} INFO - Started process (PID=2165) to work on /home/airflow/.local/lib/python3.12/site-packages/airflow/example_dags/example_sensors.py
[2024-09-11T13:52:26.391+0000] {processor.py:914} INFO - Processing file /home/airflow/.local/lib/python3.12/site-packages/airflow/example_dags/example_sensors.py for tasks to queue
[2024-09-11T13:52:26.394+0000] {logging_mixin.py:190} INFO - [2024-09-11T13:52:26.393+0000] {dagbag.py:587} INFO - Filling up the DagBag from /home/airflow/.local/lib/python3.12/site-packages/airflow/example_dags/example_sensors.py
[2024-09-11T13:52:26.412+0000] {processor.py:925} INFO - DAG(s) 'example_sensors' retrieved from /home/airflow/.local/lib/python3.12/site-packages/airflow/example_dags/example_sensors.py
[2024-09-11T13:52:26.447+0000] {logging_mixin.py:190} INFO - [2024-09-11T13:52:26.447+0000] {dag.py:3229} INFO - Sync 1 DAGs
[2024-09-11T13:52:26.476+0000] {logging_mixin.py:190} INFO - [2024-09-11T13:52:26.475+0000] {dag.py:4156} INFO - Setting next_dagrun for example_sensors to None, run_after=None
[2024-09-11T13:52:26.518+0000] {processor.py:208} INFO - Processing /home/airflow/.local/lib/python3.12/site-packages/airflow/example_dags/example_sensors.py took 0.138 seconds
[2024-09-11T13:52:57.726+0000] {processor.py:186} INFO - Started process (PID=2227) to work on /home/airflow/.local/lib/python3.12/site-packages/airflow/example_dags/example_sensors.py
[2024-09-11T13:52:57.730+0000] {processor.py:914} INFO - Processing file /home/airflow/.local/lib/python3.12/site-packages/airflow/example_dags/example_sensors.py for tasks to queue
[2024-09-11T13:52:57.736+0000] {logging_mixin.py:190} INFO - [2024-09-11T13:52:57.736+0000] {dagbag.py:587} INFO - Filling up the DagBag from /home/airflow/.local/lib/python3.12/site-packages/airflow/example_dags/example_sensors.py
[2024-09-11T13:52:57.755+0000] {processor.py:925} INFO - DAG(s) 'example_sensors' retrieved from /home/airflow/.local/lib/python3.12/site-packages/airflow/example_dags/example_sensors.py
[2024-09-11T13:52:57.790+0000] {logging_mixin.py:190} INFO - [2024-09-11T13:52:57.790+0000] {dag.py:3229} INFO - Sync 1 DAGs
[2024-09-11T13:52:57.813+0000] {logging_mixin.py:190} INFO - [2024-09-11T13:52:57.812+0000] {dag.py:4156} INFO - Setting next_dagrun for example_sensors to None, run_after=None
[2024-09-11T13:52:57.855+0000] {processor.py:208} INFO - Processing /home/airflow/.local/lib/python3.12/site-packages/airflow/example_dags/example_sensors.py took 0.138 seconds
[2024-09-11T13:53:28.642+0000] {processor.py:186} INFO - Started process (PID=2289) to work on /home/airflow/.local/lib/python3.12/site-packages/airflow/example_dags/example_sensors.py
[2024-09-11T13:53:28.643+0000] {processor.py:914} INFO - Processing file /home/airflow/.local/lib/python3.12/site-packages/airflow/example_dags/example_sensors.py for tasks to queue
[2024-09-11T13:53:28.647+0000] {logging_mixin.py:190} INFO - [2024-09-11T13:53:28.646+0000] {dagbag.py:587} INFO - Filling up the DagBag from /home/airflow/.local/lib/python3.12/site-packages/airflow/example_dags/example_sensors.py
[2024-09-11T13:53:28.663+0000] {processor.py:925} INFO - DAG(s) 'example_sensors' retrieved from /home/airflow/.local/lib/python3.12/site-packages/airflow/example_dags/example_sensors.py
[2024-09-11T13:53:28.706+0000] {logging_mixin.py:190} INFO - [2024-09-11T13:53:28.706+0000] {dag.py:3229} INFO - Sync 1 DAGs
[2024-09-11T13:53:28.730+0000] {logging_mixin.py:190} INFO - [2024-09-11T13:53:28.730+0000] {dag.py:4156} INFO - Setting next_dagrun for example_sensors to None, run_after=None
[2024-09-11T13:53:28.761+0000] {processor.py:208} INFO - Processing /home/airflow/.local/lib/python3.12/site-packages/airflow/example_dags/example_sensors.py took 0.132 seconds
[2024-09-11T13:53:59.498+0000] {processor.py:186} INFO - Started process (PID=2351) to work on /home/airflow/.local/lib/python3.12/site-packages/airflow/example_dags/example_sensors.py
[2024-09-11T13:53:59.499+0000] {processor.py:914} INFO - Processing file /home/airflow/.local/lib/python3.12/site-packages/airflow/example_dags/example_sensors.py for tasks to queue
[2024-09-11T13:53:59.502+0000] {logging_mixin.py:190} INFO - [2024-09-11T13:53:59.502+0000] {dagbag.py:587} INFO - Filling up the DagBag from /home/airflow/.local/lib/python3.12/site-packages/airflow/example_dags/example_sensors.py
[2024-09-11T13:53:59.521+0000] {processor.py:925} INFO - DAG(s) 'example_sensors' retrieved from /home/airflow/.local/lib/python3.12/site-packages/airflow/example_dags/example_sensors.py
[2024-09-11T13:53:59.567+0000] {logging_mixin.py:190} INFO - [2024-09-11T13:53:59.566+0000] {dag.py:3229} INFO - Sync 1 DAGs
[2024-09-11T13:53:59.585+0000] {logging_mixin.py:190} INFO - [2024-09-11T13:53:59.585+0000] {dag.py:4156} INFO - Setting next_dagrun for example_sensors to None, run_after=None
[2024-09-11T13:53:59.614+0000] {processor.py:208} INFO - Processing /home/airflow/.local/lib/python3.12/site-packages/airflow/example_dags/example_sensors.py took 0.124 seconds
[2024-09-11T13:54:29.712+0000] {processor.py:186} INFO - Started process (PID=2413) to work on /home/airflow/.local/lib/python3.12/site-packages/airflow/example_dags/example_sensors.py
[2024-09-11T13:54:29.714+0000] {processor.py:914} INFO - Processing file /home/airflow/.local/lib/python3.12/site-packages/airflow/example_dags/example_sensors.py for tasks to queue
[2024-09-11T13:54:29.716+0000] {logging_mixin.py:190} INFO - [2024-09-11T13:54:29.716+0000] {dagbag.py:587} INFO - Filling up the DagBag from /home/airflow/.local/lib/python3.12/site-packages/airflow/example_dags/example_sensors.py
[2024-09-11T13:54:29.728+0000] {processor.py:925} INFO - DAG(s) 'example_sensors' retrieved from /home/airflow/.local/lib/python3.12/site-packages/airflow/example_dags/example_sensors.py
[2024-09-11T13:54:29.759+0000] {logging_mixin.py:190} INFO - [2024-09-11T13:54:29.758+0000] {dag.py:3229} INFO - Sync 1 DAGs
[2024-09-11T13:54:29.776+0000] {logging_mixin.py:190} INFO - [2024-09-11T13:54:29.775+0000] {dag.py:4156} INFO - Setting next_dagrun for example_sensors to None, run_after=None
[2024-09-11T13:54:29.798+0000] {processor.py:208} INFO - Processing /home/airflow/.local/lib/python3.12/site-packages/airflow/example_dags/example_sensors.py took 0.092 seconds
[2024-09-11T13:55:00.073+0000] {processor.py:186} INFO - Started process (PID=2475) to work on /home/airflow/.local/lib/python3.12/site-packages/airflow/example_dags/example_sensors.py
[2024-09-11T13:55:00.074+0000] {processor.py:914} INFO - Processing file /home/airflow/.local/lib/python3.12/site-packages/airflow/example_dags/example_sensors.py for tasks to queue
[2024-09-11T13:55:00.077+0000] {logging_mixin.py:190} INFO - [2024-09-11T13:55:00.077+0000] {dagbag.py:587} INFO - Filling up the DagBag from /home/airflow/.local/lib/python3.12/site-packages/airflow/example_dags/example_sensors.py
[2024-09-11T13:55:00.089+0000] {processor.py:925} INFO - DAG(s) 'example_sensors' retrieved from /home/airflow/.local/lib/python3.12/site-packages/airflow/example_dags/example_sensors.py
[2024-09-11T13:55:00.119+0000] {logging_mixin.py:190} INFO - [2024-09-11T13:55:00.119+0000] {dag.py:3229} INFO - Sync 1 DAGs
[2024-09-11T13:55:00.136+0000] {logging_mixin.py:190} INFO - [2024-09-11T13:55:00.136+0000] {dag.py:4156} INFO - Setting next_dagrun for example_sensors to None, run_after=None
[2024-09-11T13:55:00.161+0000] {processor.py:208} INFO - Processing /home/airflow/.local/lib/python3.12/site-packages/airflow/example_dags/example_sensors.py took 0.095 seconds
[2024-09-11T13:55:30.473+0000] {processor.py:186} INFO - Started process (PID=2537) to work on /home/airflow/.local/lib/python3.12/site-packages/airflow/example_dags/example_sensors.py
[2024-09-11T13:55:30.475+0000] {processor.py:914} INFO - Processing file /home/airflow/.local/lib/python3.12/site-packages/airflow/example_dags/example_sensors.py for tasks to queue
[2024-09-11T13:55:30.479+0000] {logging_mixin.py:190} INFO - [2024-09-11T13:55:30.479+0000] {dagbag.py:587} INFO - Filling up the DagBag from /home/airflow/.local/lib/python3.12/site-packages/airflow/example_dags/example_sensors.py
[2024-09-11T13:55:30.495+0000] {processor.py:925} INFO - DAG(s) 'example_sensors' retrieved from /home/airflow/.local/lib/python3.12/site-packages/airflow/example_dags/example_sensors.py
[2024-09-11T13:55:30.538+0000] {logging_mixin.py:190} INFO - [2024-09-11T13:55:30.538+0000] {dag.py:3229} INFO - Sync 1 DAGs
[2024-09-11T13:55:30.561+0000] {logging_mixin.py:190} INFO - [2024-09-11T13:55:30.560+0000] {dag.py:4156} INFO - Setting next_dagrun for example_sensors to None, run_after=None
[2024-09-11T13:55:30.588+0000] {processor.py:208} INFO - Processing /home/airflow/.local/lib/python3.12/site-packages/airflow/example_dags/example_sensors.py took 0.123 seconds
[2024-09-11T13:56:01.244+0000] {processor.py:186} INFO - Started process (PID=2600) to work on /home/airflow/.local/lib/python3.12/site-packages/airflow/example_dags/example_sensors.py
[2024-09-11T13:56:01.245+0000] {processor.py:914} INFO - Processing file /home/airflow/.local/lib/python3.12/site-packages/airflow/example_dags/example_sensors.py for tasks to queue
[2024-09-11T13:56:01.249+0000] {logging_mixin.py:190} INFO - [2024-09-11T13:56:01.249+0000] {dagbag.py:587} INFO - Filling up the DagBag from /home/airflow/.local/lib/python3.12/site-packages/airflow/example_dags/example_sensors.py
[2024-09-11T13:56:01.264+0000] {processor.py:925} INFO - DAG(s) 'example_sensors' retrieved from /home/airflow/.local/lib/python3.12/site-packages/airflow/example_dags/example_sensors.py
[2024-09-11T13:56:01.297+0000] {logging_mixin.py:190} INFO - [2024-09-11T13:56:01.297+0000] {dag.py:3229} INFO - Sync 1 DAGs
[2024-09-11T13:56:01.321+0000] {logging_mixin.py:190} INFO - [2024-09-11T13:56:01.321+0000] {dag.py:4156} INFO - Setting next_dagrun for example_sensors to None, run_after=None
[2024-09-11T13:56:01.350+0000] {processor.py:208} INFO - Processing /home/airflow/.local/lib/python3.12/site-packages/airflow/example_dags/example_sensors.py took 0.113 seconds
[2024-09-11T13:56:31.424+0000] {processor.py:186} INFO - Started process (PID=2660) to work on /home/airflow/.local/lib/python3.12/site-packages/airflow/example_dags/example_sensors.py
[2024-09-11T13:56:31.425+0000] {processor.py:914} INFO - Processing file /home/airflow/.local/lib/python3.12/site-packages/airflow/example_dags/example_sensors.py for tasks to queue
[2024-09-11T13:56:31.429+0000] {logging_mixin.py:190} INFO - [2024-09-11T13:56:31.428+0000] {dagbag.py:587} INFO - Filling up the DagBag from /home/airflow/.local/lib/python3.12/site-packages/airflow/example_dags/example_sensors.py
[2024-09-11T13:56:31.442+0000] {processor.py:925} INFO - DAG(s) 'example_sensors' retrieved from /home/airflow/.local/lib/python3.12/site-packages/airflow/example_dags/example_sensors.py
[2024-09-11T13:56:31.474+0000] {logging_mixin.py:190} INFO - [2024-09-11T13:56:31.474+0000] {dag.py:3229} INFO - Sync 1 DAGs
[2024-09-11T13:56:31.489+0000] {logging_mixin.py:190} INFO - [2024-09-11T13:56:31.489+0000] {dag.py:4156} INFO - Setting next_dagrun for example_sensors to None, run_after=None
[2024-09-11T13:56:31.509+0000] {processor.py:208} INFO - Processing /home/airflow/.local/lib/python3.12/site-packages/airflow/example_dags/example_sensors.py took 0.092 seconds
[2024-09-11T13:57:01.915+0000] {processor.py:186} INFO - Started process (PID=2722) to work on /home/airflow/.local/lib/python3.12/site-packages/airflow/example_dags/example_sensors.py
[2024-09-11T13:57:01.917+0000] {processor.py:914} INFO - Processing file /home/airflow/.local/lib/python3.12/site-packages/airflow/example_dags/example_sensors.py for tasks to queue
[2024-09-11T13:57:01.920+0000] {logging_mixin.py:190} INFO - [2024-09-11T13:57:01.919+0000] {dagbag.py:587} INFO - Filling up the DagBag from /home/airflow/.local/lib/python3.12/site-packages/airflow/example_dags/example_sensors.py
[2024-09-11T13:57:01.932+0000] {processor.py:925} INFO - DAG(s) 'example_sensors' retrieved from /home/airflow/.local/lib/python3.12/site-packages/airflow/example_dags/example_sensors.py
[2024-09-11T13:57:01.962+0000] {logging_mixin.py:190} INFO - [2024-09-11T13:57:01.962+0000] {dag.py:3229} INFO - Sync 1 DAGs
[2024-09-11T13:57:01.978+0000] {logging_mixin.py:190} INFO - [2024-09-11T13:57:01.978+0000] {dag.py:4156} INFO - Setting next_dagrun for example_sensors to None, run_after=None
[2024-09-11T13:57:02.001+0000] {processor.py:208} INFO - Processing /home/airflow/.local/lib/python3.12/site-packages/airflow/example_dags/example_sensors.py took 0.092 seconds
[2024-09-11T13:57:32.111+0000] {processor.py:186} INFO - Started process (PID=2784) to work on /home/airflow/.local/lib/python3.12/site-packages/airflow/example_dags/example_sensors.py
[2024-09-11T13:57:32.112+0000] {processor.py:914} INFO - Processing file /home/airflow/.local/lib/python3.12/site-packages/airflow/example_dags/example_sensors.py for tasks to queue
[2024-09-11T13:57:32.115+0000] {logging_mixin.py:190} INFO - [2024-09-11T13:57:32.114+0000] {dagbag.py:587} INFO - Filling up the DagBag from /home/airflow/.local/lib/python3.12/site-packages/airflow/example_dags/example_sensors.py
[2024-09-11T13:57:32.126+0000] {processor.py:925} INFO - DAG(s) 'example_sensors' retrieved from /home/airflow/.local/lib/python3.12/site-packages/airflow/example_dags/example_sensors.py
[2024-09-11T13:57:32.153+0000] {logging_mixin.py:190} INFO - [2024-09-11T13:57:32.153+0000] {dag.py:3229} INFO - Sync 1 DAGs
[2024-09-11T13:57:32.167+0000] {logging_mixin.py:190} INFO - [2024-09-11T13:57:32.167+0000] {dag.py:4156} INFO - Setting next_dagrun for example_sensors to None, run_after=None
[2024-09-11T13:57:32.186+0000] {processor.py:208} INFO - Processing /home/airflow/.local/lib/python3.12/site-packages/airflow/example_dags/example_sensors.py took 0.081 seconds
[2024-09-11T13:58:03.137+0000] {processor.py:186} INFO - Started process (PID=2846) to work on /home/airflow/.local/lib/python3.12/site-packages/airflow/example_dags/example_sensors.py
[2024-09-11T13:58:03.138+0000] {processor.py:914} INFO - Processing file /home/airflow/.local/lib/python3.12/site-packages/airflow/example_dags/example_sensors.py for tasks to queue
[2024-09-11T13:58:03.142+0000] {logging_mixin.py:190} INFO - [2024-09-11T13:58:03.141+0000] {dagbag.py:587} INFO - Filling up the DagBag from /home/airflow/.local/lib/python3.12/site-packages/airflow/example_dags/example_sensors.py
[2024-09-11T13:58:03.155+0000] {processor.py:925} INFO - DAG(s) 'example_sensors' retrieved from /home/airflow/.local/lib/python3.12/site-packages/airflow/example_dags/example_sensors.py
[2024-09-11T13:58:03.188+0000] {logging_mixin.py:190} INFO - [2024-09-11T13:58:03.188+0000] {dag.py:3229} INFO - Sync 1 DAGs
[2024-09-11T13:58:03.204+0000] {logging_mixin.py:190} INFO - [2024-09-11T13:58:03.203+0000] {dag.py:4156} INFO - Setting next_dagrun for example_sensors to None, run_after=None
[2024-09-11T13:58:03.224+0000] {processor.py:208} INFO - Processing /home/airflow/.local/lib/python3.12/site-packages/airflow/example_dags/example_sensors.py took 0.094 seconds
[2024-09-11T13:58:33.313+0000] {processor.py:186} INFO - Started process (PID=2908) to work on /home/airflow/.local/lib/python3.12/site-packages/airflow/example_dags/example_sensors.py
[2024-09-11T13:58:33.314+0000] {processor.py:914} INFO - Processing file /home/airflow/.local/lib/python3.12/site-packages/airflow/example_dags/example_sensors.py for tasks to queue
[2024-09-11T13:58:33.316+0000] {logging_mixin.py:190} INFO - [2024-09-11T13:58:33.316+0000] {dagbag.py:587} INFO - Filling up the DagBag from /home/airflow/.local/lib/python3.12/site-packages/airflow/example_dags/example_sensors.py
[2024-09-11T13:58:33.328+0000] {processor.py:925} INFO - DAG(s) 'example_sensors' retrieved from /home/airflow/.local/lib/python3.12/site-packages/airflow/example_dags/example_sensors.py
[2024-09-11T13:58:33.361+0000] {logging_mixin.py:190} INFO - [2024-09-11T13:58:33.361+0000] {dag.py:3229} INFO - Sync 1 DAGs
[2024-09-11T13:58:33.380+0000] {logging_mixin.py:190} INFO - [2024-09-11T13:58:33.380+0000] {dag.py:4156} INFO - Setting next_dagrun for example_sensors to None, run_after=None
[2024-09-11T13:58:33.403+0000] {processor.py:208} INFO - Processing /home/airflow/.local/lib/python3.12/site-packages/airflow/example_dags/example_sensors.py took 0.097 seconds
[2024-09-11T13:59:04.063+0000] {processor.py:186} INFO - Started process (PID=2970) to work on /home/airflow/.local/lib/python3.12/site-packages/airflow/example_dags/example_sensors.py
[2024-09-11T13:59:04.065+0000] {processor.py:914} INFO - Processing file /home/airflow/.local/lib/python3.12/site-packages/airflow/example_dags/example_sensors.py for tasks to queue
[2024-09-11T13:59:04.067+0000] {logging_mixin.py:190} INFO - [2024-09-11T13:59:04.067+0000] {dagbag.py:587} INFO - Filling up the DagBag from /home/airflow/.local/lib/python3.12/site-packages/airflow/example_dags/example_sensors.py
[2024-09-11T13:59:04.079+0000] {processor.py:925} INFO - DAG(s) 'example_sensors' retrieved from /home/airflow/.local/lib/python3.12/site-packages/airflow/example_dags/example_sensors.py
[2024-09-11T13:59:04.110+0000] {logging_mixin.py:190} INFO - [2024-09-11T13:59:04.109+0000] {dag.py:3229} INFO - Sync 1 DAGs
[2024-09-11T13:59:04.132+0000] {logging_mixin.py:190} INFO - [2024-09-11T13:59:04.131+0000] {dag.py:4156} INFO - Setting next_dagrun for example_sensors to None, run_after=None
[2024-09-11T13:59:04.156+0000] {processor.py:208} INFO - Processing /home/airflow/.local/lib/python3.12/site-packages/airflow/example_dags/example_sensors.py took 0.099 seconds
[2024-09-11T13:59:34.615+0000] {processor.py:186} INFO - Started process (PID=3032) to work on /home/airflow/.local/lib/python3.12/site-packages/airflow/example_dags/example_sensors.py
[2024-09-11T13:59:34.616+0000] {processor.py:914} INFO - Processing file /home/airflow/.local/lib/python3.12/site-packages/airflow/example_dags/example_sensors.py for tasks to queue
[2024-09-11T13:59:34.619+0000] {logging_mixin.py:190} INFO - [2024-09-11T13:59:34.619+0000] {dagbag.py:587} INFO - Filling up the DagBag from /home/airflow/.local/lib/python3.12/site-packages/airflow/example_dags/example_sensors.py
[2024-09-11T13:59:34.637+0000] {processor.py:925} INFO - DAG(s) 'example_sensors' retrieved from /home/airflow/.local/lib/python3.12/site-packages/airflow/example_dags/example_sensors.py
[2024-09-11T13:59:34.676+0000] {logging_mixin.py:190} INFO - [2024-09-11T13:59:34.676+0000] {dag.py:3229} INFO - Sync 1 DAGs
[2024-09-11T13:59:34.712+0000] {logging_mixin.py:190} INFO - [2024-09-11T13:59:34.711+0000] {dag.py:4156} INFO - Setting next_dagrun for example_sensors to None, run_after=None
[2024-09-11T13:59:34.775+0000] {processor.py:208} INFO - Processing /home/airflow/.local/lib/python3.12/site-packages/airflow/example_dags/example_sensors.py took 0.174 seconds
[2024-09-11T14:00:04.871+0000] {processor.py:186} INFO - Started process (PID=3094) to work on /home/airflow/.local/lib/python3.12/site-packages/airflow/example_dags/example_sensors.py
[2024-09-11T14:00:04.873+0000] {processor.py:914} INFO - Processing file /home/airflow/.local/lib/python3.12/site-packages/airflow/example_dags/example_sensors.py for tasks to queue
[2024-09-11T14:00:04.875+0000] {logging_mixin.py:190} INFO - [2024-09-11T14:00:04.875+0000] {dagbag.py:587} INFO - Filling up the DagBag from /home/airflow/.local/lib/python3.12/site-packages/airflow/example_dags/example_sensors.py
[2024-09-11T14:00:04.886+0000] {processor.py:925} INFO - DAG(s) 'example_sensors' retrieved from /home/airflow/.local/lib/python3.12/site-packages/airflow/example_dags/example_sensors.py
[2024-09-11T14:00:04.915+0000] {logging_mixin.py:190} INFO - [2024-09-11T14:00:04.915+0000] {dag.py:3229} INFO - Sync 1 DAGs
[2024-09-11T14:00:04.932+0000] {logging_mixin.py:190} INFO - [2024-09-11T14:00:04.932+0000] {dag.py:4156} INFO - Setting next_dagrun for example_sensors to None, run_after=None
[2024-09-11T14:00:04.952+0000] {processor.py:208} INFO - Processing /home/airflow/.local/lib/python3.12/site-packages/airflow/example_dags/example_sensors.py took 0.087 seconds
[2024-09-11T14:00:35.037+0000] {processor.py:186} INFO - Started process (PID=3156) to work on /home/airflow/.local/lib/python3.12/site-packages/airflow/example_dags/example_sensors.py
[2024-09-11T14:00:35.039+0000] {processor.py:914} INFO - Processing file /home/airflow/.local/lib/python3.12/site-packages/airflow/example_dags/example_sensors.py for tasks to queue
[2024-09-11T14:00:35.041+0000] {logging_mixin.py:190} INFO - [2024-09-11T14:00:35.041+0000] {dagbag.py:587} INFO - Filling up the DagBag from /home/airflow/.local/lib/python3.12/site-packages/airflow/example_dags/example_sensors.py
[2024-09-11T14:00:35.053+0000] {processor.py:925} INFO - DAG(s) 'example_sensors' retrieved from /home/airflow/.local/lib/python3.12/site-packages/airflow/example_dags/example_sensors.py
[2024-09-11T14:00:35.082+0000] {logging_mixin.py:190} INFO - [2024-09-11T14:00:35.082+0000] {dag.py:3229} INFO - Sync 1 DAGs
[2024-09-11T14:00:35.097+0000] {logging_mixin.py:190} INFO - [2024-09-11T14:00:35.096+0000] {dag.py:4156} INFO - Setting next_dagrun for example_sensors to None, run_after=None
[2024-09-11T14:00:35.116+0000] {processor.py:208} INFO - Processing /home/airflow/.local/lib/python3.12/site-packages/airflow/example_dags/example_sensors.py took 0.085 seconds
[2024-09-11T14:01:05.182+0000] {processor.py:186} INFO - Started process (PID=3218) to work on /home/airflow/.local/lib/python3.12/site-packages/airflow/example_dags/example_sensors.py
[2024-09-11T14:01:05.183+0000] {processor.py:914} INFO - Processing file /home/airflow/.local/lib/python3.12/site-packages/airflow/example_dags/example_sensors.py for tasks to queue
[2024-09-11T14:01:05.186+0000] {logging_mixin.py:190} INFO - [2024-09-11T14:01:05.185+0000] {dagbag.py:587} INFO - Filling up the DagBag from /home/airflow/.local/lib/python3.12/site-packages/airflow/example_dags/example_sensors.py
[2024-09-11T14:01:05.198+0000] {processor.py:925} INFO - DAG(s) 'example_sensors' retrieved from /home/airflow/.local/lib/python3.12/site-packages/airflow/example_dags/example_sensors.py
[2024-09-11T14:01:05.230+0000] {logging_mixin.py:190} INFO - [2024-09-11T14:01:05.229+0000] {dag.py:3229} INFO - Sync 1 DAGs
[2024-09-11T14:01:05.249+0000] {logging_mixin.py:190} INFO - [2024-09-11T14:01:05.248+0000] {dag.py:4156} INFO - Setting next_dagrun for example_sensors to None, run_after=None
[2024-09-11T14:01:05.270+0000] {processor.py:208} INFO - Processing /home/airflow/.local/lib/python3.12/site-packages/airflow/example_dags/example_sensors.py took 0.095 seconds
[2024-09-11T14:01:35.865+0000] {processor.py:186} INFO - Started process (PID=3280) to work on /home/airflow/.local/lib/python3.12/site-packages/airflow/example_dags/example_sensors.py
[2024-09-11T14:01:35.866+0000] {processor.py:914} INFO - Processing file /home/airflow/.local/lib/python3.12/site-packages/airflow/example_dags/example_sensors.py for tasks to queue
[2024-09-11T14:01:35.869+0000] {logging_mixin.py:190} INFO - [2024-09-11T14:01:35.869+0000] {dagbag.py:587} INFO - Filling up the DagBag from /home/airflow/.local/lib/python3.12/site-packages/airflow/example_dags/example_sensors.py
[2024-09-11T14:01:35.881+0000] {processor.py:925} INFO - DAG(s) 'example_sensors' retrieved from /home/airflow/.local/lib/python3.12/site-packages/airflow/example_dags/example_sensors.py
[2024-09-11T14:01:35.913+0000] {logging_mixin.py:190} INFO - [2024-09-11T14:01:35.913+0000] {dag.py:3229} INFO - Sync 1 DAGs
[2024-09-11T14:01:35.931+0000] {logging_mixin.py:190} INFO - [2024-09-11T14:01:35.930+0000] {dag.py:4156} INFO - Setting next_dagrun for example_sensors to None, run_after=None
[2024-09-11T14:01:35.952+0000] {processor.py:208} INFO - Processing /home/airflow/.local/lib/python3.12/site-packages/airflow/example_dags/example_sensors.py took 0.094 seconds
[2024-09-11T14:02:06.908+0000] {processor.py:186} INFO - Started process (PID=3342) to work on /home/airflow/.local/lib/python3.12/site-packages/airflow/example_dags/example_sensors.py
[2024-09-11T14:02:06.909+0000] {processor.py:914} INFO - Processing file /home/airflow/.local/lib/python3.12/site-packages/airflow/example_dags/example_sensors.py for tasks to queue
[2024-09-11T14:02:06.912+0000] {logging_mixin.py:190} INFO - [2024-09-11T14:02:06.911+0000] {dagbag.py:587} INFO - Filling up the DagBag from /home/airflow/.local/lib/python3.12/site-packages/airflow/example_dags/example_sensors.py
[2024-09-11T14:02:06.923+0000] {processor.py:925} INFO - DAG(s) 'example_sensors' retrieved from /home/airflow/.local/lib/python3.12/site-packages/airflow/example_dags/example_sensors.py
[2024-09-11T14:02:06.963+0000] {logging_mixin.py:190} INFO - [2024-09-11T14:02:06.963+0000] {dag.py:3229} INFO - Sync 1 DAGs
[2024-09-11T14:02:06.979+0000] {logging_mixin.py:190} INFO - [2024-09-11T14:02:06.979+0000] {dag.py:4156} INFO - Setting next_dagrun for example_sensors to None, run_after=None
[2024-09-11T14:02:07.001+0000] {processor.py:208} INFO - Processing /home/airflow/.local/lib/python3.12/site-packages/airflow/example_dags/example_sensors.py took 0.100 seconds
[2024-09-11T14:02:37.281+0000] {processor.py:186} INFO - Started process (PID=3404) to work on /home/airflow/.local/lib/python3.12/site-packages/airflow/example_dags/example_sensors.py
[2024-09-11T14:02:37.282+0000] {processor.py:914} INFO - Processing file /home/airflow/.local/lib/python3.12/site-packages/airflow/example_dags/example_sensors.py for tasks to queue
[2024-09-11T14:02:37.284+0000] {logging_mixin.py:190} INFO - [2024-09-11T14:02:37.284+0000] {dagbag.py:587} INFO - Filling up the DagBag from /home/airflow/.local/lib/python3.12/site-packages/airflow/example_dags/example_sensors.py
[2024-09-11T14:02:37.297+0000] {processor.py:925} INFO - DAG(s) 'example_sensors' retrieved from /home/airflow/.local/lib/python3.12/site-packages/airflow/example_dags/example_sensors.py
[2024-09-11T14:02:37.324+0000] {logging_mixin.py:190} INFO - [2024-09-11T14:02:37.324+0000] {dag.py:3229} INFO - Sync 1 DAGs
[2024-09-11T14:02:37.340+0000] {logging_mixin.py:190} INFO - [2024-09-11T14:02:37.340+0000] {dag.py:4156} INFO - Setting next_dagrun for example_sensors to None, run_after=None
[2024-09-11T14:02:37.360+0000] {processor.py:208} INFO - Processing /home/airflow/.local/lib/python3.12/site-packages/airflow/example_dags/example_sensors.py took 0.086 seconds
[2024-09-11T14:03:07.715+0000] {processor.py:186} INFO - Started process (PID=3466) to work on /home/airflow/.local/lib/python3.12/site-packages/airflow/example_dags/example_sensors.py
[2024-09-11T14:03:07.716+0000] {processor.py:914} INFO - Processing file /home/airflow/.local/lib/python3.12/site-packages/airflow/example_dags/example_sensors.py for tasks to queue
[2024-09-11T14:03:07.719+0000] {logging_mixin.py:190} INFO - [2024-09-11T14:03:07.719+0000] {dagbag.py:587} INFO - Filling up the DagBag from /home/airflow/.local/lib/python3.12/site-packages/airflow/example_dags/example_sensors.py
[2024-09-11T14:03:07.730+0000] {processor.py:925} INFO - DAG(s) 'example_sensors' retrieved from /home/airflow/.local/lib/python3.12/site-packages/airflow/example_dags/example_sensors.py
[2024-09-11T14:03:07.759+0000] {logging_mixin.py:190} INFO - [2024-09-11T14:03:07.758+0000] {dag.py:3229} INFO - Sync 1 DAGs
[2024-09-11T14:03:07.773+0000] {logging_mixin.py:190} INFO - [2024-09-11T14:03:07.773+0000] {dag.py:4156} INFO - Setting next_dagrun for example_sensors to None, run_after=None
[2024-09-11T14:03:07.794+0000] {processor.py:208} INFO - Processing /home/airflow/.local/lib/python3.12/site-packages/airflow/example_dags/example_sensors.py took 0.085 seconds
[2024-09-11T14:03:37.930+0000] {processor.py:186} INFO - Started process (PID=3528) to work on /home/airflow/.local/lib/python3.12/site-packages/airflow/example_dags/example_sensors.py
[2024-09-11T14:03:37.931+0000] {processor.py:914} INFO - Processing file /home/airflow/.local/lib/python3.12/site-packages/airflow/example_dags/example_sensors.py for tasks to queue
[2024-09-11T14:03:37.934+0000] {logging_mixin.py:190} INFO - [2024-09-11T14:03:37.934+0000] {dagbag.py:587} INFO - Filling up the DagBag from /home/airflow/.local/lib/python3.12/site-packages/airflow/example_dags/example_sensors.py
[2024-09-11T14:03:37.945+0000] {processor.py:925} INFO - DAG(s) 'example_sensors' retrieved from /home/airflow/.local/lib/python3.12/site-packages/airflow/example_dags/example_sensors.py
[2024-09-11T14:03:37.980+0000] {logging_mixin.py:190} INFO - [2024-09-11T14:03:37.979+0000] {dag.py:3229} INFO - Sync 1 DAGs
[2024-09-11T14:03:37.998+0000] {logging_mixin.py:190} INFO - [2024-09-11T14:03:37.998+0000] {dag.py:4156} INFO - Setting next_dagrun for example_sensors to None, run_after=None
[2024-09-11T14:03:38.021+0000] {processor.py:208} INFO - Processing /home/airflow/.local/lib/python3.12/site-packages/airflow/example_dags/example_sensors.py took 0.098 seconds
[2024-09-11T14:04:08.251+0000] {processor.py:186} INFO - Started process (PID=3590) to work on /home/airflow/.local/lib/python3.12/site-packages/airflow/example_dags/example_sensors.py
[2024-09-11T14:04:08.252+0000] {processor.py:914} INFO - Processing file /home/airflow/.local/lib/python3.12/site-packages/airflow/example_dags/example_sensors.py for tasks to queue
[2024-09-11T14:04:08.254+0000] {logging_mixin.py:190} INFO - [2024-09-11T14:04:08.254+0000] {dagbag.py:587} INFO - Filling up the DagBag from /home/airflow/.local/lib/python3.12/site-packages/airflow/example_dags/example_sensors.py
[2024-09-11T14:04:08.266+0000] {processor.py:925} INFO - DAG(s) 'example_sensors' retrieved from /home/airflow/.local/lib/python3.12/site-packages/airflow/example_dags/example_sensors.py
[2024-09-11T14:04:08.294+0000] {logging_mixin.py:190} INFO - [2024-09-11T14:04:08.294+0000] {dag.py:3229} INFO - Sync 1 DAGs
[2024-09-11T14:04:08.308+0000] {logging_mixin.py:190} INFO - [2024-09-11T14:04:08.308+0000] {dag.py:4156} INFO - Setting next_dagrun for example_sensors to None, run_after=None
[2024-09-11T14:04:08.326+0000] {processor.py:208} INFO - Processing /home/airflow/.local/lib/python3.12/site-packages/airflow/example_dags/example_sensors.py took 0.082 seconds
[2024-09-11T14:04:38.945+0000] {processor.py:186} INFO - Started process (PID=3652) to work on /home/airflow/.local/lib/python3.12/site-packages/airflow/example_dags/example_sensors.py
[2024-09-11T14:04:38.946+0000] {processor.py:914} INFO - Processing file /home/airflow/.local/lib/python3.12/site-packages/airflow/example_dags/example_sensors.py for tasks to queue
[2024-09-11T14:04:38.949+0000] {logging_mixin.py:190} INFO - [2024-09-11T14:04:38.949+0000] {dagbag.py:587} INFO - Filling up the DagBag from /home/airflow/.local/lib/python3.12/site-packages/airflow/example_dags/example_sensors.py
[2024-09-11T14:04:38.961+0000] {processor.py:925} INFO - DAG(s) 'example_sensors' retrieved from /home/airflow/.local/lib/python3.12/site-packages/airflow/example_dags/example_sensors.py
[2024-09-11T14:04:38.989+0000] {logging_mixin.py:190} INFO - [2024-09-11T14:04:38.989+0000] {dag.py:3229} INFO - Sync 1 DAGs
[2024-09-11T14:04:39.004+0000] {logging_mixin.py:190} INFO - [2024-09-11T14:04:39.004+0000] {dag.py:4156} INFO - Setting next_dagrun for example_sensors to None, run_after=None
[2024-09-11T14:04:39.026+0000] {processor.py:208} INFO - Processing /home/airflow/.local/lib/python3.12/site-packages/airflow/example_dags/example_sensors.py took 0.087 seconds
[2024-09-11T14:05:09.461+0000] {processor.py:186} INFO - Started process (PID=3714) to work on /home/airflow/.local/lib/python3.12/site-packages/airflow/example_dags/example_sensors.py
[2024-09-11T14:05:09.462+0000] {processor.py:914} INFO - Processing file /home/airflow/.local/lib/python3.12/site-packages/airflow/example_dags/example_sensors.py for tasks to queue
[2024-09-11T14:05:09.465+0000] {logging_mixin.py:190} INFO - [2024-09-11T14:05:09.464+0000] {dagbag.py:587} INFO - Filling up the DagBag from /home/airflow/.local/lib/python3.12/site-packages/airflow/example_dags/example_sensors.py
[2024-09-11T14:05:09.476+0000] {processor.py:925} INFO - DAG(s) 'example_sensors' retrieved from /home/airflow/.local/lib/python3.12/site-packages/airflow/example_dags/example_sensors.py
[2024-09-11T14:05:09.504+0000] {logging_mixin.py:190} INFO - [2024-09-11T14:05:09.504+0000] {dag.py:3229} INFO - Sync 1 DAGs
[2024-09-11T14:05:09.519+0000] {logging_mixin.py:190} INFO - [2024-09-11T14:05:09.519+0000] {dag.py:4156} INFO - Setting next_dagrun for example_sensors to None, run_after=None
[2024-09-11T14:05:09.537+0000] {processor.py:208} INFO - Processing /home/airflow/.local/lib/python3.12/site-packages/airflow/example_dags/example_sensors.py took 0.083 seconds
[2024-09-11T14:05:40.406+0000] {processor.py:186} INFO - Started process (PID=3776) to work on /home/airflow/.local/lib/python3.12/site-packages/airflow/example_dags/example_sensors.py
[2024-09-11T14:05:40.408+0000] {processor.py:914} INFO - Processing file /home/airflow/.local/lib/python3.12/site-packages/airflow/example_dags/example_sensors.py for tasks to queue
[2024-09-11T14:05:40.411+0000] {logging_mixin.py:190} INFO - [2024-09-11T14:05:40.410+0000] {dagbag.py:587} INFO - Filling up the DagBag from /home/airflow/.local/lib/python3.12/site-packages/airflow/example_dags/example_sensors.py
[2024-09-11T14:05:40.422+0000] {processor.py:925} INFO - DAG(s) 'example_sensors' retrieved from /home/airflow/.local/lib/python3.12/site-packages/airflow/example_dags/example_sensors.py
[2024-09-11T14:05:40.451+0000] {logging_mixin.py:190} INFO - [2024-09-11T14:05:40.451+0000] {dag.py:3229} INFO - Sync 1 DAGs
[2024-09-11T14:05:40.467+0000] {logging_mixin.py:190} INFO - [2024-09-11T14:05:40.467+0000] {dag.py:4156} INFO - Setting next_dagrun for example_sensors to None, run_after=None
[2024-09-11T14:05:40.488+0000] {processor.py:208} INFO - Processing /home/airflow/.local/lib/python3.12/site-packages/airflow/example_dags/example_sensors.py took 0.088 seconds
[2024-09-11T14:06:10.799+0000] {processor.py:186} INFO - Started process (PID=3838) to work on /home/airflow/.local/lib/python3.12/site-packages/airflow/example_dags/example_sensors.py
[2024-09-11T14:06:10.800+0000] {processor.py:914} INFO - Processing file /home/airflow/.local/lib/python3.12/site-packages/airflow/example_dags/example_sensors.py for tasks to queue
[2024-09-11T14:06:10.803+0000] {logging_mixin.py:190} INFO - [2024-09-11T14:06:10.802+0000] {dagbag.py:587} INFO - Filling up the DagBag from /home/airflow/.local/lib/python3.12/site-packages/airflow/example_dags/example_sensors.py
[2024-09-11T14:06:10.815+0000] {processor.py:925} INFO - DAG(s) 'example_sensors' retrieved from /home/airflow/.local/lib/python3.12/site-packages/airflow/example_dags/example_sensors.py
[2024-09-11T14:06:10.844+0000] {logging_mixin.py:190} INFO - [2024-09-11T14:06:10.844+0000] {dag.py:3229} INFO - Sync 1 DAGs
[2024-09-11T14:06:10.861+0000] {logging_mixin.py:190} INFO - [2024-09-11T14:06:10.861+0000] {dag.py:4156} INFO - Setting next_dagrun for example_sensors to None, run_after=None
[2024-09-11T14:06:10.882+0000] {processor.py:208} INFO - Processing /home/airflow/.local/lib/python3.12/site-packages/airflow/example_dags/example_sensors.py took 0.090 seconds
[2024-09-11T14:06:41.301+0000] {processor.py:186} INFO - Started process (PID=3900) to work on /home/airflow/.local/lib/python3.12/site-packages/airflow/example_dags/example_sensors.py
[2024-09-11T14:06:41.302+0000] {processor.py:914} INFO - Processing file /home/airflow/.local/lib/python3.12/site-packages/airflow/example_dags/example_sensors.py for tasks to queue
[2024-09-11T14:06:41.305+0000] {logging_mixin.py:190} INFO - [2024-09-11T14:06:41.305+0000] {dagbag.py:587} INFO - Filling up the DagBag from /home/airflow/.local/lib/python3.12/site-packages/airflow/example_dags/example_sensors.py
[2024-09-11T14:06:41.316+0000] {processor.py:925} INFO - DAG(s) 'example_sensors' retrieved from /home/airflow/.local/lib/python3.12/site-packages/airflow/example_dags/example_sensors.py
[2024-09-11T14:06:41.345+0000] {logging_mixin.py:190} INFO - [2024-09-11T14:06:41.345+0000] {dag.py:3229} INFO - Sync 1 DAGs
[2024-09-11T14:06:41.362+0000] {logging_mixin.py:190} INFO - [2024-09-11T14:06:41.361+0000] {dag.py:4156} INFO - Setting next_dagrun for example_sensors to None, run_after=None
[2024-09-11T14:06:41.382+0000] {processor.py:208} INFO - Processing /home/airflow/.local/lib/python3.12/site-packages/airflow/example_dags/example_sensors.py took 0.088 seconds
[2024-09-11T14:07:11.891+0000] {processor.py:186} INFO - Started process (PID=3962) to work on /home/airflow/.local/lib/python3.12/site-packages/airflow/example_dags/example_sensors.py
[2024-09-11T14:07:11.892+0000] {processor.py:914} INFO - Processing file /home/airflow/.local/lib/python3.12/site-packages/airflow/example_dags/example_sensors.py for tasks to queue
[2024-09-11T14:07:11.895+0000] {logging_mixin.py:190} INFO - [2024-09-11T14:07:11.894+0000] {dagbag.py:587} INFO - Filling up the DagBag from /home/airflow/.local/lib/python3.12/site-packages/airflow/example_dags/example_sensors.py
[2024-09-11T14:07:11.906+0000] {processor.py:925} INFO - DAG(s) 'example_sensors' retrieved from /home/airflow/.local/lib/python3.12/site-packages/airflow/example_dags/example_sensors.py
[2024-09-11T14:07:11.934+0000] {logging_mixin.py:190} INFO - [2024-09-11T14:07:11.933+0000] {dag.py:3229} INFO - Sync 1 DAGs
[2024-09-11T14:07:11.949+0000] {logging_mixin.py:190} INFO - [2024-09-11T14:07:11.949+0000] {dag.py:4156} INFO - Setting next_dagrun for example_sensors to None, run_after=None
[2024-09-11T14:07:11.970+0000] {processor.py:208} INFO - Processing /home/airflow/.local/lib/python3.12/site-packages/airflow/example_dags/example_sensors.py took 0.086 seconds
[2024-09-11T14:07:42.421+0000] {processor.py:186} INFO - Started process (PID=4024) to work on /home/airflow/.local/lib/python3.12/site-packages/airflow/example_dags/example_sensors.py
[2024-09-11T14:07:42.422+0000] {processor.py:914} INFO - Processing file /home/airflow/.local/lib/python3.12/site-packages/airflow/example_dags/example_sensors.py for tasks to queue
[2024-09-11T14:07:42.426+0000] {logging_mixin.py:190} INFO - [2024-09-11T14:07:42.425+0000] {dagbag.py:587} INFO - Filling up the DagBag from /home/airflow/.local/lib/python3.12/site-packages/airflow/example_dags/example_sensors.py
[2024-09-11T14:07:42.441+0000] {processor.py:925} INFO - DAG(s) 'example_sensors' retrieved from /home/airflow/.local/lib/python3.12/site-packages/airflow/example_dags/example_sensors.py
[2024-09-11T14:07:42.482+0000] {logging_mixin.py:190} INFO - [2024-09-11T14:07:42.481+0000] {dag.py:3229} INFO - Sync 1 DAGs
[2024-09-11T14:07:42.499+0000] {logging_mixin.py:190} INFO - [2024-09-11T14:07:42.499+0000] {dag.py:4156} INFO - Setting next_dagrun for example_sensors to None, run_after=None
[2024-09-11T14:07:42.517+0000] {processor.py:208} INFO - Processing /home/airflow/.local/lib/python3.12/site-packages/airflow/example_dags/example_sensors.py took 0.104 seconds
[2024-09-11T14:08:12.767+0000] {processor.py:186} INFO - Started process (PID=4086) to work on /home/airflow/.local/lib/python3.12/site-packages/airflow/example_dags/example_sensors.py
[2024-09-11T14:08:12.768+0000] {processor.py:914} INFO - Processing file /home/airflow/.local/lib/python3.12/site-packages/airflow/example_dags/example_sensors.py for tasks to queue
[2024-09-11T14:08:12.771+0000] {logging_mixin.py:190} INFO - [2024-09-11T14:08:12.770+0000] {dagbag.py:587} INFO - Filling up the DagBag from /home/airflow/.local/lib/python3.12/site-packages/airflow/example_dags/example_sensors.py
[2024-09-11T14:08:12.782+0000] {processor.py:925} INFO - DAG(s) 'example_sensors' retrieved from /home/airflow/.local/lib/python3.12/site-packages/airflow/example_dags/example_sensors.py
[2024-09-11T14:08:12.810+0000] {logging_mixin.py:190} INFO - [2024-09-11T14:08:12.810+0000] {dag.py:3229} INFO - Sync 1 DAGs
[2024-09-11T14:08:12.825+0000] {logging_mixin.py:190} INFO - [2024-09-11T14:08:12.825+0000] {dag.py:4156} INFO - Setting next_dagrun for example_sensors to None, run_after=None
[2024-09-11T14:08:12.858+0000] {processor.py:208} INFO - Processing /home/airflow/.local/lib/python3.12/site-packages/airflow/example_dags/example_sensors.py took 0.097 seconds
[2024-09-11T14:08:43.570+0000] {processor.py:186} INFO - Started process (PID=4148) to work on /home/airflow/.local/lib/python3.12/site-packages/airflow/example_dags/example_sensors.py
[2024-09-11T14:08:43.571+0000] {processor.py:914} INFO - Processing file /home/airflow/.local/lib/python3.12/site-packages/airflow/example_dags/example_sensors.py for tasks to queue
[2024-09-11T14:08:43.574+0000] {logging_mixin.py:190} INFO - [2024-09-11T14:08:43.573+0000] {dagbag.py:587} INFO - Filling up the DagBag from /home/airflow/.local/lib/python3.12/site-packages/airflow/example_dags/example_sensors.py
[2024-09-11T14:08:43.585+0000] {processor.py:925} INFO - DAG(s) 'example_sensors' retrieved from /home/airflow/.local/lib/python3.12/site-packages/airflow/example_dags/example_sensors.py
[2024-09-11T14:08:43.612+0000] {logging_mixin.py:190} INFO - [2024-09-11T14:08:43.612+0000] {dag.py:3229} INFO - Sync 1 DAGs
[2024-09-11T14:08:43.628+0000] {logging_mixin.py:190} INFO - [2024-09-11T14:08:43.628+0000] {dag.py:4156} INFO - Setting next_dagrun for example_sensors to None, run_after=None
[2024-09-11T14:08:43.649+0000] {processor.py:208} INFO - Processing /home/airflow/.local/lib/python3.12/site-packages/airflow/example_dags/example_sensors.py took 0.087 seconds
[2024-09-11T14:09:14.201+0000] {processor.py:186} INFO - Started process (PID=4210) to work on /home/airflow/.local/lib/python3.12/site-packages/airflow/example_dags/example_sensors.py
[2024-09-11T14:09:14.202+0000] {processor.py:914} INFO - Processing file /home/airflow/.local/lib/python3.12/site-packages/airflow/example_dags/example_sensors.py for tasks to queue
[2024-09-11T14:09:14.205+0000] {logging_mixin.py:190} INFO - [2024-09-11T14:09:14.205+0000] {dagbag.py:587} INFO - Filling up the DagBag from /home/airflow/.local/lib/python3.12/site-packages/airflow/example_dags/example_sensors.py
[2024-09-11T14:09:14.216+0000] {processor.py:925} INFO - DAG(s) 'example_sensors' retrieved from /home/airflow/.local/lib/python3.12/site-packages/airflow/example_dags/example_sensors.py
[2024-09-11T14:09:14.245+0000] {logging_mixin.py:190} INFO - [2024-09-11T14:09:14.244+0000] {dag.py:3229} INFO - Sync 1 DAGs
[2024-09-11T14:09:14.260+0000] {logging_mixin.py:190} INFO - [2024-09-11T14:09:14.260+0000] {dag.py:4156} INFO - Setting next_dagrun for example_sensors to None, run_after=None
[2024-09-11T14:09:14.280+0000] {processor.py:208} INFO - Processing /home/airflow/.local/lib/python3.12/site-packages/airflow/example_dags/example_sensors.py took 0.085 seconds
[2024-09-11T14:09:44.662+0000] {processor.py:186} INFO - Started process (PID=4272) to work on /home/airflow/.local/lib/python3.12/site-packages/airflow/example_dags/example_sensors.py
[2024-09-11T14:09:44.664+0000] {processor.py:914} INFO - Processing file /home/airflow/.local/lib/python3.12/site-packages/airflow/example_dags/example_sensors.py for tasks to queue
[2024-09-11T14:09:44.668+0000] {logging_mixin.py:190} INFO - [2024-09-11T14:09:44.668+0000] {dagbag.py:587} INFO - Filling up the DagBag from /home/airflow/.local/lib/python3.12/site-packages/airflow/example_dags/example_sensors.py
[2024-09-11T14:09:44.695+0000] {processor.py:925} INFO - DAG(s) 'example_sensors' retrieved from /home/airflow/.local/lib/python3.12/site-packages/airflow/example_dags/example_sensors.py
[2024-09-11T14:09:44.738+0000] {logging_mixin.py:190} INFO - [2024-09-11T14:09:44.737+0000] {dag.py:3229} INFO - Sync 1 DAGs
[2024-09-11T14:09:44.761+0000] {logging_mixin.py:190} INFO - [2024-09-11T14:09:44.761+0000] {dag.py:4156} INFO - Setting next_dagrun for example_sensors to None, run_after=None
[2024-09-11T14:09:44.793+0000] {processor.py:208} INFO - Processing /home/airflow/.local/lib/python3.12/site-packages/airflow/example_dags/example_sensors.py took 0.138 seconds
[2024-09-11T14:10:15.121+0000] {processor.py:186} INFO - Started process (PID=4334) to work on /home/airflow/.local/lib/python3.12/site-packages/airflow/example_dags/example_sensors.py
[2024-09-11T14:10:15.122+0000] {processor.py:914} INFO - Processing file /home/airflow/.local/lib/python3.12/site-packages/airflow/example_dags/example_sensors.py for tasks to queue
[2024-09-11T14:10:15.125+0000] {logging_mixin.py:190} INFO - [2024-09-11T14:10:15.125+0000] {dagbag.py:587} INFO - Filling up the DagBag from /home/airflow/.local/lib/python3.12/site-packages/airflow/example_dags/example_sensors.py
[2024-09-11T14:10:15.136+0000] {processor.py:925} INFO - DAG(s) 'example_sensors' retrieved from /home/airflow/.local/lib/python3.12/site-packages/airflow/example_dags/example_sensors.py
[2024-09-11T14:10:15.165+0000] {logging_mixin.py:190} INFO - [2024-09-11T14:10:15.164+0000] {dag.py:3229} INFO - Sync 1 DAGs
[2024-09-11T14:10:15.180+0000] {logging_mixin.py:190} INFO - [2024-09-11T14:10:15.180+0000] {dag.py:4156} INFO - Setting next_dagrun for example_sensors to None, run_after=None
[2024-09-11T14:10:15.199+0000] {processor.py:208} INFO - Processing /home/airflow/.local/lib/python3.12/site-packages/airflow/example_dags/example_sensors.py took 0.085 seconds
[2024-09-11T14:10:45.633+0000] {processor.py:186} INFO - Started process (PID=4396) to work on /home/airflow/.local/lib/python3.12/site-packages/airflow/example_dags/example_sensors.py
[2024-09-11T14:10:45.634+0000] {processor.py:914} INFO - Processing file /home/airflow/.local/lib/python3.12/site-packages/airflow/example_dags/example_sensors.py for tasks to queue
[2024-09-11T14:10:45.637+0000] {logging_mixin.py:190} INFO - [2024-09-11T14:10:45.636+0000] {dagbag.py:587} INFO - Filling up the DagBag from /home/airflow/.local/lib/python3.12/site-packages/airflow/example_dags/example_sensors.py
[2024-09-11T14:10:45.648+0000] {processor.py:925} INFO - DAG(s) 'example_sensors' retrieved from /home/airflow/.local/lib/python3.12/site-packages/airflow/example_dags/example_sensors.py
[2024-09-11T14:10:45.676+0000] {logging_mixin.py:190} INFO - [2024-09-11T14:10:45.676+0000] {dag.py:3229} INFO - Sync 1 DAGs
[2024-09-11T14:10:45.692+0000] {logging_mixin.py:190} INFO - [2024-09-11T14:10:45.691+0000] {dag.py:4156} INFO - Setting next_dagrun for example_sensors to None, run_after=None
[2024-09-11T14:10:45.711+0000] {processor.py:208} INFO - Processing /home/airflow/.local/lib/python3.12/site-packages/airflow/example_dags/example_sensors.py took 0.085 seconds
[2024-09-11T14:11:16.090+0000] {processor.py:186} INFO - Started process (PID=4458) to work on /home/airflow/.local/lib/python3.12/site-packages/airflow/example_dags/example_sensors.py
[2024-09-11T14:11:16.092+0000] {processor.py:914} INFO - Processing file /home/airflow/.local/lib/python3.12/site-packages/airflow/example_dags/example_sensors.py for tasks to queue
[2024-09-11T14:11:16.094+0000] {logging_mixin.py:190} INFO - [2024-09-11T14:11:16.094+0000] {dagbag.py:587} INFO - Filling up the DagBag from /home/airflow/.local/lib/python3.12/site-packages/airflow/example_dags/example_sensors.py
[2024-09-11T14:11:16.106+0000] {processor.py:925} INFO - DAG(s) 'example_sensors' retrieved from /home/airflow/.local/lib/python3.12/site-packages/airflow/example_dags/example_sensors.py
[2024-09-11T14:11:16.136+0000] {logging_mixin.py:190} INFO - [2024-09-11T14:11:16.135+0000] {dag.py:3229} INFO - Sync 1 DAGs
[2024-09-11T14:11:16.151+0000] {logging_mixin.py:190} INFO - [2024-09-11T14:11:16.151+0000] {dag.py:4156} INFO - Setting next_dagrun for example_sensors to None, run_after=None
[2024-09-11T14:11:16.173+0000] {processor.py:208} INFO - Processing /home/airflow/.local/lib/python3.12/site-packages/airflow/example_dags/example_sensors.py took 0.089 seconds
[2024-09-11T14:11:46.595+0000] {processor.py:186} INFO - Started process (PID=4520) to work on /home/airflow/.local/lib/python3.12/site-packages/airflow/example_dags/example_sensors.py
[2024-09-11T14:11:46.597+0000] {processor.py:914} INFO - Processing file /home/airflow/.local/lib/python3.12/site-packages/airflow/example_dags/example_sensors.py for tasks to queue
[2024-09-11T14:11:46.600+0000] {logging_mixin.py:190} INFO - [2024-09-11T14:11:46.599+0000] {dagbag.py:587} INFO - Filling up the DagBag from /home/airflow/.local/lib/python3.12/site-packages/airflow/example_dags/example_sensors.py
[2024-09-11T14:11:46.618+0000] {processor.py:925} INFO - DAG(s) 'example_sensors' retrieved from /home/airflow/.local/lib/python3.12/site-packages/airflow/example_dags/example_sensors.py
[2024-09-11T14:11:46.648+0000] {logging_mixin.py:190} INFO - [2024-09-11T14:11:46.648+0000] {dag.py:3229} INFO - Sync 1 DAGs
[2024-09-11T14:11:46.663+0000] {logging_mixin.py:190} INFO - [2024-09-11T14:11:46.663+0000] {dag.py:4156} INFO - Setting next_dagrun for example_sensors to None, run_after=None
[2024-09-11T14:11:46.685+0000] {processor.py:208} INFO - Processing /home/airflow/.local/lib/python3.12/site-packages/airflow/example_dags/example_sensors.py took 0.096 seconds
[2024-09-11T14:12:17.049+0000] {processor.py:186} INFO - Started process (PID=4582) to work on /home/airflow/.local/lib/python3.12/site-packages/airflow/example_dags/example_sensors.py
[2024-09-11T14:12:17.051+0000] {processor.py:914} INFO - Processing file /home/airflow/.local/lib/python3.12/site-packages/airflow/example_dags/example_sensors.py for tasks to queue
[2024-09-11T14:12:17.053+0000] {logging_mixin.py:190} INFO - [2024-09-11T14:12:17.053+0000] {dagbag.py:587} INFO - Filling up the DagBag from /home/airflow/.local/lib/python3.12/site-packages/airflow/example_dags/example_sensors.py
[2024-09-11T14:12:17.064+0000] {processor.py:925} INFO - DAG(s) 'example_sensors' retrieved from /home/airflow/.local/lib/python3.12/site-packages/airflow/example_dags/example_sensors.py
[2024-09-11T14:12:17.094+0000] {logging_mixin.py:190} INFO - [2024-09-11T14:12:17.093+0000] {dag.py:3229} INFO - Sync 1 DAGs
[2024-09-11T14:12:17.108+0000] {logging_mixin.py:190} INFO - [2024-09-11T14:12:17.108+0000] {dag.py:4156} INFO - Setting next_dagrun for example_sensors to None, run_after=None
[2024-09-11T14:12:17.128+0000] {processor.py:208} INFO - Processing /home/airflow/.local/lib/python3.12/site-packages/airflow/example_dags/example_sensors.py took 0.086 seconds
[2024-09-11T14:12:47.881+0000] {processor.py:186} INFO - Started process (PID=4644) to work on /home/airflow/.local/lib/python3.12/site-packages/airflow/example_dags/example_sensors.py
[2024-09-11T14:12:47.882+0000] {processor.py:914} INFO - Processing file /home/airflow/.local/lib/python3.12/site-packages/airflow/example_dags/example_sensors.py for tasks to queue
[2024-09-11T14:12:47.885+0000] {logging_mixin.py:190} INFO - [2024-09-11T14:12:47.885+0000] {dagbag.py:587} INFO - Filling up the DagBag from /home/airflow/.local/lib/python3.12/site-packages/airflow/example_dags/example_sensors.py
[2024-09-11T14:12:47.897+0000] {processor.py:925} INFO - DAG(s) 'example_sensors' retrieved from /home/airflow/.local/lib/python3.12/site-packages/airflow/example_dags/example_sensors.py
[2024-09-11T14:12:47.927+0000] {logging_mixin.py:190} INFO - [2024-09-11T14:12:47.926+0000] {dag.py:3229} INFO - Sync 1 DAGs
[2024-09-11T14:12:47.942+0000] {logging_mixin.py:190} INFO - [2024-09-11T14:12:47.942+0000] {dag.py:4156} INFO - Setting next_dagrun for example_sensors to None, run_after=None
[2024-09-11T14:12:47.961+0000] {processor.py:208} INFO - Processing /home/airflow/.local/lib/python3.12/site-packages/airflow/example_dags/example_sensors.py took 0.086 seconds
[2024-09-11T14:13:18.704+0000] {processor.py:186} INFO - Started process (PID=4706) to work on /home/airflow/.local/lib/python3.12/site-packages/airflow/example_dags/example_sensors.py
[2024-09-11T14:13:18.705+0000] {processor.py:914} INFO - Processing file /home/airflow/.local/lib/python3.12/site-packages/airflow/example_dags/example_sensors.py for tasks to queue
[2024-09-11T14:13:18.709+0000] {logging_mixin.py:190} INFO - [2024-09-11T14:13:18.708+0000] {dagbag.py:587} INFO - Filling up the DagBag from /home/airflow/.local/lib/python3.12/site-packages/airflow/example_dags/example_sensors.py
[2024-09-11T14:13:18.723+0000] {processor.py:925} INFO - DAG(s) 'example_sensors' retrieved from /home/airflow/.local/lib/python3.12/site-packages/airflow/example_dags/example_sensors.py
[2024-09-11T14:13:18.754+0000] {logging_mixin.py:190} INFO - [2024-09-11T14:13:18.754+0000] {dag.py:3229} INFO - Sync 1 DAGs
[2024-09-11T14:13:18.772+0000] {logging_mixin.py:190} INFO - [2024-09-11T14:13:18.771+0000] {dag.py:4156} INFO - Setting next_dagrun for example_sensors to None, run_after=None
[2024-09-11T14:13:18.795+0000] {processor.py:208} INFO - Processing /home/airflow/.local/lib/python3.12/site-packages/airflow/example_dags/example_sensors.py took 0.098 seconds
[2024-09-11T14:13:49.360+0000] {processor.py:186} INFO - Started process (PID=4768) to work on /home/airflow/.local/lib/python3.12/site-packages/airflow/example_dags/example_sensors.py
[2024-09-11T14:13:49.362+0000] {processor.py:914} INFO - Processing file /home/airflow/.local/lib/python3.12/site-packages/airflow/example_dags/example_sensors.py for tasks to queue
[2024-09-11T14:13:49.364+0000] {logging_mixin.py:190} INFO - [2024-09-11T14:13:49.364+0000] {dagbag.py:587} INFO - Filling up the DagBag from /home/airflow/.local/lib/python3.12/site-packages/airflow/example_dags/example_sensors.py
[2024-09-11T14:13:49.376+0000] {processor.py:925} INFO - DAG(s) 'example_sensors' retrieved from /home/airflow/.local/lib/python3.12/site-packages/airflow/example_dags/example_sensors.py
[2024-09-11T14:13:49.406+0000] {logging_mixin.py:190} INFO - [2024-09-11T14:13:49.405+0000] {dag.py:3229} INFO - Sync 1 DAGs
[2024-09-11T14:13:49.421+0000] {logging_mixin.py:190} INFO - [2024-09-11T14:13:49.421+0000] {dag.py:4156} INFO - Setting next_dagrun for example_sensors to None, run_after=None
[2024-09-11T14:13:49.441+0000] {processor.py:208} INFO - Processing /home/airflow/.local/lib/python3.12/site-packages/airflow/example_dags/example_sensors.py took 0.087 seconds
