[2024-09-11T13:35:28.181+0000] {processor.py:186} INFO - Started process (PID=125) to work on /home/airflow/.local/lib/python3.12/site-packages/airflow/example_dags/example_dag_decorator.py
[2024-09-11T13:35:28.183+0000] {processor.py:914} INFO - Processing file /home/airflow/.local/lib/python3.12/site-packages/airflow/example_dags/example_dag_decorator.py for tasks to queue
[2024-09-11T13:35:28.189+0000] {logging_mixin.py:190} INFO - [2024-09-11T13:35:28.188+0000] {dagbag.py:587} INFO - Filling up the DagBag from /home/airflow/.local/lib/python3.12/site-packages/airflow/example_dags/example_dag_decorator.py
[2024-09-11T13:35:28.213+0000] {processor.py:925} INFO - DAG(s) 'example_dag_decorator' retrieved from /home/airflow/.local/lib/python3.12/site-packages/airflow/example_dags/example_dag_decorator.py
[2024-09-11T13:35:28.457+0000] {logging_mixin.py:190} INFO - [2024-09-11T13:35:28.456+0000] {override.py:1900} INFO - Created Permission View: can edit on DAG:example_dag_decorator
[2024-09-11T13:35:28.478+0000] {logging_mixin.py:190} INFO - [2024-09-11T13:35:28.477+0000] {override.py:1900} INFO - Created Permission View: can delete on DAG:example_dag_decorator
[2024-09-11T13:35:28.490+0000] {logging_mixin.py:190} INFO - [2024-09-11T13:35:28.490+0000] {override.py:1900} INFO - Created Permission View: can read on DAG:example_dag_decorator
[2024-09-11T13:35:28.503+0000] {logging_mixin.py:190} INFO - [2024-09-11T13:35:28.503+0000] {override.py:1900} INFO - Created Permission View: menu access on DAG Run:example_dag_decorator
[2024-09-11T13:35:28.517+0000] {logging_mixin.py:190} INFO - [2024-09-11T13:35:28.517+0000] {override.py:1900} INFO - Created Permission View: can create on DAG Run:example_dag_decorator
[2024-09-11T13:35:28.528+0000] {logging_mixin.py:190} INFO - [2024-09-11T13:35:28.528+0000] {override.py:1900} INFO - Created Permission View: can delete on DAG Run:example_dag_decorator
[2024-09-11T13:35:28.541+0000] {logging_mixin.py:190} INFO - [2024-09-11T13:35:28.540+0000] {override.py:1900} INFO - Created Permission View: can read on DAG Run:example_dag_decorator
[2024-09-11T13:35:28.542+0000] {logging_mixin.py:190} INFO - [2024-09-11T13:35:28.541+0000] {dag.py:3229} INFO - Sync 1 DAGs
[2024-09-11T13:35:28.578+0000] {logging_mixin.py:190} INFO - [2024-09-11T13:35:28.577+0000] {dag.py:3252} INFO - Creating ORM DAG for example_dag_decorator
[2024-09-11T13:35:28.580+0000] {logging_mixin.py:190} INFO - [2024-09-11T13:35:28.580+0000] {dag.py:4156} INFO - Setting next_dagrun for example_dag_decorator to None, run_after=None
[2024-09-11T13:35:28.623+0000] {processor.py:208} INFO - Processing /home/airflow/.local/lib/python3.12/site-packages/airflow/example_dags/example_dag_decorator.py took 0.453 seconds
[2024-09-11T13:35:58.893+0000] {processor.py:186} INFO - Started process (PID=187) to work on /home/airflow/.local/lib/python3.12/site-packages/airflow/example_dags/example_dag_decorator.py
[2024-09-11T13:35:58.895+0000] {processor.py:914} INFO - Processing file /home/airflow/.local/lib/python3.12/site-packages/airflow/example_dags/example_dag_decorator.py for tasks to queue
[2024-09-11T13:35:58.897+0000] {logging_mixin.py:190} INFO - [2024-09-11T13:35:58.897+0000] {dagbag.py:587} INFO - Filling up the DagBag from /home/airflow/.local/lib/python3.12/site-packages/airflow/example_dags/example_dag_decorator.py
[2024-09-11T13:35:58.914+0000] {processor.py:925} INFO - DAG(s) 'example_dag_decorator' retrieved from /home/airflow/.local/lib/python3.12/site-packages/airflow/example_dags/example_dag_decorator.py
[2024-09-11T13:35:59.041+0000] {logging_mixin.py:190} INFO - [2024-09-11T13:35:59.040+0000] {dag.py:3229} INFO - Sync 1 DAGs
[2024-09-11T13:35:59.053+0000] {logging_mixin.py:190} INFO - [2024-09-11T13:35:59.053+0000] {dag.py:4156} INFO - Setting next_dagrun for example_dag_decorator to None, run_after=None
[2024-09-11T13:35:59.072+0000] {processor.py:208} INFO - Processing /home/airflow/.local/lib/python3.12/site-packages/airflow/example_dags/example_dag_decorator.py took 0.187 seconds
[2024-09-11T13:36:29.133+0000] {processor.py:186} INFO - Started process (PID=249) to work on /home/airflow/.local/lib/python3.12/site-packages/airflow/example_dags/example_dag_decorator.py
[2024-09-11T13:36:29.135+0000] {processor.py:914} INFO - Processing file /home/airflow/.local/lib/python3.12/site-packages/airflow/example_dags/example_dag_decorator.py for tasks to queue
[2024-09-11T13:36:29.138+0000] {logging_mixin.py:190} INFO - [2024-09-11T13:36:29.137+0000] {dagbag.py:587} INFO - Filling up the DagBag from /home/airflow/.local/lib/python3.12/site-packages/airflow/example_dags/example_dag_decorator.py
[2024-09-11T13:36:29.152+0000] {processor.py:925} INFO - DAG(s) 'example_dag_decorator' retrieved from /home/airflow/.local/lib/python3.12/site-packages/airflow/example_dags/example_dag_decorator.py
[2024-09-11T13:36:29.278+0000] {logging_mixin.py:190} INFO - [2024-09-11T13:36:29.278+0000] {dag.py:3229} INFO - Sync 1 DAGs
[2024-09-11T13:36:29.294+0000] {logging_mixin.py:190} INFO - [2024-09-11T13:36:29.294+0000] {dag.py:4156} INFO - Setting next_dagrun for example_dag_decorator to None, run_after=None
[2024-09-11T13:36:29.316+0000] {processor.py:208} INFO - Processing /home/airflow/.local/lib/python3.12/site-packages/airflow/example_dags/example_dag_decorator.py took 0.189 seconds
[2024-09-11T13:36:59.980+0000] {processor.py:186} INFO - Started process (PID=311) to work on /home/airflow/.local/lib/python3.12/site-packages/airflow/example_dags/example_dag_decorator.py
[2024-09-11T13:36:59.981+0000] {processor.py:914} INFO - Processing file /home/airflow/.local/lib/python3.12/site-packages/airflow/example_dags/example_dag_decorator.py for tasks to queue
[2024-09-11T13:36:59.984+0000] {logging_mixin.py:190} INFO - [2024-09-11T13:36:59.984+0000] {dagbag.py:587} INFO - Filling up the DagBag from /home/airflow/.local/lib/python3.12/site-packages/airflow/example_dags/example_dag_decorator.py
[2024-09-11T13:37:00.000+0000] {processor.py:925} INFO - DAG(s) 'example_dag_decorator' retrieved from /home/airflow/.local/lib/python3.12/site-packages/airflow/example_dags/example_dag_decorator.py
[2024-09-11T13:37:00.145+0000] {logging_mixin.py:190} INFO - [2024-09-11T13:37:00.144+0000] {dag.py:3229} INFO - Sync 1 DAGs
[2024-09-11T13:37:00.160+0000] {logging_mixin.py:190} INFO - [2024-09-11T13:37:00.159+0000] {dag.py:4156} INFO - Setting next_dagrun for example_dag_decorator to None, run_after=None
[2024-09-11T13:37:00.180+0000] {processor.py:208} INFO - Processing /home/airflow/.local/lib/python3.12/site-packages/airflow/example_dags/example_dag_decorator.py took 0.207 seconds
[2024-09-11T13:37:30.720+0000] {processor.py:186} INFO - Started process (PID=373) to work on /home/airflow/.local/lib/python3.12/site-packages/airflow/example_dags/example_dag_decorator.py
[2024-09-11T13:37:30.721+0000] {processor.py:914} INFO - Processing file /home/airflow/.local/lib/python3.12/site-packages/airflow/example_dags/example_dag_decorator.py for tasks to queue
[2024-09-11T13:37:30.725+0000] {logging_mixin.py:190} INFO - [2024-09-11T13:37:30.724+0000] {dagbag.py:587} INFO - Filling up the DagBag from /home/airflow/.local/lib/python3.12/site-packages/airflow/example_dags/example_dag_decorator.py
[2024-09-11T13:37:30.747+0000] {processor.py:925} INFO - DAG(s) 'example_dag_decorator' retrieved from /home/airflow/.local/lib/python3.12/site-packages/airflow/example_dags/example_dag_decorator.py
[2024-09-11T13:37:31.040+0000] {logging_mixin.py:190} INFO - [2024-09-11T13:37:31.039+0000] {dag.py:3229} INFO - Sync 1 DAGs
[2024-09-11T13:37:31.072+0000] {logging_mixin.py:190} INFO - [2024-09-11T13:37:31.071+0000] {dag.py:4156} INFO - Setting next_dagrun for example_dag_decorator to None, run_after=None
[2024-09-11T13:37:31.132+0000] {processor.py:208} INFO - Processing /home/airflow/.local/lib/python3.12/site-packages/airflow/example_dags/example_dag_decorator.py took 0.420 seconds
[2024-09-11T13:38:01.645+0000] {processor.py:186} INFO - Started process (PID=436) to work on /home/airflow/.local/lib/python3.12/site-packages/airflow/example_dags/example_dag_decorator.py
[2024-09-11T13:38:01.647+0000] {processor.py:914} INFO - Processing file /home/airflow/.local/lib/python3.12/site-packages/airflow/example_dags/example_dag_decorator.py for tasks to queue
[2024-09-11T13:38:01.694+0000] {logging_mixin.py:190} INFO - [2024-09-11T13:38:01.693+0000] {dagbag.py:587} INFO - Filling up the DagBag from /home/airflow/.local/lib/python3.12/site-packages/airflow/example_dags/example_dag_decorator.py
[2024-09-11T13:38:01.735+0000] {processor.py:925} INFO - DAG(s) 'example_dag_decorator' retrieved from /home/airflow/.local/lib/python3.12/site-packages/airflow/example_dags/example_dag_decorator.py
[2024-09-11T13:38:01.942+0000] {logging_mixin.py:190} INFO - [2024-09-11T13:38:01.942+0000] {dag.py:3229} INFO - Sync 1 DAGs
[2024-09-11T13:38:01.962+0000] {logging_mixin.py:190} INFO - [2024-09-11T13:38:01.962+0000] {dag.py:4156} INFO - Setting next_dagrun for example_dag_decorator to None, run_after=None
[2024-09-11T13:38:02.005+0000] {processor.py:208} INFO - Processing /home/airflow/.local/lib/python3.12/site-packages/airflow/example_dags/example_dag_decorator.py took 0.369 seconds
[2024-09-11T13:38:32.586+0000] {processor.py:186} INFO - Started process (PID=497) to work on /home/airflow/.local/lib/python3.12/site-packages/airflow/example_dags/example_dag_decorator.py
[2024-09-11T13:38:32.587+0000] {processor.py:914} INFO - Processing file /home/airflow/.local/lib/python3.12/site-packages/airflow/example_dags/example_dag_decorator.py for tasks to queue
[2024-09-11T13:38:32.592+0000] {logging_mixin.py:190} INFO - [2024-09-11T13:38:32.591+0000] {dagbag.py:587} INFO - Filling up the DagBag from /home/airflow/.local/lib/python3.12/site-packages/airflow/example_dags/example_dag_decorator.py
[2024-09-11T13:38:32.614+0000] {processor.py:925} INFO - DAG(s) 'example_dag_decorator' retrieved from /home/airflow/.local/lib/python3.12/site-packages/airflow/example_dags/example_dag_decorator.py
[2024-09-11T13:38:32.845+0000] {logging_mixin.py:190} INFO - [2024-09-11T13:38:32.844+0000] {dag.py:3229} INFO - Sync 1 DAGs
[2024-09-11T13:38:32.879+0000] {logging_mixin.py:190} INFO - [2024-09-11T13:38:32.879+0000] {dag.py:4156} INFO - Setting next_dagrun for example_dag_decorator to None, run_after=None
[2024-09-11T13:38:32.926+0000] {processor.py:208} INFO - Processing /home/airflow/.local/lib/python3.12/site-packages/airflow/example_dags/example_dag_decorator.py took 0.351 seconds
[2024-09-11T13:39:03.819+0000] {processor.py:186} INFO - Started process (PID=559) to work on /home/airflow/.local/lib/python3.12/site-packages/airflow/example_dags/example_dag_decorator.py
[2024-09-11T13:39:03.821+0000] {processor.py:914} INFO - Processing file /home/airflow/.local/lib/python3.12/site-packages/airflow/example_dags/example_dag_decorator.py for tasks to queue
[2024-09-11T13:39:03.827+0000] {logging_mixin.py:190} INFO - [2024-09-11T13:39:03.826+0000] {dagbag.py:587} INFO - Filling up the DagBag from /home/airflow/.local/lib/python3.12/site-packages/airflow/example_dags/example_dag_decorator.py
[2024-09-11T13:39:03.865+0000] {processor.py:925} INFO - DAG(s) 'example_dag_decorator' retrieved from /home/airflow/.local/lib/python3.12/site-packages/airflow/example_dags/example_dag_decorator.py
[2024-09-11T13:39:04.110+0000] {logging_mixin.py:190} INFO - [2024-09-11T13:39:04.110+0000] {dag.py:3229} INFO - Sync 1 DAGs
[2024-09-11T13:39:04.130+0000] {logging_mixin.py:190} INFO - [2024-09-11T13:39:04.129+0000] {dag.py:4156} INFO - Setting next_dagrun for example_dag_decorator to None, run_after=None
[2024-09-11T13:39:04.165+0000] {processor.py:208} INFO - Processing /home/airflow/.local/lib/python3.12/site-packages/airflow/example_dags/example_dag_decorator.py took 0.360 seconds
[2024-09-11T13:39:34.643+0000] {processor.py:186} INFO - Started process (PID=621) to work on /home/airflow/.local/lib/python3.12/site-packages/airflow/example_dags/example_dag_decorator.py
[2024-09-11T13:39:34.645+0000] {processor.py:914} INFO - Processing file /home/airflow/.local/lib/python3.12/site-packages/airflow/example_dags/example_dag_decorator.py for tasks to queue
[2024-09-11T13:39:34.651+0000] {logging_mixin.py:190} INFO - [2024-09-11T13:39:34.651+0000] {dagbag.py:587} INFO - Filling up the DagBag from /home/airflow/.local/lib/python3.12/site-packages/airflow/example_dags/example_dag_decorator.py
[2024-09-11T13:39:34.673+0000] {processor.py:925} INFO - DAG(s) 'example_dag_decorator' retrieved from /home/airflow/.local/lib/python3.12/site-packages/airflow/example_dags/example_dag_decorator.py
[2024-09-11T13:39:34.911+0000] {logging_mixin.py:190} INFO - [2024-09-11T13:39:34.910+0000] {dag.py:3229} INFO - Sync 1 DAGs
[2024-09-11T13:39:34.933+0000] {logging_mixin.py:190} INFO - [2024-09-11T13:39:34.932+0000] {dag.py:4156} INFO - Setting next_dagrun for example_dag_decorator to None, run_after=None
[2024-09-11T13:39:34.970+0000] {processor.py:208} INFO - Processing /home/airflow/.local/lib/python3.12/site-packages/airflow/example_dags/example_dag_decorator.py took 0.335 seconds
[2024-09-11T13:40:05.935+0000] {processor.py:186} INFO - Started process (PID=683) to work on /home/airflow/.local/lib/python3.12/site-packages/airflow/example_dags/example_dag_decorator.py
[2024-09-11T13:40:05.937+0000] {processor.py:914} INFO - Processing file /home/airflow/.local/lib/python3.12/site-packages/airflow/example_dags/example_dag_decorator.py for tasks to queue
[2024-09-11T13:40:05.940+0000] {logging_mixin.py:190} INFO - [2024-09-11T13:40:05.940+0000] {dagbag.py:587} INFO - Filling up the DagBag from /home/airflow/.local/lib/python3.12/site-packages/airflow/example_dags/example_dag_decorator.py
[2024-09-11T13:40:05.955+0000] {processor.py:925} INFO - DAG(s) 'example_dag_decorator' retrieved from /home/airflow/.local/lib/python3.12/site-packages/airflow/example_dags/example_dag_decorator.py
[2024-09-11T13:40:06.147+0000] {logging_mixin.py:190} INFO - [2024-09-11T13:40:06.146+0000] {dag.py:3229} INFO - Sync 1 DAGs
[2024-09-11T13:40:06.160+0000] {logging_mixin.py:190} INFO - [2024-09-11T13:40:06.160+0000] {dag.py:4156} INFO - Setting next_dagrun for example_dag_decorator to None, run_after=None
[2024-09-11T13:40:06.183+0000] {processor.py:208} INFO - Processing /home/airflow/.local/lib/python3.12/site-packages/airflow/example_dags/example_dag_decorator.py took 0.259 seconds
[2024-09-11T13:40:37.073+0000] {processor.py:186} INFO - Started process (PID=745) to work on /home/airflow/.local/lib/python3.12/site-packages/airflow/example_dags/example_dag_decorator.py
[2024-09-11T13:40:37.075+0000] {processor.py:914} INFO - Processing file /home/airflow/.local/lib/python3.12/site-packages/airflow/example_dags/example_dag_decorator.py for tasks to queue
[2024-09-11T13:40:37.155+0000] {logging_mixin.py:190} INFO - [2024-09-11T13:40:37.153+0000] {dagbag.py:587} INFO - Filling up the DagBag from /home/airflow/.local/lib/python3.12/site-packages/airflow/example_dags/example_dag_decorator.py
[2024-09-11T13:40:37.301+0000] {processor.py:925} INFO - DAG(s) 'example_dag_decorator' retrieved from /home/airflow/.local/lib/python3.12/site-packages/airflow/example_dags/example_dag_decorator.py
[2024-09-11T13:40:37.704+0000] {logging_mixin.py:190} INFO - [2024-09-11T13:40:37.704+0000] {dag.py:3229} INFO - Sync 1 DAGs
[2024-09-11T13:40:37.721+0000] {logging_mixin.py:190} INFO - [2024-09-11T13:40:37.721+0000] {dag.py:4156} INFO - Setting next_dagrun for example_dag_decorator to None, run_after=None
[2024-09-11T13:40:37.757+0000] {processor.py:208} INFO - Processing /home/airflow/.local/lib/python3.12/site-packages/airflow/example_dags/example_dag_decorator.py took 0.703 seconds
[2024-09-11T13:41:07.870+0000] {processor.py:186} INFO - Started process (PID=807) to work on /home/airflow/.local/lib/python3.12/site-packages/airflow/example_dags/example_dag_decorator.py
[2024-09-11T13:41:07.871+0000] {processor.py:914} INFO - Processing file /home/airflow/.local/lib/python3.12/site-packages/airflow/example_dags/example_dag_decorator.py for tasks to queue
[2024-09-11T13:41:07.874+0000] {logging_mixin.py:190} INFO - [2024-09-11T13:41:07.874+0000] {dagbag.py:587} INFO - Filling up the DagBag from /home/airflow/.local/lib/python3.12/site-packages/airflow/example_dags/example_dag_decorator.py
[2024-09-11T13:41:07.888+0000] {processor.py:925} INFO - DAG(s) 'example_dag_decorator' retrieved from /home/airflow/.local/lib/python3.12/site-packages/airflow/example_dags/example_dag_decorator.py
[2024-09-11T13:41:08.072+0000] {logging_mixin.py:190} INFO - [2024-09-11T13:41:08.071+0000] {dag.py:3229} INFO - Sync 1 DAGs
[2024-09-11T13:41:08.096+0000] {logging_mixin.py:190} INFO - [2024-09-11T13:41:08.096+0000] {dag.py:4156} INFO - Setting next_dagrun for example_dag_decorator to None, run_after=None
[2024-09-11T13:41:08.118+0000] {processor.py:208} INFO - Processing /home/airflow/.local/lib/python3.12/site-packages/airflow/example_dags/example_dag_decorator.py took 0.256 seconds
[2024-09-11T13:41:38.695+0000] {processor.py:186} INFO - Started process (PID=869) to work on /home/airflow/.local/lib/python3.12/site-packages/airflow/example_dags/example_dag_decorator.py
[2024-09-11T13:41:38.696+0000] {processor.py:914} INFO - Processing file /home/airflow/.local/lib/python3.12/site-packages/airflow/example_dags/example_dag_decorator.py for tasks to queue
[2024-09-11T13:41:38.699+0000] {logging_mixin.py:190} INFO - [2024-09-11T13:41:38.699+0000] {dagbag.py:587} INFO - Filling up the DagBag from /home/airflow/.local/lib/python3.12/site-packages/airflow/example_dags/example_dag_decorator.py
[2024-09-11T13:41:38.712+0000] {processor.py:925} INFO - DAG(s) 'example_dag_decorator' retrieved from /home/airflow/.local/lib/python3.12/site-packages/airflow/example_dags/example_dag_decorator.py
[2024-09-11T13:41:38.844+0000] {logging_mixin.py:190} INFO - [2024-09-11T13:41:38.843+0000] {dag.py:3229} INFO - Sync 1 DAGs
[2024-09-11T13:41:38.857+0000] {logging_mixin.py:190} INFO - [2024-09-11T13:41:38.857+0000] {dag.py:4156} INFO - Setting next_dagrun for example_dag_decorator to None, run_after=None
[2024-09-11T13:41:38.880+0000] {processor.py:208} INFO - Processing /home/airflow/.local/lib/python3.12/site-packages/airflow/example_dags/example_dag_decorator.py took 0.194 seconds
[2024-09-11T13:42:09.350+0000] {processor.py:186} INFO - Started process (PID=931) to work on /home/airflow/.local/lib/python3.12/site-packages/airflow/example_dags/example_dag_decorator.py
[2024-09-11T13:42:09.352+0000] {processor.py:914} INFO - Processing file /home/airflow/.local/lib/python3.12/site-packages/airflow/example_dags/example_dag_decorator.py for tasks to queue
[2024-09-11T13:42:09.355+0000] {logging_mixin.py:190} INFO - [2024-09-11T13:42:09.355+0000] {dagbag.py:587} INFO - Filling up the DagBag from /home/airflow/.local/lib/python3.12/site-packages/airflow/example_dags/example_dag_decorator.py
[2024-09-11T13:42:09.369+0000] {processor.py:925} INFO - DAG(s) 'example_dag_decorator' retrieved from /home/airflow/.local/lib/python3.12/site-packages/airflow/example_dags/example_dag_decorator.py
[2024-09-11T13:42:09.496+0000] {logging_mixin.py:190} INFO - [2024-09-11T13:42:09.495+0000] {dag.py:3229} INFO - Sync 1 DAGs
[2024-09-11T13:42:09.509+0000] {logging_mixin.py:190} INFO - [2024-09-11T13:42:09.509+0000] {dag.py:4156} INFO - Setting next_dagrun for example_dag_decorator to None, run_after=None
[2024-09-11T13:42:09.530+0000] {processor.py:208} INFO - Processing /home/airflow/.local/lib/python3.12/site-packages/airflow/example_dags/example_dag_decorator.py took 0.194 seconds
[2024-09-11T13:42:39.795+0000] {processor.py:186} INFO - Started process (PID=993) to work on /home/airflow/.local/lib/python3.12/site-packages/airflow/example_dags/example_dag_decorator.py
[2024-09-11T13:42:39.797+0000] {processor.py:914} INFO - Processing file /home/airflow/.local/lib/python3.12/site-packages/airflow/example_dags/example_dag_decorator.py for tasks to queue
[2024-09-11T13:42:39.801+0000] {logging_mixin.py:190} INFO - [2024-09-11T13:42:39.800+0000] {dagbag.py:587} INFO - Filling up the DagBag from /home/airflow/.local/lib/python3.12/site-packages/airflow/example_dags/example_dag_decorator.py
[2024-09-11T13:42:39.819+0000] {processor.py:925} INFO - DAG(s) 'example_dag_decorator' retrieved from /home/airflow/.local/lib/python3.12/site-packages/airflow/example_dags/example_dag_decorator.py
[2024-09-11T13:42:40.010+0000] {logging_mixin.py:190} INFO - [2024-09-11T13:42:40.010+0000] {dag.py:3229} INFO - Sync 1 DAGs
[2024-09-11T13:42:40.032+0000] {logging_mixin.py:190} INFO - [2024-09-11T13:42:40.031+0000] {dag.py:4156} INFO - Setting next_dagrun for example_dag_decorator to None, run_after=None
[2024-09-11T13:42:40.065+0000] {processor.py:208} INFO - Processing /home/airflow/.local/lib/python3.12/site-packages/airflow/example_dags/example_dag_decorator.py took 0.281 seconds
[2024-09-11T13:43:10.225+0000] {processor.py:186} INFO - Started process (PID=1056) to work on /home/airflow/.local/lib/python3.12/site-packages/airflow/example_dags/example_dag_decorator.py
[2024-09-11T13:43:10.226+0000] {processor.py:914} INFO - Processing file /home/airflow/.local/lib/python3.12/site-packages/airflow/example_dags/example_dag_decorator.py for tasks to queue
[2024-09-11T13:43:10.229+0000] {logging_mixin.py:190} INFO - [2024-09-11T13:43:10.228+0000] {dagbag.py:587} INFO - Filling up the DagBag from /home/airflow/.local/lib/python3.12/site-packages/airflow/example_dags/example_dag_decorator.py
[2024-09-11T13:43:10.241+0000] {processor.py:925} INFO - DAG(s) 'example_dag_decorator' retrieved from /home/airflow/.local/lib/python3.12/site-packages/airflow/example_dags/example_dag_decorator.py
[2024-09-11T13:43:10.371+0000] {logging_mixin.py:190} INFO - [2024-09-11T13:43:10.371+0000] {dag.py:3229} INFO - Sync 1 DAGs
[2024-09-11T13:43:10.386+0000] {logging_mixin.py:190} INFO - [2024-09-11T13:43:10.386+0000] {dag.py:4156} INFO - Setting next_dagrun for example_dag_decorator to None, run_after=None
[2024-09-11T13:43:10.408+0000] {processor.py:208} INFO - Processing /home/airflow/.local/lib/python3.12/site-packages/airflow/example_dags/example_dag_decorator.py took 0.189 seconds
[2024-09-11T13:43:40.793+0000] {processor.py:186} INFO - Started process (PID=1117) to work on /home/airflow/.local/lib/python3.12/site-packages/airflow/example_dags/example_dag_decorator.py
[2024-09-11T13:43:40.794+0000] {processor.py:914} INFO - Processing file /home/airflow/.local/lib/python3.12/site-packages/airflow/example_dags/example_dag_decorator.py for tasks to queue
[2024-09-11T13:43:40.798+0000] {logging_mixin.py:190} INFO - [2024-09-11T13:43:40.798+0000] {dagbag.py:587} INFO - Filling up the DagBag from /home/airflow/.local/lib/python3.12/site-packages/airflow/example_dags/example_dag_decorator.py
[2024-09-11T13:43:40.813+0000] {processor.py:925} INFO - DAG(s) 'example_dag_decorator' retrieved from /home/airflow/.local/lib/python3.12/site-packages/airflow/example_dags/example_dag_decorator.py
[2024-09-11T13:43:40.963+0000] {logging_mixin.py:190} INFO - [2024-09-11T13:43:40.962+0000] {dag.py:3229} INFO - Sync 1 DAGs
[2024-09-11T13:43:40.978+0000] {logging_mixin.py:190} INFO - [2024-09-11T13:43:40.978+0000] {dag.py:4156} INFO - Setting next_dagrun for example_dag_decorator to None, run_after=None
[2024-09-11T13:43:41.002+0000] {processor.py:208} INFO - Processing /home/airflow/.local/lib/python3.12/site-packages/airflow/example_dags/example_dag_decorator.py took 0.217 seconds
[2024-09-11T13:44:11.221+0000] {processor.py:186} INFO - Started process (PID=1179) to work on /home/airflow/.local/lib/python3.12/site-packages/airflow/example_dags/example_dag_decorator.py
[2024-09-11T13:44:11.223+0000] {processor.py:914} INFO - Processing file /home/airflow/.local/lib/python3.12/site-packages/airflow/example_dags/example_dag_decorator.py for tasks to queue
[2024-09-11T13:44:11.226+0000] {logging_mixin.py:190} INFO - [2024-09-11T13:44:11.226+0000] {dagbag.py:587} INFO - Filling up the DagBag from /home/airflow/.local/lib/python3.12/site-packages/airflow/example_dags/example_dag_decorator.py
[2024-09-11T13:44:11.243+0000] {processor.py:925} INFO - DAG(s) 'example_dag_decorator' retrieved from /home/airflow/.local/lib/python3.12/site-packages/airflow/example_dags/example_dag_decorator.py
[2024-09-11T13:44:11.389+0000] {logging_mixin.py:190} INFO - [2024-09-11T13:44:11.389+0000] {dag.py:3229} INFO - Sync 1 DAGs
[2024-09-11T13:44:11.404+0000] {logging_mixin.py:190} INFO - [2024-09-11T13:44:11.404+0000] {dag.py:4156} INFO - Setting next_dagrun for example_dag_decorator to None, run_after=None
[2024-09-11T13:44:11.427+0000] {processor.py:208} INFO - Processing /home/airflow/.local/lib/python3.12/site-packages/airflow/example_dags/example_dag_decorator.py took 0.213 seconds
[2024-09-11T13:44:41.756+0000] {processor.py:186} INFO - Started process (PID=1241) to work on /home/airflow/.local/lib/python3.12/site-packages/airflow/example_dags/example_dag_decorator.py
[2024-09-11T13:44:41.757+0000] {processor.py:914} INFO - Processing file /home/airflow/.local/lib/python3.12/site-packages/airflow/example_dags/example_dag_decorator.py for tasks to queue
[2024-09-11T13:44:41.760+0000] {logging_mixin.py:190} INFO - [2024-09-11T13:44:41.760+0000] {dagbag.py:587} INFO - Filling up the DagBag from /home/airflow/.local/lib/python3.12/site-packages/airflow/example_dags/example_dag_decorator.py
[2024-09-11T13:44:41.772+0000] {processor.py:925} INFO - DAG(s) 'example_dag_decorator' retrieved from /home/airflow/.local/lib/python3.12/site-packages/airflow/example_dags/example_dag_decorator.py
[2024-09-11T13:44:41.931+0000] {logging_mixin.py:190} INFO - [2024-09-11T13:44:41.931+0000] {dag.py:3229} INFO - Sync 1 DAGs
[2024-09-11T13:44:41.954+0000] {logging_mixin.py:190} INFO - [2024-09-11T13:44:41.954+0000] {dag.py:4156} INFO - Setting next_dagrun for example_dag_decorator to None, run_after=None
[2024-09-11T13:44:41.974+0000] {processor.py:208} INFO - Processing /home/airflow/.local/lib/python3.12/site-packages/airflow/example_dags/example_dag_decorator.py took 0.226 seconds
[2024-09-11T13:45:12.274+0000] {processor.py:186} INFO - Started process (PID=1303) to work on /home/airflow/.local/lib/python3.12/site-packages/airflow/example_dags/example_dag_decorator.py
[2024-09-11T13:45:12.275+0000] {processor.py:914} INFO - Processing file /home/airflow/.local/lib/python3.12/site-packages/airflow/example_dags/example_dag_decorator.py for tasks to queue
[2024-09-11T13:45:12.278+0000] {logging_mixin.py:190} INFO - [2024-09-11T13:45:12.277+0000] {dagbag.py:587} INFO - Filling up the DagBag from /home/airflow/.local/lib/python3.12/site-packages/airflow/example_dags/example_dag_decorator.py
[2024-09-11T13:45:12.290+0000] {processor.py:925} INFO - DAG(s) 'example_dag_decorator' retrieved from /home/airflow/.local/lib/python3.12/site-packages/airflow/example_dags/example_dag_decorator.py
[2024-09-11T13:45:12.417+0000] {logging_mixin.py:190} INFO - [2024-09-11T13:45:12.417+0000] {dag.py:3229} INFO - Sync 1 DAGs
[2024-09-11T13:45:12.431+0000] {logging_mixin.py:190} INFO - [2024-09-11T13:45:12.431+0000] {dag.py:4156} INFO - Setting next_dagrun for example_dag_decorator to None, run_after=None
[2024-09-11T13:45:12.453+0000] {processor.py:208} INFO - Processing /home/airflow/.local/lib/python3.12/site-packages/airflow/example_dags/example_dag_decorator.py took 0.186 seconds
[2024-09-11T13:45:42.994+0000] {processor.py:186} INFO - Started process (PID=1365) to work on /home/airflow/.local/lib/python3.12/site-packages/airflow/example_dags/example_dag_decorator.py
[2024-09-11T13:45:42.995+0000] {processor.py:914} INFO - Processing file /home/airflow/.local/lib/python3.12/site-packages/airflow/example_dags/example_dag_decorator.py for tasks to queue
[2024-09-11T13:45:42.998+0000] {logging_mixin.py:190} INFO - [2024-09-11T13:45:42.997+0000] {dagbag.py:587} INFO - Filling up the DagBag from /home/airflow/.local/lib/python3.12/site-packages/airflow/example_dags/example_dag_decorator.py
[2024-09-11T13:45:43.010+0000] {processor.py:925} INFO - DAG(s) 'example_dag_decorator' retrieved from /home/airflow/.local/lib/python3.12/site-packages/airflow/example_dags/example_dag_decorator.py
[2024-09-11T13:45:43.135+0000] {logging_mixin.py:190} INFO - [2024-09-11T13:45:43.135+0000] {dag.py:3229} INFO - Sync 1 DAGs
[2024-09-11T13:45:43.149+0000] {logging_mixin.py:190} INFO - [2024-09-11T13:45:43.149+0000] {dag.py:4156} INFO - Setting next_dagrun for example_dag_decorator to None, run_after=None
[2024-09-11T13:45:43.173+0000] {processor.py:208} INFO - Processing /home/airflow/.local/lib/python3.12/site-packages/airflow/example_dags/example_dag_decorator.py took 0.186 seconds
[2024-09-11T13:46:13.557+0000] {processor.py:186} INFO - Started process (PID=1427) to work on /home/airflow/.local/lib/python3.12/site-packages/airflow/example_dags/example_dag_decorator.py
[2024-09-11T13:46:13.558+0000] {processor.py:914} INFO - Processing file /home/airflow/.local/lib/python3.12/site-packages/airflow/example_dags/example_dag_decorator.py for tasks to queue
[2024-09-11T13:46:13.563+0000] {logging_mixin.py:190} INFO - [2024-09-11T13:46:13.562+0000] {dagbag.py:587} INFO - Filling up the DagBag from /home/airflow/.local/lib/python3.12/site-packages/airflow/example_dags/example_dag_decorator.py
[2024-09-11T13:46:13.588+0000] {processor.py:925} INFO - DAG(s) 'example_dag_decorator' retrieved from /home/airflow/.local/lib/python3.12/site-packages/airflow/example_dags/example_dag_decorator.py
[2024-09-11T13:46:13.791+0000] {logging_mixin.py:190} INFO - [2024-09-11T13:46:13.790+0000] {dag.py:3229} INFO - Sync 1 DAGs
[2024-09-11T13:46:13.810+0000] {logging_mixin.py:190} INFO - [2024-09-11T13:46:13.810+0000] {dag.py:4156} INFO - Setting next_dagrun for example_dag_decorator to None, run_after=None
[2024-09-11T13:46:13.837+0000] {processor.py:208} INFO - Processing /home/airflow/.local/lib/python3.12/site-packages/airflow/example_dags/example_dag_decorator.py took 0.292 seconds
[2024-09-11T13:46:44.197+0000] {processor.py:186} INFO - Started process (PID=1489) to work on /home/airflow/.local/lib/python3.12/site-packages/airflow/example_dags/example_dag_decorator.py
[2024-09-11T13:46:44.198+0000] {processor.py:914} INFO - Processing file /home/airflow/.local/lib/python3.12/site-packages/airflow/example_dags/example_dag_decorator.py for tasks to queue
[2024-09-11T13:46:44.201+0000] {logging_mixin.py:190} INFO - [2024-09-11T13:46:44.201+0000] {dagbag.py:587} INFO - Filling up the DagBag from /home/airflow/.local/lib/python3.12/site-packages/airflow/example_dags/example_dag_decorator.py
[2024-09-11T13:46:44.215+0000] {processor.py:925} INFO - DAG(s) 'example_dag_decorator' retrieved from /home/airflow/.local/lib/python3.12/site-packages/airflow/example_dags/example_dag_decorator.py
[2024-09-11T13:46:44.380+0000] {logging_mixin.py:190} INFO - [2024-09-11T13:46:44.379+0000] {dag.py:3229} INFO - Sync 1 DAGs
[2024-09-11T13:46:44.395+0000] {logging_mixin.py:190} INFO - [2024-09-11T13:46:44.395+0000] {dag.py:4156} INFO - Setting next_dagrun for example_dag_decorator to None, run_after=None
[2024-09-11T13:46:44.419+0000] {processor.py:208} INFO - Processing /home/airflow/.local/lib/python3.12/site-packages/airflow/example_dags/example_dag_decorator.py took 0.229 seconds
[2024-09-11T13:47:14.603+0000] {processor.py:186} INFO - Started process (PID=1551) to work on /home/airflow/.local/lib/python3.12/site-packages/airflow/example_dags/example_dag_decorator.py
[2024-09-11T13:47:14.605+0000] {processor.py:914} INFO - Processing file /home/airflow/.local/lib/python3.12/site-packages/airflow/example_dags/example_dag_decorator.py for tasks to queue
[2024-09-11T13:47:14.607+0000] {logging_mixin.py:190} INFO - [2024-09-11T13:47:14.607+0000] {dagbag.py:587} INFO - Filling up the DagBag from /home/airflow/.local/lib/python3.12/site-packages/airflow/example_dags/example_dag_decorator.py
[2024-09-11T13:47:14.619+0000] {processor.py:925} INFO - DAG(s) 'example_dag_decorator' retrieved from /home/airflow/.local/lib/python3.12/site-packages/airflow/example_dags/example_dag_decorator.py
[2024-09-11T13:47:14.738+0000] {logging_mixin.py:190} INFO - [2024-09-11T13:47:14.738+0000] {dag.py:3229} INFO - Sync 1 DAGs
[2024-09-11T13:47:14.752+0000] {logging_mixin.py:190} INFO - [2024-09-11T13:47:14.752+0000] {dag.py:4156} INFO - Setting next_dagrun for example_dag_decorator to None, run_after=None
[2024-09-11T13:47:14.773+0000] {processor.py:208} INFO - Processing /home/airflow/.local/lib/python3.12/site-packages/airflow/example_dags/example_dag_decorator.py took 0.176 seconds
[2024-09-11T13:47:45.575+0000] {processor.py:186} INFO - Started process (PID=1613) to work on /home/airflow/.local/lib/python3.12/site-packages/airflow/example_dags/example_dag_decorator.py
[2024-09-11T13:47:45.576+0000] {processor.py:914} INFO - Processing file /home/airflow/.local/lib/python3.12/site-packages/airflow/example_dags/example_dag_decorator.py for tasks to queue
[2024-09-11T13:47:45.579+0000] {logging_mixin.py:190} INFO - [2024-09-11T13:47:45.579+0000] {dagbag.py:587} INFO - Filling up the DagBag from /home/airflow/.local/lib/python3.12/site-packages/airflow/example_dags/example_dag_decorator.py
[2024-09-11T13:47:45.591+0000] {processor.py:925} INFO - DAG(s) 'example_dag_decorator' retrieved from /home/airflow/.local/lib/python3.12/site-packages/airflow/example_dags/example_dag_decorator.py
[2024-09-11T13:47:45.744+0000] {logging_mixin.py:190} INFO - [2024-09-11T13:47:45.744+0000] {dag.py:3229} INFO - Sync 1 DAGs
[2024-09-11T13:47:45.761+0000] {logging_mixin.py:190} INFO - [2024-09-11T13:47:45.760+0000] {dag.py:4156} INFO - Setting next_dagrun for example_dag_decorator to None, run_after=None
[2024-09-11T13:47:45.783+0000] {processor.py:208} INFO - Processing /home/airflow/.local/lib/python3.12/site-packages/airflow/example_dags/example_dag_decorator.py took 0.214 seconds
[2024-09-11T13:48:17.179+0000] {processor.py:186} INFO - Started process (PID=1675) to work on /home/airflow/.local/lib/python3.12/site-packages/airflow/example_dags/example_dag_decorator.py
[2024-09-11T13:48:17.180+0000] {processor.py:914} INFO - Processing file /home/airflow/.local/lib/python3.12/site-packages/airflow/example_dags/example_dag_decorator.py for tasks to queue
[2024-09-11T13:48:17.183+0000] {logging_mixin.py:190} INFO - [2024-09-11T13:48:17.183+0000] {dagbag.py:587} INFO - Filling up the DagBag from /home/airflow/.local/lib/python3.12/site-packages/airflow/example_dags/example_dag_decorator.py
[2024-09-11T13:48:17.197+0000] {processor.py:925} INFO - DAG(s) 'example_dag_decorator' retrieved from /home/airflow/.local/lib/python3.12/site-packages/airflow/example_dags/example_dag_decorator.py
[2024-09-11T13:48:17.323+0000] {logging_mixin.py:190} INFO - [2024-09-11T13:48:17.323+0000] {dag.py:3229} INFO - Sync 1 DAGs
[2024-09-11T13:48:17.336+0000] {logging_mixin.py:190} INFO - [2024-09-11T13:48:17.336+0000] {dag.py:4156} INFO - Setting next_dagrun for example_dag_decorator to None, run_after=None
[2024-09-11T13:48:17.356+0000] {processor.py:208} INFO - Processing /home/airflow/.local/lib/python3.12/site-packages/airflow/example_dags/example_dag_decorator.py took 0.185 seconds
[2024-09-11T13:48:48.494+0000] {processor.py:186} INFO - Started process (PID=1737) to work on /home/airflow/.local/lib/python3.12/site-packages/airflow/example_dags/example_dag_decorator.py
[2024-09-11T13:48:48.495+0000] {processor.py:914} INFO - Processing file /home/airflow/.local/lib/python3.12/site-packages/airflow/example_dags/example_dag_decorator.py for tasks to queue
[2024-09-11T13:48:48.499+0000] {logging_mixin.py:190} INFO - [2024-09-11T13:48:48.498+0000] {dagbag.py:587} INFO - Filling up the DagBag from /home/airflow/.local/lib/python3.12/site-packages/airflow/example_dags/example_dag_decorator.py
[2024-09-11T13:48:48.513+0000] {processor.py:925} INFO - DAG(s) 'example_dag_decorator' retrieved from /home/airflow/.local/lib/python3.12/site-packages/airflow/example_dags/example_dag_decorator.py
[2024-09-11T13:48:48.640+0000] {logging_mixin.py:190} INFO - [2024-09-11T13:48:48.640+0000] {dag.py:3229} INFO - Sync 1 DAGs
[2024-09-11T13:48:48.655+0000] {logging_mixin.py:190} INFO - [2024-09-11T13:48:48.655+0000] {dag.py:4156} INFO - Setting next_dagrun for example_dag_decorator to None, run_after=None
[2024-09-11T13:48:48.677+0000] {processor.py:208} INFO - Processing /home/airflow/.local/lib/python3.12/site-packages/airflow/example_dags/example_dag_decorator.py took 0.190 seconds
[2024-09-11T13:49:19.710+0000] {processor.py:186} INFO - Started process (PID=1800) to work on /home/airflow/.local/lib/python3.12/site-packages/airflow/example_dags/example_dag_decorator.py
[2024-09-11T13:49:19.712+0000] {processor.py:914} INFO - Processing file /home/airflow/.local/lib/python3.12/site-packages/airflow/example_dags/example_dag_decorator.py for tasks to queue
[2024-09-11T13:49:19.715+0000] {logging_mixin.py:190} INFO - [2024-09-11T13:49:19.714+0000] {dagbag.py:587} INFO - Filling up the DagBag from /home/airflow/.local/lib/python3.12/site-packages/airflow/example_dags/example_dag_decorator.py
[2024-09-11T13:49:19.729+0000] {processor.py:925} INFO - DAG(s) 'example_dag_decorator' retrieved from /home/airflow/.local/lib/python3.12/site-packages/airflow/example_dags/example_dag_decorator.py
[2024-09-11T13:49:19.861+0000] {logging_mixin.py:190} INFO - [2024-09-11T13:49:19.861+0000] {dag.py:3229} INFO - Sync 1 DAGs
[2024-09-11T13:49:19.874+0000] {logging_mixin.py:190} INFO - [2024-09-11T13:49:19.874+0000] {dag.py:4156} INFO - Setting next_dagrun for example_dag_decorator to None, run_after=None
[2024-09-11T13:49:19.896+0000] {processor.py:208} INFO - Processing /home/airflow/.local/lib/python3.12/site-packages/airflow/example_dags/example_dag_decorator.py took 0.193 seconds
[2024-09-11T13:49:50.569+0000] {processor.py:186} INFO - Started process (PID=1861) to work on /home/airflow/.local/lib/python3.12/site-packages/airflow/example_dags/example_dag_decorator.py
[2024-09-11T13:49:50.570+0000] {processor.py:914} INFO - Processing file /home/airflow/.local/lib/python3.12/site-packages/airflow/example_dags/example_dag_decorator.py for tasks to queue
[2024-09-11T13:49:50.573+0000] {logging_mixin.py:190} INFO - [2024-09-11T13:49:50.573+0000] {dagbag.py:587} INFO - Filling up the DagBag from /home/airflow/.local/lib/python3.12/site-packages/airflow/example_dags/example_dag_decorator.py
[2024-09-11T13:49:50.585+0000] {processor.py:925} INFO - DAG(s) 'example_dag_decorator' retrieved from /home/airflow/.local/lib/python3.12/site-packages/airflow/example_dags/example_dag_decorator.py
[2024-09-11T13:49:50.612+0000] {logging_mixin.py:190} INFO - [2024-09-11T13:49:50.612+0000] {dag.py:3229} INFO - Sync 1 DAGs
[2024-09-11T13:49:50.634+0000] {logging_mixin.py:190} INFO - [2024-09-11T13:49:50.633+0000] {dag.py:4156} INFO - Setting next_dagrun for example_dag_decorator to None, run_after=None
[2024-09-11T13:49:50.653+0000] {processor.py:208} INFO - Processing /home/airflow/.local/lib/python3.12/site-packages/airflow/example_dags/example_dag_decorator.py took 0.091 seconds
[2024-09-11T13:50:21.753+0000] {processor.py:186} INFO - Started process (PID=1923) to work on /home/airflow/.local/lib/python3.12/site-packages/airflow/example_dags/example_dag_decorator.py
[2024-09-11T13:50:21.754+0000] {processor.py:914} INFO - Processing file /home/airflow/.local/lib/python3.12/site-packages/airflow/example_dags/example_dag_decorator.py for tasks to queue
[2024-09-11T13:50:21.757+0000] {logging_mixin.py:190} INFO - [2024-09-11T13:50:21.757+0000] {dagbag.py:587} INFO - Filling up the DagBag from /home/airflow/.local/lib/python3.12/site-packages/airflow/example_dags/example_dag_decorator.py
[2024-09-11T13:50:21.771+0000] {processor.py:925} INFO - DAG(s) 'example_dag_decorator' retrieved from /home/airflow/.local/lib/python3.12/site-packages/airflow/example_dags/example_dag_decorator.py
[2024-09-11T13:50:21.801+0000] {logging_mixin.py:190} INFO - [2024-09-11T13:50:21.801+0000] {dag.py:3229} INFO - Sync 1 DAGs
[2024-09-11T13:50:21.818+0000] {logging_mixin.py:190} INFO - [2024-09-11T13:50:21.818+0000] {dag.py:4156} INFO - Setting next_dagrun for example_dag_decorator to None, run_after=None
[2024-09-11T13:50:21.840+0000] {processor.py:208} INFO - Processing /home/airflow/.local/lib/python3.12/site-packages/airflow/example_dags/example_dag_decorator.py took 0.094 seconds
[2024-09-11T13:50:53.992+0000] {processor.py:186} INFO - Started process (PID=1991) to work on /home/airflow/.local/lib/python3.12/site-packages/airflow/example_dags/example_dag_decorator.py
[2024-09-11T13:50:53.993+0000] {processor.py:914} INFO - Processing file /home/airflow/.local/lib/python3.12/site-packages/airflow/example_dags/example_dag_decorator.py for tasks to queue
[2024-09-11T13:50:53.995+0000] {logging_mixin.py:190} INFO - [2024-09-11T13:50:53.995+0000] {dagbag.py:587} INFO - Filling up the DagBag from /home/airflow/.local/lib/python3.12/site-packages/airflow/example_dags/example_dag_decorator.py
[2024-09-11T13:50:54.011+0000] {processor.py:925} INFO - DAG(s) 'example_dag_decorator' retrieved from /home/airflow/.local/lib/python3.12/site-packages/airflow/example_dags/example_dag_decorator.py
[2024-09-11T13:50:54.037+0000] {logging_mixin.py:190} INFO - [2024-09-11T13:50:54.037+0000] {dag.py:3229} INFO - Sync 1 DAGs
[2024-09-11T13:50:54.053+0000] {logging_mixin.py:190} INFO - [2024-09-11T13:50:54.053+0000] {dag.py:4156} INFO - Setting next_dagrun for example_dag_decorator to None, run_after=None
[2024-09-11T13:50:54.073+0000] {processor.py:208} INFO - Processing /home/airflow/.local/lib/python3.12/site-packages/airflow/example_dags/example_dag_decorator.py took 0.092 seconds
[2024-09-11T13:51:25.842+0000] {processor.py:186} INFO - Started process (PID=2053) to work on /home/airflow/.local/lib/python3.12/site-packages/airflow/example_dags/example_dag_decorator.py
[2024-09-11T13:51:25.843+0000] {processor.py:914} INFO - Processing file /home/airflow/.local/lib/python3.12/site-packages/airflow/example_dags/example_dag_decorator.py for tasks to queue
[2024-09-11T13:51:25.846+0000] {logging_mixin.py:190} INFO - [2024-09-11T13:51:25.845+0000] {dagbag.py:587} INFO - Filling up the DagBag from /home/airflow/.local/lib/python3.12/site-packages/airflow/example_dags/example_dag_decorator.py
[2024-09-11T13:51:25.866+0000] {processor.py:925} INFO - DAG(s) 'example_dag_decorator' retrieved from /home/airflow/.local/lib/python3.12/site-packages/airflow/example_dags/example_dag_decorator.py
[2024-09-11T13:51:25.906+0000] {logging_mixin.py:190} INFO - [2024-09-11T13:51:25.906+0000] {dag.py:3229} INFO - Sync 1 DAGs
[2024-09-11T13:51:25.928+0000] {logging_mixin.py:190} INFO - [2024-09-11T13:51:25.928+0000] {dag.py:4156} INFO - Setting next_dagrun for example_dag_decorator to None, run_after=None
[2024-09-11T13:51:25.963+0000] {processor.py:208} INFO - Processing /home/airflow/.local/lib/python3.12/site-packages/airflow/example_dags/example_dag_decorator.py took 0.129 seconds
[2024-09-11T13:51:56.352+0000] {processor.py:186} INFO - Started process (PID=2115) to work on /home/airflow/.local/lib/python3.12/site-packages/airflow/example_dags/example_dag_decorator.py
[2024-09-11T13:51:56.353+0000] {processor.py:914} INFO - Processing file /home/airflow/.local/lib/python3.12/site-packages/airflow/example_dags/example_dag_decorator.py for tasks to queue
[2024-09-11T13:51:56.356+0000] {logging_mixin.py:190} INFO - [2024-09-11T13:51:56.356+0000] {dagbag.py:587} INFO - Filling up the DagBag from /home/airflow/.local/lib/python3.12/site-packages/airflow/example_dags/example_dag_decorator.py
[2024-09-11T13:51:56.374+0000] {processor.py:925} INFO - DAG(s) 'example_dag_decorator' retrieved from /home/airflow/.local/lib/python3.12/site-packages/airflow/example_dags/example_dag_decorator.py
[2024-09-11T13:51:56.407+0000] {logging_mixin.py:190} INFO - [2024-09-11T13:51:56.406+0000] {dag.py:3229} INFO - Sync 1 DAGs
[2024-09-11T13:51:56.431+0000] {logging_mixin.py:190} INFO - [2024-09-11T13:51:56.431+0000] {dag.py:4156} INFO - Setting next_dagrun for example_dag_decorator to None, run_after=None
[2024-09-11T13:51:56.459+0000] {processor.py:208} INFO - Processing /home/airflow/.local/lib/python3.12/site-packages/airflow/example_dags/example_dag_decorator.py took 0.114 seconds
[2024-09-11T13:52:27.809+0000] {processor.py:186} INFO - Started process (PID=2178) to work on /home/airflow/.local/lib/python3.12/site-packages/airflow/example_dags/example_dag_decorator.py
[2024-09-11T13:52:27.810+0000] {processor.py:914} INFO - Processing file /home/airflow/.local/lib/python3.12/site-packages/airflow/example_dags/example_dag_decorator.py for tasks to queue
[2024-09-11T13:52:27.813+0000] {logging_mixin.py:190} INFO - [2024-09-11T13:52:27.813+0000] {dagbag.py:587} INFO - Filling up the DagBag from /home/airflow/.local/lib/python3.12/site-packages/airflow/example_dags/example_dag_decorator.py
[2024-09-11T13:52:27.830+0000] {processor.py:925} INFO - DAG(s) 'example_dag_decorator' retrieved from /home/airflow/.local/lib/python3.12/site-packages/airflow/example_dags/example_dag_decorator.py
[2024-09-11T13:52:28.029+0000] {logging_mixin.py:190} INFO - [2024-09-11T13:52:28.029+0000] {dag.py:3229} INFO - Sync 1 DAGs
[2024-09-11T13:52:28.046+0000] {logging_mixin.py:190} INFO - [2024-09-11T13:52:28.046+0000] {dag.py:4156} INFO - Setting next_dagrun for example_dag_decorator to None, run_after=None
[2024-09-11T13:52:28.075+0000] {processor.py:208} INFO - Processing /home/airflow/.local/lib/python3.12/site-packages/airflow/example_dags/example_dag_decorator.py took 0.276 seconds
[2024-09-11T13:52:59.819+0000] {processor.py:186} INFO - Started process (PID=2245) to work on /home/airflow/.local/lib/python3.12/site-packages/airflow/example_dags/example_dag_decorator.py
[2024-09-11T13:52:59.821+0000] {processor.py:914} INFO - Processing file /home/airflow/.local/lib/python3.12/site-packages/airflow/example_dags/example_dag_decorator.py for tasks to queue
[2024-09-11T13:52:59.824+0000] {logging_mixin.py:190} INFO - [2024-09-11T13:52:59.823+0000] {dagbag.py:587} INFO - Filling up the DagBag from /home/airflow/.local/lib/python3.12/site-packages/airflow/example_dags/example_dag_decorator.py
[2024-09-11T13:52:59.838+0000] {processor.py:925} INFO - DAG(s) 'example_dag_decorator' retrieved from /home/airflow/.local/lib/python3.12/site-packages/airflow/example_dags/example_dag_decorator.py
[2024-09-11T13:53:00.003+0000] {logging_mixin.py:190} INFO - [2024-09-11T13:53:00.003+0000] {dag.py:3229} INFO - Sync 1 DAGs
[2024-09-11T13:53:00.024+0000] {logging_mixin.py:190} INFO - [2024-09-11T13:53:00.024+0000] {dag.py:4156} INFO - Setting next_dagrun for example_dag_decorator to None, run_after=None
[2024-09-11T13:53:00.051+0000] {processor.py:208} INFO - Processing /home/airflow/.local/lib/python3.12/site-packages/airflow/example_dags/example_dag_decorator.py took 0.239 seconds
[2024-09-11T13:53:30.499+0000] {processor.py:186} INFO - Started process (PID=2307) to work on /home/airflow/.local/lib/python3.12/site-packages/airflow/example_dags/example_dag_decorator.py
[2024-09-11T13:53:30.501+0000] {processor.py:914} INFO - Processing file /home/airflow/.local/lib/python3.12/site-packages/airflow/example_dags/example_dag_decorator.py for tasks to queue
[2024-09-11T13:53:30.504+0000] {logging_mixin.py:190} INFO - [2024-09-11T13:53:30.503+0000] {dagbag.py:587} INFO - Filling up the DagBag from /home/airflow/.local/lib/python3.12/site-packages/airflow/example_dags/example_dag_decorator.py
[2024-09-11T13:53:30.518+0000] {processor.py:925} INFO - DAG(s) 'example_dag_decorator' retrieved from /home/airflow/.local/lib/python3.12/site-packages/airflow/example_dags/example_dag_decorator.py
[2024-09-11T13:53:30.676+0000] {logging_mixin.py:190} INFO - [2024-09-11T13:53:30.676+0000] {dag.py:3229} INFO - Sync 1 DAGs
[2024-09-11T13:53:30.691+0000] {logging_mixin.py:190} INFO - [2024-09-11T13:53:30.690+0000] {dag.py:4156} INFO - Setting next_dagrun for example_dag_decorator to None, run_after=None
[2024-09-11T13:53:30.715+0000] {processor.py:208} INFO - Processing /home/airflow/.local/lib/python3.12/site-packages/airflow/example_dags/example_dag_decorator.py took 0.222 seconds
[2024-09-11T13:54:01.538+0000] {processor.py:186} INFO - Started process (PID=2369) to work on /home/airflow/.local/lib/python3.12/site-packages/airflow/example_dags/example_dag_decorator.py
[2024-09-11T13:54:01.540+0000] {processor.py:914} INFO - Processing file /home/airflow/.local/lib/python3.12/site-packages/airflow/example_dags/example_dag_decorator.py for tasks to queue
[2024-09-11T13:54:01.544+0000] {logging_mixin.py:190} INFO - [2024-09-11T13:54:01.543+0000] {dagbag.py:587} INFO - Filling up the DagBag from /home/airflow/.local/lib/python3.12/site-packages/airflow/example_dags/example_dag_decorator.py
[2024-09-11T13:54:01.560+0000] {processor.py:925} INFO - DAG(s) 'example_dag_decorator' retrieved from /home/airflow/.local/lib/python3.12/site-packages/airflow/example_dags/example_dag_decorator.py
[2024-09-11T13:54:01.969+0000] {logging_mixin.py:190} INFO - [2024-09-11T13:54:01.969+0000] {dag.py:3229} INFO - Sync 1 DAGs
[2024-09-11T13:54:01.987+0000] {logging_mixin.py:190} INFO - [2024-09-11T13:54:01.986+0000] {dag.py:4156} INFO - Setting next_dagrun for example_dag_decorator to None, run_after=None
[2024-09-11T13:54:02.013+0000] {processor.py:208} INFO - Processing /home/airflow/.local/lib/python3.12/site-packages/airflow/example_dags/example_dag_decorator.py took 0.485 seconds
[2024-09-11T13:54:32.791+0000] {processor.py:186} INFO - Started process (PID=2432) to work on /home/airflow/.local/lib/python3.12/site-packages/airflow/example_dags/example_dag_decorator.py
[2024-09-11T13:54:32.792+0000] {processor.py:914} INFO - Processing file /home/airflow/.local/lib/python3.12/site-packages/airflow/example_dags/example_dag_decorator.py for tasks to queue
[2024-09-11T13:54:32.796+0000] {logging_mixin.py:190} INFO - [2024-09-11T13:54:32.796+0000] {dagbag.py:587} INFO - Filling up the DagBag from /home/airflow/.local/lib/python3.12/site-packages/airflow/example_dags/example_dag_decorator.py
[2024-09-11T13:54:32.810+0000] {processor.py:925} INFO - DAG(s) 'example_dag_decorator' retrieved from /home/airflow/.local/lib/python3.12/site-packages/airflow/example_dags/example_dag_decorator.py
[2024-09-11T13:54:33.193+0000] {logging_mixin.py:190} INFO - [2024-09-11T13:54:33.192+0000] {dag.py:3229} INFO - Sync 1 DAGs
[2024-09-11T13:54:33.207+0000] {logging_mixin.py:190} INFO - [2024-09-11T13:54:33.206+0000] {dag.py:4156} INFO - Setting next_dagrun for example_dag_decorator to None, run_after=None
[2024-09-11T13:54:33.231+0000] {processor.py:208} INFO - Processing /home/airflow/.local/lib/python3.12/site-packages/airflow/example_dags/example_dag_decorator.py took 0.450 seconds
[2024-09-11T13:55:03.810+0000] {processor.py:186} INFO - Started process (PID=2499) to work on /home/airflow/.local/lib/python3.12/site-packages/airflow/example_dags/example_dag_decorator.py
[2024-09-11T13:55:03.812+0000] {processor.py:914} INFO - Processing file /home/airflow/.local/lib/python3.12/site-packages/airflow/example_dags/example_dag_decorator.py for tasks to queue
[2024-09-11T13:55:03.815+0000] {logging_mixin.py:190} INFO - [2024-09-11T13:55:03.815+0000] {dagbag.py:587} INFO - Filling up the DagBag from /home/airflow/.local/lib/python3.12/site-packages/airflow/example_dags/example_dag_decorator.py
[2024-09-11T13:55:03.830+0000] {processor.py:925} INFO - DAG(s) 'example_dag_decorator' retrieved from /home/airflow/.local/lib/python3.12/site-packages/airflow/example_dags/example_dag_decorator.py
[2024-09-11T13:55:03.860+0000] {logging_mixin.py:190} INFO - [2024-09-11T13:55:03.860+0000] {dag.py:3229} INFO - Sync 1 DAGs
[2024-09-11T13:55:03.877+0000] {logging_mixin.py:190} INFO - [2024-09-11T13:55:03.877+0000] {dag.py:4156} INFO - Setting next_dagrun for example_dag_decorator to None, run_after=None
[2024-09-11T13:55:03.900+0000] {processor.py:208} INFO - Processing /home/airflow/.local/lib/python3.12/site-packages/airflow/example_dags/example_dag_decorator.py took 0.099 seconds
[2024-09-11T13:55:34.209+0000] {processor.py:186} INFO - Started process (PID=2559) to work on /home/airflow/.local/lib/python3.12/site-packages/airflow/example_dags/example_dag_decorator.py
[2024-09-11T13:55:34.211+0000] {processor.py:914} INFO - Processing file /home/airflow/.local/lib/python3.12/site-packages/airflow/example_dags/example_dag_decorator.py for tasks to queue
[2024-09-11T13:55:34.216+0000] {logging_mixin.py:190} INFO - [2024-09-11T13:55:34.216+0000] {dagbag.py:587} INFO - Filling up the DagBag from /home/airflow/.local/lib/python3.12/site-packages/airflow/example_dags/example_dag_decorator.py
[2024-09-11T13:55:34.254+0000] {processor.py:925} INFO - DAG(s) 'example_dag_decorator' retrieved from /home/airflow/.local/lib/python3.12/site-packages/airflow/example_dags/example_dag_decorator.py
[2024-09-11T13:55:34.450+0000] {logging_mixin.py:190} INFO - [2024-09-11T13:55:34.450+0000] {dag.py:3229} INFO - Sync 1 DAGs
[2024-09-11T13:55:34.468+0000] {logging_mixin.py:190} INFO - [2024-09-11T13:55:34.468+0000] {dag.py:4156} INFO - Setting next_dagrun for example_dag_decorator to None, run_after=None
[2024-09-11T13:55:34.789+0000] {processor.py:208} INFO - Processing /home/airflow/.local/lib/python3.12/site-packages/airflow/example_dags/example_dag_decorator.py took 0.590 seconds
[2024-09-11T13:56:05.459+0000] {processor.py:186} INFO - Started process (PID=2623) to work on /home/airflow/.local/lib/python3.12/site-packages/airflow/example_dags/example_dag_decorator.py
[2024-09-11T13:56:05.461+0000] {processor.py:914} INFO - Processing file /home/airflow/.local/lib/python3.12/site-packages/airflow/example_dags/example_dag_decorator.py for tasks to queue
[2024-09-11T13:56:05.471+0000] {logging_mixin.py:190} INFO - [2024-09-11T13:56:05.470+0000] {dagbag.py:587} INFO - Filling up the DagBag from /home/airflow/.local/lib/python3.12/site-packages/airflow/example_dags/example_dag_decorator.py
[2024-09-11T13:56:05.495+0000] {processor.py:925} INFO - DAG(s) 'example_dag_decorator' retrieved from /home/airflow/.local/lib/python3.12/site-packages/airflow/example_dags/example_dag_decorator.py
[2024-09-11T13:56:05.678+0000] {logging_mixin.py:190} INFO - [2024-09-11T13:56:05.677+0000] {dag.py:3229} INFO - Sync 1 DAGs
[2024-09-11T13:56:05.702+0000] {logging_mixin.py:190} INFO - [2024-09-11T13:56:05.701+0000] {dag.py:4156} INFO - Setting next_dagrun for example_dag_decorator to None, run_after=None
[2024-09-11T13:56:05.956+0000] {processor.py:208} INFO - Processing /home/airflow/.local/lib/python3.12/site-packages/airflow/example_dags/example_dag_decorator.py took 0.519 seconds
[2024-09-11T13:56:36.620+0000] {processor.py:186} INFO - Started process (PID=2683) to work on /home/airflow/.local/lib/python3.12/site-packages/airflow/example_dags/example_dag_decorator.py
[2024-09-11T13:56:36.621+0000] {processor.py:914} INFO - Processing file /home/airflow/.local/lib/python3.12/site-packages/airflow/example_dags/example_dag_decorator.py for tasks to queue
[2024-09-11T13:56:36.625+0000] {logging_mixin.py:190} INFO - [2024-09-11T13:56:36.624+0000] {dagbag.py:587} INFO - Filling up the DagBag from /home/airflow/.local/lib/python3.12/site-packages/airflow/example_dags/example_dag_decorator.py
[2024-09-11T13:56:36.640+0000] {processor.py:925} INFO - DAG(s) 'example_dag_decorator' retrieved from /home/airflow/.local/lib/python3.12/site-packages/airflow/example_dags/example_dag_decorator.py
[2024-09-11T13:56:37.018+0000] {logging_mixin.py:190} INFO - [2024-09-11T13:56:37.018+0000] {dag.py:3229} INFO - Sync 1 DAGs
[2024-09-11T13:56:37.033+0000] {logging_mixin.py:190} INFO - [2024-09-11T13:56:37.032+0000] {dag.py:4156} INFO - Setting next_dagrun for example_dag_decorator to None, run_after=None
[2024-09-11T13:56:37.054+0000] {processor.py:208} INFO - Processing /home/airflow/.local/lib/python3.12/site-packages/airflow/example_dags/example_dag_decorator.py took 0.442 seconds
[2024-09-11T13:57:07.629+0000] {processor.py:186} INFO - Started process (PID=2745) to work on /home/airflow/.local/lib/python3.12/site-packages/airflow/example_dags/example_dag_decorator.py
[2024-09-11T13:57:07.630+0000] {processor.py:914} INFO - Processing file /home/airflow/.local/lib/python3.12/site-packages/airflow/example_dags/example_dag_decorator.py for tasks to queue
[2024-09-11T13:57:07.633+0000] {logging_mixin.py:190} INFO - [2024-09-11T13:57:07.632+0000] {dagbag.py:587} INFO - Filling up the DagBag from /home/airflow/.local/lib/python3.12/site-packages/airflow/example_dags/example_dag_decorator.py
[2024-09-11T13:57:07.645+0000] {processor.py:925} INFO - DAG(s) 'example_dag_decorator' retrieved from /home/airflow/.local/lib/python3.12/site-packages/airflow/example_dags/example_dag_decorator.py
[2024-09-11T13:57:07.940+0000] {logging_mixin.py:190} INFO - [2024-09-11T13:57:07.939+0000] {dag.py:3229} INFO - Sync 1 DAGs
[2024-09-11T13:57:07.952+0000] {logging_mixin.py:190} INFO - [2024-09-11T13:57:07.951+0000] {dag.py:4156} INFO - Setting next_dagrun for example_dag_decorator to None, run_after=None
[2024-09-11T13:57:07.970+0000] {processor.py:208} INFO - Processing /home/airflow/.local/lib/python3.12/site-packages/airflow/example_dags/example_dag_decorator.py took 0.348 seconds
[2024-09-11T13:57:38.037+0000] {processor.py:186} INFO - Started process (PID=2807) to work on /home/airflow/.local/lib/python3.12/site-packages/airflow/example_dags/example_dag_decorator.py
[2024-09-11T13:57:38.038+0000] {processor.py:914} INFO - Processing file /home/airflow/.local/lib/python3.12/site-packages/airflow/example_dags/example_dag_decorator.py for tasks to queue
[2024-09-11T13:57:38.041+0000] {logging_mixin.py:190} INFO - [2024-09-11T13:57:38.041+0000] {dagbag.py:587} INFO - Filling up the DagBag from /home/airflow/.local/lib/python3.12/site-packages/airflow/example_dags/example_dag_decorator.py
[2024-09-11T13:57:38.053+0000] {processor.py:925} INFO - DAG(s) 'example_dag_decorator' retrieved from /home/airflow/.local/lib/python3.12/site-packages/airflow/example_dags/example_dag_decorator.py
[2024-09-11T13:57:38.339+0000] {logging_mixin.py:190} INFO - [2024-09-11T13:57:38.339+0000] {dag.py:3229} INFO - Sync 1 DAGs
[2024-09-11T13:57:38.350+0000] {logging_mixin.py:190} INFO - [2024-09-11T13:57:38.350+0000] {dag.py:4156} INFO - Setting next_dagrun for example_dag_decorator to None, run_after=None
[2024-09-11T13:57:38.369+0000] {processor.py:208} INFO - Processing /home/airflow/.local/lib/python3.12/site-packages/airflow/example_dags/example_dag_decorator.py took 0.338 seconds
[2024-09-11T13:58:08.472+0000] {processor.py:186} INFO - Started process (PID=2869) to work on /home/airflow/.local/lib/python3.12/site-packages/airflow/example_dags/example_dag_decorator.py
[2024-09-11T13:58:08.473+0000] {processor.py:914} INFO - Processing file /home/airflow/.local/lib/python3.12/site-packages/airflow/example_dags/example_dag_decorator.py for tasks to queue
[2024-09-11T13:58:08.476+0000] {logging_mixin.py:190} INFO - [2024-09-11T13:58:08.476+0000] {dagbag.py:587} INFO - Filling up the DagBag from /home/airflow/.local/lib/python3.12/site-packages/airflow/example_dags/example_dag_decorator.py
[2024-09-11T13:58:08.488+0000] {processor.py:925} INFO - DAG(s) 'example_dag_decorator' retrieved from /home/airflow/.local/lib/python3.12/site-packages/airflow/example_dags/example_dag_decorator.py
[2024-09-11T13:58:08.618+0000] {logging_mixin.py:190} INFO - [2024-09-11T13:58:08.618+0000] {dag.py:3229} INFO - Sync 1 DAGs
[2024-09-11T13:58:08.633+0000] {logging_mixin.py:190} INFO - [2024-09-11T13:58:08.632+0000] {dag.py:4156} INFO - Setting next_dagrun for example_dag_decorator to None, run_after=None
[2024-09-11T13:58:08.659+0000] {processor.py:208} INFO - Processing /home/airflow/.local/lib/python3.12/site-packages/airflow/example_dags/example_dag_decorator.py took 0.193 seconds
[2024-09-11T13:58:39.332+0000] {processor.py:186} INFO - Started process (PID=2932) to work on /home/airflow/.local/lib/python3.12/site-packages/airflow/example_dags/example_dag_decorator.py
[2024-09-11T13:58:39.333+0000] {processor.py:914} INFO - Processing file /home/airflow/.local/lib/python3.12/site-packages/airflow/example_dags/example_dag_decorator.py for tasks to queue
[2024-09-11T13:58:39.337+0000] {logging_mixin.py:190} INFO - [2024-09-11T13:58:39.336+0000] {dagbag.py:587} INFO - Filling up the DagBag from /home/airflow/.local/lib/python3.12/site-packages/airflow/example_dags/example_dag_decorator.py
[2024-09-11T13:58:39.350+0000] {processor.py:925} INFO - DAG(s) 'example_dag_decorator' retrieved from /home/airflow/.local/lib/python3.12/site-packages/airflow/example_dags/example_dag_decorator.py
[2024-09-11T13:58:39.524+0000] {logging_mixin.py:190} INFO - [2024-09-11T13:58:39.524+0000] {dag.py:3229} INFO - Sync 1 DAGs
[2024-09-11T13:58:39.544+0000] {logging_mixin.py:190} INFO - [2024-09-11T13:58:39.543+0000] {dag.py:4156} INFO - Setting next_dagrun for example_dag_decorator to None, run_after=None
[2024-09-11T13:58:39.565+0000] {processor.py:208} INFO - Processing /home/airflow/.local/lib/python3.12/site-packages/airflow/example_dags/example_dag_decorator.py took 0.241 seconds
[2024-09-11T13:59:10.121+0000] {processor.py:186} INFO - Started process (PID=2991) to work on /home/airflow/.local/lib/python3.12/site-packages/airflow/example_dags/example_dag_decorator.py
[2024-09-11T13:59:10.123+0000] {processor.py:914} INFO - Processing file /home/airflow/.local/lib/python3.12/site-packages/airflow/example_dags/example_dag_decorator.py for tasks to queue
[2024-09-11T13:59:10.125+0000] {logging_mixin.py:190} INFO - [2024-09-11T13:59:10.125+0000] {dagbag.py:587} INFO - Filling up the DagBag from /home/airflow/.local/lib/python3.12/site-packages/airflow/example_dags/example_dag_decorator.py
[2024-09-11T13:59:10.139+0000] {processor.py:925} INFO - DAG(s) 'example_dag_decorator' retrieved from /home/airflow/.local/lib/python3.12/site-packages/airflow/example_dags/example_dag_decorator.py
[2024-09-11T13:59:10.268+0000] {logging_mixin.py:190} INFO - [2024-09-11T13:59:10.268+0000] {dag.py:3229} INFO - Sync 1 DAGs
[2024-09-11T13:59:10.282+0000] {logging_mixin.py:190} INFO - [2024-09-11T13:59:10.282+0000] {dag.py:4156} INFO - Setting next_dagrun for example_dag_decorator to None, run_after=None
[2024-09-11T13:59:10.303+0000] {processor.py:208} INFO - Processing /home/airflow/.local/lib/python3.12/site-packages/airflow/example_dags/example_dag_decorator.py took 0.188 seconds
[2024-09-11T13:59:40.623+0000] {processor.py:186} INFO - Started process (PID=3053) to work on /home/airflow/.local/lib/python3.12/site-packages/airflow/example_dags/example_dag_decorator.py
[2024-09-11T13:59:40.624+0000] {processor.py:914} INFO - Processing file /home/airflow/.local/lib/python3.12/site-packages/airflow/example_dags/example_dag_decorator.py for tasks to queue
[2024-09-11T13:59:40.627+0000] {logging_mixin.py:190} INFO - [2024-09-11T13:59:40.627+0000] {dagbag.py:587} INFO - Filling up the DagBag from /home/airflow/.local/lib/python3.12/site-packages/airflow/example_dags/example_dag_decorator.py
[2024-09-11T13:59:40.640+0000] {processor.py:925} INFO - DAG(s) 'example_dag_decorator' retrieved from /home/airflow/.local/lib/python3.12/site-packages/airflow/example_dags/example_dag_decorator.py
[2024-09-11T13:59:40.666+0000] {logging_mixin.py:190} INFO - [2024-09-11T13:59:40.665+0000] {dag.py:3229} INFO - Sync 1 DAGs
[2024-09-11T13:59:40.683+0000] {logging_mixin.py:190} INFO - [2024-09-11T13:59:40.682+0000] {dag.py:4156} INFO - Setting next_dagrun for example_dag_decorator to None, run_after=None
[2024-09-11T13:59:40.707+0000] {processor.py:208} INFO - Processing /home/airflow/.local/lib/python3.12/site-packages/airflow/example_dags/example_dag_decorator.py took 0.090 seconds
[2024-09-11T14:00:11.048+0000] {processor.py:186} INFO - Started process (PID=3115) to work on /home/airflow/.local/lib/python3.12/site-packages/airflow/example_dags/example_dag_decorator.py
[2024-09-11T14:00:11.049+0000] {processor.py:914} INFO - Processing file /home/airflow/.local/lib/python3.12/site-packages/airflow/example_dags/example_dag_decorator.py for tasks to queue
[2024-09-11T14:00:11.052+0000] {logging_mixin.py:190} INFO - [2024-09-11T14:00:11.052+0000] {dagbag.py:587} INFO - Filling up the DagBag from /home/airflow/.local/lib/python3.12/site-packages/airflow/example_dags/example_dag_decorator.py
[2024-09-11T14:00:11.064+0000] {processor.py:925} INFO - DAG(s) 'example_dag_decorator' retrieved from /home/airflow/.local/lib/python3.12/site-packages/airflow/example_dags/example_dag_decorator.py
[2024-09-11T14:00:11.202+0000] {logging_mixin.py:190} INFO - [2024-09-11T14:00:11.202+0000] {dag.py:3229} INFO - Sync 1 DAGs
[2024-09-11T14:00:11.215+0000] {logging_mixin.py:190} INFO - [2024-09-11T14:00:11.215+0000] {dag.py:4156} INFO - Setting next_dagrun for example_dag_decorator to None, run_after=None
[2024-09-11T14:00:11.236+0000] {processor.py:208} INFO - Processing /home/airflow/.local/lib/python3.12/site-packages/airflow/example_dags/example_dag_decorator.py took 0.195 seconds
[2024-09-11T14:00:41.860+0000] {processor.py:186} INFO - Started process (PID=3177) to work on /home/airflow/.local/lib/python3.12/site-packages/airflow/example_dags/example_dag_decorator.py
[2024-09-11T14:00:41.862+0000] {processor.py:914} INFO - Processing file /home/airflow/.local/lib/python3.12/site-packages/airflow/example_dags/example_dag_decorator.py for tasks to queue
[2024-09-11T14:00:41.865+0000] {logging_mixin.py:190} INFO - [2024-09-11T14:00:41.864+0000] {dagbag.py:587} INFO - Filling up the DagBag from /home/airflow/.local/lib/python3.12/site-packages/airflow/example_dags/example_dag_decorator.py
[2024-09-11T14:00:41.878+0000] {processor.py:925} INFO - DAG(s) 'example_dag_decorator' retrieved from /home/airflow/.local/lib/python3.12/site-packages/airflow/example_dags/example_dag_decorator.py
[2024-09-11T14:00:42.018+0000] {logging_mixin.py:190} INFO - [2024-09-11T14:00:42.018+0000] {dag.py:3229} INFO - Sync 1 DAGs
[2024-09-11T14:00:42.034+0000] {logging_mixin.py:190} INFO - [2024-09-11T14:00:42.034+0000] {dag.py:4156} INFO - Setting next_dagrun for example_dag_decorator to None, run_after=None
[2024-09-11T14:00:42.056+0000] {processor.py:208} INFO - Processing /home/airflow/.local/lib/python3.12/site-packages/airflow/example_dags/example_dag_decorator.py took 0.204 seconds
[2024-09-11T14:01:13.008+0000] {processor.py:186} INFO - Started process (PID=3239) to work on /home/airflow/.local/lib/python3.12/site-packages/airflow/example_dags/example_dag_decorator.py
[2024-09-11T14:01:13.009+0000] {processor.py:914} INFO - Processing file /home/airflow/.local/lib/python3.12/site-packages/airflow/example_dags/example_dag_decorator.py for tasks to queue
[2024-09-11T14:01:13.012+0000] {logging_mixin.py:190} INFO - [2024-09-11T14:01:13.011+0000] {dagbag.py:587} INFO - Filling up the DagBag from /home/airflow/.local/lib/python3.12/site-packages/airflow/example_dags/example_dag_decorator.py
[2024-09-11T14:01:13.024+0000] {processor.py:925} INFO - DAG(s) 'example_dag_decorator' retrieved from /home/airflow/.local/lib/python3.12/site-packages/airflow/example_dags/example_dag_decorator.py
[2024-09-11T14:01:13.155+0000] {logging_mixin.py:190} INFO - [2024-09-11T14:01:13.155+0000] {dag.py:3229} INFO - Sync 1 DAGs
[2024-09-11T14:01:13.169+0000] {logging_mixin.py:190} INFO - [2024-09-11T14:01:13.169+0000] {dag.py:4156} INFO - Setting next_dagrun for example_dag_decorator to None, run_after=None
[2024-09-11T14:01:13.202+0000] {processor.py:208} INFO - Processing /home/airflow/.local/lib/python3.12/site-packages/airflow/example_dags/example_dag_decorator.py took 0.201 seconds
[2024-09-11T14:01:43.719+0000] {processor.py:186} INFO - Started process (PID=3301) to work on /home/airflow/.local/lib/python3.12/site-packages/airflow/example_dags/example_dag_decorator.py
[2024-09-11T14:01:43.720+0000] {processor.py:914} INFO - Processing file /home/airflow/.local/lib/python3.12/site-packages/airflow/example_dags/example_dag_decorator.py for tasks to queue
[2024-09-11T14:01:43.723+0000] {logging_mixin.py:190} INFO - [2024-09-11T14:01:43.722+0000] {dagbag.py:587} INFO - Filling up the DagBag from /home/airflow/.local/lib/python3.12/site-packages/airflow/example_dags/example_dag_decorator.py
[2024-09-11T14:01:43.735+0000] {processor.py:925} INFO - DAG(s) 'example_dag_decorator' retrieved from /home/airflow/.local/lib/python3.12/site-packages/airflow/example_dags/example_dag_decorator.py
[2024-09-11T14:01:43.865+0000] {logging_mixin.py:190} INFO - [2024-09-11T14:01:43.865+0000] {dag.py:3229} INFO - Sync 1 DAGs
[2024-09-11T14:01:43.880+0000] {logging_mixin.py:190} INFO - [2024-09-11T14:01:43.879+0000] {dag.py:4156} INFO - Setting next_dagrun for example_dag_decorator to None, run_after=None
[2024-09-11T14:01:43.904+0000] {processor.py:208} INFO - Processing /home/airflow/.local/lib/python3.12/site-packages/airflow/example_dags/example_dag_decorator.py took 0.192 seconds
[2024-09-11T14:02:14.137+0000] {processor.py:186} INFO - Started process (PID=3363) to work on /home/airflow/.local/lib/python3.12/site-packages/airflow/example_dags/example_dag_decorator.py
[2024-09-11T14:02:14.138+0000] {processor.py:914} INFO - Processing file /home/airflow/.local/lib/python3.12/site-packages/airflow/example_dags/example_dag_decorator.py for tasks to queue
[2024-09-11T14:02:14.141+0000] {logging_mixin.py:190} INFO - [2024-09-11T14:02:14.140+0000] {dagbag.py:587} INFO - Filling up the DagBag from /home/airflow/.local/lib/python3.12/site-packages/airflow/example_dags/example_dag_decorator.py
[2024-09-11T14:02:14.153+0000] {processor.py:925} INFO - DAG(s) 'example_dag_decorator' retrieved from /home/airflow/.local/lib/python3.12/site-packages/airflow/example_dags/example_dag_decorator.py
[2024-09-11T14:02:14.305+0000] {logging_mixin.py:190} INFO - [2024-09-11T14:02:14.305+0000] {dag.py:3229} INFO - Sync 1 DAGs
[2024-09-11T14:02:14.333+0000] {logging_mixin.py:190} INFO - [2024-09-11T14:02:14.332+0000] {dag.py:4156} INFO - Setting next_dagrun for example_dag_decorator to None, run_after=None
[2024-09-11T14:02:14.382+0000] {processor.py:208} INFO - Processing /home/airflow/.local/lib/python3.12/site-packages/airflow/example_dags/example_dag_decorator.py took 0.251 seconds
[2024-09-11T14:02:44.570+0000] {processor.py:186} INFO - Started process (PID=3425) to work on /home/airflow/.local/lib/python3.12/site-packages/airflow/example_dags/example_dag_decorator.py
[2024-09-11T14:02:44.572+0000] {processor.py:914} INFO - Processing file /home/airflow/.local/lib/python3.12/site-packages/airflow/example_dags/example_dag_decorator.py for tasks to queue
[2024-09-11T14:02:44.576+0000] {logging_mixin.py:190} INFO - [2024-09-11T14:02:44.575+0000] {dagbag.py:587} INFO - Filling up the DagBag from /home/airflow/.local/lib/python3.12/site-packages/airflow/example_dags/example_dag_decorator.py
[2024-09-11T14:02:44.591+0000] {processor.py:925} INFO - DAG(s) 'example_dag_decorator' retrieved from /home/airflow/.local/lib/python3.12/site-packages/airflow/example_dags/example_dag_decorator.py
[2024-09-11T14:02:44.733+0000] {logging_mixin.py:190} INFO - [2024-09-11T14:02:44.733+0000] {dag.py:3229} INFO - Sync 1 DAGs
[2024-09-11T14:02:44.749+0000] {logging_mixin.py:190} INFO - [2024-09-11T14:02:44.749+0000] {dag.py:4156} INFO - Setting next_dagrun for example_dag_decorator to None, run_after=None
[2024-09-11T14:02:44.772+0000] {processor.py:208} INFO - Processing /home/airflow/.local/lib/python3.12/site-packages/airflow/example_dags/example_dag_decorator.py took 0.209 seconds
[2024-09-11T14:03:14.882+0000] {processor.py:186} INFO - Started process (PID=3487) to work on /home/airflow/.local/lib/python3.12/site-packages/airflow/example_dags/example_dag_decorator.py
[2024-09-11T14:03:14.884+0000] {processor.py:914} INFO - Processing file /home/airflow/.local/lib/python3.12/site-packages/airflow/example_dags/example_dag_decorator.py for tasks to queue
[2024-09-11T14:03:14.886+0000] {logging_mixin.py:190} INFO - [2024-09-11T14:03:14.886+0000] {dagbag.py:587} INFO - Filling up the DagBag from /home/airflow/.local/lib/python3.12/site-packages/airflow/example_dags/example_dag_decorator.py
[2024-09-11T14:03:14.899+0000] {processor.py:925} INFO - DAG(s) 'example_dag_decorator' retrieved from /home/airflow/.local/lib/python3.12/site-packages/airflow/example_dags/example_dag_decorator.py
[2024-09-11T14:03:14.925+0000] {logging_mixin.py:190} INFO - [2024-09-11T14:03:14.924+0000] {dag.py:3229} INFO - Sync 1 DAGs
[2024-09-11T14:03:14.941+0000] {logging_mixin.py:190} INFO - [2024-09-11T14:03:14.940+0000] {dag.py:4156} INFO - Setting next_dagrun for example_dag_decorator to None, run_after=None
[2024-09-11T14:03:14.961+0000] {processor.py:208} INFO - Processing /home/airflow/.local/lib/python3.12/site-packages/airflow/example_dags/example_dag_decorator.py took 0.086 seconds
[2024-09-11T14:03:45.243+0000] {processor.py:186} INFO - Started process (PID=3549) to work on /home/airflow/.local/lib/python3.12/site-packages/airflow/example_dags/example_dag_decorator.py
[2024-09-11T14:03:45.244+0000] {processor.py:914} INFO - Processing file /home/airflow/.local/lib/python3.12/site-packages/airflow/example_dags/example_dag_decorator.py for tasks to queue
[2024-09-11T14:03:45.246+0000] {logging_mixin.py:190} INFO - [2024-09-11T14:03:45.246+0000] {dagbag.py:587} INFO - Filling up the DagBag from /home/airflow/.local/lib/python3.12/site-packages/airflow/example_dags/example_dag_decorator.py
[2024-09-11T14:03:45.258+0000] {processor.py:925} INFO - DAG(s) 'example_dag_decorator' retrieved from /home/airflow/.local/lib/python3.12/site-packages/airflow/example_dags/example_dag_decorator.py
[2024-09-11T14:03:45.283+0000] {logging_mixin.py:190} INFO - [2024-09-11T14:03:45.283+0000] {dag.py:3229} INFO - Sync 1 DAGs
[2024-09-11T14:03:45.299+0000] {logging_mixin.py:190} INFO - [2024-09-11T14:03:45.298+0000] {dag.py:4156} INFO - Setting next_dagrun for example_dag_decorator to None, run_after=None
[2024-09-11T14:03:45.319+0000] {processor.py:208} INFO - Processing /home/airflow/.local/lib/python3.12/site-packages/airflow/example_dags/example_dag_decorator.py took 0.082 seconds
[2024-09-11T14:04:16.135+0000] {processor.py:186} INFO - Started process (PID=3611) to work on /home/airflow/.local/lib/python3.12/site-packages/airflow/example_dags/example_dag_decorator.py
[2024-09-11T14:04:16.136+0000] {processor.py:914} INFO - Processing file /home/airflow/.local/lib/python3.12/site-packages/airflow/example_dags/example_dag_decorator.py for tasks to queue
[2024-09-11T14:04:16.139+0000] {logging_mixin.py:190} INFO - [2024-09-11T14:04:16.138+0000] {dagbag.py:587} INFO - Filling up the DagBag from /home/airflow/.local/lib/python3.12/site-packages/airflow/example_dags/example_dag_decorator.py
[2024-09-11T14:04:16.153+0000] {processor.py:925} INFO - DAG(s) 'example_dag_decorator' retrieved from /home/airflow/.local/lib/python3.12/site-packages/airflow/example_dags/example_dag_decorator.py
[2024-09-11T14:04:16.279+0000] {logging_mixin.py:190} INFO - [2024-09-11T14:04:16.278+0000] {dag.py:3229} INFO - Sync 1 DAGs
[2024-09-11T14:04:16.297+0000] {logging_mixin.py:190} INFO - [2024-09-11T14:04:16.297+0000] {dag.py:4156} INFO - Setting next_dagrun for example_dag_decorator to None, run_after=None
[2024-09-11T14:04:16.318+0000] {processor.py:208} INFO - Processing /home/airflow/.local/lib/python3.12/site-packages/airflow/example_dags/example_dag_decorator.py took 0.190 seconds
[2024-09-11T14:04:46.568+0000] {processor.py:186} INFO - Started process (PID=3673) to work on /home/airflow/.local/lib/python3.12/site-packages/airflow/example_dags/example_dag_decorator.py
[2024-09-11T14:04:46.570+0000] {processor.py:914} INFO - Processing file /home/airflow/.local/lib/python3.12/site-packages/airflow/example_dags/example_dag_decorator.py for tasks to queue
[2024-09-11T14:04:46.577+0000] {logging_mixin.py:190} INFO - [2024-09-11T14:04:46.574+0000] {dagbag.py:587} INFO - Filling up the DagBag from /home/airflow/.local/lib/python3.12/site-packages/airflow/example_dags/example_dag_decorator.py
[2024-09-11T14:04:46.600+0000] {processor.py:925} INFO - DAG(s) 'example_dag_decorator' retrieved from /home/airflow/.local/lib/python3.12/site-packages/airflow/example_dags/example_dag_decorator.py
[2024-09-11T14:04:46.731+0000] {logging_mixin.py:190} INFO - [2024-09-11T14:04:46.730+0000] {dag.py:3229} INFO - Sync 1 DAGs
[2024-09-11T14:04:46.746+0000] {logging_mixin.py:190} INFO - [2024-09-11T14:04:46.745+0000] {dag.py:4156} INFO - Setting next_dagrun for example_dag_decorator to None, run_after=None
[2024-09-11T14:04:46.771+0000] {processor.py:208} INFO - Processing /home/airflow/.local/lib/python3.12/site-packages/airflow/example_dags/example_dag_decorator.py took 0.210 seconds
[2024-09-11T14:05:17.115+0000] {processor.py:186} INFO - Started process (PID=3735) to work on /home/airflow/.local/lib/python3.12/site-packages/airflow/example_dags/example_dag_decorator.py
[2024-09-11T14:05:17.118+0000] {processor.py:914} INFO - Processing file /home/airflow/.local/lib/python3.12/site-packages/airflow/example_dags/example_dag_decorator.py for tasks to queue
[2024-09-11T14:05:17.124+0000] {logging_mixin.py:190} INFO - [2024-09-11T14:05:17.123+0000] {dagbag.py:587} INFO - Filling up the DagBag from /home/airflow/.local/lib/python3.12/site-packages/airflow/example_dags/example_dag_decorator.py
[2024-09-11T14:05:17.143+0000] {processor.py:925} INFO - DAG(s) 'example_dag_decorator' retrieved from /home/airflow/.local/lib/python3.12/site-packages/airflow/example_dags/example_dag_decorator.py
[2024-09-11T14:05:17.302+0000] {logging_mixin.py:190} INFO - [2024-09-11T14:05:17.302+0000] {dag.py:3229} INFO - Sync 1 DAGs
[2024-09-11T14:05:17.317+0000] {logging_mixin.py:190} INFO - [2024-09-11T14:05:17.317+0000] {dag.py:4156} INFO - Setting next_dagrun for example_dag_decorator to None, run_after=None
[2024-09-11T14:05:17.342+0000] {processor.py:208} INFO - Processing /home/airflow/.local/lib/python3.12/site-packages/airflow/example_dags/example_dag_decorator.py took 0.234 seconds
[2024-09-11T14:05:47.958+0000] {processor.py:186} INFO - Started process (PID=3797) to work on /home/airflow/.local/lib/python3.12/site-packages/airflow/example_dags/example_dag_decorator.py
[2024-09-11T14:05:47.959+0000] {processor.py:914} INFO - Processing file /home/airflow/.local/lib/python3.12/site-packages/airflow/example_dags/example_dag_decorator.py for tasks to queue
[2024-09-11T14:05:47.962+0000] {logging_mixin.py:190} INFO - [2024-09-11T14:05:47.961+0000] {dagbag.py:587} INFO - Filling up the DagBag from /home/airflow/.local/lib/python3.12/site-packages/airflow/example_dags/example_dag_decorator.py
[2024-09-11T14:05:47.974+0000] {processor.py:925} INFO - DAG(s) 'example_dag_decorator' retrieved from /home/airflow/.local/lib/python3.12/site-packages/airflow/example_dags/example_dag_decorator.py
[2024-09-11T14:05:48.100+0000] {logging_mixin.py:190} INFO - [2024-09-11T14:05:48.100+0000] {dag.py:3229} INFO - Sync 1 DAGs
[2024-09-11T14:05:48.114+0000] {logging_mixin.py:190} INFO - [2024-09-11T14:05:48.113+0000] {dag.py:4156} INFO - Setting next_dagrun for example_dag_decorator to None, run_after=None
[2024-09-11T14:05:48.136+0000] {processor.py:208} INFO - Processing /home/airflow/.local/lib/python3.12/site-packages/airflow/example_dags/example_dag_decorator.py took 0.186 seconds
[2024-09-11T14:06:18.374+0000] {processor.py:186} INFO - Started process (PID=3859) to work on /home/airflow/.local/lib/python3.12/site-packages/airflow/example_dags/example_dag_decorator.py
[2024-09-11T14:06:18.375+0000] {processor.py:914} INFO - Processing file /home/airflow/.local/lib/python3.12/site-packages/airflow/example_dags/example_dag_decorator.py for tasks to queue
[2024-09-11T14:06:18.377+0000] {logging_mixin.py:190} INFO - [2024-09-11T14:06:18.377+0000] {dagbag.py:587} INFO - Filling up the DagBag from /home/airflow/.local/lib/python3.12/site-packages/airflow/example_dags/example_dag_decorator.py
[2024-09-11T14:06:18.390+0000] {processor.py:925} INFO - DAG(s) 'example_dag_decorator' retrieved from /home/airflow/.local/lib/python3.12/site-packages/airflow/example_dags/example_dag_decorator.py
[2024-09-11T14:06:18.518+0000] {logging_mixin.py:190} INFO - [2024-09-11T14:06:18.518+0000] {dag.py:3229} INFO - Sync 1 DAGs
[2024-09-11T14:06:18.533+0000] {logging_mixin.py:190} INFO - [2024-09-11T14:06:18.533+0000] {dag.py:4156} INFO - Setting next_dagrun for example_dag_decorator to None, run_after=None
[2024-09-11T14:06:18.554+0000] {processor.py:208} INFO - Processing /home/airflow/.local/lib/python3.12/site-packages/airflow/example_dags/example_dag_decorator.py took 0.188 seconds
[2024-09-11T14:06:48.832+0000] {processor.py:186} INFO - Started process (PID=3921) to work on /home/airflow/.local/lib/python3.12/site-packages/airflow/example_dags/example_dag_decorator.py
[2024-09-11T14:06:48.833+0000] {processor.py:914} INFO - Processing file /home/airflow/.local/lib/python3.12/site-packages/airflow/example_dags/example_dag_decorator.py for tasks to queue
[2024-09-11T14:06:48.836+0000] {logging_mixin.py:190} INFO - [2024-09-11T14:06:48.836+0000] {dagbag.py:587} INFO - Filling up the DagBag from /home/airflow/.local/lib/python3.12/site-packages/airflow/example_dags/example_dag_decorator.py
[2024-09-11T14:06:48.849+0000] {processor.py:925} INFO - DAG(s) 'example_dag_decorator' retrieved from /home/airflow/.local/lib/python3.12/site-packages/airflow/example_dags/example_dag_decorator.py
[2024-09-11T14:06:48.979+0000] {logging_mixin.py:190} INFO - [2024-09-11T14:06:48.979+0000] {dag.py:3229} INFO - Sync 1 DAGs
[2024-09-11T14:06:48.995+0000] {logging_mixin.py:190} INFO - [2024-09-11T14:06:48.994+0000] {dag.py:4156} INFO - Setting next_dagrun for example_dag_decorator to None, run_after=None
[2024-09-11T14:06:49.016+0000] {processor.py:208} INFO - Processing /home/airflow/.local/lib/python3.12/site-packages/airflow/example_dags/example_dag_decorator.py took 0.190 seconds
[2024-09-11T14:07:19.629+0000] {processor.py:186} INFO - Started process (PID=3983) to work on /home/airflow/.local/lib/python3.12/site-packages/airflow/example_dags/example_dag_decorator.py
[2024-09-11T14:07:19.630+0000] {processor.py:914} INFO - Processing file /home/airflow/.local/lib/python3.12/site-packages/airflow/example_dags/example_dag_decorator.py for tasks to queue
[2024-09-11T14:07:19.633+0000] {logging_mixin.py:190} INFO - [2024-09-11T14:07:19.632+0000] {dagbag.py:587} INFO - Filling up the DagBag from /home/airflow/.local/lib/python3.12/site-packages/airflow/example_dags/example_dag_decorator.py
[2024-09-11T14:07:19.645+0000] {processor.py:925} INFO - DAG(s) 'example_dag_decorator' retrieved from /home/airflow/.local/lib/python3.12/site-packages/airflow/example_dags/example_dag_decorator.py
[2024-09-11T14:07:19.770+0000] {logging_mixin.py:190} INFO - [2024-09-11T14:07:19.770+0000] {dag.py:3229} INFO - Sync 1 DAGs
[2024-09-11T14:07:19.784+0000] {logging_mixin.py:190} INFO - [2024-09-11T14:07:19.784+0000] {dag.py:4156} INFO - Setting next_dagrun for example_dag_decorator to None, run_after=None
[2024-09-11T14:07:19.808+0000] {processor.py:208} INFO - Processing /home/airflow/.local/lib/python3.12/site-packages/airflow/example_dags/example_dag_decorator.py took 0.187 seconds
[2024-09-11T14:07:50.070+0000] {processor.py:186} INFO - Started process (PID=4045) to work on /home/airflow/.local/lib/python3.12/site-packages/airflow/example_dags/example_dag_decorator.py
[2024-09-11T14:07:50.071+0000] {processor.py:914} INFO - Processing file /home/airflow/.local/lib/python3.12/site-packages/airflow/example_dags/example_dag_decorator.py for tasks to queue
[2024-09-11T14:07:50.075+0000] {logging_mixin.py:190} INFO - [2024-09-11T14:07:50.074+0000] {dagbag.py:587} INFO - Filling up the DagBag from /home/airflow/.local/lib/python3.12/site-packages/airflow/example_dags/example_dag_decorator.py
[2024-09-11T14:07:50.088+0000] {processor.py:925} INFO - DAG(s) 'example_dag_decorator' retrieved from /home/airflow/.local/lib/python3.12/site-packages/airflow/example_dags/example_dag_decorator.py
[2024-09-11T14:07:50.257+0000] {logging_mixin.py:190} INFO - [2024-09-11T14:07:50.257+0000] {dag.py:3229} INFO - Sync 1 DAGs
[2024-09-11T14:07:50.274+0000] {logging_mixin.py:190} INFO - [2024-09-11T14:07:50.273+0000] {dag.py:4156} INFO - Setting next_dagrun for example_dag_decorator to None, run_after=None
[2024-09-11T14:07:50.299+0000] {processor.py:208} INFO - Processing /home/airflow/.local/lib/python3.12/site-packages/airflow/example_dags/example_dag_decorator.py took 0.237 seconds
[2024-09-11T14:08:20.453+0000] {processor.py:186} INFO - Started process (PID=4107) to work on /home/airflow/.local/lib/python3.12/site-packages/airflow/example_dags/example_dag_decorator.py
[2024-09-11T14:08:20.455+0000] {processor.py:914} INFO - Processing file /home/airflow/.local/lib/python3.12/site-packages/airflow/example_dags/example_dag_decorator.py for tasks to queue
[2024-09-11T14:08:20.458+0000] {logging_mixin.py:190} INFO - [2024-09-11T14:08:20.457+0000] {dagbag.py:587} INFO - Filling up the DagBag from /home/airflow/.local/lib/python3.12/site-packages/airflow/example_dags/example_dag_decorator.py
[2024-09-11T14:08:20.471+0000] {processor.py:925} INFO - DAG(s) 'example_dag_decorator' retrieved from /home/airflow/.local/lib/python3.12/site-packages/airflow/example_dags/example_dag_decorator.py
[2024-09-11T14:08:20.600+0000] {logging_mixin.py:190} INFO - [2024-09-11T14:08:20.600+0000] {dag.py:3229} INFO - Sync 1 DAGs
[2024-09-11T14:08:20.614+0000] {logging_mixin.py:190} INFO - [2024-09-11T14:08:20.614+0000] {dag.py:4156} INFO - Setting next_dagrun for example_dag_decorator to None, run_after=None
[2024-09-11T14:08:20.640+0000] {processor.py:208} INFO - Processing /home/airflow/.local/lib/python3.12/site-packages/airflow/example_dags/example_dag_decorator.py took 0.193 seconds
[2024-09-11T14:08:51.284+0000] {processor.py:186} INFO - Started process (PID=4169) to work on /home/airflow/.local/lib/python3.12/site-packages/airflow/example_dags/example_dag_decorator.py
[2024-09-11T14:08:51.286+0000] {processor.py:914} INFO - Processing file /home/airflow/.local/lib/python3.12/site-packages/airflow/example_dags/example_dag_decorator.py for tasks to queue
[2024-09-11T14:08:51.289+0000] {logging_mixin.py:190} INFO - [2024-09-11T14:08:51.288+0000] {dagbag.py:587} INFO - Filling up the DagBag from /home/airflow/.local/lib/python3.12/site-packages/airflow/example_dags/example_dag_decorator.py
[2024-09-11T14:08:51.303+0000] {processor.py:925} INFO - DAG(s) 'example_dag_decorator' retrieved from /home/airflow/.local/lib/python3.12/site-packages/airflow/example_dags/example_dag_decorator.py
[2024-09-11T14:08:51.463+0000] {logging_mixin.py:190} INFO - [2024-09-11T14:08:51.462+0000] {dag.py:3229} INFO - Sync 1 DAGs
[2024-09-11T14:08:51.480+0000] {logging_mixin.py:190} INFO - [2024-09-11T14:08:51.480+0000] {dag.py:4156} INFO - Setting next_dagrun for example_dag_decorator to None, run_after=None
[2024-09-11T14:08:51.509+0000] {processor.py:208} INFO - Processing /home/airflow/.local/lib/python3.12/site-packages/airflow/example_dags/example_dag_decorator.py took 0.232 seconds
[2024-09-11T14:09:21.856+0000] {processor.py:186} INFO - Started process (PID=4231) to work on /home/airflow/.local/lib/python3.12/site-packages/airflow/example_dags/example_dag_decorator.py
[2024-09-11T14:09:21.858+0000] {processor.py:914} INFO - Processing file /home/airflow/.local/lib/python3.12/site-packages/airflow/example_dags/example_dag_decorator.py for tasks to queue
[2024-09-11T14:09:21.862+0000] {logging_mixin.py:190} INFO - [2024-09-11T14:09:21.861+0000] {dagbag.py:587} INFO - Filling up the DagBag from /home/airflow/.local/lib/python3.12/site-packages/airflow/example_dags/example_dag_decorator.py
[2024-09-11T14:09:21.880+0000] {processor.py:925} INFO - DAG(s) 'example_dag_decorator' retrieved from /home/airflow/.local/lib/python3.12/site-packages/airflow/example_dags/example_dag_decorator.py
[2024-09-11T14:09:22.023+0000] {logging_mixin.py:190} INFO - [2024-09-11T14:09:22.023+0000] {dag.py:3229} INFO - Sync 1 DAGs
[2024-09-11T14:09:22.039+0000] {logging_mixin.py:190} INFO - [2024-09-11T14:09:22.038+0000] {dag.py:4156} INFO - Setting next_dagrun for example_dag_decorator to None, run_after=None
[2024-09-11T14:09:22.067+0000] {processor.py:208} INFO - Processing /home/airflow/.local/lib/python3.12/site-packages/airflow/example_dags/example_dag_decorator.py took 0.219 seconds
[2024-09-11T14:09:52.392+0000] {processor.py:186} INFO - Started process (PID=4293) to work on /home/airflow/.local/lib/python3.12/site-packages/airflow/example_dags/example_dag_decorator.py
[2024-09-11T14:09:52.393+0000] {processor.py:914} INFO - Processing file /home/airflow/.local/lib/python3.12/site-packages/airflow/example_dags/example_dag_decorator.py for tasks to queue
[2024-09-11T14:09:52.396+0000] {logging_mixin.py:190} INFO - [2024-09-11T14:09:52.395+0000] {dagbag.py:587} INFO - Filling up the DagBag from /home/airflow/.local/lib/python3.12/site-packages/airflow/example_dags/example_dag_decorator.py
[2024-09-11T14:09:52.409+0000] {processor.py:925} INFO - DAG(s) 'example_dag_decorator' retrieved from /home/airflow/.local/lib/python3.12/site-packages/airflow/example_dags/example_dag_decorator.py
[2024-09-11T14:09:52.436+0000] {logging_mixin.py:190} INFO - [2024-09-11T14:09:52.435+0000] {dag.py:3229} INFO - Sync 1 DAGs
[2024-09-11T14:09:52.453+0000] {logging_mixin.py:190} INFO - [2024-09-11T14:09:52.453+0000] {dag.py:4156} INFO - Setting next_dagrun for example_dag_decorator to None, run_after=None
[2024-09-11T14:09:52.473+0000] {processor.py:208} INFO - Processing /home/airflow/.local/lib/python3.12/site-packages/airflow/example_dags/example_dag_decorator.py took 0.088 seconds
[2024-09-11T14:10:22.804+0000] {processor.py:186} INFO - Started process (PID=4355) to work on /home/airflow/.local/lib/python3.12/site-packages/airflow/example_dags/example_dag_decorator.py
[2024-09-11T14:10:22.805+0000] {processor.py:914} INFO - Processing file /home/airflow/.local/lib/python3.12/site-packages/airflow/example_dags/example_dag_decorator.py for tasks to queue
[2024-09-11T14:10:22.809+0000] {logging_mixin.py:190} INFO - [2024-09-11T14:10:22.808+0000] {dagbag.py:587} INFO - Filling up the DagBag from /home/airflow/.local/lib/python3.12/site-packages/airflow/example_dags/example_dag_decorator.py
[2024-09-11T14:10:22.822+0000] {processor.py:925} INFO - DAG(s) 'example_dag_decorator' retrieved from /home/airflow/.local/lib/python3.12/site-packages/airflow/example_dags/example_dag_decorator.py
[2024-09-11T14:10:22.946+0000] {logging_mixin.py:190} INFO - [2024-09-11T14:10:22.946+0000] {dag.py:3229} INFO - Sync 1 DAGs
[2024-09-11T14:10:22.959+0000] {logging_mixin.py:190} INFO - [2024-09-11T14:10:22.959+0000] {dag.py:4156} INFO - Setting next_dagrun for example_dag_decorator to None, run_after=None
[2024-09-11T14:10:22.978+0000] {processor.py:208} INFO - Processing /home/airflow/.local/lib/python3.12/site-packages/airflow/example_dags/example_dag_decorator.py took 0.182 seconds
[2024-09-11T14:10:53.219+0000] {processor.py:186} INFO - Started process (PID=4417) to work on /home/airflow/.local/lib/python3.12/site-packages/airflow/example_dags/example_dag_decorator.py
[2024-09-11T14:10:53.221+0000] {processor.py:914} INFO - Processing file /home/airflow/.local/lib/python3.12/site-packages/airflow/example_dags/example_dag_decorator.py for tasks to queue
[2024-09-11T14:10:53.224+0000] {logging_mixin.py:190} INFO - [2024-09-11T14:10:53.224+0000] {dagbag.py:587} INFO - Filling up the DagBag from /home/airflow/.local/lib/python3.12/site-packages/airflow/example_dags/example_dag_decorator.py
[2024-09-11T14:10:53.236+0000] {processor.py:925} INFO - DAG(s) 'example_dag_decorator' retrieved from /home/airflow/.local/lib/python3.12/site-packages/airflow/example_dags/example_dag_decorator.py
[2024-09-11T14:10:53.363+0000] {logging_mixin.py:190} INFO - [2024-09-11T14:10:53.362+0000] {dag.py:3229} INFO - Sync 1 DAGs
[2024-09-11T14:10:53.377+0000] {logging_mixin.py:190} INFO - [2024-09-11T14:10:53.377+0000] {dag.py:4156} INFO - Setting next_dagrun for example_dag_decorator to None, run_after=None
[2024-09-11T14:10:53.399+0000] {processor.py:208} INFO - Processing /home/airflow/.local/lib/python3.12/site-packages/airflow/example_dags/example_dag_decorator.py took 0.186 seconds
[2024-09-11T14:11:23.741+0000] {processor.py:186} INFO - Started process (PID=4479) to work on /home/airflow/.local/lib/python3.12/site-packages/airflow/example_dags/example_dag_decorator.py
[2024-09-11T14:11:23.742+0000] {processor.py:914} INFO - Processing file /home/airflow/.local/lib/python3.12/site-packages/airflow/example_dags/example_dag_decorator.py for tasks to queue
[2024-09-11T14:11:23.747+0000] {logging_mixin.py:190} INFO - [2024-09-11T14:11:23.746+0000] {dagbag.py:587} INFO - Filling up the DagBag from /home/airflow/.local/lib/python3.12/site-packages/airflow/example_dags/example_dag_decorator.py
[2024-09-11T14:11:23.766+0000] {processor.py:925} INFO - DAG(s) 'example_dag_decorator' retrieved from /home/airflow/.local/lib/python3.12/site-packages/airflow/example_dags/example_dag_decorator.py
[2024-09-11T14:11:23.897+0000] {logging_mixin.py:190} INFO - [2024-09-11T14:11:23.897+0000] {dag.py:3229} INFO - Sync 1 DAGs
[2024-09-11T14:11:23.913+0000] {logging_mixin.py:190} INFO - [2024-09-11T14:11:23.912+0000] {dag.py:4156} INFO - Setting next_dagrun for example_dag_decorator to None, run_after=None
[2024-09-11T14:11:23.936+0000] {processor.py:208} INFO - Processing /home/airflow/.local/lib/python3.12/site-packages/airflow/example_dags/example_dag_decorator.py took 0.203 seconds
[2024-09-11T14:11:54.223+0000] {processor.py:186} INFO - Started process (PID=4541) to work on /home/airflow/.local/lib/python3.12/site-packages/airflow/example_dags/example_dag_decorator.py
[2024-09-11T14:11:54.225+0000] {processor.py:914} INFO - Processing file /home/airflow/.local/lib/python3.12/site-packages/airflow/example_dags/example_dag_decorator.py for tasks to queue
[2024-09-11T14:11:54.228+0000] {logging_mixin.py:190} INFO - [2024-09-11T14:11:54.228+0000] {dagbag.py:587} INFO - Filling up the DagBag from /home/airflow/.local/lib/python3.12/site-packages/airflow/example_dags/example_dag_decorator.py
[2024-09-11T14:11:54.244+0000] {processor.py:925} INFO - DAG(s) 'example_dag_decorator' retrieved from /home/airflow/.local/lib/python3.12/site-packages/airflow/example_dags/example_dag_decorator.py
[2024-09-11T14:11:54.273+0000] {logging_mixin.py:190} INFO - [2024-09-11T14:11:54.272+0000] {dag.py:3229} INFO - Sync 1 DAGs
[2024-09-11T14:11:54.290+0000] {logging_mixin.py:190} INFO - [2024-09-11T14:11:54.290+0000] {dag.py:4156} INFO - Setting next_dagrun for example_dag_decorator to None, run_after=None
[2024-09-11T14:11:54.310+0000] {processor.py:208} INFO - Processing /home/airflow/.local/lib/python3.12/site-packages/airflow/example_dags/example_dag_decorator.py took 0.098 seconds
[2024-09-11T14:12:24.665+0000] {processor.py:186} INFO - Started process (PID=4603) to work on /home/airflow/.local/lib/python3.12/site-packages/airflow/example_dags/example_dag_decorator.py
[2024-09-11T14:12:24.666+0000] {processor.py:914} INFO - Processing file /home/airflow/.local/lib/python3.12/site-packages/airflow/example_dags/example_dag_decorator.py for tasks to queue
[2024-09-11T14:12:24.668+0000] {logging_mixin.py:190} INFO - [2024-09-11T14:12:24.668+0000] {dagbag.py:587} INFO - Filling up the DagBag from /home/airflow/.local/lib/python3.12/site-packages/airflow/example_dags/example_dag_decorator.py
[2024-09-11T14:12:24.681+0000] {processor.py:925} INFO - DAG(s) 'example_dag_decorator' retrieved from /home/airflow/.local/lib/python3.12/site-packages/airflow/example_dags/example_dag_decorator.py
[2024-09-11T14:12:24.858+0000] {logging_mixin.py:190} INFO - [2024-09-11T14:12:24.857+0000] {dag.py:3229} INFO - Sync 1 DAGs
[2024-09-11T14:12:24.887+0000] {logging_mixin.py:190} INFO - [2024-09-11T14:12:24.886+0000] {dag.py:4156} INFO - Setting next_dagrun for example_dag_decorator to None, run_after=None
[2024-09-11T14:12:24.923+0000] {processor.py:208} INFO - Processing /home/airflow/.local/lib/python3.12/site-packages/airflow/example_dags/example_dag_decorator.py took 0.265 seconds
[2024-09-11T14:12:55.515+0000] {processor.py:186} INFO - Started process (PID=4671) to work on /home/airflow/.local/lib/python3.12/site-packages/airflow/example_dags/example_dag_decorator.py
[2024-09-11T14:12:55.516+0000] {processor.py:914} INFO - Processing file /home/airflow/.local/lib/python3.12/site-packages/airflow/example_dags/example_dag_decorator.py for tasks to queue
[2024-09-11T14:12:55.519+0000] {logging_mixin.py:190} INFO - [2024-09-11T14:12:55.519+0000] {dagbag.py:587} INFO - Filling up the DagBag from /home/airflow/.local/lib/python3.12/site-packages/airflow/example_dags/example_dag_decorator.py
[2024-09-11T14:12:55.532+0000] {processor.py:925} INFO - DAG(s) 'example_dag_decorator' retrieved from /home/airflow/.local/lib/python3.12/site-packages/airflow/example_dags/example_dag_decorator.py
[2024-09-11T14:12:55.660+0000] {logging_mixin.py:190} INFO - [2024-09-11T14:12:55.660+0000] {dag.py:3229} INFO - Sync 1 DAGs
[2024-09-11T14:12:55.677+0000] {logging_mixin.py:190} INFO - [2024-09-11T14:12:55.676+0000] {dag.py:4156} INFO - Setting next_dagrun for example_dag_decorator to None, run_after=None
[2024-09-11T14:12:55.697+0000] {processor.py:208} INFO - Processing /home/airflow/.local/lib/python3.12/site-packages/airflow/example_dags/example_dag_decorator.py took 0.189 seconds
[2024-09-11T14:13:26.318+0000] {processor.py:186} INFO - Started process (PID=4733) to work on /home/airflow/.local/lib/python3.12/site-packages/airflow/example_dags/example_dag_decorator.py
[2024-09-11T14:13:26.320+0000] {processor.py:914} INFO - Processing file /home/airflow/.local/lib/python3.12/site-packages/airflow/example_dags/example_dag_decorator.py for tasks to queue
[2024-09-11T14:13:26.323+0000] {logging_mixin.py:190} INFO - [2024-09-11T14:13:26.322+0000] {dagbag.py:587} INFO - Filling up the DagBag from /home/airflow/.local/lib/python3.12/site-packages/airflow/example_dags/example_dag_decorator.py
[2024-09-11T14:13:26.335+0000] {processor.py:925} INFO - DAG(s) 'example_dag_decorator' retrieved from /home/airflow/.local/lib/python3.12/site-packages/airflow/example_dags/example_dag_decorator.py
[2024-09-11T14:13:26.459+0000] {logging_mixin.py:190} INFO - [2024-09-11T14:13:26.458+0000] {dag.py:3229} INFO - Sync 1 DAGs
[2024-09-11T14:13:26.474+0000] {logging_mixin.py:190} INFO - [2024-09-11T14:13:26.474+0000] {dag.py:4156} INFO - Setting next_dagrun for example_dag_decorator to None, run_after=None
[2024-09-11T14:13:26.495+0000] {processor.py:208} INFO - Processing /home/airflow/.local/lib/python3.12/site-packages/airflow/example_dags/example_dag_decorator.py took 0.184 seconds
