[2024-09-11T13:35:20.729+0000] {processor.py:186} INFO - Started process (PID=99) to work on /home/airflow/.local/lib/python3.12/site-packages/airflow/example_dags/example_xcom.py
[2024-09-11T13:35:20.731+0000] {processor.py:914} INFO - Processing file /home/airflow/.local/lib/python3.12/site-packages/airflow/example_dags/example_xcom.py for tasks to queue
[2024-09-11T13:35:20.735+0000] {logging_mixin.py:190} INFO - [2024-09-11T13:35:20.734+0000] {dagbag.py:587} INFO - Filling up the DagBag from /home/airflow/.local/lib/python3.12/site-packages/airflow/example_dags/example_xcom.py
[2024-09-11T13:35:20.753+0000] {processor.py:925} INFO - DAG(s) 'example_xcom' retrieved from /home/airflow/.local/lib/python3.12/site-packages/airflow/example_dags/example_xcom.py
[2024-09-11T13:35:20.929+0000] {logging_mixin.py:190} INFO - [2024-09-11T13:35:20.928+0000] {override.py:1900} INFO - Created Permission View: can edit on DAG:example_xcom
[2024-09-11T13:35:20.946+0000] {logging_mixin.py:190} INFO - [2024-09-11T13:35:20.945+0000] {override.py:1900} INFO - Created Permission View: can delete on DAG:example_xcom
[2024-09-11T13:35:20.960+0000] {logging_mixin.py:190} INFO - [2024-09-11T13:35:20.960+0000] {override.py:1900} INFO - Created Permission View: can read on DAG:example_xcom
[2024-09-11T13:35:20.972+0000] {logging_mixin.py:190} INFO - [2024-09-11T13:35:20.972+0000] {override.py:1900} INFO - Created Permission View: menu access on DAG Run:example_xcom
[2024-09-11T13:35:20.983+0000] {logging_mixin.py:190} INFO - [2024-09-11T13:35:20.982+0000] {override.py:1900} INFO - Created Permission View: can create on DAG Run:example_xcom
[2024-09-11T13:35:20.992+0000] {logging_mixin.py:190} INFO - [2024-09-11T13:35:20.991+0000] {override.py:1900} INFO - Created Permission View: can delete on DAG Run:example_xcom
[2024-09-11T13:35:21.005+0000] {logging_mixin.py:190} INFO - [2024-09-11T13:35:21.004+0000] {override.py:1900} INFO - Created Permission View: can read on DAG Run:example_xcom
[2024-09-11T13:35:21.006+0000] {logging_mixin.py:190} INFO - [2024-09-11T13:35:21.005+0000] {dag.py:3229} INFO - Sync 1 DAGs
[2024-09-11T13:35:21.028+0000] {logging_mixin.py:190} INFO - [2024-09-11T13:35:21.027+0000] {dag.py:3252} INFO - Creating ORM DAG for example_xcom
[2024-09-11T13:35:21.049+0000] {logging_mixin.py:190} INFO - [2024-09-11T13:35:21.048+0000] {dag.py:4156} INFO - Setting next_dagrun for example_xcom to 2021-01-01 00:00:00+00:00, run_after=2021-01-01 00:00:00+00:00
[2024-09-11T13:35:21.078+0000] {processor.py:208} INFO - Processing /home/airflow/.local/lib/python3.12/site-packages/airflow/example_dags/example_xcom.py took 0.360 seconds
[2024-09-11T13:35:51.595+0000] {processor.py:186} INFO - Started process (PID=161) to work on /home/airflow/.local/lib/python3.12/site-packages/airflow/example_dags/example_xcom.py
[2024-09-11T13:35:51.596+0000] {processor.py:914} INFO - Processing file /home/airflow/.local/lib/python3.12/site-packages/airflow/example_dags/example_xcom.py for tasks to queue
[2024-09-11T13:35:51.598+0000] {logging_mixin.py:190} INFO - [2024-09-11T13:35:51.598+0000] {dagbag.py:587} INFO - Filling up the DagBag from /home/airflow/.local/lib/python3.12/site-packages/airflow/example_dags/example_xcom.py
[2024-09-11T13:35:51.609+0000] {processor.py:925} INFO - DAG(s) 'example_xcom' retrieved from /home/airflow/.local/lib/python3.12/site-packages/airflow/example_dags/example_xcom.py
[2024-09-11T13:35:51.632+0000] {logging_mixin.py:190} INFO - [2024-09-11T13:35:51.632+0000] {dag.py:3229} INFO - Sync 1 DAGs
[2024-09-11T13:35:51.656+0000] {logging_mixin.py:190} INFO - [2024-09-11T13:35:51.656+0000] {dag.py:4156} INFO - Setting next_dagrun for example_xcom to 2021-01-01 00:00:00+00:00, run_after=2021-01-01 00:00:00+00:00
[2024-09-11T13:35:51.677+0000] {processor.py:208} INFO - Processing /home/airflow/.local/lib/python3.12/site-packages/airflow/example_dags/example_xcom.py took 0.089 seconds
[2024-09-11T13:36:21.803+0000] {processor.py:186} INFO - Started process (PID=223) to work on /home/airflow/.local/lib/python3.12/site-packages/airflow/example_dags/example_xcom.py
[2024-09-11T13:36:21.805+0000] {processor.py:914} INFO - Processing file /home/airflow/.local/lib/python3.12/site-packages/airflow/example_dags/example_xcom.py for tasks to queue
[2024-09-11T13:36:21.807+0000] {logging_mixin.py:190} INFO - [2024-09-11T13:36:21.807+0000] {dagbag.py:587} INFO - Filling up the DagBag from /home/airflow/.local/lib/python3.12/site-packages/airflow/example_dags/example_xcom.py
[2024-09-11T13:36:21.817+0000] {processor.py:925} INFO - DAG(s) 'example_xcom' retrieved from /home/airflow/.local/lib/python3.12/site-packages/airflow/example_dags/example_xcom.py
[2024-09-11T13:36:21.840+0000] {logging_mixin.py:190} INFO - [2024-09-11T13:36:21.840+0000] {dag.py:3229} INFO - Sync 1 DAGs
[2024-09-11T13:36:21.863+0000] {logging_mixin.py:190} INFO - [2024-09-11T13:36:21.863+0000] {dag.py:4156} INFO - Setting next_dagrun for example_xcom to 2021-01-01 00:00:00+00:00, run_after=2021-01-01 00:00:00+00:00
[2024-09-11T13:36:21.881+0000] {processor.py:208} INFO - Processing /home/airflow/.local/lib/python3.12/site-packages/airflow/example_dags/example_xcom.py took 0.084 seconds
[2024-09-11T13:36:52.571+0000] {processor.py:186} INFO - Started process (PID=285) to work on /home/airflow/.local/lib/python3.12/site-packages/airflow/example_dags/example_xcom.py
[2024-09-11T13:36:52.573+0000] {processor.py:914} INFO - Processing file /home/airflow/.local/lib/python3.12/site-packages/airflow/example_dags/example_xcom.py for tasks to queue
[2024-09-11T13:36:52.576+0000] {logging_mixin.py:190} INFO - [2024-09-11T13:36:52.576+0000] {dagbag.py:587} INFO - Filling up the DagBag from /home/airflow/.local/lib/python3.12/site-packages/airflow/example_dags/example_xcom.py
[2024-09-11T13:36:52.587+0000] {processor.py:925} INFO - DAG(s) 'example_xcom' retrieved from /home/airflow/.local/lib/python3.12/site-packages/airflow/example_dags/example_xcom.py
[2024-09-11T13:36:52.611+0000] {logging_mixin.py:190} INFO - [2024-09-11T13:36:52.611+0000] {dag.py:3229} INFO - Sync 1 DAGs
[2024-09-11T13:36:52.647+0000] {logging_mixin.py:190} INFO - [2024-09-11T13:36:52.647+0000] {dag.py:4156} INFO - Setting next_dagrun for example_xcom to 2021-01-01 00:00:00+00:00, run_after=2021-01-01 00:00:00+00:00
[2024-09-11T13:36:52.674+0000] {processor.py:208} INFO - Processing /home/airflow/.local/lib/python3.12/site-packages/airflow/example_dags/example_xcom.py took 0.110 seconds
[2024-09-11T13:37:23.072+0000] {processor.py:186} INFO - Started process (PID=347) to work on /home/airflow/.local/lib/python3.12/site-packages/airflow/example_dags/example_xcom.py
[2024-09-11T13:37:23.074+0000] {processor.py:914} INFO - Processing file /home/airflow/.local/lib/python3.12/site-packages/airflow/example_dags/example_xcom.py for tasks to queue
[2024-09-11T13:37:23.084+0000] {logging_mixin.py:190} INFO - [2024-09-11T13:37:23.083+0000] {dagbag.py:587} INFO - Filling up the DagBag from /home/airflow/.local/lib/python3.12/site-packages/airflow/example_dags/example_xcom.py
[2024-09-11T13:37:23.137+0000] {processor.py:925} INFO - DAG(s) 'example_xcom' retrieved from /home/airflow/.local/lib/python3.12/site-packages/airflow/example_dags/example_xcom.py
[2024-09-11T13:37:23.258+0000] {logging_mixin.py:190} INFO - [2024-09-11T13:37:23.257+0000] {dag.py:3229} INFO - Sync 1 DAGs
[2024-09-11T13:37:23.434+0000] {logging_mixin.py:190} INFO - [2024-09-11T13:37:23.434+0000] {dag.py:4156} INFO - Setting next_dagrun for example_xcom to 2021-01-01 00:00:00+00:00, run_after=2021-01-01 00:00:00+00:00
[2024-09-11T13:37:23.505+0000] {processor.py:208} INFO - Processing /home/airflow/.local/lib/python3.12/site-packages/airflow/example_dags/example_xcom.py took 0.449 seconds
[2024-09-11T13:37:53.656+0000] {processor.py:186} INFO - Started process (PID=409) to work on /home/airflow/.local/lib/python3.12/site-packages/airflow/example_dags/example_xcom.py
[2024-09-11T13:37:53.658+0000] {processor.py:914} INFO - Processing file /home/airflow/.local/lib/python3.12/site-packages/airflow/example_dags/example_xcom.py for tasks to queue
[2024-09-11T13:37:53.661+0000] {logging_mixin.py:190} INFO - [2024-09-11T13:37:53.661+0000] {dagbag.py:587} INFO - Filling up the DagBag from /home/airflow/.local/lib/python3.12/site-packages/airflow/example_dags/example_xcom.py
[2024-09-11T13:37:53.675+0000] {processor.py:925} INFO - DAG(s) 'example_xcom' retrieved from /home/airflow/.local/lib/python3.12/site-packages/airflow/example_dags/example_xcom.py
[2024-09-11T13:37:53.704+0000] {logging_mixin.py:190} INFO - [2024-09-11T13:37:53.704+0000] {dag.py:3229} INFO - Sync 1 DAGs
[2024-09-11T13:37:53.732+0000] {logging_mixin.py:190} INFO - [2024-09-11T13:37:53.731+0000] {dag.py:4156} INFO - Setting next_dagrun for example_xcom to 2021-01-01 00:00:00+00:00, run_after=2021-01-01 00:00:00+00:00
[2024-09-11T13:37:53.755+0000] {processor.py:208} INFO - Processing /home/airflow/.local/lib/python3.12/site-packages/airflow/example_dags/example_xcom.py took 0.110 seconds
[2024-09-11T13:38:23.976+0000] {processor.py:186} INFO - Started process (PID=471) to work on /home/airflow/.local/lib/python3.12/site-packages/airflow/example_dags/example_xcom.py
[2024-09-11T13:38:23.978+0000] {processor.py:914} INFO - Processing file /home/airflow/.local/lib/python3.12/site-packages/airflow/example_dags/example_xcom.py for tasks to queue
[2024-09-11T13:38:23.981+0000] {logging_mixin.py:190} INFO - [2024-09-11T13:38:23.980+0000] {dagbag.py:587} INFO - Filling up the DagBag from /home/airflow/.local/lib/python3.12/site-packages/airflow/example_dags/example_xcom.py
[2024-09-11T13:38:23.993+0000] {processor.py:925} INFO - DAG(s) 'example_xcom' retrieved from /home/airflow/.local/lib/python3.12/site-packages/airflow/example_dags/example_xcom.py
[2024-09-11T13:38:24.025+0000] {logging_mixin.py:190} INFO - [2024-09-11T13:38:24.025+0000] {dag.py:3229} INFO - Sync 1 DAGs
[2024-09-11T13:38:24.054+0000] {logging_mixin.py:190} INFO - [2024-09-11T13:38:24.054+0000] {dag.py:4156} INFO - Setting next_dagrun for example_xcom to 2021-01-01 00:00:00+00:00, run_after=2021-01-01 00:00:00+00:00
[2024-09-11T13:38:24.079+0000] {processor.py:208} INFO - Processing /home/airflow/.local/lib/python3.12/site-packages/airflow/example_dags/example_xcom.py took 0.110 seconds
[2024-09-11T13:38:54.353+0000] {processor.py:186} INFO - Started process (PID=533) to work on /home/airflow/.local/lib/python3.12/site-packages/airflow/example_dags/example_xcom.py
[2024-09-11T13:38:54.354+0000] {processor.py:914} INFO - Processing file /home/airflow/.local/lib/python3.12/site-packages/airflow/example_dags/example_xcom.py for tasks to queue
[2024-09-11T13:38:54.357+0000] {logging_mixin.py:190} INFO - [2024-09-11T13:38:54.357+0000] {dagbag.py:587} INFO - Filling up the DagBag from /home/airflow/.local/lib/python3.12/site-packages/airflow/example_dags/example_xcom.py
[2024-09-11T13:38:54.366+0000] {processor.py:925} INFO - DAG(s) 'example_xcom' retrieved from /home/airflow/.local/lib/python3.12/site-packages/airflow/example_dags/example_xcom.py
[2024-09-11T13:38:54.389+0000] {logging_mixin.py:190} INFO - [2024-09-11T13:38:54.389+0000] {dag.py:3229} INFO - Sync 1 DAGs
[2024-09-11T13:38:54.412+0000] {logging_mixin.py:190} INFO - [2024-09-11T13:38:54.412+0000] {dag.py:4156} INFO - Setting next_dagrun for example_xcom to 2021-01-01 00:00:00+00:00, run_after=2021-01-01 00:00:00+00:00
[2024-09-11T13:38:54.430+0000] {processor.py:208} INFO - Processing /home/airflow/.local/lib/python3.12/site-packages/airflow/example_dags/example_xcom.py took 0.083 seconds
[2024-09-11T13:39:24.875+0000] {processor.py:186} INFO - Started process (PID=595) to work on /home/airflow/.local/lib/python3.12/site-packages/airflow/example_dags/example_xcom.py
[2024-09-11T13:39:24.877+0000] {processor.py:914} INFO - Processing file /home/airflow/.local/lib/python3.12/site-packages/airflow/example_dags/example_xcom.py for tasks to queue
[2024-09-11T13:39:24.881+0000] {logging_mixin.py:190} INFO - [2024-09-11T13:39:24.880+0000] {dagbag.py:587} INFO - Filling up the DagBag from /home/airflow/.local/lib/python3.12/site-packages/airflow/example_dags/example_xcom.py
[2024-09-11T13:39:24.896+0000] {processor.py:925} INFO - DAG(s) 'example_xcom' retrieved from /home/airflow/.local/lib/python3.12/site-packages/airflow/example_dags/example_xcom.py
[2024-09-11T13:39:24.937+0000] {logging_mixin.py:190} INFO - [2024-09-11T13:39:24.937+0000] {dag.py:3229} INFO - Sync 1 DAGs
[2024-09-11T13:39:24.975+0000] {logging_mixin.py:190} INFO - [2024-09-11T13:39:24.974+0000] {dag.py:4156} INFO - Setting next_dagrun for example_xcom to 2021-01-01 00:00:00+00:00, run_after=2021-01-01 00:00:00+00:00
[2024-09-11T13:39:25.008+0000] {processor.py:208} INFO - Processing /home/airflow/.local/lib/python3.12/site-packages/airflow/example_dags/example_xcom.py took 0.143 seconds
[2024-09-11T13:39:56.420+0000] {processor.py:186} INFO - Started process (PID=657) to work on /home/airflow/.local/lib/python3.12/site-packages/airflow/example_dags/example_xcom.py
[2024-09-11T13:39:56.422+0000] {processor.py:914} INFO - Processing file /home/airflow/.local/lib/python3.12/site-packages/airflow/example_dags/example_xcom.py for tasks to queue
[2024-09-11T13:39:56.426+0000] {logging_mixin.py:190} INFO - [2024-09-11T13:39:56.426+0000] {dagbag.py:587} INFO - Filling up the DagBag from /home/airflow/.local/lib/python3.12/site-packages/airflow/example_dags/example_xcom.py
[2024-09-11T13:39:56.442+0000] {processor.py:925} INFO - DAG(s) 'example_xcom' retrieved from /home/airflow/.local/lib/python3.12/site-packages/airflow/example_dags/example_xcom.py
[2024-09-11T13:39:56.472+0000] {logging_mixin.py:190} INFO - [2024-09-11T13:39:56.472+0000] {dag.py:3229} INFO - Sync 1 DAGs
[2024-09-11T13:39:56.511+0000] {logging_mixin.py:190} INFO - [2024-09-11T13:39:56.511+0000] {dag.py:4156} INFO - Setting next_dagrun for example_xcom to 2021-01-01 00:00:00+00:00, run_after=2021-01-01 00:00:00+00:00
[2024-09-11T13:39:56.531+0000] {processor.py:208} INFO - Processing /home/airflow/.local/lib/python3.12/site-packages/airflow/example_dags/example_xcom.py took 0.119 seconds
[2024-09-11T13:40:27.238+0000] {processor.py:186} INFO - Started process (PID=719) to work on /home/airflow/.local/lib/python3.12/site-packages/airflow/example_dags/example_xcom.py
[2024-09-11T13:40:27.239+0000] {processor.py:914} INFO - Processing file /home/airflow/.local/lib/python3.12/site-packages/airflow/example_dags/example_xcom.py for tasks to queue
[2024-09-11T13:40:27.242+0000] {logging_mixin.py:190} INFO - [2024-09-11T13:40:27.242+0000] {dagbag.py:587} INFO - Filling up the DagBag from /home/airflow/.local/lib/python3.12/site-packages/airflow/example_dags/example_xcom.py
[2024-09-11T13:40:27.259+0000] {processor.py:925} INFO - DAG(s) 'example_xcom' retrieved from /home/airflow/.local/lib/python3.12/site-packages/airflow/example_dags/example_xcom.py
[2024-09-11T13:40:27.301+0000] {logging_mixin.py:190} INFO - [2024-09-11T13:40:27.301+0000] {dag.py:3229} INFO - Sync 1 DAGs
[2024-09-11T13:40:27.338+0000] {logging_mixin.py:190} INFO - [2024-09-11T13:40:27.338+0000] {dag.py:4156} INFO - Setting next_dagrun for example_xcom to 2021-01-01 00:00:00+00:00, run_after=2021-01-01 00:00:00+00:00
[2024-09-11T13:40:27.368+0000] {processor.py:208} INFO - Processing /home/airflow/.local/lib/python3.12/site-packages/airflow/example_dags/example_xcom.py took 0.139 seconds
[2024-09-11T13:40:57.608+0000] {processor.py:186} INFO - Started process (PID=781) to work on /home/airflow/.local/lib/python3.12/site-packages/airflow/example_dags/example_xcom.py
[2024-09-11T13:40:57.609+0000] {processor.py:914} INFO - Processing file /home/airflow/.local/lib/python3.12/site-packages/airflow/example_dags/example_xcom.py for tasks to queue
[2024-09-11T13:40:57.612+0000] {logging_mixin.py:190} INFO - [2024-09-11T13:40:57.612+0000] {dagbag.py:587} INFO - Filling up the DagBag from /home/airflow/.local/lib/python3.12/site-packages/airflow/example_dags/example_xcom.py
[2024-09-11T13:40:57.622+0000] {processor.py:925} INFO - DAG(s) 'example_xcom' retrieved from /home/airflow/.local/lib/python3.12/site-packages/airflow/example_dags/example_xcom.py
[2024-09-11T13:40:57.646+0000] {logging_mixin.py:190} INFO - [2024-09-11T13:40:57.646+0000] {dag.py:3229} INFO - Sync 1 DAGs
[2024-09-11T13:40:57.670+0000] {logging_mixin.py:190} INFO - [2024-09-11T13:40:57.670+0000] {dag.py:4156} INFO - Setting next_dagrun for example_xcom to 2021-01-01 00:00:00+00:00, run_after=2021-01-01 00:00:00+00:00
[2024-09-11T13:40:57.692+0000] {processor.py:208} INFO - Processing /home/airflow/.local/lib/python3.12/site-packages/airflow/example_dags/example_xcom.py took 0.090 seconds
[2024-09-11T13:41:28.400+0000] {processor.py:186} INFO - Started process (PID=843) to work on /home/airflow/.local/lib/python3.12/site-packages/airflow/example_dags/example_xcom.py
[2024-09-11T13:41:28.402+0000] {processor.py:914} INFO - Processing file /home/airflow/.local/lib/python3.12/site-packages/airflow/example_dags/example_xcom.py for tasks to queue
[2024-09-11T13:41:28.405+0000] {logging_mixin.py:190} INFO - [2024-09-11T13:41:28.405+0000] {dagbag.py:587} INFO - Filling up the DagBag from /home/airflow/.local/lib/python3.12/site-packages/airflow/example_dags/example_xcom.py
[2024-09-11T13:41:28.415+0000] {processor.py:925} INFO - DAG(s) 'example_xcom' retrieved from /home/airflow/.local/lib/python3.12/site-packages/airflow/example_dags/example_xcom.py
[2024-09-11T13:41:28.441+0000] {logging_mixin.py:190} INFO - [2024-09-11T13:41:28.440+0000] {dag.py:3229} INFO - Sync 1 DAGs
[2024-09-11T13:41:28.466+0000] {logging_mixin.py:190} INFO - [2024-09-11T13:41:28.466+0000] {dag.py:4156} INFO - Setting next_dagrun for example_xcom to 2021-01-01 00:00:00+00:00, run_after=2021-01-01 00:00:00+00:00
[2024-09-11T13:41:28.487+0000] {processor.py:208} INFO - Processing /home/airflow/.local/lib/python3.12/site-packages/airflow/example_dags/example_xcom.py took 0.098 seconds
[2024-09-11T13:41:58.658+0000] {processor.py:186} INFO - Started process (PID=905) to work on /home/airflow/.local/lib/python3.12/site-packages/airflow/example_dags/example_xcom.py
[2024-09-11T13:41:58.659+0000] {processor.py:914} INFO - Processing file /home/airflow/.local/lib/python3.12/site-packages/airflow/example_dags/example_xcom.py for tasks to queue
[2024-09-11T13:41:58.662+0000] {logging_mixin.py:190} INFO - [2024-09-11T13:41:58.662+0000] {dagbag.py:587} INFO - Filling up the DagBag from /home/airflow/.local/lib/python3.12/site-packages/airflow/example_dags/example_xcom.py
[2024-09-11T13:41:58.674+0000] {processor.py:925} INFO - DAG(s) 'example_xcom' retrieved from /home/airflow/.local/lib/python3.12/site-packages/airflow/example_dags/example_xcom.py
[2024-09-11T13:41:58.701+0000] {logging_mixin.py:190} INFO - [2024-09-11T13:41:58.700+0000] {dag.py:3229} INFO - Sync 1 DAGs
[2024-09-11T13:41:58.731+0000] {logging_mixin.py:190} INFO - [2024-09-11T13:41:58.730+0000] {dag.py:4156} INFO - Setting next_dagrun for example_xcom to 2021-01-01 00:00:00+00:00, run_after=2021-01-01 00:00:00+00:00
[2024-09-11T13:41:58.753+0000] {processor.py:208} INFO - Processing /home/airflow/.local/lib/python3.12/site-packages/airflow/example_dags/example_xcom.py took 0.102 seconds
[2024-09-11T13:42:29.522+0000] {processor.py:186} INFO - Started process (PID=967) to work on /home/airflow/.local/lib/python3.12/site-packages/airflow/example_dags/example_xcom.py
[2024-09-11T13:42:29.523+0000] {processor.py:914} INFO - Processing file /home/airflow/.local/lib/python3.12/site-packages/airflow/example_dags/example_xcom.py for tasks to queue
[2024-09-11T13:42:29.525+0000] {logging_mixin.py:190} INFO - [2024-09-11T13:42:29.525+0000] {dagbag.py:587} INFO - Filling up the DagBag from /home/airflow/.local/lib/python3.12/site-packages/airflow/example_dags/example_xcom.py
[2024-09-11T13:42:29.535+0000] {processor.py:925} INFO - DAG(s) 'example_xcom' retrieved from /home/airflow/.local/lib/python3.12/site-packages/airflow/example_dags/example_xcom.py
[2024-09-11T13:42:29.559+0000] {logging_mixin.py:190} INFO - [2024-09-11T13:42:29.559+0000] {dag.py:3229} INFO - Sync 1 DAGs
[2024-09-11T13:42:29.584+0000] {logging_mixin.py:190} INFO - [2024-09-11T13:42:29.583+0000] {dag.py:4156} INFO - Setting next_dagrun for example_xcom to 2021-01-01 00:00:00+00:00, run_after=2021-01-01 00:00:00+00:00
[2024-09-11T13:42:29.607+0000] {processor.py:208} INFO - Processing /home/airflow/.local/lib/python3.12/site-packages/airflow/example_dags/example_xcom.py took 0.092 seconds
[2024-09-11T13:43:00.212+0000] {processor.py:186} INFO - Started process (PID=1029) to work on /home/airflow/.local/lib/python3.12/site-packages/airflow/example_dags/example_xcom.py
[2024-09-11T13:43:00.214+0000] {processor.py:914} INFO - Processing file /home/airflow/.local/lib/python3.12/site-packages/airflow/example_dags/example_xcom.py for tasks to queue
[2024-09-11T13:43:00.216+0000] {logging_mixin.py:190} INFO - [2024-09-11T13:43:00.216+0000] {dagbag.py:587} INFO - Filling up the DagBag from /home/airflow/.local/lib/python3.12/site-packages/airflow/example_dags/example_xcom.py
[2024-09-11T13:43:00.226+0000] {processor.py:925} INFO - DAG(s) 'example_xcom' retrieved from /home/airflow/.local/lib/python3.12/site-packages/airflow/example_dags/example_xcom.py
[2024-09-11T13:43:00.249+0000] {logging_mixin.py:190} INFO - [2024-09-11T13:43:00.249+0000] {dag.py:3229} INFO - Sync 1 DAGs
[2024-09-11T13:43:00.273+0000] {logging_mixin.py:190} INFO - [2024-09-11T13:43:00.273+0000] {dag.py:4156} INFO - Setting next_dagrun for example_xcom to 2021-01-01 00:00:00+00:00, run_after=2021-01-01 00:00:00+00:00
[2024-09-11T13:43:00.294+0000] {processor.py:208} INFO - Processing /home/airflow/.local/lib/python3.12/site-packages/airflow/example_dags/example_xcom.py took 0.088 seconds
[2024-09-11T13:43:30.399+0000] {processor.py:186} INFO - Started process (PID=1090) to work on /home/airflow/.local/lib/python3.12/site-packages/airflow/example_dags/example_xcom.py
[2024-09-11T13:43:30.401+0000] {processor.py:914} INFO - Processing file /home/airflow/.local/lib/python3.12/site-packages/airflow/example_dags/example_xcom.py for tasks to queue
[2024-09-11T13:43:30.404+0000] {logging_mixin.py:190} INFO - [2024-09-11T13:43:30.404+0000] {dagbag.py:587} INFO - Filling up the DagBag from /home/airflow/.local/lib/python3.12/site-packages/airflow/example_dags/example_xcom.py
[2024-09-11T13:43:30.414+0000] {processor.py:925} INFO - DAG(s) 'example_xcom' retrieved from /home/airflow/.local/lib/python3.12/site-packages/airflow/example_dags/example_xcom.py
[2024-09-11T13:43:30.437+0000] {logging_mixin.py:190} INFO - [2024-09-11T13:43:30.437+0000] {dag.py:3229} INFO - Sync 1 DAGs
[2024-09-11T13:43:30.460+0000] {logging_mixin.py:190} INFO - [2024-09-11T13:43:30.460+0000] {dag.py:4156} INFO - Setting next_dagrun for example_xcom to 2021-01-01 00:00:00+00:00, run_after=2021-01-01 00:00:00+00:00
[2024-09-11T13:43:30.480+0000] {processor.py:208} INFO - Processing /home/airflow/.local/lib/python3.12/site-packages/airflow/example_dags/example_xcom.py took 0.089 seconds
[2024-09-11T13:44:00.980+0000] {processor.py:186} INFO - Started process (PID=1153) to work on /home/airflow/.local/lib/python3.12/site-packages/airflow/example_dags/example_xcom.py
[2024-09-11T13:44:00.981+0000] {processor.py:914} INFO - Processing file /home/airflow/.local/lib/python3.12/site-packages/airflow/example_dags/example_xcom.py for tasks to queue
[2024-09-11T13:44:00.984+0000] {logging_mixin.py:190} INFO - [2024-09-11T13:44:00.984+0000] {dagbag.py:587} INFO - Filling up the DagBag from /home/airflow/.local/lib/python3.12/site-packages/airflow/example_dags/example_xcom.py
[2024-09-11T13:44:00.995+0000] {processor.py:925} INFO - DAG(s) 'example_xcom' retrieved from /home/airflow/.local/lib/python3.12/site-packages/airflow/example_dags/example_xcom.py
[2024-09-11T13:44:01.027+0000] {logging_mixin.py:190} INFO - [2024-09-11T13:44:01.026+0000] {dag.py:3229} INFO - Sync 1 DAGs
[2024-09-11T13:44:01.057+0000] {logging_mixin.py:190} INFO - [2024-09-11T13:44:01.057+0000] {dag.py:4156} INFO - Setting next_dagrun for example_xcom to 2021-01-01 00:00:00+00:00, run_after=2021-01-01 00:00:00+00:00
[2024-09-11T13:44:01.081+0000] {processor.py:208} INFO - Processing /home/airflow/.local/lib/python3.12/site-packages/airflow/example_dags/example_xcom.py took 0.108 seconds
[2024-09-11T13:44:31.549+0000] {processor.py:186} INFO - Started process (PID=1215) to work on /home/airflow/.local/lib/python3.12/site-packages/airflow/example_dags/example_xcom.py
[2024-09-11T13:44:31.550+0000] {processor.py:914} INFO - Processing file /home/airflow/.local/lib/python3.12/site-packages/airflow/example_dags/example_xcom.py for tasks to queue
[2024-09-11T13:44:31.553+0000] {logging_mixin.py:190} INFO - [2024-09-11T13:44:31.552+0000] {dagbag.py:587} INFO - Filling up the DagBag from /home/airflow/.local/lib/python3.12/site-packages/airflow/example_dags/example_xcom.py
[2024-09-11T13:44:31.563+0000] {processor.py:925} INFO - DAG(s) 'example_xcom' retrieved from /home/airflow/.local/lib/python3.12/site-packages/airflow/example_dags/example_xcom.py
[2024-09-11T13:44:31.590+0000] {logging_mixin.py:190} INFO - [2024-09-11T13:44:31.590+0000] {dag.py:3229} INFO - Sync 1 DAGs
[2024-09-11T13:44:31.620+0000] {logging_mixin.py:190} INFO - [2024-09-11T13:44:31.620+0000] {dag.py:4156} INFO - Setting next_dagrun for example_xcom to 2021-01-01 00:00:00+00:00, run_after=2021-01-01 00:00:00+00:00
[2024-09-11T13:44:31.646+0000] {processor.py:208} INFO - Processing /home/airflow/.local/lib/python3.12/site-packages/airflow/example_dags/example_xcom.py took 0.104 seconds
[2024-09-11T13:45:01.883+0000] {processor.py:186} INFO - Started process (PID=1277) to work on /home/airflow/.local/lib/python3.12/site-packages/airflow/example_dags/example_xcom.py
[2024-09-11T13:45:01.884+0000] {processor.py:914} INFO - Processing file /home/airflow/.local/lib/python3.12/site-packages/airflow/example_dags/example_xcom.py for tasks to queue
[2024-09-11T13:45:01.887+0000] {logging_mixin.py:190} INFO - [2024-09-11T13:45:01.887+0000] {dagbag.py:587} INFO - Filling up the DagBag from /home/airflow/.local/lib/python3.12/site-packages/airflow/example_dags/example_xcom.py
[2024-09-11T13:45:01.897+0000] {processor.py:925} INFO - DAG(s) 'example_xcom' retrieved from /home/airflow/.local/lib/python3.12/site-packages/airflow/example_dags/example_xcom.py
[2024-09-11T13:45:01.921+0000] {logging_mixin.py:190} INFO - [2024-09-11T13:45:01.921+0000] {dag.py:3229} INFO - Sync 1 DAGs
[2024-09-11T13:45:01.946+0000] {logging_mixin.py:190} INFO - [2024-09-11T13:45:01.946+0000] {dag.py:4156} INFO - Setting next_dagrun for example_xcom to 2021-01-01 00:00:00+00:00, run_after=2021-01-01 00:00:00+00:00
[2024-09-11T13:45:01.967+0000] {processor.py:208} INFO - Processing /home/airflow/.local/lib/python3.12/site-packages/airflow/example_dags/example_xcom.py took 0.093 seconds
[2024-09-11T13:45:32.554+0000] {processor.py:186} INFO - Started process (PID=1339) to work on /home/airflow/.local/lib/python3.12/site-packages/airflow/example_dags/example_xcom.py
[2024-09-11T13:45:32.556+0000] {processor.py:914} INFO - Processing file /home/airflow/.local/lib/python3.12/site-packages/airflow/example_dags/example_xcom.py for tasks to queue
[2024-09-11T13:45:32.559+0000] {logging_mixin.py:190} INFO - [2024-09-11T13:45:32.559+0000] {dagbag.py:587} INFO - Filling up the DagBag from /home/airflow/.local/lib/python3.12/site-packages/airflow/example_dags/example_xcom.py
[2024-09-11T13:45:32.571+0000] {processor.py:925} INFO - DAG(s) 'example_xcom' retrieved from /home/airflow/.local/lib/python3.12/site-packages/airflow/example_dags/example_xcom.py
[2024-09-11T13:45:32.596+0000] {logging_mixin.py:190} INFO - [2024-09-11T13:45:32.596+0000] {dag.py:3229} INFO - Sync 1 DAGs
[2024-09-11T13:45:32.620+0000] {logging_mixin.py:190} INFO - [2024-09-11T13:45:32.620+0000] {dag.py:4156} INFO - Setting next_dagrun for example_xcom to 2021-01-01 00:00:00+00:00, run_after=2021-01-01 00:00:00+00:00
[2024-09-11T13:45:32.641+0000] {processor.py:208} INFO - Processing /home/airflow/.local/lib/python3.12/site-packages/airflow/example_dags/example_xcom.py took 0.094 seconds
[2024-09-11T13:46:03.117+0000] {processor.py:186} INFO - Started process (PID=1401) to work on /home/airflow/.local/lib/python3.12/site-packages/airflow/example_dags/example_xcom.py
[2024-09-11T13:46:03.119+0000] {processor.py:914} INFO - Processing file /home/airflow/.local/lib/python3.12/site-packages/airflow/example_dags/example_xcom.py for tasks to queue
[2024-09-11T13:46:03.121+0000] {logging_mixin.py:190} INFO - [2024-09-11T13:46:03.121+0000] {dagbag.py:587} INFO - Filling up the DagBag from /home/airflow/.local/lib/python3.12/site-packages/airflow/example_dags/example_xcom.py
[2024-09-11T13:46:03.131+0000] {processor.py:925} INFO - DAG(s) 'example_xcom' retrieved from /home/airflow/.local/lib/python3.12/site-packages/airflow/example_dags/example_xcom.py
[2024-09-11T13:46:03.155+0000] {logging_mixin.py:190} INFO - [2024-09-11T13:46:03.155+0000] {dag.py:3229} INFO - Sync 1 DAGs
[2024-09-11T13:46:03.179+0000] {logging_mixin.py:190} INFO - [2024-09-11T13:46:03.178+0000] {dag.py:4156} INFO - Setting next_dagrun for example_xcom to 2021-01-01 00:00:00+00:00, run_after=2021-01-01 00:00:00+00:00
[2024-09-11T13:46:03.200+0000] {processor.py:208} INFO - Processing /home/airflow/.local/lib/python3.12/site-packages/airflow/example_dags/example_xcom.py took 0.089 seconds
[2024-09-11T13:46:33.925+0000] {processor.py:186} INFO - Started process (PID=1463) to work on /home/airflow/.local/lib/python3.12/site-packages/airflow/example_dags/example_xcom.py
[2024-09-11T13:46:33.926+0000] {processor.py:914} INFO - Processing file /home/airflow/.local/lib/python3.12/site-packages/airflow/example_dags/example_xcom.py for tasks to queue
[2024-09-11T13:46:33.930+0000] {logging_mixin.py:190} INFO - [2024-09-11T13:46:33.929+0000] {dagbag.py:587} INFO - Filling up the DagBag from /home/airflow/.local/lib/python3.12/site-packages/airflow/example_dags/example_xcom.py
[2024-09-11T13:46:33.940+0000] {processor.py:925} INFO - DAG(s) 'example_xcom' retrieved from /home/airflow/.local/lib/python3.12/site-packages/airflow/example_dags/example_xcom.py
[2024-09-11T13:46:33.965+0000] {logging_mixin.py:190} INFO - [2024-09-11T13:46:33.965+0000] {dag.py:3229} INFO - Sync 1 DAGs
[2024-09-11T13:46:33.990+0000] {logging_mixin.py:190} INFO - [2024-09-11T13:46:33.989+0000] {dag.py:4156} INFO - Setting next_dagrun for example_xcom to 2021-01-01 00:00:00+00:00, run_after=2021-01-01 00:00:00+00:00
[2024-09-11T13:46:34.011+0000] {processor.py:208} INFO - Processing /home/airflow/.local/lib/python3.12/site-packages/airflow/example_dags/example_xcom.py took 0.095 seconds
[2024-09-11T13:47:04.585+0000] {processor.py:186} INFO - Started process (PID=1525) to work on /home/airflow/.local/lib/python3.12/site-packages/airflow/example_dags/example_xcom.py
[2024-09-11T13:47:04.587+0000] {processor.py:914} INFO - Processing file /home/airflow/.local/lib/python3.12/site-packages/airflow/example_dags/example_xcom.py for tasks to queue
[2024-09-11T13:47:04.590+0000] {logging_mixin.py:190} INFO - [2024-09-11T13:47:04.590+0000] {dagbag.py:587} INFO - Filling up the DagBag from /home/airflow/.local/lib/python3.12/site-packages/airflow/example_dags/example_xcom.py
[2024-09-11T13:47:04.600+0000] {processor.py:925} INFO - DAG(s) 'example_xcom' retrieved from /home/airflow/.local/lib/python3.12/site-packages/airflow/example_dags/example_xcom.py
[2024-09-11T13:47:04.626+0000] {logging_mixin.py:190} INFO - [2024-09-11T13:47:04.626+0000] {dag.py:3229} INFO - Sync 1 DAGs
[2024-09-11T13:47:04.658+0000] {logging_mixin.py:190} INFO - [2024-09-11T13:47:04.658+0000] {dag.py:4156} INFO - Setting next_dagrun for example_xcom to 2021-01-01 00:00:00+00:00, run_after=2021-01-01 00:00:00+00:00
[2024-09-11T13:47:04.678+0000] {processor.py:208} INFO - Processing /home/airflow/.local/lib/python3.12/site-packages/airflow/example_dags/example_xcom.py took 0.101 seconds
[2024-09-11T13:47:34.925+0000] {processor.py:186} INFO - Started process (PID=1587) to work on /home/airflow/.local/lib/python3.12/site-packages/airflow/example_dags/example_xcom.py
[2024-09-11T13:47:34.926+0000] {processor.py:914} INFO - Processing file /home/airflow/.local/lib/python3.12/site-packages/airflow/example_dags/example_xcom.py for tasks to queue
[2024-09-11T13:47:34.929+0000] {logging_mixin.py:190} INFO - [2024-09-11T13:47:34.929+0000] {dagbag.py:587} INFO - Filling up the DagBag from /home/airflow/.local/lib/python3.12/site-packages/airflow/example_dags/example_xcom.py
[2024-09-11T13:47:34.939+0000] {processor.py:925} INFO - DAG(s) 'example_xcom' retrieved from /home/airflow/.local/lib/python3.12/site-packages/airflow/example_dags/example_xcom.py
[2024-09-11T13:47:34.963+0000] {logging_mixin.py:190} INFO - [2024-09-11T13:47:34.963+0000] {dag.py:3229} INFO - Sync 1 DAGs
[2024-09-11T13:47:34.987+0000] {logging_mixin.py:190} INFO - [2024-09-11T13:47:34.987+0000] {dag.py:4156} INFO - Setting next_dagrun for example_xcom to 2021-01-01 00:00:00+00:00, run_after=2021-01-01 00:00:00+00:00
[2024-09-11T13:47:35.009+0000] {processor.py:208} INFO - Processing /home/airflow/.local/lib/python3.12/site-packages/airflow/example_dags/example_xcom.py took 0.092 seconds
[2024-09-11T13:48:05.341+0000] {processor.py:186} INFO - Started process (PID=1649) to work on /home/airflow/.local/lib/python3.12/site-packages/airflow/example_dags/example_xcom.py
[2024-09-11T13:48:05.342+0000] {processor.py:914} INFO - Processing file /home/airflow/.local/lib/python3.12/site-packages/airflow/example_dags/example_xcom.py for tasks to queue
[2024-09-11T13:48:05.345+0000] {logging_mixin.py:190} INFO - [2024-09-11T13:48:05.345+0000] {dagbag.py:587} INFO - Filling up the DagBag from /home/airflow/.local/lib/python3.12/site-packages/airflow/example_dags/example_xcom.py
[2024-09-11T13:48:05.360+0000] {processor.py:925} INFO - DAG(s) 'example_xcom' retrieved from /home/airflow/.local/lib/python3.12/site-packages/airflow/example_dags/example_xcom.py
[2024-09-11T13:48:05.383+0000] {logging_mixin.py:190} INFO - [2024-09-11T13:48:05.383+0000] {dag.py:3229} INFO - Sync 1 DAGs
[2024-09-11T13:48:05.410+0000] {logging_mixin.py:190} INFO - [2024-09-11T13:48:05.410+0000] {dag.py:4156} INFO - Setting next_dagrun for example_xcom to 2021-01-01 00:00:00+00:00, run_after=2021-01-01 00:00:00+00:00
[2024-09-11T13:48:05.433+0000] {processor.py:208} INFO - Processing /home/airflow/.local/lib/python3.12/site-packages/airflow/example_dags/example_xcom.py took 0.099 seconds
[2024-09-11T13:48:35.717+0000] {processor.py:186} INFO - Started process (PID=1711) to work on /home/airflow/.local/lib/python3.12/site-packages/airflow/example_dags/example_xcom.py
[2024-09-11T13:48:35.718+0000] {processor.py:914} INFO - Processing file /home/airflow/.local/lib/python3.12/site-packages/airflow/example_dags/example_xcom.py for tasks to queue
[2024-09-11T13:48:35.720+0000] {logging_mixin.py:190} INFO - [2024-09-11T13:48:35.720+0000] {dagbag.py:587} INFO - Filling up the DagBag from /home/airflow/.local/lib/python3.12/site-packages/airflow/example_dags/example_xcom.py
[2024-09-11T13:48:35.730+0000] {processor.py:925} INFO - DAG(s) 'example_xcom' retrieved from /home/airflow/.local/lib/python3.12/site-packages/airflow/example_dags/example_xcom.py
[2024-09-11T13:48:35.753+0000] {logging_mixin.py:190} INFO - [2024-09-11T13:48:35.753+0000] {dag.py:3229} INFO - Sync 1 DAGs
[2024-09-11T13:48:35.795+0000] {logging_mixin.py:190} INFO - [2024-09-11T13:48:35.795+0000] {dag.py:4156} INFO - Setting next_dagrun for example_xcom to 2021-01-01 00:00:00+00:00, run_after=2021-01-01 00:00:00+00:00
[2024-09-11T13:48:35.815+0000] {processor.py:208} INFO - Processing /home/airflow/.local/lib/python3.12/site-packages/airflow/example_dags/example_xcom.py took 0.105 seconds
[2024-09-11T13:49:05.950+0000] {processor.py:186} INFO - Started process (PID=1773) to work on /home/airflow/.local/lib/python3.12/site-packages/airflow/example_dags/example_xcom.py
[2024-09-11T13:49:05.952+0000] {processor.py:914} INFO - Processing file /home/airflow/.local/lib/python3.12/site-packages/airflow/example_dags/example_xcom.py for tasks to queue
[2024-09-11T13:49:05.955+0000] {logging_mixin.py:190} INFO - [2024-09-11T13:49:05.954+0000] {dagbag.py:587} INFO - Filling up the DagBag from /home/airflow/.local/lib/python3.12/site-packages/airflow/example_dags/example_xcom.py
[2024-09-11T13:49:05.965+0000] {processor.py:925} INFO - DAG(s) 'example_xcom' retrieved from /home/airflow/.local/lib/python3.12/site-packages/airflow/example_dags/example_xcom.py
[2024-09-11T13:49:05.988+0000] {logging_mixin.py:190} INFO - [2024-09-11T13:49:05.988+0000] {dag.py:3229} INFO - Sync 1 DAGs
[2024-09-11T13:49:06.016+0000] {logging_mixin.py:190} INFO - [2024-09-11T13:49:06.016+0000] {dag.py:4156} INFO - Setting next_dagrun for example_xcom to 2021-01-01 00:00:00+00:00, run_after=2021-01-01 00:00:00+00:00
[2024-09-11T13:49:06.036+0000] {processor.py:208} INFO - Processing /home/airflow/.local/lib/python3.12/site-packages/airflow/example_dags/example_xcom.py took 0.094 seconds
[2024-09-11T13:49:37.231+0000] {processor.py:186} INFO - Started process (PID=1835) to work on /home/airflow/.local/lib/python3.12/site-packages/airflow/example_dags/example_xcom.py
[2024-09-11T13:49:37.232+0000] {processor.py:914} INFO - Processing file /home/airflow/.local/lib/python3.12/site-packages/airflow/example_dags/example_xcom.py for tasks to queue
[2024-09-11T13:49:37.235+0000] {logging_mixin.py:190} INFO - [2024-09-11T13:49:37.235+0000] {dagbag.py:587} INFO - Filling up the DagBag from /home/airflow/.local/lib/python3.12/site-packages/airflow/example_dags/example_xcom.py
[2024-09-11T13:49:37.245+0000] {processor.py:925} INFO - DAG(s) 'example_xcom' retrieved from /home/airflow/.local/lib/python3.12/site-packages/airflow/example_dags/example_xcom.py
[2024-09-11T13:49:37.271+0000] {logging_mixin.py:190} INFO - [2024-09-11T13:49:37.271+0000] {dag.py:3229} INFO - Sync 1 DAGs
[2024-09-11T13:49:37.296+0000] {logging_mixin.py:190} INFO - [2024-09-11T13:49:37.296+0000] {dag.py:4156} INFO - Setting next_dagrun for example_xcom to 2021-01-01 00:00:00+00:00, run_after=2021-01-01 00:00:00+00:00
[2024-09-11T13:49:37.316+0000] {processor.py:208} INFO - Processing /home/airflow/.local/lib/python3.12/site-packages/airflow/example_dags/example_xcom.py took 0.091 seconds
[2024-09-11T13:50:08.234+0000] {processor.py:186} INFO - Started process (PID=1897) to work on /home/airflow/.local/lib/python3.12/site-packages/airflow/example_dags/example_xcom.py
[2024-09-11T13:50:08.236+0000] {processor.py:914} INFO - Processing file /home/airflow/.local/lib/python3.12/site-packages/airflow/example_dags/example_xcom.py for tasks to queue
[2024-09-11T13:50:08.238+0000] {logging_mixin.py:190} INFO - [2024-09-11T13:50:08.238+0000] {dagbag.py:587} INFO - Filling up the DagBag from /home/airflow/.local/lib/python3.12/site-packages/airflow/example_dags/example_xcom.py
[2024-09-11T13:50:08.248+0000] {processor.py:925} INFO - DAG(s) 'example_xcom' retrieved from /home/airflow/.local/lib/python3.12/site-packages/airflow/example_dags/example_xcom.py
[2024-09-11T13:50:08.271+0000] {logging_mixin.py:190} INFO - [2024-09-11T13:50:08.271+0000] {dag.py:3229} INFO - Sync 1 DAGs
[2024-09-11T13:50:08.295+0000] {logging_mixin.py:190} INFO - [2024-09-11T13:50:08.295+0000] {dag.py:4156} INFO - Setting next_dagrun for example_xcom to 2021-01-01 00:00:00+00:00, run_after=2021-01-01 00:00:00+00:00
[2024-09-11T13:50:08.316+0000] {processor.py:208} INFO - Processing /home/airflow/.local/lib/python3.12/site-packages/airflow/example_dags/example_xcom.py took 0.089 seconds
[2024-09-11T13:50:39.582+0000] {processor.py:186} INFO - Started process (PID=1959) to work on /home/airflow/.local/lib/python3.12/site-packages/airflow/example_dags/example_xcom.py
[2024-09-11T13:50:39.583+0000] {processor.py:914} INFO - Processing file /home/airflow/.local/lib/python3.12/site-packages/airflow/example_dags/example_xcom.py for tasks to queue
[2024-09-11T13:50:39.586+0000] {logging_mixin.py:190} INFO - [2024-09-11T13:50:39.586+0000] {dagbag.py:587} INFO - Filling up the DagBag from /home/airflow/.local/lib/python3.12/site-packages/airflow/example_dags/example_xcom.py
[2024-09-11T13:50:39.596+0000] {processor.py:925} INFO - DAG(s) 'example_xcom' retrieved from /home/airflow/.local/lib/python3.12/site-packages/airflow/example_dags/example_xcom.py
[2024-09-11T13:50:39.620+0000] {logging_mixin.py:190} INFO - [2024-09-11T13:50:39.619+0000] {dag.py:3229} INFO - Sync 1 DAGs
[2024-09-11T13:50:39.644+0000] {logging_mixin.py:190} INFO - [2024-09-11T13:50:39.643+0000] {dag.py:4156} INFO - Setting next_dagrun for example_xcom to 2021-01-01 00:00:00+00:00, run_after=2021-01-01 00:00:00+00:00
[2024-09-11T13:50:39.665+0000] {processor.py:208} INFO - Processing /home/airflow/.local/lib/python3.12/site-packages/airflow/example_dags/example_xcom.py took 0.089 seconds
[2024-09-11T13:51:11.615+0000] {processor.py:186} INFO - Started process (PID=2021) to work on /home/airflow/.local/lib/python3.12/site-packages/airflow/example_dags/example_xcom.py
[2024-09-11T13:51:11.617+0000] {processor.py:914} INFO - Processing file /home/airflow/.local/lib/python3.12/site-packages/airflow/example_dags/example_xcom.py for tasks to queue
[2024-09-11T13:51:11.631+0000] {logging_mixin.py:190} INFO - [2024-09-11T13:51:11.631+0000] {dagbag.py:587} INFO - Filling up the DagBag from /home/airflow/.local/lib/python3.12/site-packages/airflow/example_dags/example_xcom.py
[2024-09-11T13:51:11.664+0000] {processor.py:925} INFO - DAG(s) 'example_xcom' retrieved from /home/airflow/.local/lib/python3.12/site-packages/airflow/example_dags/example_xcom.py
[2024-09-11T13:51:11.729+0000] {logging_mixin.py:190} INFO - [2024-09-11T13:51:11.728+0000] {dag.py:3229} INFO - Sync 1 DAGs
[2024-09-11T13:51:11.826+0000] {logging_mixin.py:190} INFO - [2024-09-11T13:51:11.825+0000] {dag.py:4156} INFO - Setting next_dagrun for example_xcom to 2021-01-01 00:00:00+00:00, run_after=2021-01-01 00:00:00+00:00
[2024-09-11T13:51:11.864+0000] {processor.py:208} INFO - Processing /home/airflow/.local/lib/python3.12/site-packages/airflow/example_dags/example_xcom.py took 0.261 seconds
[2024-09-11T13:51:42.036+0000] {processor.py:186} INFO - Started process (PID=2083) to work on /home/airflow/.local/lib/python3.12/site-packages/airflow/example_dags/example_xcom.py
[2024-09-11T13:51:42.037+0000] {processor.py:914} INFO - Processing file /home/airflow/.local/lib/python3.12/site-packages/airflow/example_dags/example_xcom.py for tasks to queue
[2024-09-11T13:51:42.040+0000] {logging_mixin.py:190} INFO - [2024-09-11T13:51:42.039+0000] {dagbag.py:587} INFO - Filling up the DagBag from /home/airflow/.local/lib/python3.12/site-packages/airflow/example_dags/example_xcom.py
[2024-09-11T13:51:42.055+0000] {processor.py:925} INFO - DAG(s) 'example_xcom' retrieved from /home/airflow/.local/lib/python3.12/site-packages/airflow/example_dags/example_xcom.py
[2024-09-11T13:51:42.083+0000] {logging_mixin.py:190} INFO - [2024-09-11T13:51:42.083+0000] {dag.py:3229} INFO - Sync 1 DAGs
[2024-09-11T13:51:42.114+0000] {logging_mixin.py:190} INFO - [2024-09-11T13:51:42.114+0000] {dag.py:4156} INFO - Setting next_dagrun for example_xcom to 2021-01-01 00:00:00+00:00, run_after=2021-01-01 00:00:00+00:00
[2024-09-11T13:51:42.139+0000] {processor.py:208} INFO - Processing /home/airflow/.local/lib/python3.12/site-packages/airflow/example_dags/example_xcom.py took 0.113 seconds
[2024-09-11T13:52:13.548+0000] {processor.py:186} INFO - Started process (PID=2145) to work on /home/airflow/.local/lib/python3.12/site-packages/airflow/example_dags/example_xcom.py
[2024-09-11T13:52:13.549+0000] {processor.py:914} INFO - Processing file /home/airflow/.local/lib/python3.12/site-packages/airflow/example_dags/example_xcom.py for tasks to queue
[2024-09-11T13:52:13.554+0000] {logging_mixin.py:190} INFO - [2024-09-11T13:52:13.553+0000] {dagbag.py:587} INFO - Filling up the DagBag from /home/airflow/.local/lib/python3.12/site-packages/airflow/example_dags/example_xcom.py
[2024-09-11T13:52:13.566+0000] {processor.py:925} INFO - DAG(s) 'example_xcom' retrieved from /home/airflow/.local/lib/python3.12/site-packages/airflow/example_dags/example_xcom.py
[2024-09-11T13:52:13.596+0000] {logging_mixin.py:190} INFO - [2024-09-11T13:52:13.596+0000] {dag.py:3229} INFO - Sync 1 DAGs
[2024-09-11T13:52:13.631+0000] {logging_mixin.py:190} INFO - [2024-09-11T13:52:13.631+0000] {dag.py:4156} INFO - Setting next_dagrun for example_xcom to 2021-01-01 00:00:00+00:00, run_after=2021-01-01 00:00:00+00:00
[2024-09-11T13:52:13.659+0000] {processor.py:208} INFO - Processing /home/airflow/.local/lib/python3.12/site-packages/airflow/example_dags/example_xcom.py took 0.122 seconds
[2024-09-11T13:52:45.336+0000] {processor.py:186} INFO - Started process (PID=2208) to work on /home/airflow/.local/lib/python3.12/site-packages/airflow/example_dags/example_xcom.py
[2024-09-11T13:52:45.337+0000] {processor.py:914} INFO - Processing file /home/airflow/.local/lib/python3.12/site-packages/airflow/example_dags/example_xcom.py for tasks to queue
[2024-09-11T13:52:45.340+0000] {logging_mixin.py:190} INFO - [2024-09-11T13:52:45.340+0000] {dagbag.py:587} INFO - Filling up the DagBag from /home/airflow/.local/lib/python3.12/site-packages/airflow/example_dags/example_xcom.py
[2024-09-11T13:52:45.356+0000] {processor.py:925} INFO - DAG(s) 'example_xcom' retrieved from /home/airflow/.local/lib/python3.12/site-packages/airflow/example_dags/example_xcom.py
[2024-09-11T13:52:45.389+0000] {logging_mixin.py:190} INFO - [2024-09-11T13:52:45.389+0000] {dag.py:3229} INFO - Sync 1 DAGs
[2024-09-11T13:52:45.420+0000] {logging_mixin.py:190} INFO - [2024-09-11T13:52:45.420+0000] {dag.py:4156} INFO - Setting next_dagrun for example_xcom to 2021-01-01 00:00:00+00:00, run_after=2021-01-01 00:00:00+00:00
[2024-09-11T13:52:45.450+0000] {processor.py:208} INFO - Processing /home/airflow/.local/lib/python3.12/site-packages/airflow/example_dags/example_xcom.py took 0.121 seconds
[2024-09-11T13:53:17.373+0000] {processor.py:186} INFO - Started process (PID=2270) to work on /home/airflow/.local/lib/python3.12/site-packages/airflow/example_dags/example_xcom.py
[2024-09-11T13:53:17.376+0000] {processor.py:914} INFO - Processing file /home/airflow/.local/lib/python3.12/site-packages/airflow/example_dags/example_xcom.py for tasks to queue
[2024-09-11T13:53:17.378+0000] {logging_mixin.py:190} INFO - [2024-09-11T13:53:17.378+0000] {dagbag.py:587} INFO - Filling up the DagBag from /home/airflow/.local/lib/python3.12/site-packages/airflow/example_dags/example_xcom.py
[2024-09-11T13:53:17.392+0000] {processor.py:925} INFO - DAG(s) 'example_xcom' retrieved from /home/airflow/.local/lib/python3.12/site-packages/airflow/example_dags/example_xcom.py
[2024-09-11T13:53:17.424+0000] {logging_mixin.py:190} INFO - [2024-09-11T13:53:17.424+0000] {dag.py:3229} INFO - Sync 1 DAGs
[2024-09-11T13:53:17.460+0000] {logging_mixin.py:190} INFO - [2024-09-11T13:53:17.459+0000] {dag.py:4156} INFO - Setting next_dagrun for example_xcom to 2021-01-01 00:00:00+00:00, run_after=2021-01-01 00:00:00+00:00
[2024-09-11T13:53:17.493+0000] {processor.py:208} INFO - Processing /home/airflow/.local/lib/python3.12/site-packages/airflow/example_dags/example_xcom.py took 0.128 seconds
[2024-09-11T13:53:48.057+0000] {processor.py:186} INFO - Started process (PID=2332) to work on /home/airflow/.local/lib/python3.12/site-packages/airflow/example_dags/example_xcom.py
[2024-09-11T13:53:48.058+0000] {processor.py:914} INFO - Processing file /home/airflow/.local/lib/python3.12/site-packages/airflow/example_dags/example_xcom.py for tasks to queue
[2024-09-11T13:53:48.062+0000] {logging_mixin.py:190} INFO - [2024-09-11T13:53:48.061+0000] {dagbag.py:587} INFO - Filling up the DagBag from /home/airflow/.local/lib/python3.12/site-packages/airflow/example_dags/example_xcom.py
[2024-09-11T13:53:48.079+0000] {processor.py:925} INFO - DAG(s) 'example_xcom' retrieved from /home/airflow/.local/lib/python3.12/site-packages/airflow/example_dags/example_xcom.py
[2024-09-11T13:53:48.116+0000] {logging_mixin.py:190} INFO - [2024-09-11T13:53:48.114+0000] {dag.py:3229} INFO - Sync 1 DAGs
[2024-09-11T13:53:48.161+0000] {logging_mixin.py:190} INFO - [2024-09-11T13:53:48.161+0000] {dag.py:4156} INFO - Setting next_dagrun for example_xcom to 2021-01-01 00:00:00+00:00, run_after=2021-01-01 00:00:00+00:00
[2024-09-11T13:53:48.189+0000] {processor.py:208} INFO - Processing /home/airflow/.local/lib/python3.12/site-packages/airflow/example_dags/example_xcom.py took 0.145 seconds
[2024-09-11T13:54:19.347+0000] {processor.py:186} INFO - Started process (PID=2394) to work on /home/airflow/.local/lib/python3.12/site-packages/airflow/example_dags/example_xcom.py
[2024-09-11T13:54:19.349+0000] {processor.py:914} INFO - Processing file /home/airflow/.local/lib/python3.12/site-packages/airflow/example_dags/example_xcom.py for tasks to queue
[2024-09-11T13:54:19.352+0000] {logging_mixin.py:190} INFO - [2024-09-11T13:54:19.352+0000] {dagbag.py:587} INFO - Filling up the DagBag from /home/airflow/.local/lib/python3.12/site-packages/airflow/example_dags/example_xcom.py
[2024-09-11T13:54:19.372+0000] {processor.py:925} INFO - DAG(s) 'example_xcom' retrieved from /home/airflow/.local/lib/python3.12/site-packages/airflow/example_dags/example_xcom.py
[2024-09-11T13:54:19.398+0000] {logging_mixin.py:190} INFO - [2024-09-11T13:54:19.398+0000] {dag.py:3229} INFO - Sync 1 DAGs
[2024-09-11T13:54:19.426+0000] {logging_mixin.py:190} INFO - [2024-09-11T13:54:19.425+0000] {dag.py:4156} INFO - Setting next_dagrun for example_xcom to 2021-01-01 00:00:00+00:00, run_after=2021-01-01 00:00:00+00:00
[2024-09-11T13:54:19.452+0000] {processor.py:208} INFO - Processing /home/airflow/.local/lib/python3.12/site-packages/airflow/example_dags/example_xcom.py took 0.113 seconds
[2024-09-11T13:54:51.821+0000] {processor.py:186} INFO - Started process (PID=2457) to work on /home/airflow/.local/lib/python3.12/site-packages/airflow/example_dags/example_xcom.py
[2024-09-11T13:54:51.822+0000] {processor.py:914} INFO - Processing file /home/airflow/.local/lib/python3.12/site-packages/airflow/example_dags/example_xcom.py for tasks to queue
[2024-09-11T13:54:51.828+0000] {logging_mixin.py:190} INFO - [2024-09-11T13:54:51.827+0000] {dagbag.py:587} INFO - Filling up the DagBag from /home/airflow/.local/lib/python3.12/site-packages/airflow/example_dags/example_xcom.py
[2024-09-11T13:54:51.846+0000] {processor.py:925} INFO - DAG(s) 'example_xcom' retrieved from /home/airflow/.local/lib/python3.12/site-packages/airflow/example_dags/example_xcom.py
[2024-09-11T13:54:51.887+0000] {logging_mixin.py:190} INFO - [2024-09-11T13:54:51.886+0000] {dag.py:3229} INFO - Sync 1 DAGs
[2024-09-11T13:54:51.926+0000] {logging_mixin.py:190} INFO - [2024-09-11T13:54:51.926+0000] {dag.py:4156} INFO - Setting next_dagrun for example_xcom to 2021-01-01 00:00:00+00:00, run_after=2021-01-01 00:00:00+00:00
[2024-09-11T13:54:51.959+0000] {processor.py:208} INFO - Processing /home/airflow/.local/lib/python3.12/site-packages/airflow/example_dags/example_xcom.py took 0.150 seconds
[2024-09-11T13:55:22.190+0000] {processor.py:186} INFO - Started process (PID=2519) to work on /home/airflow/.local/lib/python3.12/site-packages/airflow/example_dags/example_xcom.py
[2024-09-11T13:55:22.192+0000] {processor.py:914} INFO - Processing file /home/airflow/.local/lib/python3.12/site-packages/airflow/example_dags/example_xcom.py for tasks to queue
[2024-09-11T13:55:22.195+0000] {logging_mixin.py:190} INFO - [2024-09-11T13:55:22.195+0000] {dagbag.py:587} INFO - Filling up the DagBag from /home/airflow/.local/lib/python3.12/site-packages/airflow/example_dags/example_xcom.py
[2024-09-11T13:55:22.212+0000] {processor.py:925} INFO - DAG(s) 'example_xcom' retrieved from /home/airflow/.local/lib/python3.12/site-packages/airflow/example_dags/example_xcom.py
[2024-09-11T13:55:22.246+0000] {logging_mixin.py:190} INFO - [2024-09-11T13:55:22.246+0000] {dag.py:3229} INFO - Sync 1 DAGs
[2024-09-11T13:55:22.279+0000] {logging_mixin.py:190} INFO - [2024-09-11T13:55:22.278+0000] {dag.py:4156} INFO - Setting next_dagrun for example_xcom to 2021-01-01 00:00:00+00:00, run_after=2021-01-01 00:00:00+00:00
[2024-09-11T13:55:22.310+0000] {processor.py:208} INFO - Processing /home/airflow/.local/lib/python3.12/site-packages/airflow/example_dags/example_xcom.py took 0.128 seconds
[2024-09-11T13:55:52.859+0000] {processor.py:186} INFO - Started process (PID=2581) to work on /home/airflow/.local/lib/python3.12/site-packages/airflow/example_dags/example_xcom.py
[2024-09-11T13:55:52.860+0000] {processor.py:914} INFO - Processing file /home/airflow/.local/lib/python3.12/site-packages/airflow/example_dags/example_xcom.py for tasks to queue
[2024-09-11T13:55:52.863+0000] {logging_mixin.py:190} INFO - [2024-09-11T13:55:52.862+0000] {dagbag.py:587} INFO - Filling up the DagBag from /home/airflow/.local/lib/python3.12/site-packages/airflow/example_dags/example_xcom.py
[2024-09-11T13:55:52.875+0000] {processor.py:925} INFO - DAG(s) 'example_xcom' retrieved from /home/airflow/.local/lib/python3.12/site-packages/airflow/example_dags/example_xcom.py
[2024-09-11T13:55:52.904+0000] {logging_mixin.py:190} INFO - [2024-09-11T13:55:52.904+0000] {dag.py:3229} INFO - Sync 1 DAGs
[2024-09-11T13:55:52.944+0000] {logging_mixin.py:190} INFO - [2024-09-11T13:55:52.944+0000] {dag.py:4156} INFO - Setting next_dagrun for example_xcom to 2021-01-01 00:00:00+00:00, run_after=2021-01-01 00:00:00+00:00
[2024-09-11T13:55:53.014+0000] {processor.py:208} INFO - Processing /home/airflow/.local/lib/python3.12/site-packages/airflow/example_dags/example_xcom.py took 0.164 seconds
[2024-09-11T13:56:24.353+0000] {processor.py:186} INFO - Started process (PID=2648) to work on /home/airflow/.local/lib/python3.12/site-packages/airflow/example_dags/example_xcom.py
[2024-09-11T13:56:24.355+0000] {processor.py:914} INFO - Processing file /home/airflow/.local/lib/python3.12/site-packages/airflow/example_dags/example_xcom.py for tasks to queue
[2024-09-11T13:56:24.362+0000] {logging_mixin.py:190} INFO - [2024-09-11T13:56:24.361+0000] {dagbag.py:587} INFO - Filling up the DagBag from /home/airflow/.local/lib/python3.12/site-packages/airflow/example_dags/example_xcom.py
[2024-09-11T13:56:24.386+0000] {processor.py:925} INFO - DAG(s) 'example_xcom' retrieved from /home/airflow/.local/lib/python3.12/site-packages/airflow/example_dags/example_xcom.py
[2024-09-11T13:56:24.457+0000] {logging_mixin.py:190} INFO - [2024-09-11T13:56:24.456+0000] {dag.py:3229} INFO - Sync 1 DAGs
[2024-09-11T13:56:24.506+0000] {logging_mixin.py:190} INFO - [2024-09-11T13:56:24.506+0000] {dag.py:4156} INFO - Setting next_dagrun for example_xcom to 2021-01-01 00:00:00+00:00, run_after=2021-01-01 00:00:00+00:00
[2024-09-11T13:56:24.551+0000] {processor.py:208} INFO - Processing /home/airflow/.local/lib/python3.12/site-packages/airflow/example_dags/example_xcom.py took 0.223 seconds
[2024-09-11T13:56:54.945+0000] {processor.py:186} INFO - Started process (PID=2710) to work on /home/airflow/.local/lib/python3.12/site-packages/airflow/example_dags/example_xcom.py
[2024-09-11T13:56:54.947+0000] {processor.py:914} INFO - Processing file /home/airflow/.local/lib/python3.12/site-packages/airflow/example_dags/example_xcom.py for tasks to queue
[2024-09-11T13:56:54.950+0000] {logging_mixin.py:190} INFO - [2024-09-11T13:56:54.949+0000] {dagbag.py:587} INFO - Filling up the DagBag from /home/airflow/.local/lib/python3.12/site-packages/airflow/example_dags/example_xcom.py
[2024-09-11T13:56:54.962+0000] {processor.py:925} INFO - DAG(s) 'example_xcom' retrieved from /home/airflow/.local/lib/python3.12/site-packages/airflow/example_dags/example_xcom.py
[2024-09-11T13:56:54.991+0000] {logging_mixin.py:190} INFO - [2024-09-11T13:56:54.991+0000] {dag.py:3229} INFO - Sync 1 DAGs
[2024-09-11T13:56:55.021+0000] {logging_mixin.py:190} INFO - [2024-09-11T13:56:55.020+0000] {dag.py:4156} INFO - Setting next_dagrun for example_xcom to 2021-01-01 00:00:00+00:00, run_after=2021-01-01 00:00:00+00:00
[2024-09-11T13:56:55.047+0000] {processor.py:208} INFO - Processing /home/airflow/.local/lib/python3.12/site-packages/airflow/example_dags/example_xcom.py took 0.109 seconds
[2024-09-11T13:57:26.173+0000] {processor.py:186} INFO - Started process (PID=2772) to work on /home/airflow/.local/lib/python3.12/site-packages/airflow/example_dags/example_xcom.py
[2024-09-11T13:57:26.176+0000] {processor.py:914} INFO - Processing file /home/airflow/.local/lib/python3.12/site-packages/airflow/example_dags/example_xcom.py for tasks to queue
[2024-09-11T13:57:26.184+0000] {logging_mixin.py:190} INFO - [2024-09-11T13:57:26.183+0000] {dagbag.py:587} INFO - Filling up the DagBag from /home/airflow/.local/lib/python3.12/site-packages/airflow/example_dags/example_xcom.py
[2024-09-11T13:57:26.196+0000] {processor.py:925} INFO - DAG(s) 'example_xcom' retrieved from /home/airflow/.local/lib/python3.12/site-packages/airflow/example_dags/example_xcom.py
[2024-09-11T13:57:26.221+0000] {logging_mixin.py:190} INFO - [2024-09-11T13:57:26.221+0000] {dag.py:3229} INFO - Sync 1 DAGs
[2024-09-11T13:57:26.249+0000] {logging_mixin.py:190} INFO - [2024-09-11T13:57:26.249+0000] {dag.py:4156} INFO - Setting next_dagrun for example_xcom to 2021-01-01 00:00:00+00:00, run_after=2021-01-01 00:00:00+00:00
[2024-09-11T13:57:26.271+0000] {processor.py:208} INFO - Processing /home/airflow/.local/lib/python3.12/site-packages/airflow/example_dags/example_xcom.py took 0.116 seconds
[2024-09-11T13:57:59.735+0000] {processor.py:186} INFO - Started process (PID=2834) to work on /home/airflow/.local/lib/python3.12/site-packages/airflow/example_dags/example_xcom.py
[2024-09-11T13:57:59.737+0000] {processor.py:914} INFO - Processing file /home/airflow/.local/lib/python3.12/site-packages/airflow/example_dags/example_xcom.py for tasks to queue
[2024-09-11T13:57:59.741+0000] {logging_mixin.py:190} INFO - [2024-09-11T13:57:59.740+0000] {dagbag.py:587} INFO - Filling up the DagBag from /home/airflow/.local/lib/python3.12/site-packages/airflow/example_dags/example_xcom.py
[2024-09-11T13:57:59.755+0000] {processor.py:925} INFO - DAG(s) 'example_xcom' retrieved from /home/airflow/.local/lib/python3.12/site-packages/airflow/example_dags/example_xcom.py
[2024-09-11T13:58:00.076+0000] {logging_mixin.py:190} INFO - [2024-09-11T13:58:00.075+0000] {dag.py:3229} INFO - Sync 1 DAGs
[2024-09-11T13:58:00.111+0000] {logging_mixin.py:190} INFO - [2024-09-11T13:58:00.111+0000] {dag.py:4156} INFO - Setting next_dagrun for example_xcom to 2021-01-01 00:00:00+00:00, run_after=2021-01-01 00:00:00+00:00
[2024-09-11T13:58:00.135+0000] {processor.py:208} INFO - Processing /home/airflow/.local/lib/python3.12/site-packages/airflow/example_dags/example_xcom.py took 0.408 seconds
[2024-09-11T13:58:30.493+0000] {processor.py:186} INFO - Started process (PID=2896) to work on /home/airflow/.local/lib/python3.12/site-packages/airflow/example_dags/example_xcom.py
[2024-09-11T13:58:30.494+0000] {processor.py:914} INFO - Processing file /home/airflow/.local/lib/python3.12/site-packages/airflow/example_dags/example_xcom.py for tasks to queue
[2024-09-11T13:58:30.497+0000] {logging_mixin.py:190} INFO - [2024-09-11T13:58:30.496+0000] {dagbag.py:587} INFO - Filling up the DagBag from /home/airflow/.local/lib/python3.12/site-packages/airflow/example_dags/example_xcom.py
[2024-09-11T13:58:30.506+0000] {processor.py:925} INFO - DAG(s) 'example_xcom' retrieved from /home/airflow/.local/lib/python3.12/site-packages/airflow/example_dags/example_xcom.py
[2024-09-11T13:58:30.531+0000] {logging_mixin.py:190} INFO - [2024-09-11T13:58:30.530+0000] {dag.py:3229} INFO - Sync 1 DAGs
[2024-09-11T13:58:30.555+0000] {logging_mixin.py:190} INFO - [2024-09-11T13:58:30.555+0000] {dag.py:4156} INFO - Setting next_dagrun for example_xcom to 2021-01-01 00:00:00+00:00, run_after=2021-01-01 00:00:00+00:00
[2024-09-11T13:58:30.576+0000] {processor.py:208} INFO - Processing /home/airflow/.local/lib/python3.12/site-packages/airflow/example_dags/example_xcom.py took 0.089 seconds
[2024-09-11T13:59:01.178+0000] {processor.py:186} INFO - Started process (PID=2958) to work on /home/airflow/.local/lib/python3.12/site-packages/airflow/example_dags/example_xcom.py
[2024-09-11T13:59:01.179+0000] {processor.py:914} INFO - Processing file /home/airflow/.local/lib/python3.12/site-packages/airflow/example_dags/example_xcom.py for tasks to queue
[2024-09-11T13:59:01.182+0000] {logging_mixin.py:190} INFO - [2024-09-11T13:59:01.182+0000] {dagbag.py:587} INFO - Filling up the DagBag from /home/airflow/.local/lib/python3.12/site-packages/airflow/example_dags/example_xcom.py
[2024-09-11T13:59:01.193+0000] {processor.py:925} INFO - DAG(s) 'example_xcom' retrieved from /home/airflow/.local/lib/python3.12/site-packages/airflow/example_dags/example_xcom.py
[2024-09-11T13:59:01.225+0000] {logging_mixin.py:190} INFO - [2024-09-11T13:59:01.225+0000] {dag.py:3229} INFO - Sync 1 DAGs
[2024-09-11T13:59:01.253+0000] {logging_mixin.py:190} INFO - [2024-09-11T13:59:01.253+0000] {dag.py:4156} INFO - Setting next_dagrun for example_xcom to 2021-01-01 00:00:00+00:00, run_after=2021-01-01 00:00:00+00:00
[2024-09-11T13:59:01.278+0000] {processor.py:208} INFO - Processing /home/airflow/.local/lib/python3.12/site-packages/airflow/example_dags/example_xcom.py took 0.108 seconds
[2024-09-11T13:59:32.399+0000] {processor.py:186} INFO - Started process (PID=3020) to work on /home/airflow/.local/lib/python3.12/site-packages/airflow/example_dags/example_xcom.py
[2024-09-11T13:59:32.401+0000] {processor.py:914} INFO - Processing file /home/airflow/.local/lib/python3.12/site-packages/airflow/example_dags/example_xcom.py for tasks to queue
[2024-09-11T13:59:32.405+0000] {logging_mixin.py:190} INFO - [2024-09-11T13:59:32.405+0000] {dagbag.py:587} INFO - Filling up the DagBag from /home/airflow/.local/lib/python3.12/site-packages/airflow/example_dags/example_xcom.py
[2024-09-11T13:59:32.423+0000] {processor.py:925} INFO - DAG(s) 'example_xcom' retrieved from /home/airflow/.local/lib/python3.12/site-packages/airflow/example_dags/example_xcom.py
[2024-09-11T13:59:32.452+0000] {logging_mixin.py:190} INFO - [2024-09-11T13:59:32.451+0000] {dag.py:3229} INFO - Sync 1 DAGs
[2024-09-11T13:59:32.494+0000] {logging_mixin.py:190} INFO - [2024-09-11T13:59:32.493+0000] {dag.py:4156} INFO - Setting next_dagrun for example_xcom to 2021-01-01 00:00:00+00:00, run_after=2021-01-01 00:00:00+00:00
[2024-09-11T13:59:32.519+0000] {processor.py:208} INFO - Processing /home/airflow/.local/lib/python3.12/site-packages/airflow/example_dags/example_xcom.py took 0.130 seconds
[2024-09-11T14:00:02.688+0000] {processor.py:186} INFO - Started process (PID=3082) to work on /home/airflow/.local/lib/python3.12/site-packages/airflow/example_dags/example_xcom.py
[2024-09-11T14:00:02.690+0000] {processor.py:914} INFO - Processing file /home/airflow/.local/lib/python3.12/site-packages/airflow/example_dags/example_xcom.py for tasks to queue
[2024-09-11T14:00:02.692+0000] {logging_mixin.py:190} INFO - [2024-09-11T14:00:02.692+0000] {dagbag.py:587} INFO - Filling up the DagBag from /home/airflow/.local/lib/python3.12/site-packages/airflow/example_dags/example_xcom.py
[2024-09-11T14:00:02.702+0000] {processor.py:925} INFO - DAG(s) 'example_xcom' retrieved from /home/airflow/.local/lib/python3.12/site-packages/airflow/example_dags/example_xcom.py
[2024-09-11T14:00:02.726+0000] {logging_mixin.py:190} INFO - [2024-09-11T14:00:02.725+0000] {dag.py:3229} INFO - Sync 1 DAGs
[2024-09-11T14:00:02.749+0000] {logging_mixin.py:190} INFO - [2024-09-11T14:00:02.749+0000] {dag.py:4156} INFO - Setting next_dagrun for example_xcom to 2021-01-01 00:00:00+00:00, run_after=2021-01-01 00:00:00+00:00
[2024-09-11T14:00:02.770+0000] {processor.py:208} INFO - Processing /home/airflow/.local/lib/python3.12/site-packages/airflow/example_dags/example_xcom.py took 0.089 seconds
[2024-09-11T14:00:33.039+0000] {processor.py:186} INFO - Started process (PID=3144) to work on /home/airflow/.local/lib/python3.12/site-packages/airflow/example_dags/example_xcom.py
[2024-09-11T14:00:33.040+0000] {processor.py:914} INFO - Processing file /home/airflow/.local/lib/python3.12/site-packages/airflow/example_dags/example_xcom.py for tasks to queue
[2024-09-11T14:00:33.043+0000] {logging_mixin.py:190} INFO - [2024-09-11T14:00:33.042+0000] {dagbag.py:587} INFO - Filling up the DagBag from /home/airflow/.local/lib/python3.12/site-packages/airflow/example_dags/example_xcom.py
[2024-09-11T14:00:33.053+0000] {processor.py:925} INFO - DAG(s) 'example_xcom' retrieved from /home/airflow/.local/lib/python3.12/site-packages/airflow/example_dags/example_xcom.py
[2024-09-11T14:00:33.077+0000] {logging_mixin.py:190} INFO - [2024-09-11T14:00:33.076+0000] {dag.py:3229} INFO - Sync 1 DAGs
[2024-09-11T14:00:33.101+0000] {logging_mixin.py:190} INFO - [2024-09-11T14:00:33.100+0000] {dag.py:4156} INFO - Setting next_dagrun for example_xcom to 2021-01-01 00:00:00+00:00, run_after=2021-01-01 00:00:00+00:00
[2024-09-11T14:00:33.120+0000] {processor.py:208} INFO - Processing /home/airflow/.local/lib/python3.12/site-packages/airflow/example_dags/example_xcom.py took 0.089 seconds
[2024-09-11T14:01:03.250+0000] {processor.py:186} INFO - Started process (PID=3206) to work on /home/airflow/.local/lib/python3.12/site-packages/airflow/example_dags/example_xcom.py
[2024-09-11T14:01:03.251+0000] {processor.py:914} INFO - Processing file /home/airflow/.local/lib/python3.12/site-packages/airflow/example_dags/example_xcom.py for tasks to queue
[2024-09-11T14:01:03.255+0000] {logging_mixin.py:190} INFO - [2024-09-11T14:01:03.255+0000] {dagbag.py:587} INFO - Filling up the DagBag from /home/airflow/.local/lib/python3.12/site-packages/airflow/example_dags/example_xcom.py
[2024-09-11T14:01:03.270+0000] {processor.py:925} INFO - DAG(s) 'example_xcom' retrieved from /home/airflow/.local/lib/python3.12/site-packages/airflow/example_dags/example_xcom.py
[2024-09-11T14:01:03.294+0000] {logging_mixin.py:190} INFO - [2024-09-11T14:01:03.293+0000] {dag.py:3229} INFO - Sync 1 DAGs
[2024-09-11T14:01:03.320+0000] {logging_mixin.py:190} INFO - [2024-09-11T14:01:03.320+0000] {dag.py:4156} INFO - Setting next_dagrun for example_xcom to 2021-01-01 00:00:00+00:00, run_after=2021-01-01 00:00:00+00:00
[2024-09-11T14:01:03.342+0000] {processor.py:208} INFO - Processing /home/airflow/.local/lib/python3.12/site-packages/airflow/example_dags/example_xcom.py took 0.102 seconds
[2024-09-11T14:01:33.852+0000] {processor.py:186} INFO - Started process (PID=3268) to work on /home/airflow/.local/lib/python3.12/site-packages/airflow/example_dags/example_xcom.py
[2024-09-11T14:01:33.853+0000] {processor.py:914} INFO - Processing file /home/airflow/.local/lib/python3.12/site-packages/airflow/example_dags/example_xcom.py for tasks to queue
[2024-09-11T14:01:33.856+0000] {logging_mixin.py:190} INFO - [2024-09-11T14:01:33.855+0000] {dagbag.py:587} INFO - Filling up the DagBag from /home/airflow/.local/lib/python3.12/site-packages/airflow/example_dags/example_xcom.py
[2024-09-11T14:01:33.865+0000] {processor.py:925} INFO - DAG(s) 'example_xcom' retrieved from /home/airflow/.local/lib/python3.12/site-packages/airflow/example_dags/example_xcom.py
[2024-09-11T14:01:33.891+0000] {logging_mixin.py:190} INFO - [2024-09-11T14:01:33.891+0000] {dag.py:3229} INFO - Sync 1 DAGs
[2024-09-11T14:01:33.919+0000] {logging_mixin.py:190} INFO - [2024-09-11T14:01:33.919+0000] {dag.py:4156} INFO - Setting next_dagrun for example_xcom to 2021-01-01 00:00:00+00:00, run_after=2021-01-01 00:00:00+00:00
[2024-09-11T14:01:33.940+0000] {processor.py:208} INFO - Processing /home/airflow/.local/lib/python3.12/site-packages/airflow/example_dags/example_xcom.py took 0.096 seconds
[2024-09-11T14:02:04.876+0000] {processor.py:186} INFO - Started process (PID=3330) to work on /home/airflow/.local/lib/python3.12/site-packages/airflow/example_dags/example_xcom.py
[2024-09-11T14:02:04.877+0000] {processor.py:914} INFO - Processing file /home/airflow/.local/lib/python3.12/site-packages/airflow/example_dags/example_xcom.py for tasks to queue
[2024-09-11T14:02:04.880+0000] {logging_mixin.py:190} INFO - [2024-09-11T14:02:04.879+0000] {dagbag.py:587} INFO - Filling up the DagBag from /home/airflow/.local/lib/python3.12/site-packages/airflow/example_dags/example_xcom.py
[2024-09-11T14:02:04.889+0000] {processor.py:925} INFO - DAG(s) 'example_xcom' retrieved from /home/airflow/.local/lib/python3.12/site-packages/airflow/example_dags/example_xcom.py
[2024-09-11T14:02:04.911+0000] {logging_mixin.py:190} INFO - [2024-09-11T14:02:04.911+0000] {dag.py:3229} INFO - Sync 1 DAGs
[2024-09-11T14:02:04.933+0000] {logging_mixin.py:190} INFO - [2024-09-11T14:02:04.933+0000] {dag.py:4156} INFO - Setting next_dagrun for example_xcom to 2021-01-01 00:00:00+00:00, run_after=2021-01-01 00:00:00+00:00
[2024-09-11T14:02:04.952+0000] {processor.py:208} INFO - Processing /home/airflow/.local/lib/python3.12/site-packages/airflow/example_dags/example_xcom.py took 0.083 seconds
[2024-09-11T14:02:35.267+0000] {processor.py:186} INFO - Started process (PID=3392) to work on /home/airflow/.local/lib/python3.12/site-packages/airflow/example_dags/example_xcom.py
[2024-09-11T14:02:35.269+0000] {processor.py:914} INFO - Processing file /home/airflow/.local/lib/python3.12/site-packages/airflow/example_dags/example_xcom.py for tasks to queue
[2024-09-11T14:02:35.275+0000] {logging_mixin.py:190} INFO - [2024-09-11T14:02:35.274+0000] {dagbag.py:587} INFO - Filling up the DagBag from /home/airflow/.local/lib/python3.12/site-packages/airflow/example_dags/example_xcom.py
[2024-09-11T14:02:35.296+0000] {processor.py:925} INFO - DAG(s) 'example_xcom' retrieved from /home/airflow/.local/lib/python3.12/site-packages/airflow/example_dags/example_xcom.py
[2024-09-11T14:02:35.334+0000] {logging_mixin.py:190} INFO - [2024-09-11T14:02:35.334+0000] {dag.py:3229} INFO - Sync 1 DAGs
[2024-09-11T14:02:35.373+0000] {logging_mixin.py:190} INFO - [2024-09-11T14:02:35.372+0000] {dag.py:4156} INFO - Setting next_dagrun for example_xcom to 2021-01-01 00:00:00+00:00, run_after=2021-01-01 00:00:00+00:00
[2024-09-11T14:02:35.404+0000] {processor.py:208} INFO - Processing /home/airflow/.local/lib/python3.12/site-packages/airflow/example_dags/example_xcom.py took 0.144 seconds
[2024-09-11T14:03:05.818+0000] {processor.py:186} INFO - Started process (PID=3454) to work on /home/airflow/.local/lib/python3.12/site-packages/airflow/example_dags/example_xcom.py
[2024-09-11T14:03:05.820+0000] {processor.py:914} INFO - Processing file /home/airflow/.local/lib/python3.12/site-packages/airflow/example_dags/example_xcom.py for tasks to queue
[2024-09-11T14:03:05.822+0000] {logging_mixin.py:190} INFO - [2024-09-11T14:03:05.822+0000] {dagbag.py:587} INFO - Filling up the DagBag from /home/airflow/.local/lib/python3.12/site-packages/airflow/example_dags/example_xcom.py
[2024-09-11T14:03:05.832+0000] {processor.py:925} INFO - DAG(s) 'example_xcom' retrieved from /home/airflow/.local/lib/python3.12/site-packages/airflow/example_dags/example_xcom.py
[2024-09-11T14:03:05.855+0000] {logging_mixin.py:190} INFO - [2024-09-11T14:03:05.854+0000] {dag.py:3229} INFO - Sync 1 DAGs
[2024-09-11T14:03:05.879+0000] {logging_mixin.py:190} INFO - [2024-09-11T14:03:05.878+0000] {dag.py:4156} INFO - Setting next_dagrun for example_xcom to 2021-01-01 00:00:00+00:00, run_after=2021-01-01 00:00:00+00:00
[2024-09-11T14:03:05.900+0000] {processor.py:208} INFO - Processing /home/airflow/.local/lib/python3.12/site-packages/airflow/example_dags/example_xcom.py took 0.088 seconds
[2024-09-11T14:03:36.035+0000] {processor.py:186} INFO - Started process (PID=3516) to work on /home/airflow/.local/lib/python3.12/site-packages/airflow/example_dags/example_xcom.py
[2024-09-11T14:03:36.036+0000] {processor.py:914} INFO - Processing file /home/airflow/.local/lib/python3.12/site-packages/airflow/example_dags/example_xcom.py for tasks to queue
[2024-09-11T14:03:36.039+0000] {logging_mixin.py:190} INFO - [2024-09-11T14:03:36.038+0000] {dagbag.py:587} INFO - Filling up the DagBag from /home/airflow/.local/lib/python3.12/site-packages/airflow/example_dags/example_xcom.py
[2024-09-11T14:03:36.048+0000] {processor.py:925} INFO - DAG(s) 'example_xcom' retrieved from /home/airflow/.local/lib/python3.12/site-packages/airflow/example_dags/example_xcom.py
[2024-09-11T14:03:36.071+0000] {logging_mixin.py:190} INFO - [2024-09-11T14:03:36.070+0000] {dag.py:3229} INFO - Sync 1 DAGs
[2024-09-11T14:03:36.096+0000] {logging_mixin.py:190} INFO - [2024-09-11T14:03:36.096+0000] {dag.py:4156} INFO - Setting next_dagrun for example_xcom to 2021-01-01 00:00:00+00:00, run_after=2021-01-01 00:00:00+00:00
[2024-09-11T14:03:36.117+0000] {processor.py:208} INFO - Processing /home/airflow/.local/lib/python3.12/site-packages/airflow/example_dags/example_xcom.py took 0.088 seconds
[2024-09-11T14:04:06.331+0000] {processor.py:186} INFO - Started process (PID=3578) to work on /home/airflow/.local/lib/python3.12/site-packages/airflow/example_dags/example_xcom.py
[2024-09-11T14:04:06.332+0000] {processor.py:914} INFO - Processing file /home/airflow/.local/lib/python3.12/site-packages/airflow/example_dags/example_xcom.py for tasks to queue
[2024-09-11T14:04:06.335+0000] {logging_mixin.py:190} INFO - [2024-09-11T14:04:06.334+0000] {dagbag.py:587} INFO - Filling up the DagBag from /home/airflow/.local/lib/python3.12/site-packages/airflow/example_dags/example_xcom.py
[2024-09-11T14:04:06.345+0000] {processor.py:925} INFO - DAG(s) 'example_xcom' retrieved from /home/airflow/.local/lib/python3.12/site-packages/airflow/example_dags/example_xcom.py
[2024-09-11T14:04:06.369+0000] {logging_mixin.py:190} INFO - [2024-09-11T14:04:06.369+0000] {dag.py:3229} INFO - Sync 1 DAGs
[2024-09-11T14:04:06.393+0000] {logging_mixin.py:190} INFO - [2024-09-11T14:04:06.392+0000] {dag.py:4156} INFO - Setting next_dagrun for example_xcom to 2021-01-01 00:00:00+00:00, run_after=2021-01-01 00:00:00+00:00
[2024-09-11T14:04:06.414+0000] {processor.py:208} INFO - Processing /home/airflow/.local/lib/python3.12/site-packages/airflow/example_dags/example_xcom.py took 0.090 seconds
[2024-09-11T14:04:37.036+0000] {processor.py:186} INFO - Started process (PID=3640) to work on /home/airflow/.local/lib/python3.12/site-packages/airflow/example_dags/example_xcom.py
[2024-09-11T14:04:37.038+0000] {processor.py:914} INFO - Processing file /home/airflow/.local/lib/python3.12/site-packages/airflow/example_dags/example_xcom.py for tasks to queue
[2024-09-11T14:04:37.040+0000] {logging_mixin.py:190} INFO - [2024-09-11T14:04:37.040+0000] {dagbag.py:587} INFO - Filling up the DagBag from /home/airflow/.local/lib/python3.12/site-packages/airflow/example_dags/example_xcom.py
[2024-09-11T14:04:37.050+0000] {processor.py:925} INFO - DAG(s) 'example_xcom' retrieved from /home/airflow/.local/lib/python3.12/site-packages/airflow/example_dags/example_xcom.py
[2024-09-11T14:04:37.074+0000] {logging_mixin.py:190} INFO - [2024-09-11T14:04:37.074+0000] {dag.py:3229} INFO - Sync 1 DAGs
[2024-09-11T14:04:37.109+0000] {logging_mixin.py:190} INFO - [2024-09-11T14:04:37.109+0000] {dag.py:4156} INFO - Setting next_dagrun for example_xcom to 2021-01-01 00:00:00+00:00, run_after=2021-01-01 00:00:00+00:00
[2024-09-11T14:04:37.139+0000] {processor.py:208} INFO - Processing /home/airflow/.local/lib/python3.12/site-packages/airflow/example_dags/example_xcom.py took 0.109 seconds
[2024-09-11T14:05:07.423+0000] {processor.py:186} INFO - Started process (PID=3702) to work on /home/airflow/.local/lib/python3.12/site-packages/airflow/example_dags/example_xcom.py
[2024-09-11T14:05:07.425+0000] {processor.py:914} INFO - Processing file /home/airflow/.local/lib/python3.12/site-packages/airflow/example_dags/example_xcom.py for tasks to queue
[2024-09-11T14:05:07.427+0000] {logging_mixin.py:190} INFO - [2024-09-11T14:05:07.427+0000] {dagbag.py:587} INFO - Filling up the DagBag from /home/airflow/.local/lib/python3.12/site-packages/airflow/example_dags/example_xcom.py
[2024-09-11T14:05:07.437+0000] {processor.py:925} INFO - DAG(s) 'example_xcom' retrieved from /home/airflow/.local/lib/python3.12/site-packages/airflow/example_dags/example_xcom.py
[2024-09-11T14:05:07.459+0000] {logging_mixin.py:190} INFO - [2024-09-11T14:05:07.459+0000] {dag.py:3229} INFO - Sync 1 DAGs
[2024-09-11T14:05:07.484+0000] {logging_mixin.py:190} INFO - [2024-09-11T14:05:07.484+0000] {dag.py:4156} INFO - Setting next_dagrun for example_xcom to 2021-01-01 00:00:00+00:00, run_after=2021-01-01 00:00:00+00:00
[2024-09-11T14:05:07.505+0000] {processor.py:208} INFO - Processing /home/airflow/.local/lib/python3.12/site-packages/airflow/example_dags/example_xcom.py took 0.088 seconds
[2024-09-11T14:05:38.434+0000] {processor.py:186} INFO - Started process (PID=3764) to work on /home/airflow/.local/lib/python3.12/site-packages/airflow/example_dags/example_xcom.py
[2024-09-11T14:05:38.436+0000] {processor.py:914} INFO - Processing file /home/airflow/.local/lib/python3.12/site-packages/airflow/example_dags/example_xcom.py for tasks to queue
[2024-09-11T14:05:38.439+0000] {logging_mixin.py:190} INFO - [2024-09-11T14:05:38.438+0000] {dagbag.py:587} INFO - Filling up the DagBag from /home/airflow/.local/lib/python3.12/site-packages/airflow/example_dags/example_xcom.py
[2024-09-11T14:05:38.451+0000] {processor.py:925} INFO - DAG(s) 'example_xcom' retrieved from /home/airflow/.local/lib/python3.12/site-packages/airflow/example_dags/example_xcom.py
[2024-09-11T14:05:38.477+0000] {logging_mixin.py:190} INFO - [2024-09-11T14:05:38.477+0000] {dag.py:3229} INFO - Sync 1 DAGs
[2024-09-11T14:05:38.504+0000] {logging_mixin.py:190} INFO - [2024-09-11T14:05:38.504+0000] {dag.py:4156} INFO - Setting next_dagrun for example_xcom to 2021-01-01 00:00:00+00:00, run_after=2021-01-01 00:00:00+00:00
[2024-09-11T14:05:38.524+0000] {processor.py:208} INFO - Processing /home/airflow/.local/lib/python3.12/site-packages/airflow/example_dags/example_xcom.py took 0.097 seconds
[2024-09-11T14:06:08.861+0000] {processor.py:186} INFO - Started process (PID=3826) to work on /home/airflow/.local/lib/python3.12/site-packages/airflow/example_dags/example_xcom.py
[2024-09-11T14:06:08.862+0000] {processor.py:914} INFO - Processing file /home/airflow/.local/lib/python3.12/site-packages/airflow/example_dags/example_xcom.py for tasks to queue
[2024-09-11T14:06:08.866+0000] {logging_mixin.py:190} INFO - [2024-09-11T14:06:08.865+0000] {dagbag.py:587} INFO - Filling up the DagBag from /home/airflow/.local/lib/python3.12/site-packages/airflow/example_dags/example_xcom.py
[2024-09-11T14:06:08.877+0000] {processor.py:925} INFO - DAG(s) 'example_xcom' retrieved from /home/airflow/.local/lib/python3.12/site-packages/airflow/example_dags/example_xcom.py
[2024-09-11T14:06:08.900+0000] {logging_mixin.py:190} INFO - [2024-09-11T14:06:08.900+0000] {dag.py:3229} INFO - Sync 1 DAGs
[2024-09-11T14:06:08.926+0000] {logging_mixin.py:190} INFO - [2024-09-11T14:06:08.925+0000] {dag.py:4156} INFO - Setting next_dagrun for example_xcom to 2021-01-01 00:00:00+00:00, run_after=2021-01-01 00:00:00+00:00
[2024-09-11T14:06:08.948+0000] {processor.py:208} INFO - Processing /home/airflow/.local/lib/python3.12/site-packages/airflow/example_dags/example_xcom.py took 0.095 seconds
[2024-09-11T14:06:39.359+0000] {processor.py:186} INFO - Started process (PID=3888) to work on /home/airflow/.local/lib/python3.12/site-packages/airflow/example_dags/example_xcom.py
[2024-09-11T14:06:39.360+0000] {processor.py:914} INFO - Processing file /home/airflow/.local/lib/python3.12/site-packages/airflow/example_dags/example_xcom.py for tasks to queue
[2024-09-11T14:06:39.364+0000] {logging_mixin.py:190} INFO - [2024-09-11T14:06:39.363+0000] {dagbag.py:587} INFO - Filling up the DagBag from /home/airflow/.local/lib/python3.12/site-packages/airflow/example_dags/example_xcom.py
[2024-09-11T14:06:39.376+0000] {processor.py:925} INFO - DAG(s) 'example_xcom' retrieved from /home/airflow/.local/lib/python3.12/site-packages/airflow/example_dags/example_xcom.py
[2024-09-11T14:06:39.399+0000] {logging_mixin.py:190} INFO - [2024-09-11T14:06:39.399+0000] {dag.py:3229} INFO - Sync 1 DAGs
[2024-09-11T14:06:39.426+0000] {logging_mixin.py:190} INFO - [2024-09-11T14:06:39.426+0000] {dag.py:4156} INFO - Setting next_dagrun for example_xcom to 2021-01-01 00:00:00+00:00, run_after=2021-01-01 00:00:00+00:00
[2024-09-11T14:06:39.447+0000] {processor.py:208} INFO - Processing /home/airflow/.local/lib/python3.12/site-packages/airflow/example_dags/example_xcom.py took 0.095 seconds
[2024-09-11T14:07:09.874+0000] {processor.py:186} INFO - Started process (PID=3950) to work on /home/airflow/.local/lib/python3.12/site-packages/airflow/example_dags/example_xcom.py
[2024-09-11T14:07:09.875+0000] {processor.py:914} INFO - Processing file /home/airflow/.local/lib/python3.12/site-packages/airflow/example_dags/example_xcom.py for tasks to queue
[2024-09-11T14:07:09.878+0000] {logging_mixin.py:190} INFO - [2024-09-11T14:07:09.878+0000] {dagbag.py:587} INFO - Filling up the DagBag from /home/airflow/.local/lib/python3.12/site-packages/airflow/example_dags/example_xcom.py
[2024-09-11T14:07:09.889+0000] {processor.py:925} INFO - DAG(s) 'example_xcom' retrieved from /home/airflow/.local/lib/python3.12/site-packages/airflow/example_dags/example_xcom.py
[2024-09-11T14:07:09.915+0000] {logging_mixin.py:190} INFO - [2024-09-11T14:07:09.915+0000] {dag.py:3229} INFO - Sync 1 DAGs
[2024-09-11T14:07:09.942+0000] {logging_mixin.py:190} INFO - [2024-09-11T14:07:09.941+0000] {dag.py:4156} INFO - Setting next_dagrun for example_xcom to 2021-01-01 00:00:00+00:00, run_after=2021-01-01 00:00:00+00:00
[2024-09-11T14:07:09.965+0000] {processor.py:208} INFO - Processing /home/airflow/.local/lib/python3.12/site-packages/airflow/example_dags/example_xcom.py took 0.098 seconds
[2024-09-11T14:07:40.560+0000] {processor.py:186} INFO - Started process (PID=4012) to work on /home/airflow/.local/lib/python3.12/site-packages/airflow/example_dags/example_xcom.py
[2024-09-11T14:07:40.561+0000] {processor.py:914} INFO - Processing file /home/airflow/.local/lib/python3.12/site-packages/airflow/example_dags/example_xcom.py for tasks to queue
[2024-09-11T14:07:40.565+0000] {logging_mixin.py:190} INFO - [2024-09-11T14:07:40.564+0000] {dagbag.py:587} INFO - Filling up the DagBag from /home/airflow/.local/lib/python3.12/site-packages/airflow/example_dags/example_xcom.py
[2024-09-11T14:07:40.576+0000] {processor.py:925} INFO - DAG(s) 'example_xcom' retrieved from /home/airflow/.local/lib/python3.12/site-packages/airflow/example_dags/example_xcom.py
[2024-09-11T14:07:40.599+0000] {logging_mixin.py:190} INFO - [2024-09-11T14:07:40.599+0000] {dag.py:3229} INFO - Sync 1 DAGs
[2024-09-11T14:07:40.626+0000] {logging_mixin.py:190} INFO - [2024-09-11T14:07:40.626+0000] {dag.py:4156} INFO - Setting next_dagrun for example_xcom to 2021-01-01 00:00:00+00:00, run_after=2021-01-01 00:00:00+00:00
[2024-09-11T14:07:40.647+0000] {processor.py:208} INFO - Processing /home/airflow/.local/lib/python3.12/site-packages/airflow/example_dags/example_xcom.py took 0.095 seconds
[2024-09-11T14:08:10.940+0000] {processor.py:186} INFO - Started process (PID=4074) to work on /home/airflow/.local/lib/python3.12/site-packages/airflow/example_dags/example_xcom.py
[2024-09-11T14:08:10.941+0000] {processor.py:914} INFO - Processing file /home/airflow/.local/lib/python3.12/site-packages/airflow/example_dags/example_xcom.py for tasks to queue
[2024-09-11T14:08:10.944+0000] {logging_mixin.py:190} INFO - [2024-09-11T14:08:10.944+0000] {dagbag.py:587} INFO - Filling up the DagBag from /home/airflow/.local/lib/python3.12/site-packages/airflow/example_dags/example_xcom.py
[2024-09-11T14:08:10.954+0000] {processor.py:925} INFO - DAG(s) 'example_xcom' retrieved from /home/airflow/.local/lib/python3.12/site-packages/airflow/example_dags/example_xcom.py
[2024-09-11T14:08:10.977+0000] {logging_mixin.py:190} INFO - [2024-09-11T14:08:10.977+0000] {dag.py:3229} INFO - Sync 1 DAGs
[2024-09-11T14:08:11.004+0000] {logging_mixin.py:190} INFO - [2024-09-11T14:08:11.004+0000] {dag.py:4156} INFO - Setting next_dagrun for example_xcom to 2021-01-01 00:00:00+00:00, run_after=2021-01-01 00:00:00+00:00
[2024-09-11T14:08:11.027+0000] {processor.py:208} INFO - Processing /home/airflow/.local/lib/python3.12/site-packages/airflow/example_dags/example_xcom.py took 0.093 seconds
[2024-09-11T14:08:41.594+0000] {processor.py:186} INFO - Started process (PID=4136) to work on /home/airflow/.local/lib/python3.12/site-packages/airflow/example_dags/example_xcom.py
[2024-09-11T14:08:41.595+0000] {processor.py:914} INFO - Processing file /home/airflow/.local/lib/python3.12/site-packages/airflow/example_dags/example_xcom.py for tasks to queue
[2024-09-11T14:08:41.598+0000] {logging_mixin.py:190} INFO - [2024-09-11T14:08:41.598+0000] {dagbag.py:587} INFO - Filling up the DagBag from /home/airflow/.local/lib/python3.12/site-packages/airflow/example_dags/example_xcom.py
[2024-09-11T14:08:41.608+0000] {processor.py:925} INFO - DAG(s) 'example_xcom' retrieved from /home/airflow/.local/lib/python3.12/site-packages/airflow/example_dags/example_xcom.py
[2024-09-11T14:08:41.631+0000] {logging_mixin.py:190} INFO - [2024-09-11T14:08:41.631+0000] {dag.py:3229} INFO - Sync 1 DAGs
[2024-09-11T14:08:41.655+0000] {logging_mixin.py:190} INFO - [2024-09-11T14:08:41.654+0000] {dag.py:4156} INFO - Setting next_dagrun for example_xcom to 2021-01-01 00:00:00+00:00, run_after=2021-01-01 00:00:00+00:00
[2024-09-11T14:08:41.677+0000] {processor.py:208} INFO - Processing /home/airflow/.local/lib/python3.12/site-packages/airflow/example_dags/example_xcom.py took 0.089 seconds
[2024-09-11T14:09:12.257+0000] {processor.py:186} INFO - Started process (PID=4198) to work on /home/airflow/.local/lib/python3.12/site-packages/airflow/example_dags/example_xcom.py
[2024-09-11T14:09:12.259+0000] {processor.py:914} INFO - Processing file /home/airflow/.local/lib/python3.12/site-packages/airflow/example_dags/example_xcom.py for tasks to queue
[2024-09-11T14:09:12.262+0000] {logging_mixin.py:190} INFO - [2024-09-11T14:09:12.262+0000] {dagbag.py:587} INFO - Filling up the DagBag from /home/airflow/.local/lib/python3.12/site-packages/airflow/example_dags/example_xcom.py
[2024-09-11T14:09:12.274+0000] {processor.py:925} INFO - DAG(s) 'example_xcom' retrieved from /home/airflow/.local/lib/python3.12/site-packages/airflow/example_dags/example_xcom.py
[2024-09-11T14:09:12.297+0000] {logging_mixin.py:190} INFO - [2024-09-11T14:09:12.297+0000] {dag.py:3229} INFO - Sync 1 DAGs
[2024-09-11T14:09:12.327+0000] {logging_mixin.py:190} INFO - [2024-09-11T14:09:12.327+0000] {dag.py:4156} INFO - Setting next_dagrun for example_xcom to 2021-01-01 00:00:00+00:00, run_after=2021-01-01 00:00:00+00:00
[2024-09-11T14:09:12.347+0000] {processor.py:208} INFO - Processing /home/airflow/.local/lib/python3.12/site-packages/airflow/example_dags/example_xcom.py took 0.098 seconds
[2024-09-11T14:09:42.793+0000] {processor.py:186} INFO - Started process (PID=4260) to work on /home/airflow/.local/lib/python3.12/site-packages/airflow/example_dags/example_xcom.py
[2024-09-11T14:09:42.794+0000] {processor.py:914} INFO - Processing file /home/airflow/.local/lib/python3.12/site-packages/airflow/example_dags/example_xcom.py for tasks to queue
[2024-09-11T14:09:42.797+0000] {logging_mixin.py:190} INFO - [2024-09-11T14:09:42.796+0000] {dagbag.py:587} INFO - Filling up the DagBag from /home/airflow/.local/lib/python3.12/site-packages/airflow/example_dags/example_xcom.py
[2024-09-11T14:09:42.807+0000] {processor.py:925} INFO - DAG(s) 'example_xcom' retrieved from /home/airflow/.local/lib/python3.12/site-packages/airflow/example_dags/example_xcom.py
[2024-09-11T14:09:42.832+0000] {logging_mixin.py:190} INFO - [2024-09-11T14:09:42.831+0000] {dag.py:3229} INFO - Sync 1 DAGs
[2024-09-11T14:09:42.859+0000] {logging_mixin.py:190} INFO - [2024-09-11T14:09:42.858+0000] {dag.py:4156} INFO - Setting next_dagrun for example_xcom to 2021-01-01 00:00:00+00:00, run_after=2021-01-01 00:00:00+00:00
[2024-09-11T14:09:42.886+0000] {processor.py:208} INFO - Processing /home/airflow/.local/lib/python3.12/site-packages/airflow/example_dags/example_xcom.py took 0.100 seconds
[2024-09-11T14:10:13.298+0000] {processor.py:186} INFO - Started process (PID=4322) to work on /home/airflow/.local/lib/python3.12/site-packages/airflow/example_dags/example_xcom.py
[2024-09-11T14:10:13.299+0000] {processor.py:914} INFO - Processing file /home/airflow/.local/lib/python3.12/site-packages/airflow/example_dags/example_xcom.py for tasks to queue
[2024-09-11T14:10:13.302+0000] {logging_mixin.py:190} INFO - [2024-09-11T14:10:13.302+0000] {dagbag.py:587} INFO - Filling up the DagBag from /home/airflow/.local/lib/python3.12/site-packages/airflow/example_dags/example_xcom.py
[2024-09-11T14:10:13.313+0000] {processor.py:925} INFO - DAG(s) 'example_xcom' retrieved from /home/airflow/.local/lib/python3.12/site-packages/airflow/example_dags/example_xcom.py
[2024-09-11T14:10:13.342+0000] {logging_mixin.py:190} INFO - [2024-09-11T14:10:13.342+0000] {dag.py:3229} INFO - Sync 1 DAGs
[2024-09-11T14:10:13.373+0000] {logging_mixin.py:190} INFO - [2024-09-11T14:10:13.373+0000] {dag.py:4156} INFO - Setting next_dagrun for example_xcom to 2021-01-01 00:00:00+00:00, run_after=2021-01-01 00:00:00+00:00
[2024-09-11T14:10:13.398+0000] {processor.py:208} INFO - Processing /home/airflow/.local/lib/python3.12/site-packages/airflow/example_dags/example_xcom.py took 0.106 seconds
[2024-09-11T14:10:43.697+0000] {processor.py:186} INFO - Started process (PID=4384) to work on /home/airflow/.local/lib/python3.12/site-packages/airflow/example_dags/example_xcom.py
[2024-09-11T14:10:43.698+0000] {processor.py:914} INFO - Processing file /home/airflow/.local/lib/python3.12/site-packages/airflow/example_dags/example_xcom.py for tasks to queue
[2024-09-11T14:10:43.701+0000] {logging_mixin.py:190} INFO - [2024-09-11T14:10:43.701+0000] {dagbag.py:587} INFO - Filling up the DagBag from /home/airflow/.local/lib/python3.12/site-packages/airflow/example_dags/example_xcom.py
[2024-09-11T14:10:43.713+0000] {processor.py:925} INFO - DAG(s) 'example_xcom' retrieved from /home/airflow/.local/lib/python3.12/site-packages/airflow/example_dags/example_xcom.py
[2024-09-11T14:10:43.738+0000] {logging_mixin.py:190} INFO - [2024-09-11T14:10:43.737+0000] {dag.py:3229} INFO - Sync 1 DAGs
[2024-09-11T14:10:43.789+0000] {logging_mixin.py:190} INFO - [2024-09-11T14:10:43.789+0000] {dag.py:4156} INFO - Setting next_dagrun for example_xcom to 2021-01-01 00:00:00+00:00, run_after=2021-01-01 00:00:00+00:00
[2024-09-11T14:10:43.856+0000] {processor.py:208} INFO - Processing /home/airflow/.local/lib/python3.12/site-packages/airflow/example_dags/example_xcom.py took 0.167 seconds
[2024-09-11T14:11:14.137+0000] {processor.py:186} INFO - Started process (PID=4446) to work on /home/airflow/.local/lib/python3.12/site-packages/airflow/example_dags/example_xcom.py
[2024-09-11T14:11:14.138+0000] {processor.py:914} INFO - Processing file /home/airflow/.local/lib/python3.12/site-packages/airflow/example_dags/example_xcom.py for tasks to queue
[2024-09-11T14:11:14.141+0000] {logging_mixin.py:190} INFO - [2024-09-11T14:11:14.140+0000] {dagbag.py:587} INFO - Filling up the DagBag from /home/airflow/.local/lib/python3.12/site-packages/airflow/example_dags/example_xcom.py
[2024-09-11T14:11:14.150+0000] {processor.py:925} INFO - DAG(s) 'example_xcom' retrieved from /home/airflow/.local/lib/python3.12/site-packages/airflow/example_dags/example_xcom.py
[2024-09-11T14:11:14.174+0000] {logging_mixin.py:190} INFO - [2024-09-11T14:11:14.173+0000] {dag.py:3229} INFO - Sync 1 DAGs
[2024-09-11T14:11:14.199+0000] {logging_mixin.py:190} INFO - [2024-09-11T14:11:14.199+0000] {dag.py:4156} INFO - Setting next_dagrun for example_xcom to 2021-01-01 00:00:00+00:00, run_after=2021-01-01 00:00:00+00:00
[2024-09-11T14:11:14.220+0000] {processor.py:208} INFO - Processing /home/airflow/.local/lib/python3.12/site-packages/airflow/example_dags/example_xcom.py took 0.090 seconds
[2024-09-11T14:11:44.663+0000] {processor.py:186} INFO - Started process (PID=4508) to work on /home/airflow/.local/lib/python3.12/site-packages/airflow/example_dags/example_xcom.py
[2024-09-11T14:11:44.664+0000] {processor.py:914} INFO - Processing file /home/airflow/.local/lib/python3.12/site-packages/airflow/example_dags/example_xcom.py for tasks to queue
[2024-09-11T14:11:44.667+0000] {logging_mixin.py:190} INFO - [2024-09-11T14:11:44.667+0000] {dagbag.py:587} INFO - Filling up the DagBag from /home/airflow/.local/lib/python3.12/site-packages/airflow/example_dags/example_xcom.py
[2024-09-11T14:11:44.681+0000] {processor.py:925} INFO - DAG(s) 'example_xcom' retrieved from /home/airflow/.local/lib/python3.12/site-packages/airflow/example_dags/example_xcom.py
[2024-09-11T14:11:44.712+0000] {logging_mixin.py:190} INFO - [2024-09-11T14:11:44.712+0000] {dag.py:3229} INFO - Sync 1 DAGs
[2024-09-11T14:11:44.745+0000] {logging_mixin.py:190} INFO - [2024-09-11T14:11:44.744+0000] {dag.py:4156} INFO - Setting next_dagrun for example_xcom to 2021-01-01 00:00:00+00:00, run_after=2021-01-01 00:00:00+00:00
[2024-09-11T14:11:44.771+0000] {processor.py:208} INFO - Processing /home/airflow/.local/lib/python3.12/site-packages/airflow/example_dags/example_xcom.py took 0.116 seconds
[2024-09-11T14:12:15.174+0000] {processor.py:186} INFO - Started process (PID=4570) to work on /home/airflow/.local/lib/python3.12/site-packages/airflow/example_dags/example_xcom.py
[2024-09-11T14:12:15.176+0000] {processor.py:914} INFO - Processing file /home/airflow/.local/lib/python3.12/site-packages/airflow/example_dags/example_xcom.py for tasks to queue
[2024-09-11T14:12:15.179+0000] {logging_mixin.py:190} INFO - [2024-09-11T14:12:15.179+0000] {dagbag.py:587} INFO - Filling up the DagBag from /home/airflow/.local/lib/python3.12/site-packages/airflow/example_dags/example_xcom.py
[2024-09-11T14:12:15.191+0000] {processor.py:925} INFO - DAG(s) 'example_xcom' retrieved from /home/airflow/.local/lib/python3.12/site-packages/airflow/example_dags/example_xcom.py
[2024-09-11T14:12:15.218+0000] {logging_mixin.py:190} INFO - [2024-09-11T14:12:15.217+0000] {dag.py:3229} INFO - Sync 1 DAGs
[2024-09-11T14:12:15.243+0000] {logging_mixin.py:190} INFO - [2024-09-11T14:12:15.243+0000] {dag.py:4156} INFO - Setting next_dagrun for example_xcom to 2021-01-01 00:00:00+00:00, run_after=2021-01-01 00:00:00+00:00
[2024-09-11T14:12:15.263+0000] {processor.py:208} INFO - Processing /home/airflow/.local/lib/python3.12/site-packages/airflow/example_dags/example_xcom.py took 0.098 seconds
[2024-09-11T14:12:45.904+0000] {processor.py:186} INFO - Started process (PID=4632) to work on /home/airflow/.local/lib/python3.12/site-packages/airflow/example_dags/example_xcom.py
[2024-09-11T14:12:45.906+0000] {processor.py:914} INFO - Processing file /home/airflow/.local/lib/python3.12/site-packages/airflow/example_dags/example_xcom.py for tasks to queue
[2024-09-11T14:12:45.911+0000] {logging_mixin.py:190} INFO - [2024-09-11T14:12:45.911+0000] {dagbag.py:587} INFO - Filling up the DagBag from /home/airflow/.local/lib/python3.12/site-packages/airflow/example_dags/example_xcom.py
[2024-09-11T14:12:45.923+0000] {processor.py:925} INFO - DAG(s) 'example_xcom' retrieved from /home/airflow/.local/lib/python3.12/site-packages/airflow/example_dags/example_xcom.py
[2024-09-11T14:12:45.949+0000] {logging_mixin.py:190} INFO - [2024-09-11T14:12:45.949+0000] {dag.py:3229} INFO - Sync 1 DAGs
[2024-09-11T14:12:45.977+0000] {logging_mixin.py:190} INFO - [2024-09-11T14:12:45.976+0000] {dag.py:4156} INFO - Setting next_dagrun for example_xcom to 2021-01-01 00:00:00+00:00, run_after=2021-01-01 00:00:00+00:00
[2024-09-11T14:12:46.001+0000] {processor.py:208} INFO - Processing /home/airflow/.local/lib/python3.12/site-packages/airflow/example_dags/example_xcom.py took 0.104 seconds
[2024-09-11T14:13:16.764+0000] {processor.py:186} INFO - Started process (PID=4694) to work on /home/airflow/.local/lib/python3.12/site-packages/airflow/example_dags/example_xcom.py
[2024-09-11T14:13:16.765+0000] {processor.py:914} INFO - Processing file /home/airflow/.local/lib/python3.12/site-packages/airflow/example_dags/example_xcom.py for tasks to queue
[2024-09-11T14:13:16.768+0000] {logging_mixin.py:190} INFO - [2024-09-11T14:13:16.767+0000] {dagbag.py:587} INFO - Filling up the DagBag from /home/airflow/.local/lib/python3.12/site-packages/airflow/example_dags/example_xcom.py
[2024-09-11T14:13:16.779+0000] {processor.py:925} INFO - DAG(s) 'example_xcom' retrieved from /home/airflow/.local/lib/python3.12/site-packages/airflow/example_dags/example_xcom.py
[2024-09-11T14:13:16.804+0000] {logging_mixin.py:190} INFO - [2024-09-11T14:13:16.804+0000] {dag.py:3229} INFO - Sync 1 DAGs
[2024-09-11T14:13:16.832+0000] {logging_mixin.py:190} INFO - [2024-09-11T14:13:16.832+0000] {dag.py:4156} INFO - Setting next_dagrun for example_xcom to 2021-01-01 00:00:00+00:00, run_after=2021-01-01 00:00:00+00:00
[2024-09-11T14:13:16.855+0000] {processor.py:208} INFO - Processing /home/airflow/.local/lib/python3.12/site-packages/airflow/example_dags/example_xcom.py took 0.099 seconds
[2024-09-11T14:13:47.312+0000] {processor.py:186} INFO - Started process (PID=4756) to work on /home/airflow/.local/lib/python3.12/site-packages/airflow/example_dags/example_xcom.py
[2024-09-11T14:13:47.314+0000] {processor.py:914} INFO - Processing file /home/airflow/.local/lib/python3.12/site-packages/airflow/example_dags/example_xcom.py for tasks to queue
[2024-09-11T14:13:47.317+0000] {logging_mixin.py:190} INFO - [2024-09-11T14:13:47.317+0000] {dagbag.py:587} INFO - Filling up the DagBag from /home/airflow/.local/lib/python3.12/site-packages/airflow/example_dags/example_xcom.py
[2024-09-11T14:13:47.328+0000] {processor.py:925} INFO - DAG(s) 'example_xcom' retrieved from /home/airflow/.local/lib/python3.12/site-packages/airflow/example_dags/example_xcom.py
[2024-09-11T14:13:47.352+0000] {logging_mixin.py:190} INFO - [2024-09-11T14:13:47.352+0000] {dag.py:3229} INFO - Sync 1 DAGs
[2024-09-11T14:13:47.379+0000] {logging_mixin.py:190} INFO - [2024-09-11T14:13:47.378+0000] {dag.py:4156} INFO - Setting next_dagrun for example_xcom to 2021-01-01 00:00:00+00:00, run_after=2021-01-01 00:00:00+00:00
[2024-09-11T14:13:47.402+0000] {processor.py:208} INFO - Processing /home/airflow/.local/lib/python3.12/site-packages/airflow/example_dags/example_xcom.py took 0.098 seconds
