[2024-09-11T13:35:27.440+0000] {processor.py:186} INFO - Started process (PID=122) to work on /home/airflow/.local/lib/python3.12/site-packages/airflow/example_dags/example_display_name.py
[2024-09-11T13:35:27.441+0000] {processor.py:914} INFO - Processing file /home/airflow/.local/lib/python3.12/site-packages/airflow/example_dags/example_display_name.py for tasks to queue
[2024-09-11T13:35:27.445+0000] {logging_mixin.py:190} INFO - [2024-09-11T13:35:27.444+0000] {dagbag.py:587} INFO - Filling up the DagBag from /home/airflow/.local/lib/python3.12/site-packages/airflow/example_dags/example_display_name.py
[2024-09-11T13:35:27.456+0000] {processor.py:925} INFO - DAG(s) 'example_display_name' retrieved from /home/airflow/.local/lib/python3.12/site-packages/airflow/example_dags/example_display_name.py
[2024-09-11T13:35:27.616+0000] {logging_mixin.py:190} INFO - [2024-09-11T13:35:27.615+0000] {override.py:1900} INFO - Created Permission View: can edit on DAG:example_display_name
[2024-09-11T13:35:27.630+0000] {logging_mixin.py:190} INFO - [2024-09-11T13:35:27.630+0000] {override.py:1900} INFO - Created Permission View: can delete on DAG:example_display_name
[2024-09-11T13:35:27.640+0000] {logging_mixin.py:190} INFO - [2024-09-11T13:35:27.639+0000] {override.py:1900} INFO - Created Permission View: can read on DAG:example_display_name
[2024-09-11T13:35:27.650+0000] {logging_mixin.py:190} INFO - [2024-09-11T13:35:27.650+0000] {override.py:1900} INFO - Created Permission View: menu access on DAG Run:example_display_name
[2024-09-11T13:35:27.660+0000] {logging_mixin.py:190} INFO - [2024-09-11T13:35:27.660+0000] {override.py:1900} INFO - Created Permission View: can create on DAG Run:example_display_name
[2024-09-11T13:35:27.670+0000] {logging_mixin.py:190} INFO - [2024-09-11T13:35:27.670+0000] {override.py:1900} INFO - Created Permission View: can delete on DAG Run:example_display_name
[2024-09-11T13:35:27.679+0000] {logging_mixin.py:190} INFO - [2024-09-11T13:35:27.679+0000] {override.py:1900} INFO - Created Permission View: can read on DAG Run:example_display_name
[2024-09-11T13:35:27.680+0000] {logging_mixin.py:190} INFO - [2024-09-11T13:35:27.680+0000] {dag.py:3229} INFO - Sync 1 DAGs
[2024-09-11T13:35:27.698+0000] {logging_mixin.py:190} INFO - [2024-09-11T13:35:27.698+0000] {dag.py:3252} INFO - Creating ORM DAG for example_display_name
[2024-09-11T13:35:27.699+0000] {logging_mixin.py:190} INFO - [2024-09-11T13:35:27.699+0000] {dag.py:4156} INFO - Setting next_dagrun for example_display_name to None, run_after=None
[2024-09-11T13:35:27.723+0000] {processor.py:208} INFO - Processing /home/airflow/.local/lib/python3.12/site-packages/airflow/example_dags/example_display_name.py took 0.295 seconds
[2024-09-11T13:35:58.627+0000] {processor.py:186} INFO - Started process (PID=184) to work on /home/airflow/.local/lib/python3.12/site-packages/airflow/example_dags/example_display_name.py
[2024-09-11T13:35:58.628+0000] {processor.py:914} INFO - Processing file /home/airflow/.local/lib/python3.12/site-packages/airflow/example_dags/example_display_name.py for tasks to queue
[2024-09-11T13:35:58.631+0000] {logging_mixin.py:190} INFO - [2024-09-11T13:35:58.631+0000] {dagbag.py:587} INFO - Filling up the DagBag from /home/airflow/.local/lib/python3.12/site-packages/airflow/example_dags/example_display_name.py
[2024-09-11T13:35:58.640+0000] {processor.py:925} INFO - DAG(s) 'example_display_name' retrieved from /home/airflow/.local/lib/python3.12/site-packages/airflow/example_dags/example_display_name.py
[2024-09-11T13:35:58.665+0000] {logging_mixin.py:190} INFO - [2024-09-11T13:35:58.665+0000] {dag.py:3229} INFO - Sync 1 DAGs
[2024-09-11T13:35:58.687+0000] {logging_mixin.py:190} INFO - [2024-09-11T13:35:58.687+0000] {dag.py:4156} INFO - Setting next_dagrun for example_display_name to None, run_after=None
[2024-09-11T13:35:58.711+0000] {processor.py:208} INFO - Processing /home/airflow/.local/lib/python3.12/site-packages/airflow/example_dags/example_display_name.py took 0.092 seconds
[2024-09-11T13:36:28.903+0000] {processor.py:186} INFO - Started process (PID=246) to work on /home/airflow/.local/lib/python3.12/site-packages/airflow/example_dags/example_display_name.py
[2024-09-11T13:36:28.904+0000] {processor.py:914} INFO - Processing file /home/airflow/.local/lib/python3.12/site-packages/airflow/example_dags/example_display_name.py for tasks to queue
[2024-09-11T13:36:28.907+0000] {logging_mixin.py:190} INFO - [2024-09-11T13:36:28.906+0000] {dagbag.py:587} INFO - Filling up the DagBag from /home/airflow/.local/lib/python3.12/site-packages/airflow/example_dags/example_display_name.py
[2024-09-11T13:36:28.915+0000] {processor.py:925} INFO - DAG(s) 'example_display_name' retrieved from /home/airflow/.local/lib/python3.12/site-packages/airflow/example_dags/example_display_name.py
[2024-09-11T13:36:28.937+0000] {logging_mixin.py:190} INFO - [2024-09-11T13:36:28.936+0000] {dag.py:3229} INFO - Sync 1 DAGs
[2024-09-11T13:36:28.953+0000] {logging_mixin.py:190} INFO - [2024-09-11T13:36:28.952+0000] {dag.py:4156} INFO - Setting next_dagrun for example_display_name to None, run_after=None
[2024-09-11T13:36:28.974+0000] {processor.py:208} INFO - Processing /home/airflow/.local/lib/python3.12/site-packages/airflow/example_dags/example_display_name.py took 0.077 seconds
[2024-09-11T13:36:59.745+0000] {processor.py:186} INFO - Started process (PID=308) to work on /home/airflow/.local/lib/python3.12/site-packages/airflow/example_dags/example_display_name.py
[2024-09-11T13:36:59.746+0000] {processor.py:914} INFO - Processing file /home/airflow/.local/lib/python3.12/site-packages/airflow/example_dags/example_display_name.py for tasks to queue
[2024-09-11T13:36:59.750+0000] {logging_mixin.py:190} INFO - [2024-09-11T13:36:59.749+0000] {dagbag.py:587} INFO - Filling up the DagBag from /home/airflow/.local/lib/python3.12/site-packages/airflow/example_dags/example_display_name.py
[2024-09-11T13:36:59.759+0000] {processor.py:925} INFO - DAG(s) 'example_display_name' retrieved from /home/airflow/.local/lib/python3.12/site-packages/airflow/example_dags/example_display_name.py
[2024-09-11T13:36:59.781+0000] {logging_mixin.py:190} INFO - [2024-09-11T13:36:59.781+0000] {dag.py:3229} INFO - Sync 1 DAGs
[2024-09-11T13:36:59.798+0000] {logging_mixin.py:190} INFO - [2024-09-11T13:36:59.798+0000] {dag.py:4156} INFO - Setting next_dagrun for example_display_name to None, run_after=None
[2024-09-11T13:36:59.820+0000] {processor.py:208} INFO - Processing /home/airflow/.local/lib/python3.12/site-packages/airflow/example_dags/example_display_name.py took 0.087 seconds
[2024-09-11T13:37:30.400+0000] {processor.py:186} INFO - Started process (PID=370) to work on /home/airflow/.local/lib/python3.12/site-packages/airflow/example_dags/example_display_name.py
[2024-09-11T13:37:30.403+0000] {processor.py:914} INFO - Processing file /home/airflow/.local/lib/python3.12/site-packages/airflow/example_dags/example_display_name.py for tasks to queue
[2024-09-11T13:37:30.407+0000] {logging_mixin.py:190} INFO - [2024-09-11T13:37:30.406+0000] {dagbag.py:587} INFO - Filling up the DagBag from /home/airflow/.local/lib/python3.12/site-packages/airflow/example_dags/example_display_name.py
[2024-09-11T13:37:30.421+0000] {processor.py:925} INFO - DAG(s) 'example_display_name' retrieved from /home/airflow/.local/lib/python3.12/site-packages/airflow/example_dags/example_display_name.py
[2024-09-11T13:37:30.463+0000] {logging_mixin.py:190} INFO - [2024-09-11T13:37:30.463+0000] {dag.py:3229} INFO - Sync 1 DAGs
[2024-09-11T13:37:30.485+0000] {logging_mixin.py:190} INFO - [2024-09-11T13:37:30.484+0000] {dag.py:4156} INFO - Setting next_dagrun for example_display_name to None, run_after=None
[2024-09-11T13:37:30.513+0000] {processor.py:208} INFO - Processing /home/airflow/.local/lib/python3.12/site-packages/airflow/example_dags/example_display_name.py took 0.126 seconds
[2024-09-11T13:38:01.121+0000] {processor.py:186} INFO - Started process (PID=432) to work on /home/airflow/.local/lib/python3.12/site-packages/airflow/example_dags/example_display_name.py
[2024-09-11T13:38:01.124+0000] {processor.py:914} INFO - Processing file /home/airflow/.local/lib/python3.12/site-packages/airflow/example_dags/example_display_name.py for tasks to queue
[2024-09-11T13:38:01.130+0000] {logging_mixin.py:190} INFO - [2024-09-11T13:38:01.129+0000] {dagbag.py:587} INFO - Filling up the DagBag from /home/airflow/.local/lib/python3.12/site-packages/airflow/example_dags/example_display_name.py
[2024-09-11T13:38:01.151+0000] {processor.py:925} INFO - DAG(s) 'example_display_name' retrieved from /home/airflow/.local/lib/python3.12/site-packages/airflow/example_dags/example_display_name.py
[2024-09-11T13:38:01.216+0000] {logging_mixin.py:190} INFO - [2024-09-11T13:38:01.215+0000] {dag.py:3229} INFO - Sync 1 DAGs
[2024-09-11T13:38:01.260+0000] {logging_mixin.py:190} INFO - [2024-09-11T13:38:01.260+0000] {dag.py:4156} INFO - Setting next_dagrun for example_display_name to None, run_after=None
[2024-09-11T13:38:01.303+0000] {processor.py:208} INFO - Processing /home/airflow/.local/lib/python3.12/site-packages/airflow/example_dags/example_display_name.py took 0.201 seconds
[2024-09-11T13:38:32.225+0000] {processor.py:186} INFO - Started process (PID=494) to work on /home/airflow/.local/lib/python3.12/site-packages/airflow/example_dags/example_display_name.py
[2024-09-11T13:38:32.228+0000] {processor.py:914} INFO - Processing file /home/airflow/.local/lib/python3.12/site-packages/airflow/example_dags/example_display_name.py for tasks to queue
[2024-09-11T13:38:32.231+0000] {logging_mixin.py:190} INFO - [2024-09-11T13:38:32.231+0000] {dagbag.py:587} INFO - Filling up the DagBag from /home/airflow/.local/lib/python3.12/site-packages/airflow/example_dags/example_display_name.py
[2024-09-11T13:38:32.245+0000] {processor.py:925} INFO - DAG(s) 'example_display_name' retrieved from /home/airflow/.local/lib/python3.12/site-packages/airflow/example_dags/example_display_name.py
[2024-09-11T13:38:32.286+0000] {logging_mixin.py:190} INFO - [2024-09-11T13:38:32.285+0000] {dag.py:3229} INFO - Sync 1 DAGs
[2024-09-11T13:38:32.329+0000] {logging_mixin.py:190} INFO - [2024-09-11T13:38:32.328+0000] {dag.py:4156} INFO - Setting next_dagrun for example_display_name to None, run_after=None
[2024-09-11T13:38:32.361+0000] {processor.py:208} INFO - Processing /home/airflow/.local/lib/python3.12/site-packages/airflow/example_dags/example_display_name.py took 0.145 seconds
[2024-09-11T13:39:03.321+0000] {processor.py:186} INFO - Started process (PID=556) to work on /home/airflow/.local/lib/python3.12/site-packages/airflow/example_dags/example_display_name.py
[2024-09-11T13:39:03.323+0000] {processor.py:914} INFO - Processing file /home/airflow/.local/lib/python3.12/site-packages/airflow/example_dags/example_display_name.py for tasks to queue
[2024-09-11T13:39:03.330+0000] {logging_mixin.py:190} INFO - [2024-09-11T13:39:03.329+0000] {dagbag.py:587} INFO - Filling up the DagBag from /home/airflow/.local/lib/python3.12/site-packages/airflow/example_dags/example_display_name.py
[2024-09-11T13:39:03.351+0000] {processor.py:925} INFO - DAG(s) 'example_display_name' retrieved from /home/airflow/.local/lib/python3.12/site-packages/airflow/example_dags/example_display_name.py
[2024-09-11T13:39:03.410+0000] {logging_mixin.py:190} INFO - [2024-09-11T13:39:03.409+0000] {dag.py:3229} INFO - Sync 1 DAGs
[2024-09-11T13:39:03.452+0000] {logging_mixin.py:190} INFO - [2024-09-11T13:39:03.452+0000] {dag.py:4156} INFO - Setting next_dagrun for example_display_name to None, run_after=None
[2024-09-11T13:39:03.518+0000] {processor.py:208} INFO - Processing /home/airflow/.local/lib/python3.12/site-packages/airflow/example_dags/example_display_name.py took 0.219 seconds
[2024-09-11T13:39:33.956+0000] {processor.py:186} INFO - Started process (PID=618) to work on /home/airflow/.local/lib/python3.12/site-packages/airflow/example_dags/example_display_name.py
[2024-09-11T13:39:33.957+0000] {processor.py:914} INFO - Processing file /home/airflow/.local/lib/python3.12/site-packages/airflow/example_dags/example_display_name.py for tasks to queue
[2024-09-11T13:39:33.965+0000] {logging_mixin.py:190} INFO - [2024-09-11T13:39:33.964+0000] {dagbag.py:587} INFO - Filling up the DagBag from /home/airflow/.local/lib/python3.12/site-packages/airflow/example_dags/example_display_name.py
[2024-09-11T13:39:33.991+0000] {processor.py:925} INFO - DAG(s) 'example_display_name' retrieved from /home/airflow/.local/lib/python3.12/site-packages/airflow/example_dags/example_display_name.py
[2024-09-11T13:39:34.080+0000] {logging_mixin.py:190} INFO - [2024-09-11T13:39:34.079+0000] {dag.py:3229} INFO - Sync 1 DAGs
[2024-09-11T13:39:34.139+0000] {logging_mixin.py:190} INFO - [2024-09-11T13:39:34.138+0000] {dag.py:4156} INFO - Setting next_dagrun for example_display_name to None, run_after=None
[2024-09-11T13:39:34.175+0000] {processor.py:208} INFO - Processing /home/airflow/.local/lib/python3.12/site-packages/airflow/example_dags/example_display_name.py took 0.231 seconds
[2024-09-11T13:40:04.498+0000] {processor.py:186} INFO - Started process (PID=680) to work on /home/airflow/.local/lib/python3.12/site-packages/airflow/example_dags/example_display_name.py
[2024-09-11T13:40:04.499+0000] {processor.py:914} INFO - Processing file /home/airflow/.local/lib/python3.12/site-packages/airflow/example_dags/example_display_name.py for tasks to queue
[2024-09-11T13:40:04.502+0000] {logging_mixin.py:190} INFO - [2024-09-11T13:40:04.502+0000] {dagbag.py:587} INFO - Filling up the DagBag from /home/airflow/.local/lib/python3.12/site-packages/airflow/example_dags/example_display_name.py
[2024-09-11T13:40:04.530+0000] {processor.py:925} INFO - DAG(s) 'example_display_name' retrieved from /home/airflow/.local/lib/python3.12/site-packages/airflow/example_dags/example_display_name.py
[2024-09-11T13:40:04.565+0000] {logging_mixin.py:190} INFO - [2024-09-11T13:40:04.564+0000] {dag.py:3229} INFO - Sync 1 DAGs
[2024-09-11T13:40:04.590+0000] {logging_mixin.py:190} INFO - [2024-09-11T13:40:04.589+0000] {dag.py:4156} INFO - Setting next_dagrun for example_display_name to None, run_after=None
[2024-09-11T13:40:04.617+0000] {processor.py:208} INFO - Processing /home/airflow/.local/lib/python3.12/site-packages/airflow/example_dags/example_display_name.py took 0.133 seconds
[2024-09-11T13:40:34.755+0000] {processor.py:186} INFO - Started process (PID=742) to work on /home/airflow/.local/lib/python3.12/site-packages/airflow/example_dags/example_display_name.py
[2024-09-11T13:40:34.757+0000] {processor.py:914} INFO - Processing file /home/airflow/.local/lib/python3.12/site-packages/airflow/example_dags/example_display_name.py for tasks to queue
[2024-09-11T13:40:34.759+0000] {logging_mixin.py:190} INFO - [2024-09-11T13:40:34.759+0000] {dagbag.py:587} INFO - Filling up the DagBag from /home/airflow/.local/lib/python3.12/site-packages/airflow/example_dags/example_display_name.py
[2024-09-11T13:40:34.767+0000] {processor.py:925} INFO - DAG(s) 'example_display_name' retrieved from /home/airflow/.local/lib/python3.12/site-packages/airflow/example_dags/example_display_name.py
[2024-09-11T13:40:34.792+0000] {logging_mixin.py:190} INFO - [2024-09-11T13:40:34.792+0000] {dag.py:3229} INFO - Sync 1 DAGs
[2024-09-11T13:40:34.809+0000] {logging_mixin.py:190} INFO - [2024-09-11T13:40:34.808+0000] {dag.py:4156} INFO - Setting next_dagrun for example_display_name to None, run_after=None
[2024-09-11T13:40:34.828+0000] {processor.py:208} INFO - Processing /home/airflow/.local/lib/python3.12/site-packages/airflow/example_dags/example_display_name.py took 0.080 seconds
[2024-09-11T13:41:05.573+0000] {processor.py:186} INFO - Started process (PID=804) to work on /home/airflow/.local/lib/python3.12/site-packages/airflow/example_dags/example_display_name.py
[2024-09-11T13:41:05.575+0000] {processor.py:914} INFO - Processing file /home/airflow/.local/lib/python3.12/site-packages/airflow/example_dags/example_display_name.py for tasks to queue
[2024-09-11T13:41:05.577+0000] {logging_mixin.py:190} INFO - [2024-09-11T13:41:05.577+0000] {dagbag.py:587} INFO - Filling up the DagBag from /home/airflow/.local/lib/python3.12/site-packages/airflow/example_dags/example_display_name.py
[2024-09-11T13:41:05.586+0000] {processor.py:925} INFO - DAG(s) 'example_display_name' retrieved from /home/airflow/.local/lib/python3.12/site-packages/airflow/example_dags/example_display_name.py
[2024-09-11T13:41:05.608+0000] {logging_mixin.py:190} INFO - [2024-09-11T13:41:05.608+0000] {dag.py:3229} INFO - Sync 1 DAGs
[2024-09-11T13:41:05.624+0000] {logging_mixin.py:190} INFO - [2024-09-11T13:41:05.624+0000] {dag.py:4156} INFO - Setting next_dagrun for example_display_name to None, run_after=None
[2024-09-11T13:41:05.646+0000] {processor.py:208} INFO - Processing /home/airflow/.local/lib/python3.12/site-packages/airflow/example_dags/example_display_name.py took 0.079 seconds
[2024-09-11T13:41:36.360+0000] {processor.py:186} INFO - Started process (PID=866) to work on /home/airflow/.local/lib/python3.12/site-packages/airflow/example_dags/example_display_name.py
[2024-09-11T13:41:36.361+0000] {processor.py:914} INFO - Processing file /home/airflow/.local/lib/python3.12/site-packages/airflow/example_dags/example_display_name.py for tasks to queue
[2024-09-11T13:41:36.364+0000] {logging_mixin.py:190} INFO - [2024-09-11T13:41:36.364+0000] {dagbag.py:587} INFO - Filling up the DagBag from /home/airflow/.local/lib/python3.12/site-packages/airflow/example_dags/example_display_name.py
[2024-09-11T13:41:36.372+0000] {processor.py:925} INFO - DAG(s) 'example_display_name' retrieved from /home/airflow/.local/lib/python3.12/site-packages/airflow/example_dags/example_display_name.py
[2024-09-11T13:41:36.393+0000] {logging_mixin.py:190} INFO - [2024-09-11T13:41:36.393+0000] {dag.py:3229} INFO - Sync 1 DAGs
[2024-09-11T13:41:36.409+0000] {logging_mixin.py:190} INFO - [2024-09-11T13:41:36.409+0000] {dag.py:4156} INFO - Setting next_dagrun for example_display_name to None, run_after=None
[2024-09-11T13:41:36.429+0000] {processor.py:208} INFO - Processing /home/airflow/.local/lib/python3.12/site-packages/airflow/example_dags/example_display_name.py took 0.077 seconds
[2024-09-11T13:42:07.008+0000] {processor.py:186} INFO - Started process (PID=928) to work on /home/airflow/.local/lib/python3.12/site-packages/airflow/example_dags/example_display_name.py
[2024-09-11T13:42:07.009+0000] {processor.py:914} INFO - Processing file /home/airflow/.local/lib/python3.12/site-packages/airflow/example_dags/example_display_name.py for tasks to queue
[2024-09-11T13:42:07.012+0000] {logging_mixin.py:190} INFO - [2024-09-11T13:42:07.012+0000] {dagbag.py:587} INFO - Filling up the DagBag from /home/airflow/.local/lib/python3.12/site-packages/airflow/example_dags/example_display_name.py
[2024-09-11T13:42:07.021+0000] {processor.py:925} INFO - DAG(s) 'example_display_name' retrieved from /home/airflow/.local/lib/python3.12/site-packages/airflow/example_dags/example_display_name.py
[2024-09-11T13:42:07.042+0000] {logging_mixin.py:190} INFO - [2024-09-11T13:42:07.042+0000] {dag.py:3229} INFO - Sync 1 DAGs
[2024-09-11T13:42:07.058+0000] {logging_mixin.py:190} INFO - [2024-09-11T13:42:07.058+0000] {dag.py:4156} INFO - Setting next_dagrun for example_display_name to None, run_after=None
[2024-09-11T13:42:07.080+0000] {processor.py:208} INFO - Processing /home/airflow/.local/lib/python3.12/site-packages/airflow/example_dags/example_display_name.py took 0.083 seconds
[2024-09-11T13:42:37.502+0000] {processor.py:186} INFO - Started process (PID=990) to work on /home/airflow/.local/lib/python3.12/site-packages/airflow/example_dags/example_display_name.py
[2024-09-11T13:42:37.503+0000] {processor.py:914} INFO - Processing file /home/airflow/.local/lib/python3.12/site-packages/airflow/example_dags/example_display_name.py for tasks to queue
[2024-09-11T13:42:37.506+0000] {logging_mixin.py:190} INFO - [2024-09-11T13:42:37.506+0000] {dagbag.py:587} INFO - Filling up the DagBag from /home/airflow/.local/lib/python3.12/site-packages/airflow/example_dags/example_display_name.py
[2024-09-11T13:42:37.514+0000] {processor.py:925} INFO - DAG(s) 'example_display_name' retrieved from /home/airflow/.local/lib/python3.12/site-packages/airflow/example_dags/example_display_name.py
[2024-09-11T13:42:37.542+0000] {logging_mixin.py:190} INFO - [2024-09-11T13:42:37.542+0000] {dag.py:3229} INFO - Sync 1 DAGs
[2024-09-11T13:42:37.565+0000] {logging_mixin.py:190} INFO - [2024-09-11T13:42:37.564+0000] {dag.py:4156} INFO - Setting next_dagrun for example_display_name to None, run_after=None
[2024-09-11T13:42:37.589+0000] {processor.py:208} INFO - Processing /home/airflow/.local/lib/python3.12/site-packages/airflow/example_dags/example_display_name.py took 0.094 seconds
[2024-09-11T13:43:07.740+0000] {processor.py:186} INFO - Started process (PID=1052) to work on /home/airflow/.local/lib/python3.12/site-packages/airflow/example_dags/example_display_name.py
[2024-09-11T13:43:07.741+0000] {processor.py:914} INFO - Processing file /home/airflow/.local/lib/python3.12/site-packages/airflow/example_dags/example_display_name.py for tasks to queue
[2024-09-11T13:43:07.743+0000] {logging_mixin.py:190} INFO - [2024-09-11T13:43:07.743+0000] {dagbag.py:587} INFO - Filling up the DagBag from /home/airflow/.local/lib/python3.12/site-packages/airflow/example_dags/example_display_name.py
[2024-09-11T13:43:07.752+0000] {processor.py:925} INFO - DAG(s) 'example_display_name' retrieved from /home/airflow/.local/lib/python3.12/site-packages/airflow/example_dags/example_display_name.py
[2024-09-11T13:43:07.778+0000] {logging_mixin.py:190} INFO - [2024-09-11T13:43:07.778+0000] {dag.py:3229} INFO - Sync 1 DAGs
[2024-09-11T13:43:07.797+0000] {logging_mixin.py:190} INFO - [2024-09-11T13:43:07.797+0000] {dag.py:4156} INFO - Setting next_dagrun for example_display_name to None, run_after=None
[2024-09-11T13:43:07.819+0000] {processor.py:208} INFO - Processing /home/airflow/.local/lib/python3.12/site-packages/airflow/example_dags/example_display_name.py took 0.086 seconds
[2024-09-11T13:43:38.557+0000] {processor.py:186} INFO - Started process (PID=1114) to work on /home/airflow/.local/lib/python3.12/site-packages/airflow/example_dags/example_display_name.py
[2024-09-11T13:43:38.559+0000] {processor.py:914} INFO - Processing file /home/airflow/.local/lib/python3.12/site-packages/airflow/example_dags/example_display_name.py for tasks to queue
[2024-09-11T13:43:38.562+0000] {logging_mixin.py:190} INFO - [2024-09-11T13:43:38.561+0000] {dagbag.py:587} INFO - Filling up the DagBag from /home/airflow/.local/lib/python3.12/site-packages/airflow/example_dags/example_display_name.py
[2024-09-11T13:43:38.571+0000] {processor.py:925} INFO - DAG(s) 'example_display_name' retrieved from /home/airflow/.local/lib/python3.12/site-packages/airflow/example_dags/example_display_name.py
[2024-09-11T13:43:38.594+0000] {logging_mixin.py:190} INFO - [2024-09-11T13:43:38.593+0000] {dag.py:3229} INFO - Sync 1 DAGs
[2024-09-11T13:43:38.613+0000] {logging_mixin.py:190} INFO - [2024-09-11T13:43:38.613+0000] {dag.py:4156} INFO - Setting next_dagrun for example_display_name to None, run_after=None
[2024-09-11T13:43:38.638+0000] {processor.py:208} INFO - Processing /home/airflow/.local/lib/python3.12/site-packages/airflow/example_dags/example_display_name.py took 0.089 seconds
[2024-09-11T13:44:09.004+0000] {processor.py:186} INFO - Started process (PID=1176) to work on /home/airflow/.local/lib/python3.12/site-packages/airflow/example_dags/example_display_name.py
[2024-09-11T13:44:09.005+0000] {processor.py:914} INFO - Processing file /home/airflow/.local/lib/python3.12/site-packages/airflow/example_dags/example_display_name.py for tasks to queue
[2024-09-11T13:44:09.008+0000] {logging_mixin.py:190} INFO - [2024-09-11T13:44:09.008+0000] {dagbag.py:587} INFO - Filling up the DagBag from /home/airflow/.local/lib/python3.12/site-packages/airflow/example_dags/example_display_name.py
[2024-09-11T13:44:09.016+0000] {processor.py:925} INFO - DAG(s) 'example_display_name' retrieved from /home/airflow/.local/lib/python3.12/site-packages/airflow/example_dags/example_display_name.py
[2024-09-11T13:44:09.037+0000] {logging_mixin.py:190} INFO - [2024-09-11T13:44:09.037+0000] {dag.py:3229} INFO - Sync 1 DAGs
[2024-09-11T13:44:09.054+0000] {logging_mixin.py:190} INFO - [2024-09-11T13:44:09.054+0000] {dag.py:4156} INFO - Setting next_dagrun for example_display_name to None, run_after=None
[2024-09-11T13:44:09.076+0000] {processor.py:208} INFO - Processing /home/airflow/.local/lib/python3.12/site-packages/airflow/example_dags/example_display_name.py took 0.078 seconds
[2024-09-11T13:44:39.476+0000] {processor.py:186} INFO - Started process (PID=1238) to work on /home/airflow/.local/lib/python3.12/site-packages/airflow/example_dags/example_display_name.py
[2024-09-11T13:44:39.477+0000] {processor.py:914} INFO - Processing file /home/airflow/.local/lib/python3.12/site-packages/airflow/example_dags/example_display_name.py for tasks to queue
[2024-09-11T13:44:39.480+0000] {logging_mixin.py:190} INFO - [2024-09-11T13:44:39.480+0000] {dagbag.py:587} INFO - Filling up the DagBag from /home/airflow/.local/lib/python3.12/site-packages/airflow/example_dags/example_display_name.py
[2024-09-11T13:44:39.488+0000] {processor.py:925} INFO - DAG(s) 'example_display_name' retrieved from /home/airflow/.local/lib/python3.12/site-packages/airflow/example_dags/example_display_name.py
[2024-09-11T13:44:39.509+0000] {logging_mixin.py:190} INFO - [2024-09-11T13:44:39.508+0000] {dag.py:3229} INFO - Sync 1 DAGs
[2024-09-11T13:44:39.529+0000] {logging_mixin.py:190} INFO - [2024-09-11T13:44:39.528+0000] {dag.py:4156} INFO - Setting next_dagrun for example_display_name to None, run_after=None
[2024-09-11T13:44:39.551+0000] {processor.py:208} INFO - Processing /home/airflow/.local/lib/python3.12/site-packages/airflow/example_dags/example_display_name.py took 0.081 seconds
[2024-09-11T13:45:10.029+0000] {processor.py:186} INFO - Started process (PID=1300) to work on /home/airflow/.local/lib/python3.12/site-packages/airflow/example_dags/example_display_name.py
[2024-09-11T13:45:10.030+0000] {processor.py:914} INFO - Processing file /home/airflow/.local/lib/python3.12/site-packages/airflow/example_dags/example_display_name.py for tasks to queue
[2024-09-11T13:45:10.033+0000] {logging_mixin.py:190} INFO - [2024-09-11T13:45:10.033+0000] {dagbag.py:587} INFO - Filling up the DagBag from /home/airflow/.local/lib/python3.12/site-packages/airflow/example_dags/example_display_name.py
[2024-09-11T13:45:10.041+0000] {processor.py:925} INFO - DAG(s) 'example_display_name' retrieved from /home/airflow/.local/lib/python3.12/site-packages/airflow/example_dags/example_display_name.py
[2024-09-11T13:45:10.063+0000] {logging_mixin.py:190} INFO - [2024-09-11T13:45:10.063+0000] {dag.py:3229} INFO - Sync 1 DAGs
[2024-09-11T13:45:10.080+0000] {logging_mixin.py:190} INFO - [2024-09-11T13:45:10.080+0000] {dag.py:4156} INFO - Setting next_dagrun for example_display_name to None, run_after=None
[2024-09-11T13:45:10.101+0000] {processor.py:208} INFO - Processing /home/airflow/.local/lib/python3.12/site-packages/airflow/example_dags/example_display_name.py took 0.079 seconds
[2024-09-11T13:45:40.691+0000] {processor.py:186} INFO - Started process (PID=1362) to work on /home/airflow/.local/lib/python3.12/site-packages/airflow/example_dags/example_display_name.py
[2024-09-11T13:45:40.692+0000] {processor.py:914} INFO - Processing file /home/airflow/.local/lib/python3.12/site-packages/airflow/example_dags/example_display_name.py for tasks to queue
[2024-09-11T13:45:40.694+0000] {logging_mixin.py:190} INFO - [2024-09-11T13:45:40.694+0000] {dagbag.py:587} INFO - Filling up the DagBag from /home/airflow/.local/lib/python3.12/site-packages/airflow/example_dags/example_display_name.py
[2024-09-11T13:45:40.702+0000] {processor.py:925} INFO - DAG(s) 'example_display_name' retrieved from /home/airflow/.local/lib/python3.12/site-packages/airflow/example_dags/example_display_name.py
[2024-09-11T13:45:40.722+0000] {logging_mixin.py:190} INFO - [2024-09-11T13:45:40.722+0000] {dag.py:3229} INFO - Sync 1 DAGs
[2024-09-11T13:45:40.739+0000] {logging_mixin.py:190} INFO - [2024-09-11T13:45:40.739+0000] {dag.py:4156} INFO - Setting next_dagrun for example_display_name to None, run_after=None
[2024-09-11T13:45:40.764+0000] {processor.py:208} INFO - Processing /home/airflow/.local/lib/python3.12/site-packages/airflow/example_dags/example_display_name.py took 0.080 seconds
[2024-09-11T13:46:11.292+0000] {processor.py:186} INFO - Started process (PID=1424) to work on /home/airflow/.local/lib/python3.12/site-packages/airflow/example_dags/example_display_name.py
[2024-09-11T13:46:11.293+0000] {processor.py:914} INFO - Processing file /home/airflow/.local/lib/python3.12/site-packages/airflow/example_dags/example_display_name.py for tasks to queue
[2024-09-11T13:46:11.296+0000] {logging_mixin.py:190} INFO - [2024-09-11T13:46:11.296+0000] {dagbag.py:587} INFO - Filling up the DagBag from /home/airflow/.local/lib/python3.12/site-packages/airflow/example_dags/example_display_name.py
[2024-09-11T13:46:11.305+0000] {processor.py:925} INFO - DAG(s) 'example_display_name' retrieved from /home/airflow/.local/lib/python3.12/site-packages/airflow/example_dags/example_display_name.py
[2024-09-11T13:46:11.327+0000] {logging_mixin.py:190} INFO - [2024-09-11T13:46:11.327+0000] {dag.py:3229} INFO - Sync 1 DAGs
[2024-09-11T13:46:11.344+0000] {logging_mixin.py:190} INFO - [2024-09-11T13:46:11.344+0000] {dag.py:4156} INFO - Setting next_dagrun for example_display_name to None, run_after=None
[2024-09-11T13:46:11.366+0000] {processor.py:208} INFO - Processing /home/airflow/.local/lib/python3.12/site-packages/airflow/example_dags/example_display_name.py took 0.082 seconds
[2024-09-11T13:46:43.032+0000] {processor.py:186} INFO - Started process (PID=1486) to work on /home/airflow/.local/lib/python3.12/site-packages/airflow/example_dags/example_display_name.py
[2024-09-11T13:46:43.033+0000] {processor.py:914} INFO - Processing file /home/airflow/.local/lib/python3.12/site-packages/airflow/example_dags/example_display_name.py for tasks to queue
[2024-09-11T13:46:43.035+0000] {logging_mixin.py:190} INFO - [2024-09-11T13:46:43.035+0000] {dagbag.py:587} INFO - Filling up the DagBag from /home/airflow/.local/lib/python3.12/site-packages/airflow/example_dags/example_display_name.py
[2024-09-11T13:46:43.044+0000] {processor.py:925} INFO - DAG(s) 'example_display_name' retrieved from /home/airflow/.local/lib/python3.12/site-packages/airflow/example_dags/example_display_name.py
[2024-09-11T13:46:43.065+0000] {logging_mixin.py:190} INFO - [2024-09-11T13:46:43.065+0000] {dag.py:3229} INFO - Sync 1 DAGs
[2024-09-11T13:46:43.081+0000] {logging_mixin.py:190} INFO - [2024-09-11T13:46:43.081+0000] {dag.py:4156} INFO - Setting next_dagrun for example_display_name to None, run_after=None
[2024-09-11T13:46:43.100+0000] {processor.py:208} INFO - Processing /home/airflow/.local/lib/python3.12/site-packages/airflow/example_dags/example_display_name.py took 0.075 seconds
[2024-09-11T13:47:14.366+0000] {processor.py:186} INFO - Started process (PID=1548) to work on /home/airflow/.local/lib/python3.12/site-packages/airflow/example_dags/example_display_name.py
[2024-09-11T13:47:14.367+0000] {processor.py:914} INFO - Processing file /home/airflow/.local/lib/python3.12/site-packages/airflow/example_dags/example_display_name.py for tasks to queue
[2024-09-11T13:47:14.370+0000] {logging_mixin.py:190} INFO - [2024-09-11T13:47:14.369+0000] {dagbag.py:587} INFO - Filling up the DagBag from /home/airflow/.local/lib/python3.12/site-packages/airflow/example_dags/example_display_name.py
[2024-09-11T13:47:14.377+0000] {processor.py:925} INFO - DAG(s) 'example_display_name' retrieved from /home/airflow/.local/lib/python3.12/site-packages/airflow/example_dags/example_display_name.py
[2024-09-11T13:47:14.398+0000] {logging_mixin.py:190} INFO - [2024-09-11T13:47:14.398+0000] {dag.py:3229} INFO - Sync 1 DAGs
[2024-09-11T13:47:14.414+0000] {logging_mixin.py:190} INFO - [2024-09-11T13:47:14.414+0000] {dag.py:4156} INFO - Setting next_dagrun for example_display_name to None, run_after=None
[2024-09-11T13:47:14.435+0000] {processor.py:208} INFO - Processing /home/airflow/.local/lib/python3.12/site-packages/airflow/example_dags/example_display_name.py took 0.075 seconds
[2024-09-11T13:47:45.417+0000] {processor.py:186} INFO - Started process (PID=1610) to work on /home/airflow/.local/lib/python3.12/site-packages/airflow/example_dags/example_display_name.py
[2024-09-11T13:47:45.418+0000] {processor.py:914} INFO - Processing file /home/airflow/.local/lib/python3.12/site-packages/airflow/example_dags/example_display_name.py for tasks to queue
[2024-09-11T13:47:45.421+0000] {logging_mixin.py:190} INFO - [2024-09-11T13:47:45.421+0000] {dagbag.py:587} INFO - Filling up the DagBag from /home/airflow/.local/lib/python3.12/site-packages/airflow/example_dags/example_display_name.py
[2024-09-11T13:47:45.430+0000] {processor.py:925} INFO - DAG(s) 'example_display_name' retrieved from /home/airflow/.local/lib/python3.12/site-packages/airflow/example_dags/example_display_name.py
[2024-09-11T13:47:45.451+0000] {logging_mixin.py:190} INFO - [2024-09-11T13:47:45.451+0000] {dag.py:3229} INFO - Sync 1 DAGs
[2024-09-11T13:47:45.467+0000] {logging_mixin.py:190} INFO - [2024-09-11T13:47:45.466+0000] {dag.py:4156} INFO - Setting next_dagrun for example_display_name to None, run_after=None
[2024-09-11T13:47:45.486+0000] {processor.py:208} INFO - Processing /home/airflow/.local/lib/python3.12/site-packages/airflow/example_dags/example_display_name.py took 0.075 seconds
[2024-09-11T13:48:16.948+0000] {processor.py:186} INFO - Started process (PID=1672) to work on /home/airflow/.local/lib/python3.12/site-packages/airflow/example_dags/example_display_name.py
[2024-09-11T13:48:16.949+0000] {processor.py:914} INFO - Processing file /home/airflow/.local/lib/python3.12/site-packages/airflow/example_dags/example_display_name.py for tasks to queue
[2024-09-11T13:48:16.952+0000] {logging_mixin.py:190} INFO - [2024-09-11T13:48:16.952+0000] {dagbag.py:587} INFO - Filling up the DagBag from /home/airflow/.local/lib/python3.12/site-packages/airflow/example_dags/example_display_name.py
[2024-09-11T13:48:16.960+0000] {processor.py:925} INFO - DAG(s) 'example_display_name' retrieved from /home/airflow/.local/lib/python3.12/site-packages/airflow/example_dags/example_display_name.py
[2024-09-11T13:48:16.982+0000] {logging_mixin.py:190} INFO - [2024-09-11T13:48:16.982+0000] {dag.py:3229} INFO - Sync 1 DAGs
[2024-09-11T13:48:16.998+0000] {logging_mixin.py:190} INFO - [2024-09-11T13:48:16.998+0000] {dag.py:4156} INFO - Setting next_dagrun for example_display_name to None, run_after=None
[2024-09-11T13:48:17.018+0000] {processor.py:208} INFO - Processing /home/airflow/.local/lib/python3.12/site-packages/airflow/example_dags/example_display_name.py took 0.076 seconds
[2024-09-11T13:48:48.285+0000] {processor.py:186} INFO - Started process (PID=1734) to work on /home/airflow/.local/lib/python3.12/site-packages/airflow/example_dags/example_display_name.py
[2024-09-11T13:48:48.286+0000] {processor.py:914} INFO - Processing file /home/airflow/.local/lib/python3.12/site-packages/airflow/example_dags/example_display_name.py for tasks to queue
[2024-09-11T13:48:48.289+0000] {logging_mixin.py:190} INFO - [2024-09-11T13:48:48.289+0000] {dagbag.py:587} INFO - Filling up the DagBag from /home/airflow/.local/lib/python3.12/site-packages/airflow/example_dags/example_display_name.py
[2024-09-11T13:48:48.297+0000] {processor.py:925} INFO - DAG(s) 'example_display_name' retrieved from /home/airflow/.local/lib/python3.12/site-packages/airflow/example_dags/example_display_name.py
[2024-09-11T13:48:48.318+0000] {logging_mixin.py:190} INFO - [2024-09-11T13:48:48.318+0000] {dag.py:3229} INFO - Sync 1 DAGs
[2024-09-11T13:48:48.334+0000] {logging_mixin.py:190} INFO - [2024-09-11T13:48:48.334+0000] {dag.py:4156} INFO - Setting next_dagrun for example_display_name to None, run_after=None
[2024-09-11T13:48:48.356+0000] {processor.py:208} INFO - Processing /home/airflow/.local/lib/python3.12/site-packages/airflow/example_dags/example_display_name.py took 0.078 seconds
[2024-09-11T13:49:19.468+0000] {processor.py:186} INFO - Started process (PID=1796) to work on /home/airflow/.local/lib/python3.12/site-packages/airflow/example_dags/example_display_name.py
[2024-09-11T13:49:19.469+0000] {processor.py:914} INFO - Processing file /home/airflow/.local/lib/python3.12/site-packages/airflow/example_dags/example_display_name.py for tasks to queue
[2024-09-11T13:49:19.473+0000] {logging_mixin.py:190} INFO - [2024-09-11T13:49:19.473+0000] {dagbag.py:587} INFO - Filling up the DagBag from /home/airflow/.local/lib/python3.12/site-packages/airflow/example_dags/example_display_name.py
[2024-09-11T13:49:19.482+0000] {processor.py:925} INFO - DAG(s) 'example_display_name' retrieved from /home/airflow/.local/lib/python3.12/site-packages/airflow/example_dags/example_display_name.py
[2024-09-11T13:49:19.504+0000] {logging_mixin.py:190} INFO - [2024-09-11T13:49:19.504+0000] {dag.py:3229} INFO - Sync 1 DAGs
[2024-09-11T13:49:19.520+0000] {logging_mixin.py:190} INFO - [2024-09-11T13:49:19.520+0000] {dag.py:4156} INFO - Setting next_dagrun for example_display_name to None, run_after=None
[2024-09-11T13:49:19.540+0000] {processor.py:208} INFO - Processing /home/airflow/.local/lib/python3.12/site-packages/airflow/example_dags/example_display_name.py took 0.079 seconds
[2024-09-11T13:49:50.409+0000] {processor.py:186} INFO - Started process (PID=1858) to work on /home/airflow/.local/lib/python3.12/site-packages/airflow/example_dags/example_display_name.py
[2024-09-11T13:49:50.411+0000] {processor.py:914} INFO - Processing file /home/airflow/.local/lib/python3.12/site-packages/airflow/example_dags/example_display_name.py for tasks to queue
[2024-09-11T13:49:50.413+0000] {logging_mixin.py:190} INFO - [2024-09-11T13:49:50.413+0000] {dagbag.py:587} INFO - Filling up the DagBag from /home/airflow/.local/lib/python3.12/site-packages/airflow/example_dags/example_display_name.py
[2024-09-11T13:49:50.423+0000] {processor.py:925} INFO - DAG(s) 'example_display_name' retrieved from /home/airflow/.local/lib/python3.12/site-packages/airflow/example_dags/example_display_name.py
[2024-09-11T13:49:50.444+0000] {logging_mixin.py:190} INFO - [2024-09-11T13:49:50.444+0000] {dag.py:3229} INFO - Sync 1 DAGs
[2024-09-11T13:49:50.460+0000] {logging_mixin.py:190} INFO - [2024-09-11T13:49:50.460+0000] {dag.py:4156} INFO - Setting next_dagrun for example_display_name to None, run_after=None
[2024-09-11T13:49:50.481+0000] {processor.py:208} INFO - Processing /home/airflow/.local/lib/python3.12/site-packages/airflow/example_dags/example_display_name.py took 0.078 seconds
[2024-09-11T13:50:21.609+0000] {processor.py:186} INFO - Started process (PID=1920) to work on /home/airflow/.local/lib/python3.12/site-packages/airflow/example_dags/example_display_name.py
[2024-09-11T13:50:21.610+0000] {processor.py:914} INFO - Processing file /home/airflow/.local/lib/python3.12/site-packages/airflow/example_dags/example_display_name.py for tasks to queue
[2024-09-11T13:50:21.614+0000] {logging_mixin.py:190} INFO - [2024-09-11T13:50:21.614+0000] {dagbag.py:587} INFO - Filling up the DagBag from /home/airflow/.local/lib/python3.12/site-packages/airflow/example_dags/example_display_name.py
[2024-09-11T13:50:21.622+0000] {processor.py:925} INFO - DAG(s) 'example_display_name' retrieved from /home/airflow/.local/lib/python3.12/site-packages/airflow/example_dags/example_display_name.py
[2024-09-11T13:50:21.644+0000] {logging_mixin.py:190} INFO - [2024-09-11T13:50:21.644+0000] {dag.py:3229} INFO - Sync 1 DAGs
[2024-09-11T13:50:21.660+0000] {logging_mixin.py:190} INFO - [2024-09-11T13:50:21.659+0000] {dag.py:4156} INFO - Setting next_dagrun for example_display_name to None, run_after=None
[2024-09-11T13:50:21.679+0000] {processor.py:208} INFO - Processing /home/airflow/.local/lib/python3.12/site-packages/airflow/example_dags/example_display_name.py took 0.077 seconds
[2024-09-11T13:50:53.677+0000] {processor.py:186} INFO - Started process (PID=1988) to work on /home/airflow/.local/lib/python3.12/site-packages/airflow/example_dags/example_display_name.py
[2024-09-11T13:50:53.679+0000] {processor.py:914} INFO - Processing file /home/airflow/.local/lib/python3.12/site-packages/airflow/example_dags/example_display_name.py for tasks to queue
[2024-09-11T13:50:53.681+0000] {logging_mixin.py:190} INFO - [2024-09-11T13:50:53.681+0000] {dagbag.py:587} INFO - Filling up the DagBag from /home/airflow/.local/lib/python3.12/site-packages/airflow/example_dags/example_display_name.py
[2024-09-11T13:50:53.689+0000] {processor.py:925} INFO - DAG(s) 'example_display_name' retrieved from /home/airflow/.local/lib/python3.12/site-packages/airflow/example_dags/example_display_name.py
[2024-09-11T13:50:53.713+0000] {logging_mixin.py:190} INFO - [2024-09-11T13:50:53.713+0000] {dag.py:3229} INFO - Sync 1 DAGs
[2024-09-11T13:50:53.736+0000] {logging_mixin.py:190} INFO - [2024-09-11T13:50:53.736+0000] {dag.py:4156} INFO - Setting next_dagrun for example_display_name to None, run_after=None
[2024-09-11T13:50:53.762+0000] {processor.py:208} INFO - Processing /home/airflow/.local/lib/python3.12/site-packages/airflow/example_dags/example_display_name.py took 0.091 seconds
[2024-09-11T13:51:25.607+0000] {processor.py:186} INFO - Started process (PID=2050) to work on /home/airflow/.local/lib/python3.12/site-packages/airflow/example_dags/example_display_name.py
[2024-09-11T13:51:25.608+0000] {processor.py:914} INFO - Processing file /home/airflow/.local/lib/python3.12/site-packages/airflow/example_dags/example_display_name.py for tasks to queue
[2024-09-11T13:51:25.612+0000] {logging_mixin.py:190} INFO - [2024-09-11T13:51:25.612+0000] {dagbag.py:587} INFO - Filling up the DagBag from /home/airflow/.local/lib/python3.12/site-packages/airflow/example_dags/example_display_name.py
[2024-09-11T13:51:25.626+0000] {processor.py:925} INFO - DAG(s) 'example_display_name' retrieved from /home/airflow/.local/lib/python3.12/site-packages/airflow/example_dags/example_display_name.py
[2024-09-11T13:51:25.657+0000] {logging_mixin.py:190} INFO - [2024-09-11T13:51:25.657+0000] {dag.py:3229} INFO - Sync 1 DAGs
[2024-09-11T13:51:25.686+0000] {logging_mixin.py:190} INFO - [2024-09-11T13:51:25.685+0000] {dag.py:4156} INFO - Setting next_dagrun for example_display_name to None, run_after=None
[2024-09-11T13:51:25.722+0000] {processor.py:208} INFO - Processing /home/airflow/.local/lib/python3.12/site-packages/airflow/example_dags/example_display_name.py took 0.129 seconds
[2024-09-11T13:51:56.136+0000] {processor.py:186} INFO - Started process (PID=2112) to work on /home/airflow/.local/lib/python3.12/site-packages/airflow/example_dags/example_display_name.py
[2024-09-11T13:51:56.137+0000] {processor.py:914} INFO - Processing file /home/airflow/.local/lib/python3.12/site-packages/airflow/example_dags/example_display_name.py for tasks to queue
[2024-09-11T13:51:56.143+0000] {logging_mixin.py:190} INFO - [2024-09-11T13:51:56.141+0000] {dagbag.py:587} INFO - Filling up the DagBag from /home/airflow/.local/lib/python3.12/site-packages/airflow/example_dags/example_display_name.py
[2024-09-11T13:51:56.154+0000] {processor.py:925} INFO - DAG(s) 'example_display_name' retrieved from /home/airflow/.local/lib/python3.12/site-packages/airflow/example_dags/example_display_name.py
[2024-09-11T13:51:56.183+0000] {logging_mixin.py:190} INFO - [2024-09-11T13:51:56.183+0000] {dag.py:3229} INFO - Sync 1 DAGs
[2024-09-11T13:51:56.202+0000] {logging_mixin.py:190} INFO - [2024-09-11T13:51:56.202+0000] {dag.py:4156} INFO - Setting next_dagrun for example_display_name to None, run_after=None
[2024-09-11T13:51:56.231+0000] {processor.py:208} INFO - Processing /home/airflow/.local/lib/python3.12/site-packages/airflow/example_dags/example_display_name.py took 0.105 seconds
[2024-09-11T13:52:27.608+0000] {processor.py:186} INFO - Started process (PID=2175) to work on /home/airflow/.local/lib/python3.12/site-packages/airflow/example_dags/example_display_name.py
[2024-09-11T13:52:27.610+0000] {processor.py:914} INFO - Processing file /home/airflow/.local/lib/python3.12/site-packages/airflow/example_dags/example_display_name.py for tasks to queue
[2024-09-11T13:52:27.613+0000] {logging_mixin.py:190} INFO - [2024-09-11T13:52:27.612+0000] {dagbag.py:587} INFO - Filling up the DagBag from /home/airflow/.local/lib/python3.12/site-packages/airflow/example_dags/example_display_name.py
[2024-09-11T13:52:27.622+0000] {processor.py:925} INFO - DAG(s) 'example_display_name' retrieved from /home/airflow/.local/lib/python3.12/site-packages/airflow/example_dags/example_display_name.py
[2024-09-11T13:52:27.650+0000] {logging_mixin.py:190} INFO - [2024-09-11T13:52:27.649+0000] {dag.py:3229} INFO - Sync 1 DAGs
[2024-09-11T13:52:27.674+0000] {logging_mixin.py:190} INFO - [2024-09-11T13:52:27.674+0000] {dag.py:4156} INFO - Setting next_dagrun for example_display_name to None, run_after=None
[2024-09-11T13:52:27.698+0000] {processor.py:208} INFO - Processing /home/airflow/.local/lib/python3.12/site-packages/airflow/example_dags/example_display_name.py took 0.100 seconds
[2024-09-11T13:52:59.219+0000] {processor.py:186} INFO - Started process (PID=2237) to work on /home/airflow/.local/lib/python3.12/site-packages/airflow/example_dags/example_display_name.py
[2024-09-11T13:52:59.220+0000] {processor.py:914} INFO - Processing file /home/airflow/.local/lib/python3.12/site-packages/airflow/example_dags/example_display_name.py for tasks to queue
[2024-09-11T13:52:59.223+0000] {logging_mixin.py:190} INFO - [2024-09-11T13:52:59.223+0000] {dagbag.py:587} INFO - Filling up the DagBag from /home/airflow/.local/lib/python3.12/site-packages/airflow/example_dags/example_display_name.py
[2024-09-11T13:52:59.235+0000] {processor.py:925} INFO - DAG(s) 'example_display_name' retrieved from /home/airflow/.local/lib/python3.12/site-packages/airflow/example_dags/example_display_name.py
[2024-09-11T13:52:59.268+0000] {logging_mixin.py:190} INFO - [2024-09-11T13:52:59.268+0000] {dag.py:3229} INFO - Sync 1 DAGs
[2024-09-11T13:52:59.292+0000] {logging_mixin.py:190} INFO - [2024-09-11T13:52:59.291+0000] {dag.py:4156} INFO - Setting next_dagrun for example_display_name to None, run_after=None
[2024-09-11T13:52:59.319+0000] {processor.py:208} INFO - Processing /home/airflow/.local/lib/python3.12/site-packages/airflow/example_dags/example_display_name.py took 0.108 seconds
[2024-09-11T13:53:29.792+0000] {processor.py:186} INFO - Started process (PID=2299) to work on /home/airflow/.local/lib/python3.12/site-packages/airflow/example_dags/example_display_name.py
[2024-09-11T13:53:29.793+0000] {processor.py:914} INFO - Processing file /home/airflow/.local/lib/python3.12/site-packages/airflow/example_dags/example_display_name.py for tasks to queue
[2024-09-11T13:53:29.797+0000] {logging_mixin.py:190} INFO - [2024-09-11T13:53:29.796+0000] {dagbag.py:587} INFO - Filling up the DagBag from /home/airflow/.local/lib/python3.12/site-packages/airflow/example_dags/example_display_name.py
[2024-09-11T13:53:29.808+0000] {processor.py:925} INFO - DAG(s) 'example_display_name' retrieved from /home/airflow/.local/lib/python3.12/site-packages/airflow/example_dags/example_display_name.py
[2024-09-11T13:53:29.832+0000] {logging_mixin.py:190} INFO - [2024-09-11T13:53:29.831+0000] {dag.py:3229} INFO - Sync 1 DAGs
[2024-09-11T13:53:29.849+0000] {logging_mixin.py:190} INFO - [2024-09-11T13:53:29.849+0000] {dag.py:4156} INFO - Setting next_dagrun for example_display_name to None, run_after=None
[2024-09-11T13:53:29.873+0000] {processor.py:208} INFO - Processing /home/airflow/.local/lib/python3.12/site-packages/airflow/example_dags/example_display_name.py took 0.092 seconds
[2024-09-11T13:54:01.026+0000] {processor.py:186} INFO - Started process (PID=2362) to work on /home/airflow/.local/lib/python3.12/site-packages/airflow/example_dags/example_display_name.py
[2024-09-11T13:54:01.028+0000] {processor.py:914} INFO - Processing file /home/airflow/.local/lib/python3.12/site-packages/airflow/example_dags/example_display_name.py for tasks to queue
[2024-09-11T13:54:01.033+0000] {logging_mixin.py:190} INFO - [2024-09-11T13:54:01.032+0000] {dagbag.py:587} INFO - Filling up the DagBag from /home/airflow/.local/lib/python3.12/site-packages/airflow/example_dags/example_display_name.py
[2024-09-11T13:54:01.043+0000] {processor.py:925} INFO - DAG(s) 'example_display_name' retrieved from /home/airflow/.local/lib/python3.12/site-packages/airflow/example_dags/example_display_name.py
[2024-09-11T13:54:01.071+0000] {logging_mixin.py:190} INFO - [2024-09-11T13:54:01.071+0000] {dag.py:3229} INFO - Sync 1 DAGs
[2024-09-11T13:54:01.089+0000] {logging_mixin.py:190} INFO - [2024-09-11T13:54:01.089+0000] {dag.py:4156} INFO - Setting next_dagrun for example_display_name to None, run_after=None
[2024-09-11T13:54:01.115+0000] {processor.py:208} INFO - Processing /home/airflow/.local/lib/python3.12/site-packages/airflow/example_dags/example_display_name.py took 0.097 seconds
[2024-09-11T13:54:32.383+0000] {processor.py:186} INFO - Started process (PID=2429) to work on /home/airflow/.local/lib/python3.12/site-packages/airflow/example_dags/example_display_name.py
[2024-09-11T13:54:32.384+0000] {processor.py:914} INFO - Processing file /home/airflow/.local/lib/python3.12/site-packages/airflow/example_dags/example_display_name.py for tasks to queue
[2024-09-11T13:54:32.387+0000] {logging_mixin.py:190} INFO - [2024-09-11T13:54:32.387+0000] {dagbag.py:587} INFO - Filling up the DagBag from /home/airflow/.local/lib/python3.12/site-packages/airflow/example_dags/example_display_name.py
[2024-09-11T13:54:32.396+0000] {processor.py:925} INFO - DAG(s) 'example_display_name' retrieved from /home/airflow/.local/lib/python3.12/site-packages/airflow/example_dags/example_display_name.py
[2024-09-11T13:54:32.417+0000] {logging_mixin.py:190} INFO - [2024-09-11T13:54:32.416+0000] {dag.py:3229} INFO - Sync 1 DAGs
[2024-09-11T13:54:32.433+0000] {logging_mixin.py:190} INFO - [2024-09-11T13:54:32.433+0000] {dag.py:4156} INFO - Setting next_dagrun for example_display_name to None, run_after=None
[2024-09-11T13:54:32.457+0000] {processor.py:208} INFO - Processing /home/airflow/.local/lib/python3.12/site-packages/airflow/example_dags/example_display_name.py took 0.081 seconds
[2024-09-11T13:55:03.096+0000] {processor.py:186} INFO - Started process (PID=2491) to work on /home/airflow/.local/lib/python3.12/site-packages/airflow/example_dags/example_display_name.py
[2024-09-11T13:55:03.098+0000] {processor.py:914} INFO - Processing file /home/airflow/.local/lib/python3.12/site-packages/airflow/example_dags/example_display_name.py for tasks to queue
[2024-09-11T13:55:03.102+0000] {logging_mixin.py:190} INFO - [2024-09-11T13:55:03.101+0000] {dagbag.py:587} INFO - Filling up the DagBag from /home/airflow/.local/lib/python3.12/site-packages/airflow/example_dags/example_display_name.py
[2024-09-11T13:55:03.114+0000] {processor.py:925} INFO - DAG(s) 'example_display_name' retrieved from /home/airflow/.local/lib/python3.12/site-packages/airflow/example_dags/example_display_name.py
[2024-09-11T13:55:03.138+0000] {logging_mixin.py:190} INFO - [2024-09-11T13:55:03.138+0000] {dag.py:3229} INFO - Sync 1 DAGs
[2024-09-11T13:55:03.157+0000] {logging_mixin.py:190} INFO - [2024-09-11T13:55:03.157+0000] {dag.py:4156} INFO - Setting next_dagrun for example_display_name to None, run_after=None
[2024-09-11T13:55:03.181+0000] {processor.py:208} INFO - Processing /home/airflow/.local/lib/python3.12/site-packages/airflow/example_dags/example_display_name.py took 0.094 seconds
[2024-09-11T13:55:33.301+0000] {processor.py:186} INFO - Started process (PID=2553) to work on /home/airflow/.local/lib/python3.12/site-packages/airflow/example_dags/example_display_name.py
[2024-09-11T13:55:33.303+0000] {processor.py:914} INFO - Processing file /home/airflow/.local/lib/python3.12/site-packages/airflow/example_dags/example_display_name.py for tasks to queue
[2024-09-11T13:55:33.310+0000] {logging_mixin.py:190} INFO - [2024-09-11T13:55:33.308+0000] {dagbag.py:587} INFO - Filling up the DagBag from /home/airflow/.local/lib/python3.12/site-packages/airflow/example_dags/example_display_name.py
[2024-09-11T13:55:33.318+0000] {processor.py:925} INFO - DAG(s) 'example_display_name' retrieved from /home/airflow/.local/lib/python3.12/site-packages/airflow/example_dags/example_display_name.py
[2024-09-11T13:55:33.347+0000] {logging_mixin.py:190} INFO - [2024-09-11T13:55:33.346+0000] {dag.py:3229} INFO - Sync 1 DAGs
[2024-09-11T13:55:33.366+0000] {logging_mixin.py:190} INFO - [2024-09-11T13:55:33.366+0000] {dag.py:4156} INFO - Setting next_dagrun for example_display_name to None, run_after=None
[2024-09-11T13:55:33.404+0000] {processor.py:208} INFO - Processing /home/airflow/.local/lib/python3.12/site-packages/airflow/example_dags/example_display_name.py took 0.109 seconds
[2024-09-11T13:56:04.372+0000] {processor.py:186} INFO - Started process (PID=2614) to work on /home/airflow/.local/lib/python3.12/site-packages/airflow/example_dags/example_display_name.py
[2024-09-11T13:56:04.373+0000] {processor.py:914} INFO - Processing file /home/airflow/.local/lib/python3.12/site-packages/airflow/example_dags/example_display_name.py for tasks to queue
[2024-09-11T13:56:04.377+0000] {logging_mixin.py:190} INFO - [2024-09-11T13:56:04.376+0000] {dagbag.py:587} INFO - Filling up the DagBag from /home/airflow/.local/lib/python3.12/site-packages/airflow/example_dags/example_display_name.py
[2024-09-11T13:56:04.389+0000] {processor.py:925} INFO - DAG(s) 'example_display_name' retrieved from /home/airflow/.local/lib/python3.12/site-packages/airflow/example_dags/example_display_name.py
[2024-09-11T13:56:04.415+0000] {logging_mixin.py:190} INFO - [2024-09-11T13:56:04.415+0000] {dag.py:3229} INFO - Sync 1 DAGs
[2024-09-11T13:56:04.436+0000] {logging_mixin.py:190} INFO - [2024-09-11T13:56:04.436+0000] {dag.py:4156} INFO - Setting next_dagrun for example_display_name to None, run_after=None
[2024-09-11T13:56:04.460+0000] {processor.py:208} INFO - Processing /home/airflow/.local/lib/python3.12/site-packages/airflow/example_dags/example_display_name.py took 0.095 seconds
[2024-09-11T13:56:35.078+0000] {processor.py:186} INFO - Started process (PID=2675) to work on /home/airflow/.local/lib/python3.12/site-packages/airflow/example_dags/example_display_name.py
[2024-09-11T13:56:35.080+0000] {processor.py:914} INFO - Processing file /home/airflow/.local/lib/python3.12/site-packages/airflow/example_dags/example_display_name.py for tasks to queue
[2024-09-11T13:56:35.083+0000] {logging_mixin.py:190} INFO - [2024-09-11T13:56:35.083+0000] {dagbag.py:587} INFO - Filling up the DagBag from /home/airflow/.local/lib/python3.12/site-packages/airflow/example_dags/example_display_name.py
[2024-09-11T13:56:35.094+0000] {processor.py:925} INFO - DAG(s) 'example_display_name' retrieved from /home/airflow/.local/lib/python3.12/site-packages/airflow/example_dags/example_display_name.py
[2024-09-11T13:56:35.120+0000] {logging_mixin.py:190} INFO - [2024-09-11T13:56:35.120+0000] {dag.py:3229} INFO - Sync 1 DAGs
[2024-09-11T13:56:35.148+0000] {logging_mixin.py:190} INFO - [2024-09-11T13:56:35.147+0000] {dag.py:4156} INFO - Setting next_dagrun for example_display_name to None, run_after=None
[2024-09-11T13:56:35.407+0000] {processor.py:208} INFO - Processing /home/airflow/.local/lib/python3.12/site-packages/airflow/example_dags/example_display_name.py took 0.337 seconds
[2024-09-11T13:57:05.582+0000] {processor.py:186} INFO - Started process (PID=2737) to work on /home/airflow/.local/lib/python3.12/site-packages/airflow/example_dags/example_display_name.py
[2024-09-11T13:57:05.584+0000] {processor.py:914} INFO - Processing file /home/airflow/.local/lib/python3.12/site-packages/airflow/example_dags/example_display_name.py for tasks to queue
[2024-09-11T13:57:05.587+0000] {logging_mixin.py:190} INFO - [2024-09-11T13:57:05.587+0000] {dagbag.py:587} INFO - Filling up the DagBag from /home/airflow/.local/lib/python3.12/site-packages/airflow/example_dags/example_display_name.py
[2024-09-11T13:57:05.596+0000] {processor.py:925} INFO - DAG(s) 'example_display_name' retrieved from /home/airflow/.local/lib/python3.12/site-packages/airflow/example_dags/example_display_name.py
[2024-09-11T13:57:05.615+0000] {logging_mixin.py:190} INFO - [2024-09-11T13:57:05.615+0000] {dag.py:3229} INFO - Sync 1 DAGs
[2024-09-11T13:57:05.631+0000] {logging_mixin.py:190} INFO - [2024-09-11T13:57:05.631+0000] {dag.py:4156} INFO - Setting next_dagrun for example_display_name to None, run_after=None
[2024-09-11T13:57:05.652+0000] {processor.py:208} INFO - Processing /home/airflow/.local/lib/python3.12/site-packages/airflow/example_dags/example_display_name.py took 0.077 seconds
[2024-09-11T13:57:35.998+0000] {processor.py:186} INFO - Started process (PID=2799) to work on /home/airflow/.local/lib/python3.12/site-packages/airflow/example_dags/example_display_name.py
[2024-09-11T13:57:35.999+0000] {processor.py:914} INFO - Processing file /home/airflow/.local/lib/python3.12/site-packages/airflow/example_dags/example_display_name.py for tasks to queue
[2024-09-11T13:57:36.003+0000] {logging_mixin.py:190} INFO - [2024-09-11T13:57:36.003+0000] {dagbag.py:587} INFO - Filling up the DagBag from /home/airflow/.local/lib/python3.12/site-packages/airflow/example_dags/example_display_name.py
[2024-09-11T13:57:36.012+0000] {processor.py:925} INFO - DAG(s) 'example_display_name' retrieved from /home/airflow/.local/lib/python3.12/site-packages/airflow/example_dags/example_display_name.py
[2024-09-11T13:57:36.032+0000] {logging_mixin.py:190} INFO - [2024-09-11T13:57:36.032+0000] {dag.py:3229} INFO - Sync 1 DAGs
[2024-09-11T13:57:36.048+0000] {logging_mixin.py:190} INFO - [2024-09-11T13:57:36.048+0000] {dag.py:4156} INFO - Setting next_dagrun for example_display_name to None, run_after=None
[2024-09-11T13:57:36.068+0000] {processor.py:208} INFO - Processing /home/airflow/.local/lib/python3.12/site-packages/airflow/example_dags/example_display_name.py took 0.077 seconds
[2024-09-11T13:58:06.658+0000] {processor.py:186} INFO - Started process (PID=2861) to work on /home/airflow/.local/lib/python3.12/site-packages/airflow/example_dags/example_display_name.py
[2024-09-11T13:58:06.660+0000] {processor.py:914} INFO - Processing file /home/airflow/.local/lib/python3.12/site-packages/airflow/example_dags/example_display_name.py for tasks to queue
[2024-09-11T13:58:06.663+0000] {logging_mixin.py:190} INFO - [2024-09-11T13:58:06.663+0000] {dagbag.py:587} INFO - Filling up the DagBag from /home/airflow/.local/lib/python3.12/site-packages/airflow/example_dags/example_display_name.py
[2024-09-11T13:58:06.671+0000] {processor.py:925} INFO - DAG(s) 'example_display_name' retrieved from /home/airflow/.local/lib/python3.12/site-packages/airflow/example_dags/example_display_name.py
[2024-09-11T13:58:06.696+0000] {logging_mixin.py:190} INFO - [2024-09-11T13:58:06.695+0000] {dag.py:3229} INFO - Sync 1 DAGs
[2024-09-11T13:58:06.715+0000] {logging_mixin.py:190} INFO - [2024-09-11T13:58:06.715+0000] {dag.py:4156} INFO - Setting next_dagrun for example_display_name to None, run_after=None
[2024-09-11T13:58:06.748+0000] {processor.py:208} INFO - Processing /home/airflow/.local/lib/python3.12/site-packages/airflow/example_dags/example_display_name.py took 0.098 seconds
[2024-09-11T13:58:37.498+0000] {processor.py:186} INFO - Started process (PID=2923) to work on /home/airflow/.local/lib/python3.12/site-packages/airflow/example_dags/example_display_name.py
[2024-09-11T13:58:37.500+0000] {processor.py:914} INFO - Processing file /home/airflow/.local/lib/python3.12/site-packages/airflow/example_dags/example_display_name.py for tasks to queue
[2024-09-11T13:58:37.502+0000] {logging_mixin.py:190} INFO - [2024-09-11T13:58:37.502+0000] {dagbag.py:587} INFO - Filling up the DagBag from /home/airflow/.local/lib/python3.12/site-packages/airflow/example_dags/example_display_name.py
[2024-09-11T13:58:37.513+0000] {processor.py:925} INFO - DAG(s) 'example_display_name' retrieved from /home/airflow/.local/lib/python3.12/site-packages/airflow/example_dags/example_display_name.py
[2024-09-11T13:58:37.536+0000] {logging_mixin.py:190} INFO - [2024-09-11T13:58:37.536+0000] {dag.py:3229} INFO - Sync 1 DAGs
[2024-09-11T13:58:37.562+0000] {logging_mixin.py:190} INFO - [2024-09-11T13:58:37.561+0000] {dag.py:4156} INFO - Setting next_dagrun for example_display_name to None, run_after=None
[2024-09-11T13:58:37.587+0000] {processor.py:208} INFO - Processing /home/airflow/.local/lib/python3.12/site-packages/airflow/example_dags/example_display_name.py took 0.098 seconds
[2024-09-11T13:59:08.563+0000] {processor.py:186} INFO - Started process (PID=2985) to work on /home/airflow/.local/lib/python3.12/site-packages/airflow/example_dags/example_display_name.py
[2024-09-11T13:59:08.564+0000] {processor.py:914} INFO - Processing file /home/airflow/.local/lib/python3.12/site-packages/airflow/example_dags/example_display_name.py for tasks to queue
[2024-09-11T13:59:08.567+0000] {logging_mixin.py:190} INFO - [2024-09-11T13:59:08.567+0000] {dagbag.py:587} INFO - Filling up the DagBag from /home/airflow/.local/lib/python3.12/site-packages/airflow/example_dags/example_display_name.py
[2024-09-11T13:59:08.576+0000] {processor.py:925} INFO - DAG(s) 'example_display_name' retrieved from /home/airflow/.local/lib/python3.12/site-packages/airflow/example_dags/example_display_name.py
[2024-09-11T13:59:08.597+0000] {logging_mixin.py:190} INFO - [2024-09-11T13:59:08.596+0000] {dag.py:3229} INFO - Sync 1 DAGs
[2024-09-11T13:59:08.613+0000] {logging_mixin.py:190} INFO - [2024-09-11T13:59:08.613+0000] {dag.py:4156} INFO - Setting next_dagrun for example_display_name to None, run_after=None
[2024-09-11T13:59:08.637+0000] {processor.py:208} INFO - Processing /home/airflow/.local/lib/python3.12/site-packages/airflow/example_dags/example_display_name.py took 0.082 seconds
[2024-09-11T13:59:39.038+0000] {processor.py:186} INFO - Started process (PID=3047) to work on /home/airflow/.local/lib/python3.12/site-packages/airflow/example_dags/example_display_name.py
[2024-09-11T13:59:39.039+0000] {processor.py:914} INFO - Processing file /home/airflow/.local/lib/python3.12/site-packages/airflow/example_dags/example_display_name.py for tasks to queue
[2024-09-11T13:59:39.042+0000] {logging_mixin.py:190} INFO - [2024-09-11T13:59:39.041+0000] {dagbag.py:587} INFO - Filling up the DagBag from /home/airflow/.local/lib/python3.12/site-packages/airflow/example_dags/example_display_name.py
[2024-09-11T13:59:39.050+0000] {processor.py:925} INFO - DAG(s) 'example_display_name' retrieved from /home/airflow/.local/lib/python3.12/site-packages/airflow/example_dags/example_display_name.py
[2024-09-11T13:59:39.072+0000] {logging_mixin.py:190} INFO - [2024-09-11T13:59:39.071+0000] {dag.py:3229} INFO - Sync 1 DAGs
[2024-09-11T13:59:39.088+0000] {logging_mixin.py:190} INFO - [2024-09-11T13:59:39.088+0000] {dag.py:4156} INFO - Setting next_dagrun for example_display_name to None, run_after=None
[2024-09-11T13:59:39.109+0000] {processor.py:208} INFO - Processing /home/airflow/.local/lib/python3.12/site-packages/airflow/example_dags/example_display_name.py took 0.078 seconds
[2024-09-11T14:00:09.451+0000] {processor.py:186} INFO - Started process (PID=3109) to work on /home/airflow/.local/lib/python3.12/site-packages/airflow/example_dags/example_display_name.py
[2024-09-11T14:00:09.452+0000] {processor.py:914} INFO - Processing file /home/airflow/.local/lib/python3.12/site-packages/airflow/example_dags/example_display_name.py for tasks to queue
[2024-09-11T14:00:09.455+0000] {logging_mixin.py:190} INFO - [2024-09-11T14:00:09.454+0000] {dagbag.py:587} INFO - Filling up the DagBag from /home/airflow/.local/lib/python3.12/site-packages/airflow/example_dags/example_display_name.py
[2024-09-11T14:00:09.463+0000] {processor.py:925} INFO - DAG(s) 'example_display_name' retrieved from /home/airflow/.local/lib/python3.12/site-packages/airflow/example_dags/example_display_name.py
[2024-09-11T14:00:09.484+0000] {logging_mixin.py:190} INFO - [2024-09-11T14:00:09.484+0000] {dag.py:3229} INFO - Sync 1 DAGs
[2024-09-11T14:00:09.500+0000] {logging_mixin.py:190} INFO - [2024-09-11T14:00:09.499+0000] {dag.py:4156} INFO - Setting next_dagrun for example_display_name to None, run_after=None
[2024-09-11T14:00:09.519+0000] {processor.py:208} INFO - Processing /home/airflow/.local/lib/python3.12/site-packages/airflow/example_dags/example_display_name.py took 0.076 seconds
[2024-09-11T14:00:40.390+0000] {processor.py:186} INFO - Started process (PID=3171) to work on /home/airflow/.local/lib/python3.12/site-packages/airflow/example_dags/example_display_name.py
[2024-09-11T14:00:40.391+0000] {processor.py:914} INFO - Processing file /home/airflow/.local/lib/python3.12/site-packages/airflow/example_dags/example_display_name.py for tasks to queue
[2024-09-11T14:00:40.394+0000] {logging_mixin.py:190} INFO - [2024-09-11T14:00:40.394+0000] {dagbag.py:587} INFO - Filling up the DagBag from /home/airflow/.local/lib/python3.12/site-packages/airflow/example_dags/example_display_name.py
[2024-09-11T14:00:40.412+0000] {processor.py:925} INFO - DAG(s) 'example_display_name' retrieved from /home/airflow/.local/lib/python3.12/site-packages/airflow/example_dags/example_display_name.py
[2024-09-11T14:00:40.453+0000] {logging_mixin.py:190} INFO - [2024-09-11T14:00:40.452+0000] {dag.py:3229} INFO - Sync 1 DAGs
[2024-09-11T14:00:40.474+0000] {logging_mixin.py:190} INFO - [2024-09-11T14:00:40.474+0000] {dag.py:4156} INFO - Setting next_dagrun for example_display_name to None, run_after=None
[2024-09-11T14:00:40.512+0000] {processor.py:208} INFO - Processing /home/airflow/.local/lib/python3.12/site-packages/airflow/example_dags/example_display_name.py took 0.129 seconds
[2024-09-11T14:01:11.437+0000] {processor.py:186} INFO - Started process (PID=3233) to work on /home/airflow/.local/lib/python3.12/site-packages/airflow/example_dags/example_display_name.py
[2024-09-11T14:01:11.438+0000] {processor.py:914} INFO - Processing file /home/airflow/.local/lib/python3.12/site-packages/airflow/example_dags/example_display_name.py for tasks to queue
[2024-09-11T14:01:11.441+0000] {logging_mixin.py:190} INFO - [2024-09-11T14:01:11.441+0000] {dagbag.py:587} INFO - Filling up the DagBag from /home/airflow/.local/lib/python3.12/site-packages/airflow/example_dags/example_display_name.py
[2024-09-11T14:01:11.449+0000] {processor.py:925} INFO - DAG(s) 'example_display_name' retrieved from /home/airflow/.local/lib/python3.12/site-packages/airflow/example_dags/example_display_name.py
[2024-09-11T14:01:11.471+0000] {logging_mixin.py:190} INFO - [2024-09-11T14:01:11.471+0000] {dag.py:3229} INFO - Sync 1 DAGs
[2024-09-11T14:01:11.489+0000] {logging_mixin.py:190} INFO - [2024-09-11T14:01:11.489+0000] {dag.py:4156} INFO - Setting next_dagrun for example_display_name to None, run_after=None
[2024-09-11T14:01:11.510+0000] {processor.py:208} INFO - Processing /home/airflow/.local/lib/python3.12/site-packages/airflow/example_dags/example_display_name.py took 0.079 seconds
[2024-09-11T14:01:42.153+0000] {processor.py:186} INFO - Started process (PID=3295) to work on /home/airflow/.local/lib/python3.12/site-packages/airflow/example_dags/example_display_name.py
[2024-09-11T14:01:42.155+0000] {processor.py:914} INFO - Processing file /home/airflow/.local/lib/python3.12/site-packages/airflow/example_dags/example_display_name.py for tasks to queue
[2024-09-11T14:01:42.157+0000] {logging_mixin.py:190} INFO - [2024-09-11T14:01:42.157+0000] {dagbag.py:587} INFO - Filling up the DagBag from /home/airflow/.local/lib/python3.12/site-packages/airflow/example_dags/example_display_name.py
[2024-09-11T14:01:42.166+0000] {processor.py:925} INFO - DAG(s) 'example_display_name' retrieved from /home/airflow/.local/lib/python3.12/site-packages/airflow/example_dags/example_display_name.py
[2024-09-11T14:01:42.187+0000] {logging_mixin.py:190} INFO - [2024-09-11T14:01:42.187+0000] {dag.py:3229} INFO - Sync 1 DAGs
[2024-09-11T14:01:42.204+0000] {logging_mixin.py:190} INFO - [2024-09-11T14:01:42.204+0000] {dag.py:4156} INFO - Setting next_dagrun for example_display_name to None, run_after=None
[2024-09-11T14:01:42.225+0000] {processor.py:208} INFO - Processing /home/airflow/.local/lib/python3.12/site-packages/airflow/example_dags/example_display_name.py took 0.078 seconds
[2024-09-11T14:02:12.433+0000] {processor.py:186} INFO - Started process (PID=3357) to work on /home/airflow/.local/lib/python3.12/site-packages/airflow/example_dags/example_display_name.py
[2024-09-11T14:02:12.434+0000] {processor.py:914} INFO - Processing file /home/airflow/.local/lib/python3.12/site-packages/airflow/example_dags/example_display_name.py for tasks to queue
[2024-09-11T14:02:12.437+0000] {logging_mixin.py:190} INFO - [2024-09-11T14:02:12.437+0000] {dagbag.py:587} INFO - Filling up the DagBag from /home/airflow/.local/lib/python3.12/site-packages/airflow/example_dags/example_display_name.py
[2024-09-11T14:02:12.446+0000] {processor.py:925} INFO - DAG(s) 'example_display_name' retrieved from /home/airflow/.local/lib/python3.12/site-packages/airflow/example_dags/example_display_name.py
[2024-09-11T14:02:12.467+0000] {logging_mixin.py:190} INFO - [2024-09-11T14:02:12.467+0000] {dag.py:3229} INFO - Sync 1 DAGs
[2024-09-11T14:02:12.483+0000] {logging_mixin.py:190} INFO - [2024-09-11T14:02:12.483+0000] {dag.py:4156} INFO - Setting next_dagrun for example_display_name to None, run_after=None
[2024-09-11T14:02:12.503+0000] {processor.py:208} INFO - Processing /home/airflow/.local/lib/python3.12/site-packages/airflow/example_dags/example_display_name.py took 0.077 seconds
[2024-09-11T14:02:42.723+0000] {processor.py:186} INFO - Started process (PID=3419) to work on /home/airflow/.local/lib/python3.12/site-packages/airflow/example_dags/example_display_name.py
[2024-09-11T14:02:42.724+0000] {processor.py:914} INFO - Processing file /home/airflow/.local/lib/python3.12/site-packages/airflow/example_dags/example_display_name.py for tasks to queue
[2024-09-11T14:02:42.728+0000] {logging_mixin.py:190} INFO - [2024-09-11T14:02:42.728+0000] {dagbag.py:587} INFO - Filling up the DagBag from /home/airflow/.local/lib/python3.12/site-packages/airflow/example_dags/example_display_name.py
[2024-09-11T14:02:42.738+0000] {processor.py:925} INFO - DAG(s) 'example_display_name' retrieved from /home/airflow/.local/lib/python3.12/site-packages/airflow/example_dags/example_display_name.py
[2024-09-11T14:02:42.767+0000] {logging_mixin.py:190} INFO - [2024-09-11T14:02:42.767+0000] {dag.py:3229} INFO - Sync 1 DAGs
[2024-09-11T14:02:42.788+0000] {logging_mixin.py:190} INFO - [2024-09-11T14:02:42.787+0000] {dag.py:4156} INFO - Setting next_dagrun for example_display_name to None, run_after=None
[2024-09-11T14:02:42.815+0000] {processor.py:208} INFO - Processing /home/airflow/.local/lib/python3.12/site-packages/airflow/example_dags/example_display_name.py took 0.103 seconds
[2024-09-11T14:03:12.956+0000] {processor.py:186} INFO - Started process (PID=3480) to work on /home/airflow/.local/lib/python3.12/site-packages/airflow/example_dags/example_display_name.py
[2024-09-11T14:03:12.958+0000] {processor.py:914} INFO - Processing file /home/airflow/.local/lib/python3.12/site-packages/airflow/example_dags/example_display_name.py for tasks to queue
[2024-09-11T14:03:12.961+0000] {logging_mixin.py:190} INFO - [2024-09-11T14:03:12.960+0000] {dagbag.py:587} INFO - Filling up the DagBag from /home/airflow/.local/lib/python3.12/site-packages/airflow/example_dags/example_display_name.py
[2024-09-11T14:03:12.969+0000] {processor.py:925} INFO - DAG(s) 'example_display_name' retrieved from /home/airflow/.local/lib/python3.12/site-packages/airflow/example_dags/example_display_name.py
[2024-09-11T14:03:12.989+0000] {logging_mixin.py:190} INFO - [2024-09-11T14:03:12.989+0000] {dag.py:3229} INFO - Sync 1 DAGs
[2024-09-11T14:03:13.005+0000] {logging_mixin.py:190} INFO - [2024-09-11T14:03:13.005+0000] {dag.py:4156} INFO - Setting next_dagrun for example_display_name to None, run_after=None
[2024-09-11T14:03:13.025+0000] {processor.py:208} INFO - Processing /home/airflow/.local/lib/python3.12/site-packages/airflow/example_dags/example_display_name.py took 0.075 seconds
[2024-09-11T14:03:43.262+0000] {processor.py:186} INFO - Started process (PID=3542) to work on /home/airflow/.local/lib/python3.12/site-packages/airflow/example_dags/example_display_name.py
[2024-09-11T14:03:43.263+0000] {processor.py:914} INFO - Processing file /home/airflow/.local/lib/python3.12/site-packages/airflow/example_dags/example_display_name.py for tasks to queue
[2024-09-11T14:03:43.265+0000] {logging_mixin.py:190} INFO - [2024-09-11T14:03:43.265+0000] {dagbag.py:587} INFO - Filling up the DagBag from /home/airflow/.local/lib/python3.12/site-packages/airflow/example_dags/example_display_name.py
[2024-09-11T14:03:43.273+0000] {processor.py:925} INFO - DAG(s) 'example_display_name' retrieved from /home/airflow/.local/lib/python3.12/site-packages/airflow/example_dags/example_display_name.py
[2024-09-11T14:03:43.296+0000] {logging_mixin.py:190} INFO - [2024-09-11T14:03:43.296+0000] {dag.py:3229} INFO - Sync 1 DAGs
[2024-09-11T14:03:43.311+0000] {logging_mixin.py:190} INFO - [2024-09-11T14:03:43.310+0000] {dag.py:4156} INFO - Setting next_dagrun for example_display_name to None, run_after=None
[2024-09-11T14:03:43.333+0000] {processor.py:208} INFO - Processing /home/airflow/.local/lib/python3.12/site-packages/airflow/example_dags/example_display_name.py took 0.078 seconds
[2024-09-11T14:04:13.548+0000] {processor.py:186} INFO - Started process (PID=3604) to work on /home/airflow/.local/lib/python3.12/site-packages/airflow/example_dags/example_display_name.py
[2024-09-11T14:04:13.549+0000] {processor.py:914} INFO - Processing file /home/airflow/.local/lib/python3.12/site-packages/airflow/example_dags/example_display_name.py for tasks to queue
[2024-09-11T14:04:13.552+0000] {logging_mixin.py:190} INFO - [2024-09-11T14:04:13.552+0000] {dagbag.py:587} INFO - Filling up the DagBag from /home/airflow/.local/lib/python3.12/site-packages/airflow/example_dags/example_display_name.py
[2024-09-11T14:04:13.560+0000] {processor.py:925} INFO - DAG(s) 'example_display_name' retrieved from /home/airflow/.local/lib/python3.12/site-packages/airflow/example_dags/example_display_name.py
[2024-09-11T14:04:13.581+0000] {logging_mixin.py:190} INFO - [2024-09-11T14:04:13.581+0000] {dag.py:3229} INFO - Sync 1 DAGs
[2024-09-11T14:04:13.601+0000] {logging_mixin.py:190} INFO - [2024-09-11T14:04:13.600+0000] {dag.py:4156} INFO - Setting next_dagrun for example_display_name to None, run_after=None
[2024-09-11T14:04:13.622+0000] {processor.py:208} INFO - Processing /home/airflow/.local/lib/python3.12/site-packages/airflow/example_dags/example_display_name.py took 0.083 seconds
[2024-09-11T14:04:43.922+0000] {processor.py:186} INFO - Started process (PID=3666) to work on /home/airflow/.local/lib/python3.12/site-packages/airflow/example_dags/example_display_name.py
[2024-09-11T14:04:43.923+0000] {processor.py:914} INFO - Processing file /home/airflow/.local/lib/python3.12/site-packages/airflow/example_dags/example_display_name.py for tasks to queue
[2024-09-11T14:04:43.925+0000] {logging_mixin.py:190} INFO - [2024-09-11T14:04:43.925+0000] {dagbag.py:587} INFO - Filling up the DagBag from /home/airflow/.local/lib/python3.12/site-packages/airflow/example_dags/example_display_name.py
[2024-09-11T14:04:43.933+0000] {processor.py:925} INFO - DAG(s) 'example_display_name' retrieved from /home/airflow/.local/lib/python3.12/site-packages/airflow/example_dags/example_display_name.py
[2024-09-11T14:04:43.953+0000] {logging_mixin.py:190} INFO - [2024-09-11T14:04:43.953+0000] {dag.py:3229} INFO - Sync 1 DAGs
[2024-09-11T14:04:43.968+0000] {logging_mixin.py:190} INFO - [2024-09-11T14:04:43.968+0000] {dag.py:4156} INFO - Setting next_dagrun for example_display_name to None, run_after=None
[2024-09-11T14:04:43.989+0000] {processor.py:208} INFO - Processing /home/airflow/.local/lib/python3.12/site-packages/airflow/example_dags/example_display_name.py took 0.074 seconds
[2024-09-11T14:05:14.449+0000] {processor.py:186} INFO - Started process (PID=3728) to work on /home/airflow/.local/lib/python3.12/site-packages/airflow/example_dags/example_display_name.py
[2024-09-11T14:05:14.450+0000] {processor.py:914} INFO - Processing file /home/airflow/.local/lib/python3.12/site-packages/airflow/example_dags/example_display_name.py for tasks to queue
[2024-09-11T14:05:14.454+0000] {logging_mixin.py:190} INFO - [2024-09-11T14:05:14.453+0000] {dagbag.py:587} INFO - Filling up the DagBag from /home/airflow/.local/lib/python3.12/site-packages/airflow/example_dags/example_display_name.py
[2024-09-11T14:05:14.472+0000] {processor.py:925} INFO - DAG(s) 'example_display_name' retrieved from /home/airflow/.local/lib/python3.12/site-packages/airflow/example_dags/example_display_name.py
[2024-09-11T14:05:14.511+0000] {logging_mixin.py:190} INFO - [2024-09-11T14:05:14.511+0000] {dag.py:3229} INFO - Sync 1 DAGs
[2024-09-11T14:05:14.535+0000] {logging_mixin.py:190} INFO - [2024-09-11T14:05:14.534+0000] {dag.py:4156} INFO - Setting next_dagrun for example_display_name to None, run_after=None
[2024-09-11T14:05:14.564+0000] {processor.py:208} INFO - Processing /home/airflow/.local/lib/python3.12/site-packages/airflow/example_dags/example_display_name.py took 0.124 seconds
[2024-09-11T14:05:45.311+0000] {processor.py:186} INFO - Started process (PID=3790) to work on /home/airflow/.local/lib/python3.12/site-packages/airflow/example_dags/example_display_name.py
[2024-09-11T14:05:45.312+0000] {processor.py:914} INFO - Processing file /home/airflow/.local/lib/python3.12/site-packages/airflow/example_dags/example_display_name.py for tasks to queue
[2024-09-11T14:05:45.315+0000] {logging_mixin.py:190} INFO - [2024-09-11T14:05:45.315+0000] {dagbag.py:587} INFO - Filling up the DagBag from /home/airflow/.local/lib/python3.12/site-packages/airflow/example_dags/example_display_name.py
[2024-09-11T14:05:45.323+0000] {processor.py:925} INFO - DAG(s) 'example_display_name' retrieved from /home/airflow/.local/lib/python3.12/site-packages/airflow/example_dags/example_display_name.py
[2024-09-11T14:05:45.345+0000] {logging_mixin.py:190} INFO - [2024-09-11T14:05:45.345+0000] {dag.py:3229} INFO - Sync 1 DAGs
[2024-09-11T14:05:45.361+0000] {logging_mixin.py:190} INFO - [2024-09-11T14:05:45.361+0000] {dag.py:4156} INFO - Setting next_dagrun for example_display_name to None, run_after=None
[2024-09-11T14:05:45.382+0000] {processor.py:208} INFO - Processing /home/airflow/.local/lib/python3.12/site-packages/airflow/example_dags/example_display_name.py took 0.078 seconds
[2024-09-11T14:06:15.764+0000] {processor.py:186} INFO - Started process (PID=3852) to work on /home/airflow/.local/lib/python3.12/site-packages/airflow/example_dags/example_display_name.py
[2024-09-11T14:06:15.766+0000] {processor.py:914} INFO - Processing file /home/airflow/.local/lib/python3.12/site-packages/airflow/example_dags/example_display_name.py for tasks to queue
[2024-09-11T14:06:15.768+0000] {logging_mixin.py:190} INFO - [2024-09-11T14:06:15.768+0000] {dagbag.py:587} INFO - Filling up the DagBag from /home/airflow/.local/lib/python3.12/site-packages/airflow/example_dags/example_display_name.py
[2024-09-11T14:06:15.776+0000] {processor.py:925} INFO - DAG(s) 'example_display_name' retrieved from /home/airflow/.local/lib/python3.12/site-packages/airflow/example_dags/example_display_name.py
[2024-09-11T14:06:15.798+0000] {logging_mixin.py:190} INFO - [2024-09-11T14:06:15.797+0000] {dag.py:3229} INFO - Sync 1 DAGs
[2024-09-11T14:06:15.815+0000] {logging_mixin.py:190} INFO - [2024-09-11T14:06:15.814+0000] {dag.py:4156} INFO - Setting next_dagrun for example_display_name to None, run_after=None
[2024-09-11T14:06:15.837+0000] {processor.py:208} INFO - Processing /home/airflow/.local/lib/python3.12/site-packages/airflow/example_dags/example_display_name.py took 0.079 seconds
[2024-09-11T14:06:46.243+0000] {processor.py:186} INFO - Started process (PID=3914) to work on /home/airflow/.local/lib/python3.12/site-packages/airflow/example_dags/example_display_name.py
[2024-09-11T14:06:46.244+0000] {processor.py:914} INFO - Processing file /home/airflow/.local/lib/python3.12/site-packages/airflow/example_dags/example_display_name.py for tasks to queue
[2024-09-11T14:06:46.247+0000] {logging_mixin.py:190} INFO - [2024-09-11T14:06:46.247+0000] {dagbag.py:587} INFO - Filling up the DagBag from /home/airflow/.local/lib/python3.12/site-packages/airflow/example_dags/example_display_name.py
[2024-09-11T14:06:46.255+0000] {processor.py:925} INFO - DAG(s) 'example_display_name' retrieved from /home/airflow/.local/lib/python3.12/site-packages/airflow/example_dags/example_display_name.py
[2024-09-11T14:06:46.275+0000] {logging_mixin.py:190} INFO - [2024-09-11T14:06:46.275+0000] {dag.py:3229} INFO - Sync 1 DAGs
[2024-09-11T14:06:46.291+0000] {logging_mixin.py:190} INFO - [2024-09-11T14:06:46.290+0000] {dag.py:4156} INFO - Setting next_dagrun for example_display_name to None, run_after=None
[2024-09-11T14:06:46.312+0000] {processor.py:208} INFO - Processing /home/airflow/.local/lib/python3.12/site-packages/airflow/example_dags/example_display_name.py took 0.077 seconds
[2024-09-11T14:07:16.940+0000] {processor.py:186} INFO - Started process (PID=3976) to work on /home/airflow/.local/lib/python3.12/site-packages/airflow/example_dags/example_display_name.py
[2024-09-11T14:07:16.941+0000] {processor.py:914} INFO - Processing file /home/airflow/.local/lib/python3.12/site-packages/airflow/example_dags/example_display_name.py for tasks to queue
[2024-09-11T14:07:16.945+0000] {logging_mixin.py:190} INFO - [2024-09-11T14:07:16.944+0000] {dagbag.py:587} INFO - Filling up the DagBag from /home/airflow/.local/lib/python3.12/site-packages/airflow/example_dags/example_display_name.py
[2024-09-11T14:07:16.953+0000] {processor.py:925} INFO - DAG(s) 'example_display_name' retrieved from /home/airflow/.local/lib/python3.12/site-packages/airflow/example_dags/example_display_name.py
[2024-09-11T14:07:16.977+0000] {logging_mixin.py:190} INFO - [2024-09-11T14:07:16.977+0000] {dag.py:3229} INFO - Sync 1 DAGs
[2024-09-11T14:07:16.995+0000] {logging_mixin.py:190} INFO - [2024-09-11T14:07:16.994+0000] {dag.py:4156} INFO - Setting next_dagrun for example_display_name to None, run_after=None
[2024-09-11T14:07:17.015+0000] {processor.py:208} INFO - Processing /home/airflow/.local/lib/python3.12/site-packages/airflow/example_dags/example_display_name.py took 0.082 seconds
[2024-09-11T14:07:47.327+0000] {processor.py:186} INFO - Started process (PID=4038) to work on /home/airflow/.local/lib/python3.12/site-packages/airflow/example_dags/example_display_name.py
[2024-09-11T14:07:47.328+0000] {processor.py:914} INFO - Processing file /home/airflow/.local/lib/python3.12/site-packages/airflow/example_dags/example_display_name.py for tasks to queue
[2024-09-11T14:07:47.331+0000] {logging_mixin.py:190} INFO - [2024-09-11T14:07:47.331+0000] {dagbag.py:587} INFO - Filling up the DagBag from /home/airflow/.local/lib/python3.12/site-packages/airflow/example_dags/example_display_name.py
[2024-09-11T14:07:47.344+0000] {processor.py:925} INFO - DAG(s) 'example_display_name' retrieved from /home/airflow/.local/lib/python3.12/site-packages/airflow/example_dags/example_display_name.py
[2024-09-11T14:07:47.378+0000] {logging_mixin.py:190} INFO - [2024-09-11T14:07:47.377+0000] {dag.py:3229} INFO - Sync 1 DAGs
[2024-09-11T14:07:47.397+0000] {logging_mixin.py:190} INFO - [2024-09-11T14:07:47.397+0000] {dag.py:4156} INFO - Setting next_dagrun for example_display_name to None, run_after=None
[2024-09-11T14:07:47.418+0000] {processor.py:208} INFO - Processing /home/airflow/.local/lib/python3.12/site-packages/airflow/example_dags/example_display_name.py took 0.099 seconds
[2024-09-11T14:08:17.788+0000] {processor.py:186} INFO - Started process (PID=4100) to work on /home/airflow/.local/lib/python3.12/site-packages/airflow/example_dags/example_display_name.py
[2024-09-11T14:08:17.789+0000] {processor.py:914} INFO - Processing file /home/airflow/.local/lib/python3.12/site-packages/airflow/example_dags/example_display_name.py for tasks to queue
[2024-09-11T14:08:17.792+0000] {logging_mixin.py:190} INFO - [2024-09-11T14:08:17.792+0000] {dagbag.py:587} INFO - Filling up the DagBag from /home/airflow/.local/lib/python3.12/site-packages/airflow/example_dags/example_display_name.py
[2024-09-11T14:08:17.801+0000] {processor.py:925} INFO - DAG(s) 'example_display_name' retrieved from /home/airflow/.local/lib/python3.12/site-packages/airflow/example_dags/example_display_name.py
[2024-09-11T14:08:17.824+0000] {logging_mixin.py:190} INFO - [2024-09-11T14:08:17.823+0000] {dag.py:3229} INFO - Sync 1 DAGs
[2024-09-11T14:08:17.841+0000] {logging_mixin.py:190} INFO - [2024-09-11T14:08:17.841+0000] {dag.py:4156} INFO - Setting next_dagrun for example_display_name to None, run_after=None
[2024-09-11T14:08:17.865+0000] {processor.py:208} INFO - Processing /home/airflow/.local/lib/python3.12/site-packages/airflow/example_dags/example_display_name.py took 0.085 seconds
[2024-09-11T14:08:48.609+0000] {processor.py:186} INFO - Started process (PID=4162) to work on /home/airflow/.local/lib/python3.12/site-packages/airflow/example_dags/example_display_name.py
[2024-09-11T14:08:48.610+0000] {processor.py:914} INFO - Processing file /home/airflow/.local/lib/python3.12/site-packages/airflow/example_dags/example_display_name.py for tasks to queue
[2024-09-11T14:08:48.614+0000] {logging_mixin.py:190} INFO - [2024-09-11T14:08:48.613+0000] {dagbag.py:587} INFO - Filling up the DagBag from /home/airflow/.local/lib/python3.12/site-packages/airflow/example_dags/example_display_name.py
[2024-09-11T14:08:48.623+0000] {processor.py:925} INFO - DAG(s) 'example_display_name' retrieved from /home/airflow/.local/lib/python3.12/site-packages/airflow/example_dags/example_display_name.py
[2024-09-11T14:08:48.646+0000] {logging_mixin.py:190} INFO - [2024-09-11T14:08:48.645+0000] {dag.py:3229} INFO - Sync 1 DAGs
[2024-09-11T14:08:48.664+0000] {logging_mixin.py:190} INFO - [2024-09-11T14:08:48.664+0000] {dag.py:4156} INFO - Setting next_dagrun for example_display_name to None, run_after=None
[2024-09-11T14:08:48.687+0000] {processor.py:208} INFO - Processing /home/airflow/.local/lib/python3.12/site-packages/airflow/example_dags/example_display_name.py took 0.086 seconds
[2024-09-11T14:09:19.155+0000] {processor.py:186} INFO - Started process (PID=4224) to work on /home/airflow/.local/lib/python3.12/site-packages/airflow/example_dags/example_display_name.py
[2024-09-11T14:09:19.157+0000] {processor.py:914} INFO - Processing file /home/airflow/.local/lib/python3.12/site-packages/airflow/example_dags/example_display_name.py for tasks to queue
[2024-09-11T14:09:19.160+0000] {logging_mixin.py:190} INFO - [2024-09-11T14:09:19.160+0000] {dagbag.py:587} INFO - Filling up the DagBag from /home/airflow/.local/lib/python3.12/site-packages/airflow/example_dags/example_display_name.py
[2024-09-11T14:09:19.168+0000] {processor.py:925} INFO - DAG(s) 'example_display_name' retrieved from /home/airflow/.local/lib/python3.12/site-packages/airflow/example_dags/example_display_name.py
[2024-09-11T14:09:19.189+0000] {logging_mixin.py:190} INFO - [2024-09-11T14:09:19.189+0000] {dag.py:3229} INFO - Sync 1 DAGs
[2024-09-11T14:09:19.205+0000] {logging_mixin.py:190} INFO - [2024-09-11T14:09:19.205+0000] {dag.py:4156} INFO - Setting next_dagrun for example_display_name to None, run_after=None
[2024-09-11T14:09:19.227+0000] {processor.py:208} INFO - Processing /home/airflow/.local/lib/python3.12/site-packages/airflow/example_dags/example_display_name.py took 0.079 seconds
[2024-09-11T14:09:49.748+0000] {processor.py:186} INFO - Started process (PID=4286) to work on /home/airflow/.local/lib/python3.12/site-packages/airflow/example_dags/example_display_name.py
[2024-09-11T14:09:49.749+0000] {processor.py:914} INFO - Processing file /home/airflow/.local/lib/python3.12/site-packages/airflow/example_dags/example_display_name.py for tasks to queue
[2024-09-11T14:09:49.752+0000] {logging_mixin.py:190} INFO - [2024-09-11T14:09:49.752+0000] {dagbag.py:587} INFO - Filling up the DagBag from /home/airflow/.local/lib/python3.12/site-packages/airflow/example_dags/example_display_name.py
[2024-09-11T14:09:49.760+0000] {processor.py:925} INFO - DAG(s) 'example_display_name' retrieved from /home/airflow/.local/lib/python3.12/site-packages/airflow/example_dags/example_display_name.py
[2024-09-11T14:09:49.784+0000] {logging_mixin.py:190} INFO - [2024-09-11T14:09:49.784+0000] {dag.py:3229} INFO - Sync 1 DAGs
[2024-09-11T14:09:49.801+0000] {logging_mixin.py:190} INFO - [2024-09-11T14:09:49.801+0000] {dag.py:4156} INFO - Setting next_dagrun for example_display_name to None, run_after=None
[2024-09-11T14:09:49.822+0000] {processor.py:208} INFO - Processing /home/airflow/.local/lib/python3.12/site-packages/airflow/example_dags/example_display_name.py took 0.081 seconds
[2024-09-11T14:10:20.148+0000] {processor.py:186} INFO - Started process (PID=4348) to work on /home/airflow/.local/lib/python3.12/site-packages/airflow/example_dags/example_display_name.py
[2024-09-11T14:10:20.149+0000] {processor.py:914} INFO - Processing file /home/airflow/.local/lib/python3.12/site-packages/airflow/example_dags/example_display_name.py for tasks to queue
[2024-09-11T14:10:20.151+0000] {logging_mixin.py:190} INFO - [2024-09-11T14:10:20.151+0000] {dagbag.py:587} INFO - Filling up the DagBag from /home/airflow/.local/lib/python3.12/site-packages/airflow/example_dags/example_display_name.py
[2024-09-11T14:10:20.159+0000] {processor.py:925} INFO - DAG(s) 'example_display_name' retrieved from /home/airflow/.local/lib/python3.12/site-packages/airflow/example_dags/example_display_name.py
[2024-09-11T14:10:20.179+0000] {logging_mixin.py:190} INFO - [2024-09-11T14:10:20.179+0000] {dag.py:3229} INFO - Sync 1 DAGs
[2024-09-11T14:10:20.194+0000] {logging_mixin.py:190} INFO - [2024-09-11T14:10:20.194+0000] {dag.py:4156} INFO - Setting next_dagrun for example_display_name to None, run_after=None
[2024-09-11T14:10:20.216+0000] {processor.py:208} INFO - Processing /home/airflow/.local/lib/python3.12/site-packages/airflow/example_dags/example_display_name.py took 0.075 seconds
[2024-09-11T14:10:50.579+0000] {processor.py:186} INFO - Started process (PID=4410) to work on /home/airflow/.local/lib/python3.12/site-packages/airflow/example_dags/example_display_name.py
[2024-09-11T14:10:50.580+0000] {processor.py:914} INFO - Processing file /home/airflow/.local/lib/python3.12/site-packages/airflow/example_dags/example_display_name.py for tasks to queue
[2024-09-11T14:10:50.583+0000] {logging_mixin.py:190} INFO - [2024-09-11T14:10:50.583+0000] {dagbag.py:587} INFO - Filling up the DagBag from /home/airflow/.local/lib/python3.12/site-packages/airflow/example_dags/example_display_name.py
[2024-09-11T14:10:50.591+0000] {processor.py:925} INFO - DAG(s) 'example_display_name' retrieved from /home/airflow/.local/lib/python3.12/site-packages/airflow/example_dags/example_display_name.py
[2024-09-11T14:10:50.612+0000] {logging_mixin.py:190} INFO - [2024-09-11T14:10:50.612+0000] {dag.py:3229} INFO - Sync 1 DAGs
[2024-09-11T14:10:50.628+0000] {logging_mixin.py:190} INFO - [2024-09-11T14:10:50.627+0000] {dag.py:4156} INFO - Setting next_dagrun for example_display_name to None, run_after=None
[2024-09-11T14:10:50.650+0000] {processor.py:208} INFO - Processing /home/airflow/.local/lib/python3.12/site-packages/airflow/example_dags/example_display_name.py took 0.078 seconds
[2024-09-11T14:11:21.106+0000] {processor.py:186} INFO - Started process (PID=4472) to work on /home/airflow/.local/lib/python3.12/site-packages/airflow/example_dags/example_display_name.py
[2024-09-11T14:11:21.108+0000] {processor.py:914} INFO - Processing file /home/airflow/.local/lib/python3.12/site-packages/airflow/example_dags/example_display_name.py for tasks to queue
[2024-09-11T14:11:21.110+0000] {logging_mixin.py:190} INFO - [2024-09-11T14:11:21.110+0000] {dagbag.py:587} INFO - Filling up the DagBag from /home/airflow/.local/lib/python3.12/site-packages/airflow/example_dags/example_display_name.py
[2024-09-11T14:11:21.118+0000] {processor.py:925} INFO - DAG(s) 'example_display_name' retrieved from /home/airflow/.local/lib/python3.12/site-packages/airflow/example_dags/example_display_name.py
[2024-09-11T14:11:21.141+0000] {logging_mixin.py:190} INFO - [2024-09-11T14:11:21.141+0000] {dag.py:3229} INFO - Sync 1 DAGs
[2024-09-11T14:11:21.157+0000] {logging_mixin.py:190} INFO - [2024-09-11T14:11:21.157+0000] {dag.py:4156} INFO - Setting next_dagrun for example_display_name to None, run_after=None
[2024-09-11T14:11:21.177+0000] {processor.py:208} INFO - Processing /home/airflow/.local/lib/python3.12/site-packages/airflow/example_dags/example_display_name.py took 0.077 seconds
[2024-09-11T14:11:51.546+0000] {processor.py:186} INFO - Started process (PID=4534) to work on /home/airflow/.local/lib/python3.12/site-packages/airflow/example_dags/example_display_name.py
[2024-09-11T14:11:51.547+0000] {processor.py:914} INFO - Processing file /home/airflow/.local/lib/python3.12/site-packages/airflow/example_dags/example_display_name.py for tasks to queue
[2024-09-11T14:11:51.550+0000] {logging_mixin.py:190} INFO - [2024-09-11T14:11:51.550+0000] {dagbag.py:587} INFO - Filling up the DagBag from /home/airflow/.local/lib/python3.12/site-packages/airflow/example_dags/example_display_name.py
[2024-09-11T14:11:51.558+0000] {processor.py:925} INFO - DAG(s) 'example_display_name' retrieved from /home/airflow/.local/lib/python3.12/site-packages/airflow/example_dags/example_display_name.py
[2024-09-11T14:11:51.580+0000] {logging_mixin.py:190} INFO - [2024-09-11T14:11:51.580+0000] {dag.py:3229} INFO - Sync 1 DAGs
[2024-09-11T14:11:51.597+0000] {logging_mixin.py:190} INFO - [2024-09-11T14:11:51.597+0000] {dag.py:4156} INFO - Setting next_dagrun for example_display_name to None, run_after=None
[2024-09-11T14:11:51.617+0000] {processor.py:208} INFO - Processing /home/airflow/.local/lib/python3.12/site-packages/airflow/example_dags/example_display_name.py took 0.078 seconds
[2024-09-11T14:12:22.012+0000] {processor.py:186} INFO - Started process (PID=4596) to work on /home/airflow/.local/lib/python3.12/site-packages/airflow/example_dags/example_display_name.py
[2024-09-11T14:12:22.013+0000] {processor.py:914} INFO - Processing file /home/airflow/.local/lib/python3.12/site-packages/airflow/example_dags/example_display_name.py for tasks to queue
[2024-09-11T14:12:22.016+0000] {logging_mixin.py:190} INFO - [2024-09-11T14:12:22.016+0000] {dagbag.py:587} INFO - Filling up the DagBag from /home/airflow/.local/lib/python3.12/site-packages/airflow/example_dags/example_display_name.py
[2024-09-11T14:12:22.025+0000] {processor.py:925} INFO - DAG(s) 'example_display_name' retrieved from /home/airflow/.local/lib/python3.12/site-packages/airflow/example_dags/example_display_name.py
[2024-09-11T14:12:22.046+0000] {logging_mixin.py:190} INFO - [2024-09-11T14:12:22.045+0000] {dag.py:3229} INFO - Sync 1 DAGs
[2024-09-11T14:12:22.062+0000] {logging_mixin.py:190} INFO - [2024-09-11T14:12:22.062+0000] {dag.py:4156} INFO - Setting next_dagrun for example_display_name to None, run_after=None
[2024-09-11T14:12:22.081+0000] {processor.py:208} INFO - Processing /home/airflow/.local/lib/python3.12/site-packages/airflow/example_dags/example_display_name.py took 0.076 seconds
[2024-09-11T14:12:52.893+0000] {processor.py:186} INFO - Started process (PID=4658) to work on /home/airflow/.local/lib/python3.12/site-packages/airflow/example_dags/example_display_name.py
[2024-09-11T14:12:52.894+0000] {processor.py:914} INFO - Processing file /home/airflow/.local/lib/python3.12/site-packages/airflow/example_dags/example_display_name.py for tasks to queue
[2024-09-11T14:12:52.897+0000] {logging_mixin.py:190} INFO - [2024-09-11T14:12:52.897+0000] {dagbag.py:587} INFO - Filling up the DagBag from /home/airflow/.local/lib/python3.12/site-packages/airflow/example_dags/example_display_name.py
[2024-09-11T14:12:52.905+0000] {processor.py:925} INFO - DAG(s) 'example_display_name' retrieved from /home/airflow/.local/lib/python3.12/site-packages/airflow/example_dags/example_display_name.py
[2024-09-11T14:12:52.925+0000] {logging_mixin.py:190} INFO - [2024-09-11T14:12:52.925+0000] {dag.py:3229} INFO - Sync 1 DAGs
[2024-09-11T14:12:52.941+0000] {logging_mixin.py:190} INFO - [2024-09-11T14:12:52.940+0000] {dag.py:4156} INFO - Setting next_dagrun for example_display_name to None, run_after=None
[2024-09-11T14:12:52.961+0000] {processor.py:208} INFO - Processing /home/airflow/.local/lib/python3.12/site-packages/airflow/example_dags/example_display_name.py took 0.075 seconds
[2024-09-11T14:13:23.707+0000] {processor.py:186} INFO - Started process (PID=4720) to work on /home/airflow/.local/lib/python3.12/site-packages/airflow/example_dags/example_display_name.py
[2024-09-11T14:13:23.708+0000] {processor.py:914} INFO - Processing file /home/airflow/.local/lib/python3.12/site-packages/airflow/example_dags/example_display_name.py for tasks to queue
[2024-09-11T14:13:23.711+0000] {logging_mixin.py:190} INFO - [2024-09-11T14:13:23.711+0000] {dagbag.py:587} INFO - Filling up the DagBag from /home/airflow/.local/lib/python3.12/site-packages/airflow/example_dags/example_display_name.py
[2024-09-11T14:13:23.719+0000] {processor.py:925} INFO - DAG(s) 'example_display_name' retrieved from /home/airflow/.local/lib/python3.12/site-packages/airflow/example_dags/example_display_name.py
[2024-09-11T14:13:23.740+0000] {logging_mixin.py:190} INFO - [2024-09-11T14:13:23.740+0000] {dag.py:3229} INFO - Sync 1 DAGs
[2024-09-11T14:13:23.756+0000] {logging_mixin.py:190} INFO - [2024-09-11T14:13:23.756+0000] {dag.py:4156} INFO - Setting next_dagrun for example_display_name to None, run_after=None
[2024-09-11T14:13:23.778+0000] {processor.py:208} INFO - Processing /home/airflow/.local/lib/python3.12/site-packages/airflow/example_dags/example_display_name.py took 0.077 seconds
