[2024-09-11T13:35:26.591+0000] {processor.py:186} INFO - Started process (PID=118) to work on /home/airflow/.local/lib/python3.12/site-packages/airflow/example_dags/example_sla_dag.py
[2024-09-11T13:35:26.593+0000] {processor.py:914} INFO - Processing file /home/airflow/.local/lib/python3.12/site-packages/airflow/example_dags/example_sla_dag.py for tasks to queue
[2024-09-11T13:35:26.596+0000] {logging_mixin.py:190} INFO - [2024-09-11T13:35:26.596+0000] {dagbag.py:587} INFO - Filling up the DagBag from /home/airflow/.local/lib/python3.12/site-packages/airflow/example_dags/example_sla_dag.py
[2024-09-11T13:35:26.616+0000] {processor.py:925} INFO - DAG(s) 'example_sla_dag' retrieved from /home/airflow/.local/lib/python3.12/site-packages/airflow/example_dags/example_sla_dag.py
[2024-09-11T13:35:26.769+0000] {logging_mixin.py:190} INFO - [2024-09-11T13:35:26.768+0000] {override.py:1900} INFO - Created Permission View: can edit on DAG:example_sla_dag
[2024-09-11T13:35:26.783+0000] {logging_mixin.py:190} INFO - [2024-09-11T13:35:26.782+0000] {override.py:1900} INFO - Created Permission View: can delete on DAG:example_sla_dag
[2024-09-11T13:35:26.792+0000] {logging_mixin.py:190} INFO - [2024-09-11T13:35:26.791+0000] {override.py:1900} INFO - Created Permission View: can read on DAG:example_sla_dag
[2024-09-11T13:35:26.804+0000] {logging_mixin.py:190} INFO - [2024-09-11T13:35:26.803+0000] {override.py:1900} INFO - Created Permission View: menu access on DAG Run:example_sla_dag
[2024-09-11T13:35:26.813+0000] {logging_mixin.py:190} INFO - [2024-09-11T13:35:26.813+0000] {override.py:1900} INFO - Created Permission View: can create on DAG Run:example_sla_dag
[2024-09-11T13:35:26.823+0000] {logging_mixin.py:190} INFO - [2024-09-11T13:35:26.822+0000] {override.py:1900} INFO - Created Permission View: can delete on DAG Run:example_sla_dag
[2024-09-11T13:35:26.832+0000] {logging_mixin.py:190} INFO - [2024-09-11T13:35:26.832+0000] {override.py:1900} INFO - Created Permission View: can read on DAG Run:example_sla_dag
[2024-09-11T13:35:26.833+0000] {logging_mixin.py:190} INFO - [2024-09-11T13:35:26.833+0000] {dag.py:3229} INFO - Sync 1 DAGs
[2024-09-11T13:35:26.854+0000] {logging_mixin.py:190} INFO - [2024-09-11T13:35:26.853+0000] {dag.py:3252} INFO - Creating ORM DAG for example_sla_dag
[2024-09-11T13:35:26.878+0000] {logging_mixin.py:190} INFO - [2024-09-11T13:35:26.877+0000] {dag.py:4156} INFO - Setting next_dagrun for example_sla_dag to 2024-09-11 13:32:00+00:00, run_after=2024-09-11 13:34:00+00:00
[2024-09-11T13:35:26.897+0000] {processor.py:208} INFO - Processing /home/airflow/.local/lib/python3.12/site-packages/airflow/example_dags/example_sla_dag.py took 0.315 seconds
[2024-09-11T13:35:57.304+0000] {processor.py:186} INFO - Started process (PID=180) to work on /home/airflow/.local/lib/python3.12/site-packages/airflow/example_dags/example_sla_dag.py
[2024-09-11T13:35:57.305+0000] {processor.py:914} INFO - Processing file /home/airflow/.local/lib/python3.12/site-packages/airflow/example_dags/example_sla_dag.py for tasks to queue
[2024-09-11T13:35:57.307+0000] {logging_mixin.py:190} INFO - [2024-09-11T13:35:57.307+0000] {dagbag.py:587} INFO - Filling up the DagBag from /home/airflow/.local/lib/python3.12/site-packages/airflow/example_dags/example_sla_dag.py
[2024-09-11T13:35:57.318+0000] {processor.py:925} INFO - DAG(s) 'example_sla_dag' retrieved from /home/airflow/.local/lib/python3.12/site-packages/airflow/example_dags/example_sla_dag.py
[2024-09-11T13:35:57.339+0000] {logging_mixin.py:190} INFO - [2024-09-11T13:35:57.339+0000] {dag.py:3229} INFO - Sync 1 DAGs
[2024-09-11T13:35:57.368+0000] {logging_mixin.py:190} INFO - [2024-09-11T13:35:57.367+0000] {dag.py:4156} INFO - Setting next_dagrun for example_sla_dag to 2024-09-11 13:32:00+00:00, run_after=2024-09-11 13:34:00+00:00
[2024-09-11T13:35:57.390+0000] {processor.py:208} INFO - Processing /home/airflow/.local/lib/python3.12/site-packages/airflow/example_dags/example_sla_dag.py took 0.093 seconds
[2024-09-11T13:36:27.625+0000] {processor.py:186} INFO - Started process (PID=242) to work on /home/airflow/.local/lib/python3.12/site-packages/airflow/example_dags/example_sla_dag.py
[2024-09-11T13:36:27.626+0000] {processor.py:914} INFO - Processing file /home/airflow/.local/lib/python3.12/site-packages/airflow/example_dags/example_sla_dag.py for tasks to queue
[2024-09-11T13:36:27.629+0000] {logging_mixin.py:190} INFO - [2024-09-11T13:36:27.629+0000] {dagbag.py:587} INFO - Filling up the DagBag from /home/airflow/.local/lib/python3.12/site-packages/airflow/example_dags/example_sla_dag.py
[2024-09-11T13:36:27.639+0000] {processor.py:925} INFO - DAG(s) 'example_sla_dag' retrieved from /home/airflow/.local/lib/python3.12/site-packages/airflow/example_dags/example_sla_dag.py
[2024-09-11T13:36:27.658+0000] {logging_mixin.py:190} INFO - [2024-09-11T13:36:27.657+0000] {dag.py:3229} INFO - Sync 1 DAGs
[2024-09-11T13:36:27.683+0000] {logging_mixin.py:190} INFO - [2024-09-11T13:36:27.683+0000] {dag.py:4156} INFO - Setting next_dagrun for example_sla_dag to 2024-09-11 13:34:00+00:00, run_after=2024-09-11 13:36:00+00:00
[2024-09-11T13:36:27.703+0000] {processor.py:208} INFO - Processing /home/airflow/.local/lib/python3.12/site-packages/airflow/example_dags/example_sla_dag.py took 0.084 seconds
[2024-09-11T13:36:58.282+0000] {processor.py:186} INFO - Started process (PID=304) to work on /home/airflow/.local/lib/python3.12/site-packages/airflow/example_dags/example_sla_dag.py
[2024-09-11T13:36:58.283+0000] {processor.py:914} INFO - Processing file /home/airflow/.local/lib/python3.12/site-packages/airflow/example_dags/example_sla_dag.py for tasks to queue
[2024-09-11T13:36:58.288+0000] {logging_mixin.py:190} INFO - [2024-09-11T13:36:58.287+0000] {dagbag.py:587} INFO - Filling up the DagBag from /home/airflow/.local/lib/python3.12/site-packages/airflow/example_dags/example_sla_dag.py
[2024-09-11T13:36:58.306+0000] {processor.py:925} INFO - DAG(s) 'example_sla_dag' retrieved from /home/airflow/.local/lib/python3.12/site-packages/airflow/example_dags/example_sla_dag.py
[2024-09-11T13:36:58.330+0000] {logging_mixin.py:190} INFO - [2024-09-11T13:36:58.330+0000] {dag.py:3229} INFO - Sync 1 DAGs
[2024-09-11T13:36:58.364+0000] {logging_mixin.py:190} INFO - [2024-09-11T13:36:58.363+0000] {dag.py:4156} INFO - Setting next_dagrun for example_sla_dag to 2024-09-11 13:34:00+00:00, run_after=2024-09-11 13:36:00+00:00
[2024-09-11T13:36:58.388+0000] {processor.py:208} INFO - Processing /home/airflow/.local/lib/python3.12/site-packages/airflow/example_dags/example_sla_dag.py took 0.114 seconds
[2024-09-11T13:37:28.921+0000] {processor.py:186} INFO - Started process (PID=366) to work on /home/airflow/.local/lib/python3.12/site-packages/airflow/example_dags/example_sla_dag.py
[2024-09-11T13:37:28.922+0000] {processor.py:914} INFO - Processing file /home/airflow/.local/lib/python3.12/site-packages/airflow/example_dags/example_sla_dag.py for tasks to queue
[2024-09-11T13:37:28.926+0000] {logging_mixin.py:190} INFO - [2024-09-11T13:37:28.925+0000] {dagbag.py:587} INFO - Filling up the DagBag from /home/airflow/.local/lib/python3.12/site-packages/airflow/example_dags/example_sla_dag.py
[2024-09-11T13:37:28.940+0000] {processor.py:925} INFO - DAG(s) 'example_sla_dag' retrieved from /home/airflow/.local/lib/python3.12/site-packages/airflow/example_dags/example_sla_dag.py
[2024-09-11T13:37:28.969+0000] {logging_mixin.py:190} INFO - [2024-09-11T13:37:28.969+0000] {dag.py:3229} INFO - Sync 1 DAGs
[2024-09-11T13:37:29.004+0000] {logging_mixin.py:190} INFO - [2024-09-11T13:37:29.004+0000] {dag.py:4156} INFO - Setting next_dagrun for example_sla_dag to 2024-09-11 13:34:00+00:00, run_after=2024-09-11 13:36:00+00:00
[2024-09-11T13:37:29.031+0000] {processor.py:208} INFO - Processing /home/airflow/.local/lib/python3.12/site-packages/airflow/example_dags/example_sla_dag.py took 0.116 seconds
[2024-09-11T13:37:59.632+0000] {processor.py:186} INFO - Started process (PID=428) to work on /home/airflow/.local/lib/python3.12/site-packages/airflow/example_dags/example_sla_dag.py
[2024-09-11T13:37:59.636+0000] {processor.py:914} INFO - Processing file /home/airflow/.local/lib/python3.12/site-packages/airflow/example_dags/example_sla_dag.py for tasks to queue
[2024-09-11T13:37:59.643+0000] {logging_mixin.py:190} INFO - [2024-09-11T13:37:59.642+0000] {dagbag.py:587} INFO - Filling up the DagBag from /home/airflow/.local/lib/python3.12/site-packages/airflow/example_dags/example_sla_dag.py
[2024-09-11T13:37:59.665+0000] {processor.py:925} INFO - DAG(s) 'example_sla_dag' retrieved from /home/airflow/.local/lib/python3.12/site-packages/airflow/example_dags/example_sla_dag.py
[2024-09-11T13:37:59.707+0000] {logging_mixin.py:190} INFO - [2024-09-11T13:37:59.706+0000] {dag.py:3229} INFO - Sync 1 DAGs
[2024-09-11T13:37:59.762+0000] {logging_mixin.py:190} INFO - [2024-09-11T13:37:59.762+0000] {dag.py:4156} INFO - Setting next_dagrun for example_sla_dag to 2024-09-11 13:34:00+00:00, run_after=2024-09-11 13:36:00+00:00
[2024-09-11T13:37:59.799+0000] {processor.py:208} INFO - Processing /home/airflow/.local/lib/python3.12/site-packages/airflow/example_dags/example_sla_dag.py took 0.178 seconds
[2024-09-11T13:38:29.944+0000] {processor.py:186} INFO - Started process (PID=490) to work on /home/airflow/.local/lib/python3.12/site-packages/airflow/example_dags/example_sla_dag.py
[2024-09-11T13:38:29.945+0000] {processor.py:914} INFO - Processing file /home/airflow/.local/lib/python3.12/site-packages/airflow/example_dags/example_sla_dag.py for tasks to queue
[2024-09-11T13:38:29.948+0000] {logging_mixin.py:190} INFO - [2024-09-11T13:38:29.947+0000] {dagbag.py:587} INFO - Filling up the DagBag from /home/airflow/.local/lib/python3.12/site-packages/airflow/example_dags/example_sla_dag.py
[2024-09-11T13:38:29.959+0000] {processor.py:925} INFO - DAG(s) 'example_sla_dag' retrieved from /home/airflow/.local/lib/python3.12/site-packages/airflow/example_dags/example_sla_dag.py
[2024-09-11T13:38:29.981+0000] {logging_mixin.py:190} INFO - [2024-09-11T13:38:29.981+0000] {dag.py:3229} INFO - Sync 1 DAGs
[2024-09-11T13:38:30.007+0000] {logging_mixin.py:190} INFO - [2024-09-11T13:38:30.007+0000] {dag.py:4156} INFO - Setting next_dagrun for example_sla_dag to 2024-09-11 13:36:00+00:00, run_after=2024-09-11 13:38:00+00:00
[2024-09-11T13:38:30.025+0000] {processor.py:208} INFO - Processing /home/airflow/.local/lib/python3.12/site-packages/airflow/example_dags/example_sla_dag.py took 0.088 seconds
[2024-09-11T13:39:01.073+0000] {processor.py:186} INFO - Started process (PID=552) to work on /home/airflow/.local/lib/python3.12/site-packages/airflow/example_dags/example_sla_dag.py
[2024-09-11T13:39:01.075+0000] {processor.py:914} INFO - Processing file /home/airflow/.local/lib/python3.12/site-packages/airflow/example_dags/example_sla_dag.py for tasks to queue
[2024-09-11T13:39:01.078+0000] {logging_mixin.py:190} INFO - [2024-09-11T13:39:01.077+0000] {dagbag.py:587} INFO - Filling up the DagBag from /home/airflow/.local/lib/python3.12/site-packages/airflow/example_dags/example_sla_dag.py
[2024-09-11T13:39:01.089+0000] {processor.py:925} INFO - DAG(s) 'example_sla_dag' retrieved from /home/airflow/.local/lib/python3.12/site-packages/airflow/example_dags/example_sla_dag.py
[2024-09-11T13:39:01.112+0000] {logging_mixin.py:190} INFO - [2024-09-11T13:39:01.112+0000] {dag.py:3229} INFO - Sync 1 DAGs
[2024-09-11T13:39:01.141+0000] {logging_mixin.py:190} INFO - [2024-09-11T13:39:01.141+0000] {dag.py:4156} INFO - Setting next_dagrun for example_sla_dag to 2024-09-11 13:36:00+00:00, run_after=2024-09-11 13:38:00+00:00
[2024-09-11T13:39:01.161+0000] {processor.py:208} INFO - Processing /home/airflow/.local/lib/python3.12/site-packages/airflow/example_dags/example_sla_dag.py took 0.095 seconds
[2024-09-11T13:39:32.454+0000] {processor.py:186} INFO - Started process (PID=614) to work on /home/airflow/.local/lib/python3.12/site-packages/airflow/example_dags/example_sla_dag.py
[2024-09-11T13:39:32.455+0000] {processor.py:914} INFO - Processing file /home/airflow/.local/lib/python3.12/site-packages/airflow/example_dags/example_sla_dag.py for tasks to queue
[2024-09-11T13:39:32.459+0000] {logging_mixin.py:190} INFO - [2024-09-11T13:39:32.459+0000] {dagbag.py:587} INFO - Filling up the DagBag from /home/airflow/.local/lib/python3.12/site-packages/airflow/example_dags/example_sla_dag.py
[2024-09-11T13:39:32.490+0000] {processor.py:925} INFO - DAG(s) 'example_sla_dag' retrieved from /home/airflow/.local/lib/python3.12/site-packages/airflow/example_dags/example_sla_dag.py
[2024-09-11T13:39:32.569+0000] {logging_mixin.py:190} INFO - [2024-09-11T13:39:32.568+0000] {dag.py:3229} INFO - Sync 1 DAGs
[2024-09-11T13:39:32.667+0000] {logging_mixin.py:190} INFO - [2024-09-11T13:39:32.667+0000] {dag.py:4156} INFO - Setting next_dagrun for example_sla_dag to 2024-09-11 13:36:00+00:00, run_after=2024-09-11 13:38:00+00:00
[2024-09-11T13:39:32.711+0000] {processor.py:208} INFO - Processing /home/airflow/.local/lib/python3.12/site-packages/airflow/example_dags/example_sla_dag.py took 0.272 seconds
[2024-09-11T13:40:03.179+0000] {processor.py:186} INFO - Started process (PID=676) to work on /home/airflow/.local/lib/python3.12/site-packages/airflow/example_dags/example_sla_dag.py
[2024-09-11T13:40:03.181+0000] {processor.py:914} INFO - Processing file /home/airflow/.local/lib/python3.12/site-packages/airflow/example_dags/example_sla_dag.py for tasks to queue
[2024-09-11T13:40:03.186+0000] {logging_mixin.py:190} INFO - [2024-09-11T13:40:03.186+0000] {dagbag.py:587} INFO - Filling up the DagBag from /home/airflow/.local/lib/python3.12/site-packages/airflow/example_dags/example_sla_dag.py
[2024-09-11T13:40:03.202+0000] {processor.py:925} INFO - DAG(s) 'example_sla_dag' retrieved from /home/airflow/.local/lib/python3.12/site-packages/airflow/example_dags/example_sla_dag.py
[2024-09-11T13:40:03.236+0000] {logging_mixin.py:190} INFO - [2024-09-11T13:40:03.235+0000] {dag.py:3229} INFO - Sync 1 DAGs
[2024-09-11T13:40:03.300+0000] {logging_mixin.py:190} INFO - [2024-09-11T13:40:03.300+0000] {dag.py:4156} INFO - Setting next_dagrun for example_sla_dag to 2024-09-11 13:38:00+00:00, run_after=2024-09-11 13:40:00+00:00
[2024-09-11T13:40:03.334+0000] {processor.py:208} INFO - Processing /home/airflow/.local/lib/python3.12/site-packages/airflow/example_dags/example_sla_dag.py took 0.164 seconds
[2024-09-11T13:40:33.580+0000] {processor.py:186} INFO - Started process (PID=738) to work on /home/airflow/.local/lib/python3.12/site-packages/airflow/example_dags/example_sla_dag.py
[2024-09-11T13:40:33.581+0000] {processor.py:914} INFO - Processing file /home/airflow/.local/lib/python3.12/site-packages/airflow/example_dags/example_sla_dag.py for tasks to queue
[2024-09-11T13:40:33.584+0000] {logging_mixin.py:190} INFO - [2024-09-11T13:40:33.584+0000] {dagbag.py:587} INFO - Filling up the DagBag from /home/airflow/.local/lib/python3.12/site-packages/airflow/example_dags/example_sla_dag.py
[2024-09-11T13:40:33.598+0000] {processor.py:925} INFO - DAG(s) 'example_sla_dag' retrieved from /home/airflow/.local/lib/python3.12/site-packages/airflow/example_dags/example_sla_dag.py
[2024-09-11T13:40:33.622+0000] {logging_mixin.py:190} INFO - [2024-09-11T13:40:33.622+0000] {dag.py:3229} INFO - Sync 1 DAGs
[2024-09-11T13:40:33.653+0000] {logging_mixin.py:190} INFO - [2024-09-11T13:40:33.653+0000] {dag.py:4156} INFO - Setting next_dagrun for example_sla_dag to 2024-09-11 13:38:00+00:00, run_after=2024-09-11 13:40:00+00:00
[2024-09-11T13:40:33.674+0000] {processor.py:208} INFO - Processing /home/airflow/.local/lib/python3.12/site-packages/airflow/example_dags/example_sla_dag.py took 0.100 seconds
[2024-09-11T13:41:04.315+0000] {processor.py:186} INFO - Started process (PID=800) to work on /home/airflow/.local/lib/python3.12/site-packages/airflow/example_dags/example_sla_dag.py
[2024-09-11T13:41:04.316+0000] {processor.py:914} INFO - Processing file /home/airflow/.local/lib/python3.12/site-packages/airflow/example_dags/example_sla_dag.py for tasks to queue
[2024-09-11T13:41:04.319+0000] {logging_mixin.py:190} INFO - [2024-09-11T13:41:04.318+0000] {dagbag.py:587} INFO - Filling up the DagBag from /home/airflow/.local/lib/python3.12/site-packages/airflow/example_dags/example_sla_dag.py
[2024-09-11T13:41:04.330+0000] {processor.py:925} INFO - DAG(s) 'example_sla_dag' retrieved from /home/airflow/.local/lib/python3.12/site-packages/airflow/example_dags/example_sla_dag.py
[2024-09-11T13:41:04.363+0000] {logging_mixin.py:190} INFO - [2024-09-11T13:41:04.363+0000] {dag.py:3229} INFO - Sync 1 DAGs
[2024-09-11T13:41:04.392+0000] {logging_mixin.py:190} INFO - [2024-09-11T13:41:04.392+0000] {dag.py:4156} INFO - Setting next_dagrun for example_sla_dag to 2024-09-11 13:38:00+00:00, run_after=2024-09-11 13:40:00+00:00
[2024-09-11T13:41:04.412+0000] {processor.py:208} INFO - Processing /home/airflow/.local/lib/python3.12/site-packages/airflow/example_dags/example_sla_dag.py took 0.104 seconds
[2024-09-11T13:41:35.100+0000] {processor.py:186} INFO - Started process (PID=862) to work on /home/airflow/.local/lib/python3.12/site-packages/airflow/example_dags/example_sla_dag.py
[2024-09-11T13:41:35.101+0000] {processor.py:914} INFO - Processing file /home/airflow/.local/lib/python3.12/site-packages/airflow/example_dags/example_sla_dag.py for tasks to queue
[2024-09-11T13:41:35.104+0000] {logging_mixin.py:190} INFO - [2024-09-11T13:41:35.104+0000] {dagbag.py:587} INFO - Filling up the DagBag from /home/airflow/.local/lib/python3.12/site-packages/airflow/example_dags/example_sla_dag.py
[2024-09-11T13:41:35.116+0000] {processor.py:925} INFO - DAG(s) 'example_sla_dag' retrieved from /home/airflow/.local/lib/python3.12/site-packages/airflow/example_dags/example_sla_dag.py
[2024-09-11T13:41:35.140+0000] {logging_mixin.py:190} INFO - [2024-09-11T13:41:35.140+0000] {dag.py:3229} INFO - Sync 1 DAGs
[2024-09-11T13:41:35.171+0000] {logging_mixin.py:190} INFO - [2024-09-11T13:41:35.171+0000] {dag.py:4156} INFO - Setting next_dagrun for example_sla_dag to 2024-09-11 13:38:00+00:00, run_after=2024-09-11 13:40:00+00:00
[2024-09-11T13:41:35.191+0000] {processor.py:208} INFO - Processing /home/airflow/.local/lib/python3.12/site-packages/airflow/example_dags/example_sla_dag.py took 0.097 seconds
[2024-09-11T13:42:05.669+0000] {processor.py:186} INFO - Started process (PID=924) to work on /home/airflow/.local/lib/python3.12/site-packages/airflow/example_dags/example_sla_dag.py
[2024-09-11T13:42:05.670+0000] {processor.py:914} INFO - Processing file /home/airflow/.local/lib/python3.12/site-packages/airflow/example_dags/example_sla_dag.py for tasks to queue
[2024-09-11T13:42:05.673+0000] {logging_mixin.py:190} INFO - [2024-09-11T13:42:05.673+0000] {dagbag.py:587} INFO - Filling up the DagBag from /home/airflow/.local/lib/python3.12/site-packages/airflow/example_dags/example_sla_dag.py
[2024-09-11T13:42:05.683+0000] {processor.py:925} INFO - DAG(s) 'example_sla_dag' retrieved from /home/airflow/.local/lib/python3.12/site-packages/airflow/example_dags/example_sla_dag.py
[2024-09-11T13:42:05.703+0000] {logging_mixin.py:190} INFO - [2024-09-11T13:42:05.703+0000] {dag.py:3229} INFO - Sync 1 DAGs
[2024-09-11T13:42:05.729+0000] {logging_mixin.py:190} INFO - [2024-09-11T13:42:05.729+0000] {dag.py:4156} INFO - Setting next_dagrun for example_sla_dag to 2024-09-11 13:40:00+00:00, run_after=2024-09-11 13:42:00+00:00
[2024-09-11T13:42:05.748+0000] {processor.py:208} INFO - Processing /home/airflow/.local/lib/python3.12/site-packages/airflow/example_dags/example_sla_dag.py took 0.085 seconds
[2024-09-11T13:42:36.277+0000] {processor.py:186} INFO - Started process (PID=986) to work on /home/airflow/.local/lib/python3.12/site-packages/airflow/example_dags/example_sla_dag.py
[2024-09-11T13:42:36.279+0000] {processor.py:914} INFO - Processing file /home/airflow/.local/lib/python3.12/site-packages/airflow/example_dags/example_sla_dag.py for tasks to queue
[2024-09-11T13:42:36.282+0000] {logging_mixin.py:190} INFO - [2024-09-11T13:42:36.281+0000] {dagbag.py:587} INFO - Filling up the DagBag from /home/airflow/.local/lib/python3.12/site-packages/airflow/example_dags/example_sla_dag.py
[2024-09-11T13:42:36.294+0000] {processor.py:925} INFO - DAG(s) 'example_sla_dag' retrieved from /home/airflow/.local/lib/python3.12/site-packages/airflow/example_dags/example_sla_dag.py
[2024-09-11T13:42:36.316+0000] {logging_mixin.py:190} INFO - [2024-09-11T13:42:36.316+0000] {dag.py:3229} INFO - Sync 1 DAGs
[2024-09-11T13:42:36.349+0000] {logging_mixin.py:190} INFO - [2024-09-11T13:42:36.348+0000] {dag.py:4156} INFO - Setting next_dagrun for example_sla_dag to 2024-09-11 13:40:00+00:00, run_after=2024-09-11 13:42:00+00:00
[2024-09-11T13:42:36.370+0000] {processor.py:208} INFO - Processing /home/airflow/.local/lib/python3.12/site-packages/airflow/example_dags/example_sla_dag.py took 0.099 seconds
[2024-09-11T13:43:07.266+0000] {processor.py:186} INFO - Started process (PID=1048) to work on /home/airflow/.local/lib/python3.12/site-packages/airflow/example_dags/example_sla_dag.py
[2024-09-11T13:43:07.268+0000] {processor.py:914} INFO - Processing file /home/airflow/.local/lib/python3.12/site-packages/airflow/example_dags/example_sla_dag.py for tasks to queue
[2024-09-11T13:43:07.271+0000] {logging_mixin.py:190} INFO - [2024-09-11T13:43:07.271+0000] {dagbag.py:587} INFO - Filling up the DagBag from /home/airflow/.local/lib/python3.12/site-packages/airflow/example_dags/example_sla_dag.py
[2024-09-11T13:43:07.286+0000] {processor.py:925} INFO - DAG(s) 'example_sla_dag' retrieved from /home/airflow/.local/lib/python3.12/site-packages/airflow/example_dags/example_sla_dag.py
[2024-09-11T13:43:07.314+0000] {logging_mixin.py:190} INFO - [2024-09-11T13:43:07.314+0000] {dag.py:3229} INFO - Sync 1 DAGs
[2024-09-11T13:43:07.348+0000] {logging_mixin.py:190} INFO - [2024-09-11T13:43:07.348+0000] {dag.py:4156} INFO - Setting next_dagrun for example_sla_dag to 2024-09-11 13:40:00+00:00, run_after=2024-09-11 13:42:00+00:00
[2024-09-11T13:43:07.370+0000] {processor.py:208} INFO - Processing /home/airflow/.local/lib/python3.12/site-packages/airflow/example_dags/example_sla_dag.py took 0.113 seconds
[2024-09-11T13:43:38.252+0000] {processor.py:186} INFO - Started process (PID=1110) to work on /home/airflow/.local/lib/python3.12/site-packages/airflow/example_dags/example_sla_dag.py
[2024-09-11T13:43:38.253+0000] {processor.py:914} INFO - Processing file /home/airflow/.local/lib/python3.12/site-packages/airflow/example_dags/example_sla_dag.py for tasks to queue
[2024-09-11T13:43:38.256+0000] {logging_mixin.py:190} INFO - [2024-09-11T13:43:38.256+0000] {dagbag.py:587} INFO - Filling up the DagBag from /home/airflow/.local/lib/python3.12/site-packages/airflow/example_dags/example_sla_dag.py
[2024-09-11T13:43:38.269+0000] {processor.py:925} INFO - DAG(s) 'example_sla_dag' retrieved from /home/airflow/.local/lib/python3.12/site-packages/airflow/example_dags/example_sla_dag.py
[2024-09-11T13:43:38.295+0000] {logging_mixin.py:190} INFO - [2024-09-11T13:43:38.295+0000] {dag.py:3229} INFO - Sync 1 DAGs
[2024-09-11T13:43:38.327+0000] {logging_mixin.py:190} INFO - [2024-09-11T13:43:38.327+0000] {dag.py:4156} INFO - Setting next_dagrun for example_sla_dag to 2024-09-11 13:40:00+00:00, run_after=2024-09-11 13:42:00+00:00
[2024-09-11T13:43:38.349+0000] {processor.py:208} INFO - Processing /home/airflow/.local/lib/python3.12/site-packages/airflow/example_dags/example_sla_dag.py took 0.105 seconds
[2024-09-11T13:44:08.731+0000] {processor.py:186} INFO - Started process (PID=1172) to work on /home/airflow/.local/lib/python3.12/site-packages/airflow/example_dags/example_sla_dag.py
[2024-09-11T13:44:08.732+0000] {processor.py:914} INFO - Processing file /home/airflow/.local/lib/python3.12/site-packages/airflow/example_dags/example_sla_dag.py for tasks to queue
[2024-09-11T13:44:08.735+0000] {logging_mixin.py:190} INFO - [2024-09-11T13:44:08.734+0000] {dagbag.py:587} INFO - Filling up the DagBag from /home/airflow/.local/lib/python3.12/site-packages/airflow/example_dags/example_sla_dag.py
[2024-09-11T13:44:08.746+0000] {processor.py:925} INFO - DAG(s) 'example_sla_dag' retrieved from /home/airflow/.local/lib/python3.12/site-packages/airflow/example_dags/example_sla_dag.py
[2024-09-11T13:44:08.768+0000] {logging_mixin.py:190} INFO - [2024-09-11T13:44:08.768+0000] {dag.py:3229} INFO - Sync 1 DAGs
[2024-09-11T13:44:08.797+0000] {logging_mixin.py:190} INFO - [2024-09-11T13:44:08.797+0000] {dag.py:4156} INFO - Setting next_dagrun for example_sla_dag to 2024-09-11 13:42:00+00:00, run_after=2024-09-11 13:44:00+00:00
[2024-09-11T13:44:08.816+0000] {processor.py:208} INFO - Processing /home/airflow/.local/lib/python3.12/site-packages/airflow/example_dags/example_sla_dag.py took 0.092 seconds
[2024-09-11T13:44:39.203+0000] {processor.py:186} INFO - Started process (PID=1234) to work on /home/airflow/.local/lib/python3.12/site-packages/airflow/example_dags/example_sla_dag.py
[2024-09-11T13:44:39.204+0000] {processor.py:914} INFO - Processing file /home/airflow/.local/lib/python3.12/site-packages/airflow/example_dags/example_sla_dag.py for tasks to queue
[2024-09-11T13:44:39.207+0000] {logging_mixin.py:190} INFO - [2024-09-11T13:44:39.207+0000] {dagbag.py:587} INFO - Filling up the DagBag from /home/airflow/.local/lib/python3.12/site-packages/airflow/example_dags/example_sla_dag.py
[2024-09-11T13:44:39.218+0000] {processor.py:925} INFO - DAG(s) 'example_sla_dag' retrieved from /home/airflow/.local/lib/python3.12/site-packages/airflow/example_dags/example_sla_dag.py
[2024-09-11T13:44:39.241+0000] {logging_mixin.py:190} INFO - [2024-09-11T13:44:39.240+0000] {dag.py:3229} INFO - Sync 1 DAGs
[2024-09-11T13:44:39.269+0000] {logging_mixin.py:190} INFO - [2024-09-11T13:44:39.269+0000] {dag.py:4156} INFO - Setting next_dagrun for example_sla_dag to 2024-09-11 13:42:00+00:00, run_after=2024-09-11 13:44:00+00:00
[2024-09-11T13:44:39.289+0000] {processor.py:208} INFO - Processing /home/airflow/.local/lib/python3.12/site-packages/airflow/example_dags/example_sla_dag.py took 0.092 seconds
[2024-09-11T13:45:09.735+0000] {processor.py:186} INFO - Started process (PID=1296) to work on /home/airflow/.local/lib/python3.12/site-packages/airflow/example_dags/example_sla_dag.py
[2024-09-11T13:45:09.736+0000] {processor.py:914} INFO - Processing file /home/airflow/.local/lib/python3.12/site-packages/airflow/example_dags/example_sla_dag.py for tasks to queue
[2024-09-11T13:45:09.739+0000] {logging_mixin.py:190} INFO - [2024-09-11T13:45:09.738+0000] {dagbag.py:587} INFO - Filling up the DagBag from /home/airflow/.local/lib/python3.12/site-packages/airflow/example_dags/example_sla_dag.py
[2024-09-11T13:45:09.750+0000] {processor.py:925} INFO - DAG(s) 'example_sla_dag' retrieved from /home/airflow/.local/lib/python3.12/site-packages/airflow/example_dags/example_sla_dag.py
[2024-09-11T13:45:09.772+0000] {logging_mixin.py:190} INFO - [2024-09-11T13:45:09.772+0000] {dag.py:3229} INFO - Sync 1 DAGs
[2024-09-11T13:45:09.804+0000] {logging_mixin.py:190} INFO - [2024-09-11T13:45:09.804+0000] {dag.py:4156} INFO - Setting next_dagrun for example_sla_dag to 2024-09-11 13:42:00+00:00, run_after=2024-09-11 13:44:00+00:00
[2024-09-11T13:45:09.825+0000] {processor.py:208} INFO - Processing /home/airflow/.local/lib/python3.12/site-packages/airflow/example_dags/example_sla_dag.py took 0.097 seconds
[2024-09-11T13:45:40.374+0000] {processor.py:186} INFO - Started process (PID=1358) to work on /home/airflow/.local/lib/python3.12/site-packages/airflow/example_dags/example_sla_dag.py
[2024-09-11T13:45:40.376+0000] {processor.py:914} INFO - Processing file /home/airflow/.local/lib/python3.12/site-packages/airflow/example_dags/example_sla_dag.py for tasks to queue
[2024-09-11T13:45:40.379+0000] {logging_mixin.py:190} INFO - [2024-09-11T13:45:40.378+0000] {dagbag.py:587} INFO - Filling up the DagBag from /home/airflow/.local/lib/python3.12/site-packages/airflow/example_dags/example_sla_dag.py
[2024-09-11T13:45:40.391+0000] {processor.py:925} INFO - DAG(s) 'example_sla_dag' retrieved from /home/airflow/.local/lib/python3.12/site-packages/airflow/example_dags/example_sla_dag.py
[2024-09-11T13:45:40.414+0000] {logging_mixin.py:190} INFO - [2024-09-11T13:45:40.414+0000] {dag.py:3229} INFO - Sync 1 DAGs
[2024-09-11T13:45:40.454+0000] {logging_mixin.py:190} INFO - [2024-09-11T13:45:40.454+0000] {dag.py:4156} INFO - Setting next_dagrun for example_sla_dag to 2024-09-11 13:42:00+00:00, run_after=2024-09-11 13:44:00+00:00
[2024-09-11T13:45:40.477+0000] {processor.py:208} INFO - Processing /home/airflow/.local/lib/python3.12/site-packages/airflow/example_dags/example_sla_dag.py took 0.111 seconds
[2024-09-11T13:46:10.985+0000] {processor.py:186} INFO - Started process (PID=1420) to work on /home/airflow/.local/lib/python3.12/site-packages/airflow/example_dags/example_sla_dag.py
[2024-09-11T13:46:10.986+0000] {processor.py:914} INFO - Processing file /home/airflow/.local/lib/python3.12/site-packages/airflow/example_dags/example_sla_dag.py for tasks to queue
[2024-09-11T13:46:10.989+0000] {logging_mixin.py:190} INFO - [2024-09-11T13:46:10.988+0000] {dagbag.py:587} INFO - Filling up the DagBag from /home/airflow/.local/lib/python3.12/site-packages/airflow/example_dags/example_sla_dag.py
[2024-09-11T13:46:11.002+0000] {processor.py:925} INFO - DAG(s) 'example_sla_dag' retrieved from /home/airflow/.local/lib/python3.12/site-packages/airflow/example_dags/example_sla_dag.py
[2024-09-11T13:46:11.027+0000] {logging_mixin.py:190} INFO - [2024-09-11T13:46:11.027+0000] {dag.py:3229} INFO - Sync 1 DAGs
[2024-09-11T13:46:11.060+0000] {logging_mixin.py:190} INFO - [2024-09-11T13:46:11.060+0000] {dag.py:4156} INFO - Setting next_dagrun for example_sla_dag to 2024-09-11 13:44:00+00:00, run_after=2024-09-11 13:46:00+00:00
[2024-09-11T13:46:11.084+0000] {processor.py:208} INFO - Processing /home/airflow/.local/lib/python3.12/site-packages/airflow/example_dags/example_sla_dag.py took 0.107 seconds
[2024-09-11T13:46:42.707+0000] {processor.py:186} INFO - Started process (PID=1482) to work on /home/airflow/.local/lib/python3.12/site-packages/airflow/example_dags/example_sla_dag.py
[2024-09-11T13:46:42.708+0000] {processor.py:914} INFO - Processing file /home/airflow/.local/lib/python3.12/site-packages/airflow/example_dags/example_sla_dag.py for tasks to queue
[2024-09-11T13:46:42.711+0000] {logging_mixin.py:190} INFO - [2024-09-11T13:46:42.710+0000] {dagbag.py:587} INFO - Filling up the DagBag from /home/airflow/.local/lib/python3.12/site-packages/airflow/example_dags/example_sla_dag.py
[2024-09-11T13:46:42.723+0000] {processor.py:925} INFO - DAG(s) 'example_sla_dag' retrieved from /home/airflow/.local/lib/python3.12/site-packages/airflow/example_dags/example_sla_dag.py
[2024-09-11T13:46:42.744+0000] {logging_mixin.py:190} INFO - [2024-09-11T13:46:42.743+0000] {dag.py:3229} INFO - Sync 1 DAGs
[2024-09-11T13:46:42.771+0000] {logging_mixin.py:190} INFO - [2024-09-11T13:46:42.771+0000] {dag.py:4156} INFO - Setting next_dagrun for example_sla_dag to 2024-09-11 13:44:00+00:00, run_after=2024-09-11 13:46:00+00:00
[2024-09-11T13:46:42.792+0000] {processor.py:208} INFO - Processing /home/airflow/.local/lib/python3.12/site-packages/airflow/example_dags/example_sla_dag.py took 0.092 seconds
[2024-09-11T13:47:13.959+0000] {processor.py:186} INFO - Started process (PID=1544) to work on /home/airflow/.local/lib/python3.12/site-packages/airflow/example_dags/example_sla_dag.py
[2024-09-11T13:47:13.961+0000] {processor.py:914} INFO - Processing file /home/airflow/.local/lib/python3.12/site-packages/airflow/example_dags/example_sla_dag.py for tasks to queue
[2024-09-11T13:47:13.963+0000] {logging_mixin.py:190} INFO - [2024-09-11T13:47:13.963+0000] {dagbag.py:587} INFO - Filling up the DagBag from /home/airflow/.local/lib/python3.12/site-packages/airflow/example_dags/example_sla_dag.py
[2024-09-11T13:47:13.974+0000] {processor.py:925} INFO - DAG(s) 'example_sla_dag' retrieved from /home/airflow/.local/lib/python3.12/site-packages/airflow/example_dags/example_sla_dag.py
[2024-09-11T13:47:13.995+0000] {logging_mixin.py:190} INFO - [2024-09-11T13:47:13.995+0000] {dag.py:3229} INFO - Sync 1 DAGs
[2024-09-11T13:47:14.023+0000] {logging_mixin.py:190} INFO - [2024-09-11T13:47:14.023+0000] {dag.py:4156} INFO - Setting next_dagrun for example_sla_dag to 2024-09-11 13:44:00+00:00, run_after=2024-09-11 13:46:00+00:00
[2024-09-11T13:47:14.045+0000] {processor.py:208} INFO - Processing /home/airflow/.local/lib/python3.12/site-packages/airflow/example_dags/example_sla_dag.py took 0.092 seconds
[2024-09-11T13:47:45.131+0000] {processor.py:186} INFO - Started process (PID=1606) to work on /home/airflow/.local/lib/python3.12/site-packages/airflow/example_dags/example_sla_dag.py
[2024-09-11T13:47:45.132+0000] {processor.py:914} INFO - Processing file /home/airflow/.local/lib/python3.12/site-packages/airflow/example_dags/example_sla_dag.py for tasks to queue
[2024-09-11T13:47:45.135+0000] {logging_mixin.py:190} INFO - [2024-09-11T13:47:45.135+0000] {dagbag.py:587} INFO - Filling up the DagBag from /home/airflow/.local/lib/python3.12/site-packages/airflow/example_dags/example_sla_dag.py
[2024-09-11T13:47:45.148+0000] {processor.py:925} INFO - DAG(s) 'example_sla_dag' retrieved from /home/airflow/.local/lib/python3.12/site-packages/airflow/example_dags/example_sla_dag.py
[2024-09-11T13:47:45.171+0000] {logging_mixin.py:190} INFO - [2024-09-11T13:47:45.170+0000] {dag.py:3229} INFO - Sync 1 DAGs
[2024-09-11T13:47:45.206+0000] {logging_mixin.py:190} INFO - [2024-09-11T13:47:45.205+0000] {dag.py:4156} INFO - Setting next_dagrun for example_sla_dag to 2024-09-11 13:44:00+00:00, run_after=2024-09-11 13:46:00+00:00
[2024-09-11T13:47:45.229+0000] {processor.py:208} INFO - Processing /home/airflow/.local/lib/python3.12/site-packages/airflow/example_dags/example_sla_dag.py took 0.105 seconds
[2024-09-11T13:48:16.527+0000] {processor.py:186} INFO - Started process (PID=1668) to work on /home/airflow/.local/lib/python3.12/site-packages/airflow/example_dags/example_sla_dag.py
[2024-09-11T13:48:16.528+0000] {processor.py:914} INFO - Processing file /home/airflow/.local/lib/python3.12/site-packages/airflow/example_dags/example_sla_dag.py for tasks to queue
[2024-09-11T13:48:16.531+0000] {logging_mixin.py:190} INFO - [2024-09-11T13:48:16.530+0000] {dagbag.py:587} INFO - Filling up the DagBag from /home/airflow/.local/lib/python3.12/site-packages/airflow/example_dags/example_sla_dag.py
[2024-09-11T13:48:16.542+0000] {processor.py:925} INFO - DAG(s) 'example_sla_dag' retrieved from /home/airflow/.local/lib/python3.12/site-packages/airflow/example_dags/example_sla_dag.py
[2024-09-11T13:48:16.563+0000] {logging_mixin.py:190} INFO - [2024-09-11T13:48:16.563+0000] {dag.py:3229} INFO - Sync 1 DAGs
[2024-09-11T13:48:16.590+0000] {logging_mixin.py:190} INFO - [2024-09-11T13:48:16.590+0000] {dag.py:4156} INFO - Setting next_dagrun for example_sla_dag to 2024-09-11 13:46:00+00:00, run_after=2024-09-11 13:48:00+00:00
[2024-09-11T13:48:16.609+0000] {processor.py:208} INFO - Processing /home/airflow/.local/lib/python3.12/site-packages/airflow/example_dags/example_sla_dag.py took 0.090 seconds
[2024-09-11T13:48:47.882+0000] {processor.py:186} INFO - Started process (PID=1730) to work on /home/airflow/.local/lib/python3.12/site-packages/airflow/example_dags/example_sla_dag.py
[2024-09-11T13:48:47.883+0000] {processor.py:914} INFO - Processing file /home/airflow/.local/lib/python3.12/site-packages/airflow/example_dags/example_sla_dag.py for tasks to queue
[2024-09-11T13:48:47.886+0000] {logging_mixin.py:190} INFO - [2024-09-11T13:48:47.886+0000] {dagbag.py:587} INFO - Filling up the DagBag from /home/airflow/.local/lib/python3.12/site-packages/airflow/example_dags/example_sla_dag.py
[2024-09-11T13:48:47.896+0000] {processor.py:925} INFO - DAG(s) 'example_sla_dag' retrieved from /home/airflow/.local/lib/python3.12/site-packages/airflow/example_dags/example_sla_dag.py
[2024-09-11T13:48:47.919+0000] {logging_mixin.py:190} INFO - [2024-09-11T13:48:47.919+0000] {dag.py:3229} INFO - Sync 1 DAGs
[2024-09-11T13:48:47.946+0000] {logging_mixin.py:190} INFO - [2024-09-11T13:48:47.946+0000] {dag.py:4156} INFO - Setting next_dagrun for example_sla_dag to 2024-09-11 13:46:00+00:00, run_after=2024-09-11 13:48:00+00:00
[2024-09-11T13:48:47.965+0000] {processor.py:208} INFO - Processing /home/airflow/.local/lib/python3.12/site-packages/airflow/example_dags/example_sla_dag.py took 0.089 seconds
[2024-09-11T13:49:19.198+0000] {processor.py:186} INFO - Started process (PID=1792) to work on /home/airflow/.local/lib/python3.12/site-packages/airflow/example_dags/example_sla_dag.py
[2024-09-11T13:49:19.200+0000] {processor.py:914} INFO - Processing file /home/airflow/.local/lib/python3.12/site-packages/airflow/example_dags/example_sla_dag.py for tasks to queue
[2024-09-11T13:49:19.202+0000] {logging_mixin.py:190} INFO - [2024-09-11T13:49:19.202+0000] {dagbag.py:587} INFO - Filling up the DagBag from /home/airflow/.local/lib/python3.12/site-packages/airflow/example_dags/example_sla_dag.py
[2024-09-11T13:49:19.214+0000] {processor.py:925} INFO - DAG(s) 'example_sla_dag' retrieved from /home/airflow/.local/lib/python3.12/site-packages/airflow/example_dags/example_sla_dag.py
[2024-09-11T13:49:19.233+0000] {logging_mixin.py:190} INFO - [2024-09-11T13:49:19.233+0000] {dag.py:3229} INFO - Sync 1 DAGs
[2024-09-11T13:49:19.261+0000] {logging_mixin.py:190} INFO - [2024-09-11T13:49:19.260+0000] {dag.py:4156} INFO - Setting next_dagrun for example_sla_dag to 2024-09-11 13:46:00+00:00, run_after=2024-09-11 13:48:00+00:00
[2024-09-11T13:49:19.280+0000] {processor.py:208} INFO - Processing /home/airflow/.local/lib/python3.12/site-packages/airflow/example_dags/example_sla_dag.py took 0.091 seconds
[2024-09-11T13:49:50.135+0000] {processor.py:186} INFO - Started process (PID=1854) to work on /home/airflow/.local/lib/python3.12/site-packages/airflow/example_dags/example_sla_dag.py
[2024-09-11T13:49:50.136+0000] {processor.py:914} INFO - Processing file /home/airflow/.local/lib/python3.12/site-packages/airflow/example_dags/example_sla_dag.py for tasks to queue
[2024-09-11T13:49:50.139+0000] {logging_mixin.py:190} INFO - [2024-09-11T13:49:50.139+0000] {dagbag.py:587} INFO - Filling up the DagBag from /home/airflow/.local/lib/python3.12/site-packages/airflow/example_dags/example_sla_dag.py
[2024-09-11T13:49:50.151+0000] {processor.py:925} INFO - DAG(s) 'example_sla_dag' retrieved from /home/airflow/.local/lib/python3.12/site-packages/airflow/example_dags/example_sla_dag.py
[2024-09-11T13:49:50.171+0000] {logging_mixin.py:190} INFO - [2024-09-11T13:49:50.171+0000] {dag.py:3229} INFO - Sync 1 DAGs
[2024-09-11T13:49:50.199+0000] {logging_mixin.py:190} INFO - [2024-09-11T13:49:50.198+0000] {dag.py:4156} INFO - Setting next_dagrun for example_sla_dag to 2024-09-11 13:46:00+00:00, run_after=2024-09-11 13:48:00+00:00
[2024-09-11T13:49:50.218+0000] {processor.py:208} INFO - Processing /home/airflow/.local/lib/python3.12/site-packages/airflow/example_dags/example_sla_dag.py took 0.090 seconds
[2024-09-11T13:50:21.339+0000] {processor.py:186} INFO - Started process (PID=1916) to work on /home/airflow/.local/lib/python3.12/site-packages/airflow/example_dags/example_sla_dag.py
[2024-09-11T13:50:21.340+0000] {processor.py:914} INFO - Processing file /home/airflow/.local/lib/python3.12/site-packages/airflow/example_dags/example_sla_dag.py for tasks to queue
[2024-09-11T13:50:21.343+0000] {logging_mixin.py:190} INFO - [2024-09-11T13:50:21.343+0000] {dagbag.py:587} INFO - Filling up the DagBag from /home/airflow/.local/lib/python3.12/site-packages/airflow/example_dags/example_sla_dag.py
[2024-09-11T13:50:21.355+0000] {processor.py:925} INFO - DAG(s) 'example_sla_dag' retrieved from /home/airflow/.local/lib/python3.12/site-packages/airflow/example_dags/example_sla_dag.py
[2024-09-11T13:50:21.374+0000] {logging_mixin.py:190} INFO - [2024-09-11T13:50:21.374+0000] {dag.py:3229} INFO - Sync 1 DAGs
[2024-09-11T13:50:21.402+0000] {logging_mixin.py:190} INFO - [2024-09-11T13:50:21.402+0000] {dag.py:4156} INFO - Setting next_dagrun for example_sla_dag to 2024-09-11 13:48:00+00:00, run_after=2024-09-11 13:50:00+00:00
[2024-09-11T13:50:21.422+0000] {processor.py:208} INFO - Processing /home/airflow/.local/lib/python3.12/site-packages/airflow/example_dags/example_sla_dag.py took 0.091 seconds
[2024-09-11T13:50:53.263+0000] {processor.py:186} INFO - Started process (PID=1984) to work on /home/airflow/.local/lib/python3.12/site-packages/airflow/example_dags/example_sla_dag.py
[2024-09-11T13:50:53.264+0000] {processor.py:914} INFO - Processing file /home/airflow/.local/lib/python3.12/site-packages/airflow/example_dags/example_sla_dag.py for tasks to queue
[2024-09-11T13:50:53.267+0000] {logging_mixin.py:190} INFO - [2024-09-11T13:50:53.267+0000] {dagbag.py:587} INFO - Filling up the DagBag from /home/airflow/.local/lib/python3.12/site-packages/airflow/example_dags/example_sla_dag.py
[2024-09-11T13:50:53.280+0000] {processor.py:925} INFO - DAG(s) 'example_sla_dag' retrieved from /home/airflow/.local/lib/python3.12/site-packages/airflow/example_dags/example_sla_dag.py
[2024-09-11T13:50:53.301+0000] {logging_mixin.py:190} INFO - [2024-09-11T13:50:53.301+0000] {dag.py:3229} INFO - Sync 1 DAGs
[2024-09-11T13:50:53.329+0000] {logging_mixin.py:190} INFO - [2024-09-11T13:50:53.329+0000] {dag.py:4156} INFO - Setting next_dagrun for example_sla_dag to 2024-09-11 13:48:00+00:00, run_after=2024-09-11 13:50:00+00:00
[2024-09-11T13:50:53.349+0000] {processor.py:208} INFO - Processing /home/airflow/.local/lib/python3.12/site-packages/airflow/example_dags/example_sla_dag.py took 0.095 seconds
[2024-09-11T13:51:25.150+0000] {processor.py:186} INFO - Started process (PID=2046) to work on /home/airflow/.local/lib/python3.12/site-packages/airflow/example_dags/example_sla_dag.py
[2024-09-11T13:51:25.152+0000] {processor.py:914} INFO - Processing file /home/airflow/.local/lib/python3.12/site-packages/airflow/example_dags/example_sla_dag.py for tasks to queue
[2024-09-11T13:51:25.157+0000] {logging_mixin.py:190} INFO - [2024-09-11T13:51:25.157+0000] {dagbag.py:587} INFO - Filling up the DagBag from /home/airflow/.local/lib/python3.12/site-packages/airflow/example_dags/example_sla_dag.py
[2024-09-11T13:51:25.171+0000] {processor.py:925} INFO - DAG(s) 'example_sla_dag' retrieved from /home/airflow/.local/lib/python3.12/site-packages/airflow/example_dags/example_sla_dag.py
[2024-09-11T13:51:25.205+0000] {logging_mixin.py:190} INFO - [2024-09-11T13:51:25.204+0000] {dag.py:3229} INFO - Sync 1 DAGs
[2024-09-11T13:51:25.241+0000] {logging_mixin.py:190} INFO - [2024-09-11T13:51:25.241+0000] {dag.py:4156} INFO - Setting next_dagrun for example_sla_dag to 2024-09-11 13:48:00+00:00, run_after=2024-09-11 13:50:00+00:00
[2024-09-11T13:51:25.273+0000] {processor.py:208} INFO - Processing /home/airflow/.local/lib/python3.12/site-packages/airflow/example_dags/example_sla_dag.py took 0.133 seconds
[2024-09-11T13:51:55.741+0000] {processor.py:186} INFO - Started process (PID=2108) to work on /home/airflow/.local/lib/python3.12/site-packages/airflow/example_dags/example_sla_dag.py
[2024-09-11T13:51:55.745+0000] {processor.py:914} INFO - Processing file /home/airflow/.local/lib/python3.12/site-packages/airflow/example_dags/example_sla_dag.py for tasks to queue
[2024-09-11T13:51:55.748+0000] {logging_mixin.py:190} INFO - [2024-09-11T13:51:55.748+0000] {dagbag.py:587} INFO - Filling up the DagBag from /home/airflow/.local/lib/python3.12/site-packages/airflow/example_dags/example_sla_dag.py
[2024-09-11T13:51:55.765+0000] {processor.py:925} INFO - DAG(s) 'example_sla_dag' retrieved from /home/airflow/.local/lib/python3.12/site-packages/airflow/example_dags/example_sla_dag.py
[2024-09-11T13:51:55.804+0000] {logging_mixin.py:190} INFO - [2024-09-11T13:51:55.804+0000] {dag.py:3229} INFO - Sync 1 DAGs
[2024-09-11T13:51:55.850+0000] {logging_mixin.py:190} INFO - [2024-09-11T13:51:55.849+0000] {dag.py:4156} INFO - Setting next_dagrun for example_sla_dag to 2024-09-11 13:48:00+00:00, run_after=2024-09-11 13:50:00+00:00
[2024-09-11T13:51:55.881+0000] {processor.py:208} INFO - Processing /home/airflow/.local/lib/python3.12/site-packages/airflow/example_dags/example_sla_dag.py took 0.149 seconds
[2024-09-11T13:52:27.206+0000] {processor.py:186} INFO - Started process (PID=2171) to work on /home/airflow/.local/lib/python3.12/site-packages/airflow/example_dags/example_sla_dag.py
[2024-09-11T13:52:27.207+0000] {processor.py:914} INFO - Processing file /home/airflow/.local/lib/python3.12/site-packages/airflow/example_dags/example_sla_dag.py for tasks to queue
[2024-09-11T13:52:27.211+0000] {logging_mixin.py:190} INFO - [2024-09-11T13:52:27.210+0000] {dagbag.py:587} INFO - Filling up the DagBag from /home/airflow/.local/lib/python3.12/site-packages/airflow/example_dags/example_sla_dag.py
[2024-09-11T13:52:27.227+0000] {processor.py:925} INFO - DAG(s) 'example_sla_dag' retrieved from /home/airflow/.local/lib/python3.12/site-packages/airflow/example_dags/example_sla_dag.py
[2024-09-11T13:52:27.250+0000] {logging_mixin.py:190} INFO - [2024-09-11T13:52:27.249+0000] {dag.py:3229} INFO - Sync 1 DAGs
[2024-09-11T13:52:27.287+0000] {logging_mixin.py:190} INFO - [2024-09-11T13:52:27.287+0000] {dag.py:4156} INFO - Setting next_dagrun for example_sla_dag to 2024-09-11 13:50:00+00:00, run_after=2024-09-11 13:52:00+00:00
[2024-09-11T13:52:27.320+0000] {processor.py:208} INFO - Processing /home/airflow/.local/lib/python3.12/site-packages/airflow/example_dags/example_sla_dag.py took 0.124 seconds
[2024-09-11T13:52:58.835+0000] {processor.py:186} INFO - Started process (PID=2233) to work on /home/airflow/.local/lib/python3.12/site-packages/airflow/example_dags/example_sla_dag.py
[2024-09-11T13:52:58.836+0000] {processor.py:914} INFO - Processing file /home/airflow/.local/lib/python3.12/site-packages/airflow/example_dags/example_sla_dag.py for tasks to queue
[2024-09-11T13:52:58.840+0000] {logging_mixin.py:190} INFO - [2024-09-11T13:52:58.839+0000] {dagbag.py:587} INFO - Filling up the DagBag from /home/airflow/.local/lib/python3.12/site-packages/airflow/example_dags/example_sla_dag.py
[2024-09-11T13:52:58.855+0000] {processor.py:925} INFO - DAG(s) 'example_sla_dag' retrieved from /home/airflow/.local/lib/python3.12/site-packages/airflow/example_dags/example_sla_dag.py
[2024-09-11T13:52:58.889+0000] {logging_mixin.py:190} INFO - [2024-09-11T13:52:58.889+0000] {dag.py:3229} INFO - Sync 1 DAGs
[2024-09-11T13:52:58.932+0000] {logging_mixin.py:190} INFO - [2024-09-11T13:52:58.932+0000] {dag.py:4156} INFO - Setting next_dagrun for example_sla_dag to 2024-09-11 13:50:00+00:00, run_after=2024-09-11 13:52:00+00:00
[2024-09-11T13:52:58.966+0000] {processor.py:208} INFO - Processing /home/airflow/.local/lib/python3.12/site-packages/airflow/example_dags/example_sla_dag.py took 0.138 seconds
[2024-09-11T13:53:29.343+0000] {processor.py:186} INFO - Started process (PID=2295) to work on /home/airflow/.local/lib/python3.12/site-packages/airflow/example_dags/example_sla_dag.py
[2024-09-11T13:53:29.344+0000] {processor.py:914} INFO - Processing file /home/airflow/.local/lib/python3.12/site-packages/airflow/example_dags/example_sla_dag.py for tasks to queue
[2024-09-11T13:53:29.348+0000] {logging_mixin.py:190} INFO - [2024-09-11T13:53:29.347+0000] {dagbag.py:587} INFO - Filling up the DagBag from /home/airflow/.local/lib/python3.12/site-packages/airflow/example_dags/example_sla_dag.py
[2024-09-11T13:53:29.361+0000] {processor.py:925} INFO - DAG(s) 'example_sla_dag' retrieved from /home/airflow/.local/lib/python3.12/site-packages/airflow/example_dags/example_sla_dag.py
[2024-09-11T13:53:29.387+0000] {logging_mixin.py:190} INFO - [2024-09-11T13:53:29.387+0000] {dag.py:3229} INFO - Sync 1 DAGs
[2024-09-11T13:53:29.422+0000] {logging_mixin.py:190} INFO - [2024-09-11T13:53:29.421+0000] {dag.py:4156} INFO - Setting next_dagrun for example_sla_dag to 2024-09-11 13:50:00+00:00, run_after=2024-09-11 13:52:00+00:00
[2024-09-11T13:53:29.444+0000] {processor.py:208} INFO - Processing /home/airflow/.local/lib/python3.12/site-packages/airflow/example_dags/example_sla_dag.py took 0.111 seconds
[2024-09-11T13:54:00.290+0000] {processor.py:186} INFO - Started process (PID=2358) to work on /home/airflow/.local/lib/python3.12/site-packages/airflow/example_dags/example_sla_dag.py
[2024-09-11T13:54:00.292+0000] {processor.py:914} INFO - Processing file /home/airflow/.local/lib/python3.12/site-packages/airflow/example_dags/example_sla_dag.py for tasks to queue
[2024-09-11T13:54:00.296+0000] {logging_mixin.py:190} INFO - [2024-09-11T13:54:00.295+0000] {dagbag.py:587} INFO - Filling up the DagBag from /home/airflow/.local/lib/python3.12/site-packages/airflow/example_dags/example_sla_dag.py
[2024-09-11T13:54:00.311+0000] {processor.py:925} INFO - DAG(s) 'example_sla_dag' retrieved from /home/airflow/.local/lib/python3.12/site-packages/airflow/example_dags/example_sla_dag.py
[2024-09-11T13:54:00.338+0000] {logging_mixin.py:190} INFO - [2024-09-11T13:54:00.338+0000] {dag.py:3229} INFO - Sync 1 DAGs
[2024-09-11T13:54:00.379+0000] {logging_mixin.py:190} INFO - [2024-09-11T13:54:00.379+0000] {dag.py:4156} INFO - Setting next_dagrun for example_sla_dag to 2024-09-11 13:52:00+00:00, run_after=2024-09-11 13:54:00+00:00
[2024-09-11T13:54:00.410+0000] {processor.py:208} INFO - Processing /home/airflow/.local/lib/python3.12/site-packages/airflow/example_dags/example_sla_dag.py took 0.131 seconds
[2024-09-11T13:54:30.572+0000] {processor.py:186} INFO - Started process (PID=2420) to work on /home/airflow/.local/lib/python3.12/site-packages/airflow/example_dags/example_sla_dag.py
[2024-09-11T13:54:30.574+0000] {processor.py:914} INFO - Processing file /home/airflow/.local/lib/python3.12/site-packages/airflow/example_dags/example_sla_dag.py for tasks to queue
[2024-09-11T13:54:30.577+0000] {logging_mixin.py:190} INFO - [2024-09-11T13:54:30.576+0000] {dagbag.py:587} INFO - Filling up the DagBag from /home/airflow/.local/lib/python3.12/site-packages/airflow/example_dags/example_sla_dag.py
[2024-09-11T13:54:30.589+0000] {processor.py:925} INFO - DAG(s) 'example_sla_dag' retrieved from /home/airflow/.local/lib/python3.12/site-packages/airflow/example_dags/example_sla_dag.py
[2024-09-11T13:54:30.612+0000] {logging_mixin.py:190} INFO - [2024-09-11T13:54:30.611+0000] {dag.py:3229} INFO - Sync 1 DAGs
[2024-09-11T13:54:30.641+0000] {logging_mixin.py:190} INFO - [2024-09-11T13:54:30.641+0000] {dag.py:4156} INFO - Setting next_dagrun for example_sla_dag to 2024-09-11 13:52:00+00:00, run_after=2024-09-11 13:54:00+00:00
[2024-09-11T13:54:30.661+0000] {processor.py:208} INFO - Processing /home/airflow/.local/lib/python3.12/site-packages/airflow/example_dags/example_sla_dag.py took 0.097 seconds
[2024-09-11T13:55:00.762+0000] {processor.py:186} INFO - Started process (PID=2482) to work on /home/airflow/.local/lib/python3.12/site-packages/airflow/example_dags/example_sla_dag.py
[2024-09-11T13:55:00.764+0000] {processor.py:914} INFO - Processing file /home/airflow/.local/lib/python3.12/site-packages/airflow/example_dags/example_sla_dag.py for tasks to queue
[2024-09-11T13:55:00.767+0000] {logging_mixin.py:190} INFO - [2024-09-11T13:55:00.767+0000] {dagbag.py:587} INFO - Filling up the DagBag from /home/airflow/.local/lib/python3.12/site-packages/airflow/example_dags/example_sla_dag.py
[2024-09-11T13:55:00.782+0000] {processor.py:925} INFO - DAG(s) 'example_sla_dag' retrieved from /home/airflow/.local/lib/python3.12/site-packages/airflow/example_dags/example_sla_dag.py
[2024-09-11T13:55:00.806+0000] {logging_mixin.py:190} INFO - [2024-09-11T13:55:00.805+0000] {dag.py:3229} INFO - Sync 1 DAGs
[2024-09-11T13:55:00.836+0000] {logging_mixin.py:190} INFO - [2024-09-11T13:55:00.836+0000] {dag.py:4156} INFO - Setting next_dagrun for example_sla_dag to 2024-09-11 13:52:00+00:00, run_after=2024-09-11 13:54:00+00:00
[2024-09-11T13:55:00.859+0000] {processor.py:208} INFO - Processing /home/airflow/.local/lib/python3.12/site-packages/airflow/example_dags/example_sla_dag.py took 0.105 seconds
[2024-09-11T13:55:31.040+0000] {processor.py:186} INFO - Started process (PID=2543) to work on /home/airflow/.local/lib/python3.12/site-packages/airflow/example_dags/example_sla_dag.py
[2024-09-11T13:55:31.042+0000] {processor.py:914} INFO - Processing file /home/airflow/.local/lib/python3.12/site-packages/airflow/example_dags/example_sla_dag.py for tasks to queue
[2024-09-11T13:55:31.045+0000] {logging_mixin.py:190} INFO - [2024-09-11T13:55:31.045+0000] {dagbag.py:587} INFO - Filling up the DagBag from /home/airflow/.local/lib/python3.12/site-packages/airflow/example_dags/example_sla_dag.py
[2024-09-11T13:55:31.057+0000] {processor.py:925} INFO - DAG(s) 'example_sla_dag' retrieved from /home/airflow/.local/lib/python3.12/site-packages/airflow/example_dags/example_sla_dag.py
[2024-09-11T13:55:31.084+0000] {logging_mixin.py:190} INFO - [2024-09-11T13:55:31.083+0000] {dag.py:3229} INFO - Sync 1 DAGs
[2024-09-11T13:55:31.121+0000] {logging_mixin.py:190} INFO - [2024-09-11T13:55:31.121+0000] {dag.py:4156} INFO - Setting next_dagrun for example_sla_dag to 2024-09-11 13:52:00+00:00, run_after=2024-09-11 13:54:00+00:00
[2024-09-11T13:55:31.377+0000] {processor.py:208} INFO - Processing /home/airflow/.local/lib/python3.12/site-packages/airflow/example_dags/example_sla_dag.py took 0.347 seconds
[2024-09-11T13:56:01.929+0000] {processor.py:186} INFO - Started process (PID=2605) to work on /home/airflow/.local/lib/python3.12/site-packages/airflow/example_dags/example_sla_dag.py
[2024-09-11T13:56:01.930+0000] {processor.py:914} INFO - Processing file /home/airflow/.local/lib/python3.12/site-packages/airflow/example_dags/example_sla_dag.py for tasks to queue
[2024-09-11T13:56:01.936+0000] {logging_mixin.py:190} INFO - [2024-09-11T13:56:01.936+0000] {dagbag.py:587} INFO - Filling up the DagBag from /home/airflow/.local/lib/python3.12/site-packages/airflow/example_dags/example_sla_dag.py
[2024-09-11T13:56:01.949+0000] {processor.py:925} INFO - DAG(s) 'example_sla_dag' retrieved from /home/airflow/.local/lib/python3.12/site-packages/airflow/example_dags/example_sla_dag.py
[2024-09-11T13:56:01.976+0000] {logging_mixin.py:190} INFO - [2024-09-11T13:56:01.975+0000] {dag.py:3229} INFO - Sync 1 DAGs
[2024-09-11T13:56:02.020+0000] {logging_mixin.py:190} INFO - [2024-09-11T13:56:02.020+0000] {dag.py:4156} INFO - Setting next_dagrun for example_sla_dag to 2024-09-11 13:54:00+00:00, run_after=2024-09-11 13:56:00+00:00
[2024-09-11T13:56:02.045+0000] {processor.py:208} INFO - Processing /home/airflow/.local/lib/python3.12/site-packages/airflow/example_dags/example_sla_dag.py took 0.123 seconds
[2024-09-11T13:56:32.291+0000] {processor.py:186} INFO - Started process (PID=2666) to work on /home/airflow/.local/lib/python3.12/site-packages/airflow/example_dags/example_sla_dag.py
[2024-09-11T13:56:32.293+0000] {processor.py:914} INFO - Processing file /home/airflow/.local/lib/python3.12/site-packages/airflow/example_dags/example_sla_dag.py for tasks to queue
[2024-09-11T13:56:32.295+0000] {logging_mixin.py:190} INFO - [2024-09-11T13:56:32.295+0000] {dagbag.py:587} INFO - Filling up the DagBag from /home/airflow/.local/lib/python3.12/site-packages/airflow/example_dags/example_sla_dag.py
[2024-09-11T13:56:32.308+0000] {processor.py:925} INFO - DAG(s) 'example_sla_dag' retrieved from /home/airflow/.local/lib/python3.12/site-packages/airflow/example_dags/example_sla_dag.py
[2024-09-11T13:56:32.334+0000] {logging_mixin.py:190} INFO - [2024-09-11T13:56:32.333+0000] {dag.py:3229} INFO - Sync 1 DAGs
[2024-09-11T13:56:32.365+0000] {logging_mixin.py:190} INFO - [2024-09-11T13:56:32.365+0000] {dag.py:4156} INFO - Setting next_dagrun for example_sla_dag to 2024-09-11 13:54:00+00:00, run_after=2024-09-11 13:56:00+00:00
[2024-09-11T13:56:32.388+0000] {processor.py:208} INFO - Processing /home/airflow/.local/lib/python3.12/site-packages/airflow/example_dags/example_sla_dag.py took 0.104 seconds
[2024-09-11T13:57:02.900+0000] {processor.py:186} INFO - Started process (PID=2728) to work on /home/airflow/.local/lib/python3.12/site-packages/airflow/example_dags/example_sla_dag.py
[2024-09-11T13:57:02.902+0000] {processor.py:914} INFO - Processing file /home/airflow/.local/lib/python3.12/site-packages/airflow/example_dags/example_sla_dag.py for tasks to queue
[2024-09-11T13:57:02.905+0000] {logging_mixin.py:190} INFO - [2024-09-11T13:57:02.904+0000] {dagbag.py:587} INFO - Filling up the DagBag from /home/airflow/.local/lib/python3.12/site-packages/airflow/example_dags/example_sla_dag.py
[2024-09-11T13:57:02.915+0000] {processor.py:925} INFO - DAG(s) 'example_sla_dag' retrieved from /home/airflow/.local/lib/python3.12/site-packages/airflow/example_dags/example_sla_dag.py
[2024-09-11T13:57:02.934+0000] {logging_mixin.py:190} INFO - [2024-09-11T13:57:02.934+0000] {dag.py:3229} INFO - Sync 1 DAGs
[2024-09-11T13:57:02.959+0000] {logging_mixin.py:190} INFO - [2024-09-11T13:57:02.959+0000] {dag.py:4156} INFO - Setting next_dagrun for example_sla_dag to 2024-09-11 13:54:00+00:00, run_after=2024-09-11 13:56:00+00:00
[2024-09-11T13:57:02.982+0000] {processor.py:208} INFO - Processing /home/airflow/.local/lib/python3.12/site-packages/airflow/example_dags/example_sla_dag.py took 0.087 seconds
[2024-09-11T13:57:33.706+0000] {processor.py:186} INFO - Started process (PID=2790) to work on /home/airflow/.local/lib/python3.12/site-packages/airflow/example_dags/example_sla_dag.py
[2024-09-11T13:57:33.707+0000] {processor.py:914} INFO - Processing file /home/airflow/.local/lib/python3.12/site-packages/airflow/example_dags/example_sla_dag.py for tasks to queue
[2024-09-11T13:57:33.711+0000] {logging_mixin.py:190} INFO - [2024-09-11T13:57:33.710+0000] {dagbag.py:587} INFO - Filling up the DagBag from /home/airflow/.local/lib/python3.12/site-packages/airflow/example_dags/example_sla_dag.py
[2024-09-11T13:57:33.722+0000] {processor.py:925} INFO - DAG(s) 'example_sla_dag' retrieved from /home/airflow/.local/lib/python3.12/site-packages/airflow/example_dags/example_sla_dag.py
[2024-09-11T13:57:33.744+0000] {logging_mixin.py:190} INFO - [2024-09-11T13:57:33.744+0000] {dag.py:3229} INFO - Sync 1 DAGs
[2024-09-11T13:57:33.778+0000] {logging_mixin.py:190} INFO - [2024-09-11T13:57:33.778+0000] {dag.py:4156} INFO - Setting next_dagrun for example_sla_dag to 2024-09-11 13:54:00+00:00, run_after=2024-09-11 13:56:00+00:00
[2024-09-11T13:57:33.799+0000] {processor.py:208} INFO - Processing /home/airflow/.local/lib/python3.12/site-packages/airflow/example_dags/example_sla_dag.py took 0.100 seconds
[2024-09-11T13:58:04.634+0000] {processor.py:186} INFO - Started process (PID=2852) to work on /home/airflow/.local/lib/python3.12/site-packages/airflow/example_dags/example_sla_dag.py
[2024-09-11T13:58:04.635+0000] {processor.py:914} INFO - Processing file /home/airflow/.local/lib/python3.12/site-packages/airflow/example_dags/example_sla_dag.py for tasks to queue
[2024-09-11T13:58:04.638+0000] {logging_mixin.py:190} INFO - [2024-09-11T13:58:04.638+0000] {dagbag.py:587} INFO - Filling up the DagBag from /home/airflow/.local/lib/python3.12/site-packages/airflow/example_dags/example_sla_dag.py
[2024-09-11T13:58:04.650+0000] {processor.py:925} INFO - DAG(s) 'example_sla_dag' retrieved from /home/airflow/.local/lib/python3.12/site-packages/airflow/example_dags/example_sla_dag.py
[2024-09-11T13:58:04.675+0000] {logging_mixin.py:190} INFO - [2024-09-11T13:58:04.675+0000] {dag.py:3229} INFO - Sync 1 DAGs
[2024-09-11T13:58:04.705+0000] {logging_mixin.py:190} INFO - [2024-09-11T13:58:04.704+0000] {dag.py:4156} INFO - Setting next_dagrun for example_sla_dag to 2024-09-11 13:56:00+00:00, run_after=2024-09-11 13:58:00+00:00
[2024-09-11T13:58:04.726+0000] {processor.py:208} INFO - Processing /home/airflow/.local/lib/python3.12/site-packages/airflow/example_dags/example_sla_dag.py took 0.099 seconds
[2024-09-11T13:58:35.317+0000] {processor.py:186} INFO - Started process (PID=2914) to work on /home/airflow/.local/lib/python3.12/site-packages/airflow/example_dags/example_sla_dag.py
[2024-09-11T13:58:35.319+0000] {processor.py:914} INFO - Processing file /home/airflow/.local/lib/python3.12/site-packages/airflow/example_dags/example_sla_dag.py for tasks to queue
[2024-09-11T13:58:35.322+0000] {logging_mixin.py:190} INFO - [2024-09-11T13:58:35.322+0000] {dagbag.py:587} INFO - Filling up the DagBag from /home/airflow/.local/lib/python3.12/site-packages/airflow/example_dags/example_sla_dag.py
[2024-09-11T13:58:35.340+0000] {processor.py:925} INFO - DAG(s) 'example_sla_dag' retrieved from /home/airflow/.local/lib/python3.12/site-packages/airflow/example_dags/example_sla_dag.py
[2024-09-11T13:58:35.402+0000] {logging_mixin.py:190} INFO - [2024-09-11T13:58:35.400+0000] {dag.py:3229} INFO - Sync 1 DAGs
[2024-09-11T13:58:35.500+0000] {logging_mixin.py:190} INFO - [2024-09-11T13:58:35.499+0000] {dag.py:4156} INFO - Setting next_dagrun for example_sla_dag to 2024-09-11 13:56:00+00:00, run_after=2024-09-11 13:58:00+00:00
[2024-09-11T13:58:35.579+0000] {processor.py:208} INFO - Processing /home/airflow/.local/lib/python3.12/site-packages/airflow/example_dags/example_sla_dag.py took 0.273 seconds
[2024-09-11T13:59:05.705+0000] {processor.py:186} INFO - Started process (PID=2976) to work on /home/airflow/.local/lib/python3.12/site-packages/airflow/example_dags/example_sla_dag.py
[2024-09-11T13:59:05.706+0000] {processor.py:914} INFO - Processing file /home/airflow/.local/lib/python3.12/site-packages/airflow/example_dags/example_sla_dag.py for tasks to queue
[2024-09-11T13:59:05.709+0000] {logging_mixin.py:190} INFO - [2024-09-11T13:59:05.709+0000] {dagbag.py:587} INFO - Filling up the DagBag from /home/airflow/.local/lib/python3.12/site-packages/airflow/example_dags/example_sla_dag.py
[2024-09-11T13:59:05.720+0000] {processor.py:925} INFO - DAG(s) 'example_sla_dag' retrieved from /home/airflow/.local/lib/python3.12/site-packages/airflow/example_dags/example_sla_dag.py
[2024-09-11T13:59:05.742+0000] {logging_mixin.py:190} INFO - [2024-09-11T13:59:05.741+0000] {dag.py:3229} INFO - Sync 1 DAGs
[2024-09-11T13:59:05.772+0000] {logging_mixin.py:190} INFO - [2024-09-11T13:59:05.772+0000] {dag.py:4156} INFO - Setting next_dagrun for example_sla_dag to 2024-09-11 13:56:00+00:00, run_after=2024-09-11 13:58:00+00:00
[2024-09-11T13:59:05.795+0000] {processor.py:208} INFO - Processing /home/airflow/.local/lib/python3.12/site-packages/airflow/example_dags/example_sla_dag.py took 0.097 seconds
[2024-09-11T13:59:36.249+0000] {processor.py:186} INFO - Started process (PID=3038) to work on /home/airflow/.local/lib/python3.12/site-packages/airflow/example_dags/example_sla_dag.py
[2024-09-11T13:59:36.251+0000] {processor.py:914} INFO - Processing file /home/airflow/.local/lib/python3.12/site-packages/airflow/example_dags/example_sla_dag.py for tasks to queue
[2024-09-11T13:59:36.256+0000] {logging_mixin.py:190} INFO - [2024-09-11T13:59:36.256+0000] {dagbag.py:587} INFO - Filling up the DagBag from /home/airflow/.local/lib/python3.12/site-packages/airflow/example_dags/example_sla_dag.py
[2024-09-11T13:59:36.273+0000] {processor.py:925} INFO - DAG(s) 'example_sla_dag' retrieved from /home/airflow/.local/lib/python3.12/site-packages/airflow/example_dags/example_sla_dag.py
[2024-09-11T13:59:36.298+0000] {logging_mixin.py:190} INFO - [2024-09-11T13:59:36.297+0000] {dag.py:3229} INFO - Sync 1 DAGs
[2024-09-11T13:59:36.329+0000] {logging_mixin.py:190} INFO - [2024-09-11T13:59:36.328+0000] {dag.py:4156} INFO - Setting next_dagrun for example_sla_dag to 2024-09-11 13:56:00+00:00, run_after=2024-09-11 13:58:00+00:00
[2024-09-11T13:59:36.347+0000] {processor.py:208} INFO - Processing /home/airflow/.local/lib/python3.12/site-packages/airflow/example_dags/example_sla_dag.py took 0.109 seconds
[2024-09-11T14:00:06.543+0000] {processor.py:186} INFO - Started process (PID=3100) to work on /home/airflow/.local/lib/python3.12/site-packages/airflow/example_dags/example_sla_dag.py
[2024-09-11T14:00:06.544+0000] {processor.py:914} INFO - Processing file /home/airflow/.local/lib/python3.12/site-packages/airflow/example_dags/example_sla_dag.py for tasks to queue
[2024-09-11T14:00:06.547+0000] {logging_mixin.py:190} INFO - [2024-09-11T14:00:06.546+0000] {dagbag.py:587} INFO - Filling up the DagBag from /home/airflow/.local/lib/python3.12/site-packages/airflow/example_dags/example_sla_dag.py
[2024-09-11T14:00:06.557+0000] {processor.py:925} INFO - DAG(s) 'example_sla_dag' retrieved from /home/airflow/.local/lib/python3.12/site-packages/airflow/example_dags/example_sla_dag.py
[2024-09-11T14:00:06.579+0000] {logging_mixin.py:190} INFO - [2024-09-11T14:00:06.578+0000] {dag.py:3229} INFO - Sync 1 DAGs
[2024-09-11T14:00:06.607+0000] {logging_mixin.py:190} INFO - [2024-09-11T14:00:06.607+0000] {dag.py:4156} INFO - Setting next_dagrun for example_sla_dag to 2024-09-11 13:58:00+00:00, run_after=2024-09-11 14:00:00+00:00
[2024-09-11T14:00:06.629+0000] {processor.py:208} INFO - Processing /home/airflow/.local/lib/python3.12/site-packages/airflow/example_dags/example_sla_dag.py took 0.093 seconds
[2024-09-11T14:00:37.588+0000] {processor.py:186} INFO - Started process (PID=3162) to work on /home/airflow/.local/lib/python3.12/site-packages/airflow/example_dags/example_sla_dag.py
[2024-09-11T14:00:37.589+0000] {processor.py:914} INFO - Processing file /home/airflow/.local/lib/python3.12/site-packages/airflow/example_dags/example_sla_dag.py for tasks to queue
[2024-09-11T14:00:37.592+0000] {logging_mixin.py:190} INFO - [2024-09-11T14:00:37.592+0000] {dagbag.py:587} INFO - Filling up the DagBag from /home/airflow/.local/lib/python3.12/site-packages/airflow/example_dags/example_sla_dag.py
[2024-09-11T14:00:37.603+0000] {processor.py:925} INFO - DAG(s) 'example_sla_dag' retrieved from /home/airflow/.local/lib/python3.12/site-packages/airflow/example_dags/example_sla_dag.py
[2024-09-11T14:00:37.625+0000] {logging_mixin.py:190} INFO - [2024-09-11T14:00:37.624+0000] {dag.py:3229} INFO - Sync 1 DAGs
[2024-09-11T14:00:37.654+0000] {logging_mixin.py:190} INFO - [2024-09-11T14:00:37.654+0000] {dag.py:4156} INFO - Setting next_dagrun for example_sla_dag to 2024-09-11 13:58:00+00:00, run_after=2024-09-11 14:00:00+00:00
[2024-09-11T14:00:37.673+0000] {processor.py:208} INFO - Processing /home/airflow/.local/lib/python3.12/site-packages/airflow/example_dags/example_sla_dag.py took 0.093 seconds
[2024-09-11T14:01:08.629+0000] {processor.py:186} INFO - Started process (PID=3224) to work on /home/airflow/.local/lib/python3.12/site-packages/airflow/example_dags/example_sla_dag.py
[2024-09-11T14:01:08.630+0000] {processor.py:914} INFO - Processing file /home/airflow/.local/lib/python3.12/site-packages/airflow/example_dags/example_sla_dag.py for tasks to queue
[2024-09-11T14:01:08.633+0000] {logging_mixin.py:190} INFO - [2024-09-11T14:01:08.632+0000] {dagbag.py:587} INFO - Filling up the DagBag from /home/airflow/.local/lib/python3.12/site-packages/airflow/example_dags/example_sla_dag.py
[2024-09-11T14:01:08.643+0000] {processor.py:925} INFO - DAG(s) 'example_sla_dag' retrieved from /home/airflow/.local/lib/python3.12/site-packages/airflow/example_dags/example_sla_dag.py
[2024-09-11T14:01:08.664+0000] {logging_mixin.py:190} INFO - [2024-09-11T14:01:08.663+0000] {dag.py:3229} INFO - Sync 1 DAGs
[2024-09-11T14:01:08.691+0000] {logging_mixin.py:190} INFO - [2024-09-11T14:01:08.691+0000] {dag.py:4156} INFO - Setting next_dagrun for example_sla_dag to 2024-09-11 13:58:00+00:00, run_after=2024-09-11 14:00:00+00:00
[2024-09-11T14:01:08.709+0000] {processor.py:208} INFO - Processing /home/airflow/.local/lib/python3.12/site-packages/airflow/example_dags/example_sla_dag.py took 0.087 seconds
[2024-09-11T14:01:39.323+0000] {processor.py:186} INFO - Started process (PID=3286) to work on /home/airflow/.local/lib/python3.12/site-packages/airflow/example_dags/example_sla_dag.py
[2024-09-11T14:01:39.325+0000] {processor.py:914} INFO - Processing file /home/airflow/.local/lib/python3.12/site-packages/airflow/example_dags/example_sla_dag.py for tasks to queue
[2024-09-11T14:01:39.328+0000] {logging_mixin.py:190} INFO - [2024-09-11T14:01:39.328+0000] {dagbag.py:587} INFO - Filling up the DagBag from /home/airflow/.local/lib/python3.12/site-packages/airflow/example_dags/example_sla_dag.py
[2024-09-11T14:01:39.339+0000] {processor.py:925} INFO - DAG(s) 'example_sla_dag' retrieved from /home/airflow/.local/lib/python3.12/site-packages/airflow/example_dags/example_sla_dag.py
[2024-09-11T14:01:39.362+0000] {logging_mixin.py:190} INFO - [2024-09-11T14:01:39.362+0000] {dag.py:3229} INFO - Sync 1 DAGs
[2024-09-11T14:01:39.393+0000] {logging_mixin.py:190} INFO - [2024-09-11T14:01:39.393+0000] {dag.py:4156} INFO - Setting next_dagrun for example_sla_dag to 2024-09-11 13:58:00+00:00, run_after=2024-09-11 14:00:00+00:00
[2024-09-11T14:01:39.413+0000] {processor.py:208} INFO - Processing /home/airflow/.local/lib/python3.12/site-packages/airflow/example_dags/example_sla_dag.py took 0.097 seconds
[2024-09-11T14:02:09.524+0000] {processor.py:186} INFO - Started process (PID=3348) to work on /home/airflow/.local/lib/python3.12/site-packages/airflow/example_dags/example_sla_dag.py
[2024-09-11T14:02:09.525+0000] {processor.py:914} INFO - Processing file /home/airflow/.local/lib/python3.12/site-packages/airflow/example_dags/example_sla_dag.py for tasks to queue
[2024-09-11T14:02:09.528+0000] {logging_mixin.py:190} INFO - [2024-09-11T14:02:09.528+0000] {dagbag.py:587} INFO - Filling up the DagBag from /home/airflow/.local/lib/python3.12/site-packages/airflow/example_dags/example_sla_dag.py
[2024-09-11T14:02:09.541+0000] {processor.py:925} INFO - DAG(s) 'example_sla_dag' retrieved from /home/airflow/.local/lib/python3.12/site-packages/airflow/example_dags/example_sla_dag.py
[2024-09-11T14:02:09.564+0000] {logging_mixin.py:190} INFO - [2024-09-11T14:02:09.564+0000] {dag.py:3229} INFO - Sync 1 DAGs
[2024-09-11T14:02:09.596+0000] {logging_mixin.py:190} INFO - [2024-09-11T14:02:09.596+0000] {dag.py:4156} INFO - Setting next_dagrun for example_sla_dag to 2024-09-11 14:00:00+00:00, run_after=2024-09-11 14:02:00+00:00
[2024-09-11T14:02:09.619+0000] {processor.py:208} INFO - Processing /home/airflow/.local/lib/python3.12/site-packages/airflow/example_dags/example_sla_dag.py took 0.102 seconds
[2024-09-11T14:02:39.690+0000] {processor.py:186} INFO - Started process (PID=3409) to work on /home/airflow/.local/lib/python3.12/site-packages/airflow/example_dags/example_sla_dag.py
[2024-09-11T14:02:39.691+0000] {processor.py:914} INFO - Processing file /home/airflow/.local/lib/python3.12/site-packages/airflow/example_dags/example_sla_dag.py for tasks to queue
[2024-09-11T14:02:39.694+0000] {logging_mixin.py:190} INFO - [2024-09-11T14:02:39.694+0000] {dagbag.py:587} INFO - Filling up the DagBag from /home/airflow/.local/lib/python3.12/site-packages/airflow/example_dags/example_sla_dag.py
[2024-09-11T14:02:39.704+0000] {processor.py:925} INFO - DAG(s) 'example_sla_dag' retrieved from /home/airflow/.local/lib/python3.12/site-packages/airflow/example_dags/example_sla_dag.py
[2024-09-11T14:02:39.725+0000] {logging_mixin.py:190} INFO - [2024-09-11T14:02:39.725+0000] {dag.py:3229} INFO - Sync 1 DAGs
[2024-09-11T14:02:39.751+0000] {logging_mixin.py:190} INFO - [2024-09-11T14:02:39.751+0000] {dag.py:4156} INFO - Setting next_dagrun for example_sla_dag to 2024-09-11 14:00:00+00:00, run_after=2024-09-11 14:02:00+00:00
[2024-09-11T14:02:39.771+0000] {processor.py:208} INFO - Processing /home/airflow/.local/lib/python3.12/site-packages/airflow/example_dags/example_sla_dag.py took 0.087 seconds
[2024-09-11T14:03:10.024+0000] {processor.py:186} INFO - Started process (PID=3471) to work on /home/airflow/.local/lib/python3.12/site-packages/airflow/example_dags/example_sla_dag.py
[2024-09-11T14:03:10.025+0000] {processor.py:914} INFO - Processing file /home/airflow/.local/lib/python3.12/site-packages/airflow/example_dags/example_sla_dag.py for tasks to queue
[2024-09-11T14:03:10.028+0000] {logging_mixin.py:190} INFO - [2024-09-11T14:03:10.027+0000] {dagbag.py:587} INFO - Filling up the DagBag from /home/airflow/.local/lib/python3.12/site-packages/airflow/example_dags/example_sla_dag.py
[2024-09-11T14:03:10.041+0000] {processor.py:925} INFO - DAG(s) 'example_sla_dag' retrieved from /home/airflow/.local/lib/python3.12/site-packages/airflow/example_dags/example_sla_dag.py
[2024-09-11T14:03:10.062+0000] {logging_mixin.py:190} INFO - [2024-09-11T14:03:10.062+0000] {dag.py:3229} INFO - Sync 1 DAGs
[2024-09-11T14:03:10.090+0000] {logging_mixin.py:190} INFO - [2024-09-11T14:03:10.090+0000] {dag.py:4156} INFO - Setting next_dagrun for example_sla_dag to 2024-09-11 14:00:00+00:00, run_after=2024-09-11 14:02:00+00:00
[2024-09-11T14:03:10.111+0000] {processor.py:208} INFO - Processing /home/airflow/.local/lib/python3.12/site-packages/airflow/example_dags/example_sla_dag.py took 0.093 seconds
[2024-09-11T14:03:40.281+0000] {processor.py:186} INFO - Started process (PID=3533) to work on /home/airflow/.local/lib/python3.12/site-packages/airflow/example_dags/example_sla_dag.py
[2024-09-11T14:03:40.282+0000] {processor.py:914} INFO - Processing file /home/airflow/.local/lib/python3.12/site-packages/airflow/example_dags/example_sla_dag.py for tasks to queue
[2024-09-11T14:03:40.286+0000] {logging_mixin.py:190} INFO - [2024-09-11T14:03:40.285+0000] {dagbag.py:587} INFO - Filling up the DagBag from /home/airflow/.local/lib/python3.12/site-packages/airflow/example_dags/example_sla_dag.py
[2024-09-11T14:03:40.297+0000] {processor.py:925} INFO - DAG(s) 'example_sla_dag' retrieved from /home/airflow/.local/lib/python3.12/site-packages/airflow/example_dags/example_sla_dag.py
[2024-09-11T14:03:40.318+0000] {logging_mixin.py:190} INFO - [2024-09-11T14:03:40.318+0000] {dag.py:3229} INFO - Sync 1 DAGs
[2024-09-11T14:03:40.345+0000] {logging_mixin.py:190} INFO - [2024-09-11T14:03:40.345+0000] {dag.py:4156} INFO - Setting next_dagrun for example_sla_dag to 2024-09-11 14:00:00+00:00, run_after=2024-09-11 14:02:00+00:00
[2024-09-11T14:03:40.367+0000] {processor.py:208} INFO - Processing /home/airflow/.local/lib/python3.12/site-packages/airflow/example_dags/example_sla_dag.py took 0.097 seconds
[2024-09-11T14:04:10.582+0000] {processor.py:186} INFO - Started process (PID=3595) to work on /home/airflow/.local/lib/python3.12/site-packages/airflow/example_dags/example_sla_dag.py
[2024-09-11T14:04:10.583+0000] {processor.py:914} INFO - Processing file /home/airflow/.local/lib/python3.12/site-packages/airflow/example_dags/example_sla_dag.py for tasks to queue
[2024-09-11T14:04:10.586+0000] {logging_mixin.py:190} INFO - [2024-09-11T14:04:10.586+0000] {dagbag.py:587} INFO - Filling up the DagBag from /home/airflow/.local/lib/python3.12/site-packages/airflow/example_dags/example_sla_dag.py
[2024-09-11T14:04:10.599+0000] {processor.py:925} INFO - DAG(s) 'example_sla_dag' retrieved from /home/airflow/.local/lib/python3.12/site-packages/airflow/example_dags/example_sla_dag.py
[2024-09-11T14:04:10.620+0000] {logging_mixin.py:190} INFO - [2024-09-11T14:04:10.620+0000] {dag.py:3229} INFO - Sync 1 DAGs
[2024-09-11T14:04:10.648+0000] {logging_mixin.py:190} INFO - [2024-09-11T14:04:10.648+0000] {dag.py:4156} INFO - Setting next_dagrun for example_sla_dag to 2024-09-11 14:02:00+00:00, run_after=2024-09-11 14:04:00+00:00
[2024-09-11T14:04:10.669+0000] {processor.py:208} INFO - Processing /home/airflow/.local/lib/python3.12/site-packages/airflow/example_dags/example_sla_dag.py took 0.098 seconds
[2024-09-11T14:04:41.211+0000] {processor.py:186} INFO - Started process (PID=3657) to work on /home/airflow/.local/lib/python3.12/site-packages/airflow/example_dags/example_sla_dag.py
[2024-09-11T14:04:41.213+0000] {processor.py:914} INFO - Processing file /home/airflow/.local/lib/python3.12/site-packages/airflow/example_dags/example_sla_dag.py for tasks to queue
[2024-09-11T14:04:41.215+0000] {logging_mixin.py:190} INFO - [2024-09-11T14:04:41.215+0000] {dagbag.py:587} INFO - Filling up the DagBag from /home/airflow/.local/lib/python3.12/site-packages/airflow/example_dags/example_sla_dag.py
[2024-09-11T14:04:41.226+0000] {processor.py:925} INFO - DAG(s) 'example_sla_dag' retrieved from /home/airflow/.local/lib/python3.12/site-packages/airflow/example_dags/example_sla_dag.py
[2024-09-11T14:04:41.249+0000] {logging_mixin.py:190} INFO - [2024-09-11T14:04:41.249+0000] {dag.py:3229} INFO - Sync 1 DAGs
[2024-09-11T14:04:41.276+0000] {logging_mixin.py:190} INFO - [2024-09-11T14:04:41.276+0000] {dag.py:4156} INFO - Setting next_dagrun for example_sla_dag to 2024-09-11 14:02:00+00:00, run_after=2024-09-11 14:04:00+00:00
[2024-09-11T14:04:41.295+0000] {processor.py:208} INFO - Processing /home/airflow/.local/lib/python3.12/site-packages/airflow/example_dags/example_sla_dag.py took 0.091 seconds
[2024-09-11T14:05:11.772+0000] {processor.py:186} INFO - Started process (PID=3719) to work on /home/airflow/.local/lib/python3.12/site-packages/airflow/example_dags/example_sla_dag.py
[2024-09-11T14:05:11.773+0000] {processor.py:914} INFO - Processing file /home/airflow/.local/lib/python3.12/site-packages/airflow/example_dags/example_sla_dag.py for tasks to queue
[2024-09-11T14:05:11.776+0000] {logging_mixin.py:190} INFO - [2024-09-11T14:05:11.775+0000] {dagbag.py:587} INFO - Filling up the DagBag from /home/airflow/.local/lib/python3.12/site-packages/airflow/example_dags/example_sla_dag.py
[2024-09-11T14:05:11.786+0000] {processor.py:925} INFO - DAG(s) 'example_sla_dag' retrieved from /home/airflow/.local/lib/python3.12/site-packages/airflow/example_dags/example_sla_dag.py
[2024-09-11T14:05:11.807+0000] {logging_mixin.py:190} INFO - [2024-09-11T14:05:11.806+0000] {dag.py:3229} INFO - Sync 1 DAGs
[2024-09-11T14:05:11.851+0000] {logging_mixin.py:190} INFO - [2024-09-11T14:05:11.850+0000] {dag.py:4156} INFO - Setting next_dagrun for example_sla_dag to 2024-09-11 14:02:00+00:00, run_after=2024-09-11 14:04:00+00:00
[2024-09-11T14:05:11.877+0000] {processor.py:208} INFO - Processing /home/airflow/.local/lib/python3.12/site-packages/airflow/example_dags/example_sla_dag.py took 0.112 seconds
[2024-09-11T14:05:42.609+0000] {processor.py:186} INFO - Started process (PID=3781) to work on /home/airflow/.local/lib/python3.12/site-packages/airflow/example_dags/example_sla_dag.py
[2024-09-11T14:05:42.610+0000] {processor.py:914} INFO - Processing file /home/airflow/.local/lib/python3.12/site-packages/airflow/example_dags/example_sla_dag.py for tasks to queue
[2024-09-11T14:05:42.613+0000] {logging_mixin.py:190} INFO - [2024-09-11T14:05:42.613+0000] {dagbag.py:587} INFO - Filling up the DagBag from /home/airflow/.local/lib/python3.12/site-packages/airflow/example_dags/example_sla_dag.py
[2024-09-11T14:05:42.623+0000] {processor.py:925} INFO - DAG(s) 'example_sla_dag' retrieved from /home/airflow/.local/lib/python3.12/site-packages/airflow/example_dags/example_sla_dag.py
[2024-09-11T14:05:42.645+0000] {logging_mixin.py:190} INFO - [2024-09-11T14:05:42.645+0000] {dag.py:3229} INFO - Sync 1 DAGs
[2024-09-11T14:05:42.673+0000] {logging_mixin.py:190} INFO - [2024-09-11T14:05:42.673+0000] {dag.py:4156} INFO - Setting next_dagrun for example_sla_dag to 2024-09-11 14:02:00+00:00, run_after=2024-09-11 14:04:00+00:00
[2024-09-11T14:05:42.695+0000] {processor.py:208} INFO - Processing /home/airflow/.local/lib/python3.12/site-packages/airflow/example_dags/example_sla_dag.py took 0.093 seconds
[2024-09-11T14:06:13.092+0000] {processor.py:186} INFO - Started process (PID=3843) to work on /home/airflow/.local/lib/python3.12/site-packages/airflow/example_dags/example_sla_dag.py
[2024-09-11T14:06:13.093+0000] {processor.py:914} INFO - Processing file /home/airflow/.local/lib/python3.12/site-packages/airflow/example_dags/example_sla_dag.py for tasks to queue
[2024-09-11T14:06:13.095+0000] {logging_mixin.py:190} INFO - [2024-09-11T14:06:13.095+0000] {dagbag.py:587} INFO - Filling up the DagBag from /home/airflow/.local/lib/python3.12/site-packages/airflow/example_dags/example_sla_dag.py
[2024-09-11T14:06:13.106+0000] {processor.py:925} INFO - DAG(s) 'example_sla_dag' retrieved from /home/airflow/.local/lib/python3.12/site-packages/airflow/example_dags/example_sla_dag.py
[2024-09-11T14:06:13.128+0000] {logging_mixin.py:190} INFO - [2024-09-11T14:06:13.127+0000] {dag.py:3229} INFO - Sync 1 DAGs
[2024-09-11T14:06:13.159+0000] {logging_mixin.py:190} INFO - [2024-09-11T14:06:13.158+0000] {dag.py:4156} INFO - Setting next_dagrun for example_sla_dag to 2024-09-11 14:04:00+00:00, run_after=2024-09-11 14:06:00+00:00
[2024-09-11T14:06:13.179+0000] {processor.py:208} INFO - Processing /home/airflow/.local/lib/python3.12/site-packages/airflow/example_dags/example_sla_dag.py took 0.094 seconds
[2024-09-11T14:06:43.445+0000] {processor.py:186} INFO - Started process (PID=3905) to work on /home/airflow/.local/lib/python3.12/site-packages/airflow/example_dags/example_sla_dag.py
[2024-09-11T14:06:43.447+0000] {processor.py:914} INFO - Processing file /home/airflow/.local/lib/python3.12/site-packages/airflow/example_dags/example_sla_dag.py for tasks to queue
[2024-09-11T14:06:43.451+0000] {logging_mixin.py:190} INFO - [2024-09-11T14:06:43.450+0000] {dagbag.py:587} INFO - Filling up the DagBag from /home/airflow/.local/lib/python3.12/site-packages/airflow/example_dags/example_sla_dag.py
[2024-09-11T14:06:43.465+0000] {processor.py:925} INFO - DAG(s) 'example_sla_dag' retrieved from /home/airflow/.local/lib/python3.12/site-packages/airflow/example_dags/example_sla_dag.py
[2024-09-11T14:06:43.490+0000] {logging_mixin.py:190} INFO - [2024-09-11T14:06:43.489+0000] {dag.py:3229} INFO - Sync 1 DAGs
[2024-09-11T14:06:43.521+0000] {logging_mixin.py:190} INFO - [2024-09-11T14:06:43.521+0000] {dag.py:4156} INFO - Setting next_dagrun for example_sla_dag to 2024-09-11 14:04:00+00:00, run_after=2024-09-11 14:06:00+00:00
[2024-09-11T14:06:43.546+0000] {processor.py:208} INFO - Processing /home/airflow/.local/lib/python3.12/site-packages/airflow/example_dags/example_sla_dag.py took 0.108 seconds
[2024-09-11T14:07:14.201+0000] {processor.py:186} INFO - Started process (PID=3967) to work on /home/airflow/.local/lib/python3.12/site-packages/airflow/example_dags/example_sla_dag.py
[2024-09-11T14:07:14.202+0000] {processor.py:914} INFO - Processing file /home/airflow/.local/lib/python3.12/site-packages/airflow/example_dags/example_sla_dag.py for tasks to queue
[2024-09-11T14:07:14.206+0000] {logging_mixin.py:190} INFO - [2024-09-11T14:07:14.205+0000] {dagbag.py:587} INFO - Filling up the DagBag from /home/airflow/.local/lib/python3.12/site-packages/airflow/example_dags/example_sla_dag.py
[2024-09-11T14:07:14.219+0000] {processor.py:925} INFO - DAG(s) 'example_sla_dag' retrieved from /home/airflow/.local/lib/python3.12/site-packages/airflow/example_dags/example_sla_dag.py
[2024-09-11T14:07:14.248+0000] {logging_mixin.py:190} INFO - [2024-09-11T14:07:14.248+0000] {dag.py:3229} INFO - Sync 1 DAGs
[2024-09-11T14:07:14.276+0000] {logging_mixin.py:190} INFO - [2024-09-11T14:07:14.276+0000] {dag.py:4156} INFO - Setting next_dagrun for example_sla_dag to 2024-09-11 14:04:00+00:00, run_after=2024-09-11 14:06:00+00:00
[2024-09-11T14:07:14.296+0000] {processor.py:208} INFO - Processing /home/airflow/.local/lib/python3.12/site-packages/airflow/example_dags/example_sla_dag.py took 0.105 seconds
[2024-09-11T14:07:44.637+0000] {processor.py:186} INFO - Started process (PID=4029) to work on /home/airflow/.local/lib/python3.12/site-packages/airflow/example_dags/example_sla_dag.py
[2024-09-11T14:07:44.640+0000] {processor.py:914} INFO - Processing file /home/airflow/.local/lib/python3.12/site-packages/airflow/example_dags/example_sla_dag.py for tasks to queue
[2024-09-11T14:07:44.644+0000] {logging_mixin.py:190} INFO - [2024-09-11T14:07:44.644+0000] {dagbag.py:587} INFO - Filling up the DagBag from /home/airflow/.local/lib/python3.12/site-packages/airflow/example_dags/example_sla_dag.py
[2024-09-11T14:07:44.659+0000] {processor.py:925} INFO - DAG(s) 'example_sla_dag' retrieved from /home/airflow/.local/lib/python3.12/site-packages/airflow/example_dags/example_sla_dag.py
[2024-09-11T14:07:44.691+0000] {logging_mixin.py:190} INFO - [2024-09-11T14:07:44.690+0000] {dag.py:3229} INFO - Sync 1 DAGs
[2024-09-11T14:07:44.746+0000] {logging_mixin.py:190} INFO - [2024-09-11T14:07:44.746+0000] {dag.py:4156} INFO - Setting next_dagrun for example_sla_dag to 2024-09-11 14:04:00+00:00, run_after=2024-09-11 14:06:00+00:00
[2024-09-11T14:07:44.774+0000] {processor.py:208} INFO - Processing /home/airflow/.local/lib/python3.12/site-packages/airflow/example_dags/example_sla_dag.py took 0.159 seconds
[2024-09-11T14:08:15.042+0000] {processor.py:186} INFO - Started process (PID=4091) to work on /home/airflow/.local/lib/python3.12/site-packages/airflow/example_dags/example_sla_dag.py
[2024-09-11T14:08:15.044+0000] {processor.py:914} INFO - Processing file /home/airflow/.local/lib/python3.12/site-packages/airflow/example_dags/example_sla_dag.py for tasks to queue
[2024-09-11T14:08:15.047+0000] {logging_mixin.py:190} INFO - [2024-09-11T14:08:15.046+0000] {dagbag.py:587} INFO - Filling up the DagBag from /home/airflow/.local/lib/python3.12/site-packages/airflow/example_dags/example_sla_dag.py
[2024-09-11T14:08:15.058+0000] {processor.py:925} INFO - DAG(s) 'example_sla_dag' retrieved from /home/airflow/.local/lib/python3.12/site-packages/airflow/example_dags/example_sla_dag.py
[2024-09-11T14:08:15.085+0000] {logging_mixin.py:190} INFO - [2024-09-11T14:08:15.085+0000] {dag.py:3229} INFO - Sync 1 DAGs
[2024-09-11T14:08:15.116+0000] {logging_mixin.py:190} INFO - [2024-09-11T14:08:15.115+0000] {dag.py:4156} INFO - Setting next_dagrun for example_sla_dag to 2024-09-11 14:06:00+00:00, run_after=2024-09-11 14:08:00+00:00
[2024-09-11T14:08:15.137+0000] {processor.py:208} INFO - Processing /home/airflow/.local/lib/python3.12/site-packages/airflow/example_dags/example_sla_dag.py took 0.103 seconds
[2024-09-11T14:08:45.848+0000] {processor.py:186} INFO - Started process (PID=4153) to work on /home/airflow/.local/lib/python3.12/site-packages/airflow/example_dags/example_sla_dag.py
[2024-09-11T14:08:45.849+0000] {processor.py:914} INFO - Processing file /home/airflow/.local/lib/python3.12/site-packages/airflow/example_dags/example_sla_dag.py for tasks to queue
[2024-09-11T14:08:45.852+0000] {logging_mixin.py:190} INFO - [2024-09-11T14:08:45.851+0000] {dagbag.py:587} INFO - Filling up the DagBag from /home/airflow/.local/lib/python3.12/site-packages/airflow/example_dags/example_sla_dag.py
[2024-09-11T14:08:45.862+0000] {processor.py:925} INFO - DAG(s) 'example_sla_dag' retrieved from /home/airflow/.local/lib/python3.12/site-packages/airflow/example_dags/example_sla_dag.py
[2024-09-11T14:08:45.883+0000] {logging_mixin.py:190} INFO - [2024-09-11T14:08:45.883+0000] {dag.py:3229} INFO - Sync 1 DAGs
[2024-09-11T14:08:45.910+0000] {logging_mixin.py:190} INFO - [2024-09-11T14:08:45.910+0000] {dag.py:4156} INFO - Setting next_dagrun for example_sla_dag to 2024-09-11 14:06:00+00:00, run_after=2024-09-11 14:08:00+00:00
[2024-09-11T14:08:45.930+0000] {processor.py:208} INFO - Processing /home/airflow/.local/lib/python3.12/site-packages/airflow/example_dags/example_sla_dag.py took 0.090 seconds
[2024-09-11T14:09:16.501+0000] {processor.py:186} INFO - Started process (PID=4215) to work on /home/airflow/.local/lib/python3.12/site-packages/airflow/example_dags/example_sla_dag.py
[2024-09-11T14:09:16.502+0000] {processor.py:914} INFO - Processing file /home/airflow/.local/lib/python3.12/site-packages/airflow/example_dags/example_sla_dag.py for tasks to queue
[2024-09-11T14:09:16.505+0000] {logging_mixin.py:190} INFO - [2024-09-11T14:09:16.505+0000] {dagbag.py:587} INFO - Filling up the DagBag from /home/airflow/.local/lib/python3.12/site-packages/airflow/example_dags/example_sla_dag.py
[2024-09-11T14:09:16.515+0000] {processor.py:925} INFO - DAG(s) 'example_sla_dag' retrieved from /home/airflow/.local/lib/python3.12/site-packages/airflow/example_dags/example_sla_dag.py
[2024-09-11T14:09:16.539+0000] {logging_mixin.py:190} INFO - [2024-09-11T14:09:16.538+0000] {dag.py:3229} INFO - Sync 1 DAGs
[2024-09-11T14:09:16.566+0000] {logging_mixin.py:190} INFO - [2024-09-11T14:09:16.566+0000] {dag.py:4156} INFO - Setting next_dagrun for example_sla_dag to 2024-09-11 14:06:00+00:00, run_after=2024-09-11 14:08:00+00:00
[2024-09-11T14:09:16.586+0000] {processor.py:208} INFO - Processing /home/airflow/.local/lib/python3.12/site-packages/airflow/example_dags/example_sla_dag.py took 0.091 seconds
[2024-09-11T14:09:47.009+0000] {processor.py:186} INFO - Started process (PID=4277) to work on /home/airflow/.local/lib/python3.12/site-packages/airflow/example_dags/example_sla_dag.py
[2024-09-11T14:09:47.010+0000] {processor.py:914} INFO - Processing file /home/airflow/.local/lib/python3.12/site-packages/airflow/example_dags/example_sla_dag.py for tasks to queue
[2024-09-11T14:09:47.015+0000] {logging_mixin.py:190} INFO - [2024-09-11T14:09:47.014+0000] {dagbag.py:587} INFO - Filling up the DagBag from /home/airflow/.local/lib/python3.12/site-packages/airflow/example_dags/example_sla_dag.py
[2024-09-11T14:09:47.029+0000] {processor.py:925} INFO - DAG(s) 'example_sla_dag' retrieved from /home/airflow/.local/lib/python3.12/site-packages/airflow/example_dags/example_sla_dag.py
[2024-09-11T14:09:47.050+0000] {logging_mixin.py:190} INFO - [2024-09-11T14:09:47.050+0000] {dag.py:3229} INFO - Sync 1 DAGs
[2024-09-11T14:09:47.077+0000] {logging_mixin.py:190} INFO - [2024-09-11T14:09:47.077+0000] {dag.py:4156} INFO - Setting next_dagrun for example_sla_dag to 2024-09-11 14:06:00+00:00, run_after=2024-09-11 14:08:00+00:00
[2024-09-11T14:09:47.097+0000] {processor.py:208} INFO - Processing /home/airflow/.local/lib/python3.12/site-packages/airflow/example_dags/example_sla_dag.py took 0.102 seconds
[2024-09-11T14:10:17.456+0000] {processor.py:186} INFO - Started process (PID=4339) to work on /home/airflow/.local/lib/python3.12/site-packages/airflow/example_dags/example_sla_dag.py
[2024-09-11T14:10:17.458+0000] {processor.py:914} INFO - Processing file /home/airflow/.local/lib/python3.12/site-packages/airflow/example_dags/example_sla_dag.py for tasks to queue
[2024-09-11T14:10:17.461+0000] {logging_mixin.py:190} INFO - [2024-09-11T14:10:17.460+0000] {dagbag.py:587} INFO - Filling up the DagBag from /home/airflow/.local/lib/python3.12/site-packages/airflow/example_dags/example_sla_dag.py
[2024-09-11T14:10:17.473+0000] {processor.py:925} INFO - DAG(s) 'example_sla_dag' retrieved from /home/airflow/.local/lib/python3.12/site-packages/airflow/example_dags/example_sla_dag.py
[2024-09-11T14:10:17.497+0000] {logging_mixin.py:190} INFO - [2024-09-11T14:10:17.496+0000] {dag.py:3229} INFO - Sync 1 DAGs
[2024-09-11T14:10:17.544+0000] {logging_mixin.py:190} INFO - [2024-09-11T14:10:17.543+0000] {dag.py:4156} INFO - Setting next_dagrun for example_sla_dag to 2024-09-11 14:08:00+00:00, run_after=2024-09-11 14:10:00+00:00
[2024-09-11T14:10:17.572+0000] {processor.py:208} INFO - Processing /home/airflow/.local/lib/python3.12/site-packages/airflow/example_dags/example_sla_dag.py took 0.123 seconds
[2024-09-11T14:10:47.919+0000] {processor.py:186} INFO - Started process (PID=4401) to work on /home/airflow/.local/lib/python3.12/site-packages/airflow/example_dags/example_sla_dag.py
[2024-09-11T14:10:47.921+0000] {processor.py:914} INFO - Processing file /home/airflow/.local/lib/python3.12/site-packages/airflow/example_dags/example_sla_dag.py for tasks to queue
[2024-09-11T14:10:47.924+0000] {logging_mixin.py:190} INFO - [2024-09-11T14:10:47.923+0000] {dagbag.py:587} INFO - Filling up the DagBag from /home/airflow/.local/lib/python3.12/site-packages/airflow/example_dags/example_sla_dag.py
[2024-09-11T14:10:47.934+0000] {processor.py:925} INFO - DAG(s) 'example_sla_dag' retrieved from /home/airflow/.local/lib/python3.12/site-packages/airflow/example_dags/example_sla_dag.py
[2024-09-11T14:10:47.955+0000] {logging_mixin.py:190} INFO - [2024-09-11T14:10:47.955+0000] {dag.py:3229} INFO - Sync 1 DAGs
[2024-09-11T14:10:47.983+0000] {logging_mixin.py:190} INFO - [2024-09-11T14:10:47.983+0000] {dag.py:4156} INFO - Setting next_dagrun for example_sla_dag to 2024-09-11 14:08:00+00:00, run_after=2024-09-11 14:10:00+00:00
[2024-09-11T14:10:48.004+0000] {processor.py:208} INFO - Processing /home/airflow/.local/lib/python3.12/site-packages/airflow/example_dags/example_sla_dag.py took 0.092 seconds
[2024-09-11T14:11:18.419+0000] {processor.py:186} INFO - Started process (PID=4463) to work on /home/airflow/.local/lib/python3.12/site-packages/airflow/example_dags/example_sla_dag.py
[2024-09-11T14:11:18.420+0000] {processor.py:914} INFO - Processing file /home/airflow/.local/lib/python3.12/site-packages/airflow/example_dags/example_sla_dag.py for tasks to queue
[2024-09-11T14:11:18.423+0000] {logging_mixin.py:190} INFO - [2024-09-11T14:11:18.423+0000] {dagbag.py:587} INFO - Filling up the DagBag from /home/airflow/.local/lib/python3.12/site-packages/airflow/example_dags/example_sla_dag.py
[2024-09-11T14:11:18.434+0000] {processor.py:925} INFO - DAG(s) 'example_sla_dag' retrieved from /home/airflow/.local/lib/python3.12/site-packages/airflow/example_dags/example_sla_dag.py
[2024-09-11T14:11:18.457+0000] {logging_mixin.py:190} INFO - [2024-09-11T14:11:18.456+0000] {dag.py:3229} INFO - Sync 1 DAGs
[2024-09-11T14:11:18.485+0000] {logging_mixin.py:190} INFO - [2024-09-11T14:11:18.485+0000] {dag.py:4156} INFO - Setting next_dagrun for example_sla_dag to 2024-09-11 14:08:00+00:00, run_after=2024-09-11 14:10:00+00:00
[2024-09-11T14:11:18.505+0000] {processor.py:208} INFO - Processing /home/airflow/.local/lib/python3.12/site-packages/airflow/example_dags/example_sla_dag.py took 0.094 seconds
[2024-09-11T14:11:48.925+0000] {processor.py:186} INFO - Started process (PID=4525) to work on /home/airflow/.local/lib/python3.12/site-packages/airflow/example_dags/example_sla_dag.py
[2024-09-11T14:11:48.926+0000] {processor.py:914} INFO - Processing file /home/airflow/.local/lib/python3.12/site-packages/airflow/example_dags/example_sla_dag.py for tasks to queue
[2024-09-11T14:11:48.929+0000] {logging_mixin.py:190} INFO - [2024-09-11T14:11:48.929+0000] {dagbag.py:587} INFO - Filling up the DagBag from /home/airflow/.local/lib/python3.12/site-packages/airflow/example_dags/example_sla_dag.py
[2024-09-11T14:11:48.940+0000] {processor.py:925} INFO - DAG(s) 'example_sla_dag' retrieved from /home/airflow/.local/lib/python3.12/site-packages/airflow/example_dags/example_sla_dag.py
[2024-09-11T14:11:48.962+0000] {logging_mixin.py:190} INFO - [2024-09-11T14:11:48.962+0000] {dag.py:3229} INFO - Sync 1 DAGs
[2024-09-11T14:11:48.992+0000] {logging_mixin.py:190} INFO - [2024-09-11T14:11:48.991+0000] {dag.py:4156} INFO - Setting next_dagrun for example_sla_dag to 2024-09-11 14:08:00+00:00, run_after=2024-09-11 14:10:00+00:00
[2024-09-11T14:11:49.012+0000] {processor.py:208} INFO - Processing /home/airflow/.local/lib/python3.12/site-packages/airflow/example_dags/example_sla_dag.py took 0.095 seconds
[2024-09-11T14:12:19.352+0000] {processor.py:186} INFO - Started process (PID=4587) to work on /home/airflow/.local/lib/python3.12/site-packages/airflow/example_dags/example_sla_dag.py
[2024-09-11T14:12:19.353+0000] {processor.py:914} INFO - Processing file /home/airflow/.local/lib/python3.12/site-packages/airflow/example_dags/example_sla_dag.py for tasks to queue
[2024-09-11T14:12:19.356+0000] {logging_mixin.py:190} INFO - [2024-09-11T14:12:19.356+0000] {dagbag.py:587} INFO - Filling up the DagBag from /home/airflow/.local/lib/python3.12/site-packages/airflow/example_dags/example_sla_dag.py
[2024-09-11T14:12:19.367+0000] {processor.py:925} INFO - DAG(s) 'example_sla_dag' retrieved from /home/airflow/.local/lib/python3.12/site-packages/airflow/example_dags/example_sla_dag.py
[2024-09-11T14:12:19.389+0000] {logging_mixin.py:190} INFO - [2024-09-11T14:12:19.389+0000] {dag.py:3229} INFO - Sync 1 DAGs
[2024-09-11T14:12:19.418+0000] {logging_mixin.py:190} INFO - [2024-09-11T14:12:19.417+0000] {dag.py:4156} INFO - Setting next_dagrun for example_sla_dag to 2024-09-11 14:10:00+00:00, run_after=2024-09-11 14:12:00+00:00
[2024-09-11T14:12:19.439+0000] {processor.py:208} INFO - Processing /home/airflow/.local/lib/python3.12/site-packages/airflow/example_dags/example_sla_dag.py took 0.093 seconds
[2024-09-11T14:12:50.165+0000] {processor.py:186} INFO - Started process (PID=4649) to work on /home/airflow/.local/lib/python3.12/site-packages/airflow/example_dags/example_sla_dag.py
[2024-09-11T14:12:50.166+0000] {processor.py:914} INFO - Processing file /home/airflow/.local/lib/python3.12/site-packages/airflow/example_dags/example_sla_dag.py for tasks to queue
[2024-09-11T14:12:50.169+0000] {logging_mixin.py:190} INFO - [2024-09-11T14:12:50.169+0000] {dagbag.py:587} INFO - Filling up the DagBag from /home/airflow/.local/lib/python3.12/site-packages/airflow/example_dags/example_sla_dag.py
[2024-09-11T14:12:50.180+0000] {processor.py:925} INFO - DAG(s) 'example_sla_dag' retrieved from /home/airflow/.local/lib/python3.12/site-packages/airflow/example_dags/example_sla_dag.py
[2024-09-11T14:12:50.201+0000] {logging_mixin.py:190} INFO - [2024-09-11T14:12:50.201+0000] {dag.py:3229} INFO - Sync 1 DAGs
[2024-09-11T14:12:50.228+0000] {logging_mixin.py:190} INFO - [2024-09-11T14:12:50.228+0000] {dag.py:4156} INFO - Setting next_dagrun for example_sla_dag to 2024-09-11 14:10:00+00:00, run_after=2024-09-11 14:12:00+00:00
[2024-09-11T14:12:50.250+0000] {processor.py:208} INFO - Processing /home/airflow/.local/lib/python3.12/site-packages/airflow/example_dags/example_sla_dag.py took 0.091 seconds
[2024-09-11T14:13:20.979+0000] {processor.py:186} INFO - Started process (PID=4711) to work on /home/airflow/.local/lib/python3.12/site-packages/airflow/example_dags/example_sla_dag.py
[2024-09-11T14:13:20.980+0000] {processor.py:914} INFO - Processing file /home/airflow/.local/lib/python3.12/site-packages/airflow/example_dags/example_sla_dag.py for tasks to queue
[2024-09-11T14:13:20.983+0000] {logging_mixin.py:190} INFO - [2024-09-11T14:13:20.982+0000] {dagbag.py:587} INFO - Filling up the DagBag from /home/airflow/.local/lib/python3.12/site-packages/airflow/example_dags/example_sla_dag.py
[2024-09-11T14:13:20.996+0000] {processor.py:925} INFO - DAG(s) 'example_sla_dag' retrieved from /home/airflow/.local/lib/python3.12/site-packages/airflow/example_dags/example_sla_dag.py
[2024-09-11T14:13:21.022+0000] {logging_mixin.py:190} INFO - [2024-09-11T14:13:21.022+0000] {dag.py:3229} INFO - Sync 1 DAGs
[2024-09-11T14:13:21.056+0000] {logging_mixin.py:190} INFO - [2024-09-11T14:13:21.056+0000] {dag.py:4156} INFO - Setting next_dagrun for example_sla_dag to 2024-09-11 14:10:00+00:00, run_after=2024-09-11 14:12:00+00:00
[2024-09-11T14:13:21.080+0000] {processor.py:208} INFO - Processing /home/airflow/.local/lib/python3.12/site-packages/airflow/example_dags/example_sla_dag.py took 0.108 seconds
