[2024-09-11T13:35:16.436+0000] {processor.py:186} INFO - Started process (PID=82) to work on /home/airflow/.local/lib/python3.12/site-packages/airflow/example_dags/example_complex.py
[2024-09-11T13:35:16.438+0000] {processor.py:914} INFO - Processing file /home/airflow/.local/lib/python3.12/site-packages/airflow/example_dags/example_complex.py for tasks to queue
[2024-09-11T13:35:16.444+0000] {logging_mixin.py:190} INFO - [2024-09-11T13:35:16.443+0000] {dagbag.py:587} INFO - Filling up the DagBag from /home/airflow/.local/lib/python3.12/site-packages/airflow/example_dags/example_complex.py
[2024-09-11T13:35:16.483+0000] {processor.py:925} INFO - DAG(s) 'example_complex' retrieved from /home/airflow/.local/lib/python3.12/site-packages/airflow/example_dags/example_complex.py
[2024-09-11T13:35:17.063+0000] {logging_mixin.py:190} INFO - [2024-09-11T13:35:17.061+0000] {override.py:1900} INFO - Created Permission View: can edit on DAG:example_complex
[2024-09-11T13:35:17.100+0000] {logging_mixin.py:190} INFO - [2024-09-11T13:35:17.099+0000] {override.py:1900} INFO - Created Permission View: can delete on DAG:example_complex
[2024-09-11T13:35:17.114+0000] {logging_mixin.py:190} INFO - [2024-09-11T13:35:17.114+0000] {override.py:1900} INFO - Created Permission View: can read on DAG:example_complex
[2024-09-11T13:35:17.130+0000] {logging_mixin.py:190} INFO - [2024-09-11T13:35:17.129+0000] {override.py:1900} INFO - Created Permission View: menu access on DAG Run:example_complex
[2024-09-11T13:35:17.146+0000] {logging_mixin.py:190} INFO - [2024-09-11T13:35:17.145+0000] {override.py:1900} INFO - Created Permission View: can create on DAG Run:example_complex
[2024-09-11T13:35:17.159+0000] {logging_mixin.py:190} INFO - [2024-09-11T13:35:17.159+0000] {override.py:1900} INFO - Created Permission View: can delete on DAG Run:example_complex
[2024-09-11T13:35:17.175+0000] {logging_mixin.py:190} INFO - [2024-09-11T13:35:17.174+0000] {override.py:1900} INFO - Created Permission View: can read on DAG Run:example_complex
[2024-09-11T13:35:17.176+0000] {logging_mixin.py:190} INFO - [2024-09-11T13:35:17.176+0000] {dag.py:3229} INFO - Sync 1 DAGs
[2024-09-11T13:35:17.199+0000] {logging_mixin.py:190} INFO - [2024-09-11T13:35:17.199+0000] {dag.py:3252} INFO - Creating ORM DAG for example_complex
[2024-09-11T13:35:17.200+0000] {logging_mixin.py:190} INFO - [2024-09-11T13:35:17.200+0000] {dag.py:4156} INFO - Setting next_dagrun for example_complex to None, run_after=None
[2024-09-11T13:35:17.229+0000] {processor.py:208} INFO - Processing /home/airflow/.local/lib/python3.12/site-packages/airflow/example_dags/example_complex.py took 0.808 seconds
[2024-09-11T13:35:47.720+0000] {processor.py:186} INFO - Started process (PID=144) to work on /home/airflow/.local/lib/python3.12/site-packages/airflow/example_dags/example_complex.py
[2024-09-11T13:35:47.722+0000] {processor.py:914} INFO - Processing file /home/airflow/.local/lib/python3.12/site-packages/airflow/example_dags/example_complex.py for tasks to queue
[2024-09-11T13:35:47.726+0000] {logging_mixin.py:190} INFO - [2024-09-11T13:35:47.725+0000] {dagbag.py:587} INFO - Filling up the DagBag from /home/airflow/.local/lib/python3.12/site-packages/airflow/example_dags/example_complex.py
[2024-09-11T13:35:47.756+0000] {processor.py:925} INFO - DAG(s) 'example_complex' retrieved from /home/airflow/.local/lib/python3.12/site-packages/airflow/example_dags/example_complex.py
[2024-09-11T13:35:47.812+0000] {logging_mixin.py:190} INFO - [2024-09-11T13:35:47.812+0000] {dag.py:3229} INFO - Sync 1 DAGs
[2024-09-11T13:35:47.832+0000] {logging_mixin.py:190} INFO - [2024-09-11T13:35:47.831+0000] {dag.py:4156} INFO - Setting next_dagrun for example_complex to None, run_after=None
[2024-09-11T13:35:47.857+0000] {processor.py:208} INFO - Processing /home/airflow/.local/lib/python3.12/site-packages/airflow/example_dags/example_complex.py took 0.149 seconds
[2024-09-11T13:36:17.907+0000] {processor.py:186} INFO - Started process (PID=205) to work on /home/airflow/.local/lib/python3.12/site-packages/airflow/example_dags/example_complex.py
[2024-09-11T13:36:17.908+0000] {processor.py:914} INFO - Processing file /home/airflow/.local/lib/python3.12/site-packages/airflow/example_dags/example_complex.py for tasks to queue
[2024-09-11T13:36:17.911+0000] {logging_mixin.py:190} INFO - [2024-09-11T13:36:17.911+0000] {dagbag.py:587} INFO - Filling up the DagBag from /home/airflow/.local/lib/python3.12/site-packages/airflow/example_dags/example_complex.py
[2024-09-11T13:36:17.926+0000] {processor.py:925} INFO - DAG(s) 'example_complex' retrieved from /home/airflow/.local/lib/python3.12/site-packages/airflow/example_dags/example_complex.py
[2024-09-11T13:36:17.964+0000] {logging_mixin.py:190} INFO - [2024-09-11T13:36:17.963+0000] {dag.py:3229} INFO - Sync 1 DAGs
[2024-09-11T13:36:17.980+0000] {logging_mixin.py:190} INFO - [2024-09-11T13:36:17.979+0000] {dag.py:4156} INFO - Setting next_dagrun for example_complex to None, run_after=None
[2024-09-11T13:36:17.999+0000] {processor.py:208} INFO - Processing /home/airflow/.local/lib/python3.12/site-packages/airflow/example_dags/example_complex.py took 0.099 seconds
[2024-09-11T13:36:48.757+0000] {processor.py:186} INFO - Started process (PID=268) to work on /home/airflow/.local/lib/python3.12/site-packages/airflow/example_dags/example_complex.py
[2024-09-11T13:36:48.761+0000] {processor.py:914} INFO - Processing file /home/airflow/.local/lib/python3.12/site-packages/airflow/example_dags/example_complex.py for tasks to queue
[2024-09-11T13:36:48.764+0000] {logging_mixin.py:190} INFO - [2024-09-11T13:36:48.763+0000] {dagbag.py:587} INFO - Filling up the DagBag from /home/airflow/.local/lib/python3.12/site-packages/airflow/example_dags/example_complex.py
[2024-09-11T13:36:48.779+0000] {processor.py:925} INFO - DAG(s) 'example_complex' retrieved from /home/airflow/.local/lib/python3.12/site-packages/airflow/example_dags/example_complex.py
[2024-09-11T13:36:48.818+0000] {logging_mixin.py:190} INFO - [2024-09-11T13:36:48.818+0000] {dag.py:3229} INFO - Sync 1 DAGs
[2024-09-11T13:36:48.835+0000] {logging_mixin.py:190} INFO - [2024-09-11T13:36:48.835+0000] {dag.py:4156} INFO - Setting next_dagrun for example_complex to None, run_after=None
[2024-09-11T13:36:48.856+0000] {processor.py:208} INFO - Processing /home/airflow/.local/lib/python3.12/site-packages/airflow/example_dags/example_complex.py took 0.108 seconds
[2024-09-11T13:37:19.426+0000] {processor.py:186} INFO - Started process (PID=330) to work on /home/airflow/.local/lib/python3.12/site-packages/airflow/example_dags/example_complex.py
[2024-09-11T13:37:19.430+0000] {processor.py:914} INFO - Processing file /home/airflow/.local/lib/python3.12/site-packages/airflow/example_dags/example_complex.py for tasks to queue
[2024-09-11T13:37:19.433+0000] {logging_mixin.py:190} INFO - [2024-09-11T13:37:19.433+0000] {dagbag.py:587} INFO - Filling up the DagBag from /home/airflow/.local/lib/python3.12/site-packages/airflow/example_dags/example_complex.py
[2024-09-11T13:37:19.457+0000] {processor.py:925} INFO - DAG(s) 'example_complex' retrieved from /home/airflow/.local/lib/python3.12/site-packages/airflow/example_dags/example_complex.py
[2024-09-11T13:37:19.544+0000] {logging_mixin.py:190} INFO - [2024-09-11T13:37:19.544+0000] {dag.py:3229} INFO - Sync 1 DAGs
[2024-09-11T13:37:19.569+0000] {logging_mixin.py:190} INFO - [2024-09-11T13:37:19.569+0000] {dag.py:4156} INFO - Setting next_dagrun for example_complex to None, run_after=None
[2024-09-11T13:37:19.601+0000] {processor.py:208} INFO - Processing /home/airflow/.local/lib/python3.12/site-packages/airflow/example_dags/example_complex.py took 0.183 seconds
[2024-09-11T13:37:50.470+0000] {processor.py:186} INFO - Started process (PID=398) to work on /home/airflow/.local/lib/python3.12/site-packages/airflow/example_dags/example_complex.py
[2024-09-11T13:37:50.472+0000] {processor.py:914} INFO - Processing file /home/airflow/.local/lib/python3.12/site-packages/airflow/example_dags/example_complex.py for tasks to queue
[2024-09-11T13:37:50.476+0000] {logging_mixin.py:190} INFO - [2024-09-11T13:37:50.475+0000] {dagbag.py:587} INFO - Filling up the DagBag from /home/airflow/.local/lib/python3.12/site-packages/airflow/example_dags/example_complex.py
[2024-09-11T13:37:50.494+0000] {processor.py:925} INFO - DAG(s) 'example_complex' retrieved from /home/airflow/.local/lib/python3.12/site-packages/airflow/example_dags/example_complex.py
[2024-09-11T13:37:50.539+0000] {logging_mixin.py:190} INFO - [2024-09-11T13:37:50.539+0000] {dag.py:3229} INFO - Sync 1 DAGs
[2024-09-11T13:37:50.562+0000] {logging_mixin.py:190} INFO - [2024-09-11T13:37:50.561+0000] {dag.py:4156} INFO - Setting next_dagrun for example_complex to None, run_after=None
[2024-09-11T13:37:50.590+0000] {processor.py:208} INFO - Processing /home/airflow/.local/lib/python3.12/site-packages/airflow/example_dags/example_complex.py took 0.135 seconds
[2024-09-11T13:38:21.153+0000] {processor.py:186} INFO - Started process (PID=460) to work on /home/airflow/.local/lib/python3.12/site-packages/airflow/example_dags/example_complex.py
[2024-09-11T13:38:21.155+0000] {processor.py:914} INFO - Processing file /home/airflow/.local/lib/python3.12/site-packages/airflow/example_dags/example_complex.py for tasks to queue
[2024-09-11T13:38:21.158+0000] {logging_mixin.py:190} INFO - [2024-09-11T13:38:21.157+0000] {dagbag.py:587} INFO - Filling up the DagBag from /home/airflow/.local/lib/python3.12/site-packages/airflow/example_dags/example_complex.py
[2024-09-11T13:38:21.173+0000] {processor.py:925} INFO - DAG(s) 'example_complex' retrieved from /home/airflow/.local/lib/python3.12/site-packages/airflow/example_dags/example_complex.py
[2024-09-11T13:38:21.213+0000] {logging_mixin.py:190} INFO - [2024-09-11T13:38:21.213+0000] {dag.py:3229} INFO - Sync 1 DAGs
[2024-09-11T13:38:21.231+0000] {logging_mixin.py:190} INFO - [2024-09-11T13:38:21.231+0000] {dag.py:4156} INFO - Setting next_dagrun for example_complex to None, run_after=None
[2024-09-11T13:38:21.255+0000] {processor.py:208} INFO - Processing /home/airflow/.local/lib/python3.12/site-packages/airflow/example_dags/example_complex.py took 0.109 seconds
[2024-09-11T13:38:51.534+0000] {processor.py:186} INFO - Started process (PID=522) to work on /home/airflow/.local/lib/python3.12/site-packages/airflow/example_dags/example_complex.py
[2024-09-11T13:38:51.536+0000] {processor.py:914} INFO - Processing file /home/airflow/.local/lib/python3.12/site-packages/airflow/example_dags/example_complex.py for tasks to queue
[2024-09-11T13:38:51.540+0000] {logging_mixin.py:190} INFO - [2024-09-11T13:38:51.539+0000] {dagbag.py:587} INFO - Filling up the DagBag from /home/airflow/.local/lib/python3.12/site-packages/airflow/example_dags/example_complex.py
[2024-09-11T13:38:51.557+0000] {processor.py:925} INFO - DAG(s) 'example_complex' retrieved from /home/airflow/.local/lib/python3.12/site-packages/airflow/example_dags/example_complex.py
[2024-09-11T13:38:51.595+0000] {logging_mixin.py:190} INFO - [2024-09-11T13:38:51.594+0000] {dag.py:3229} INFO - Sync 1 DAGs
[2024-09-11T13:38:51.610+0000] {logging_mixin.py:190} INFO - [2024-09-11T13:38:51.610+0000] {dag.py:4156} INFO - Setting next_dagrun for example_complex to None, run_after=None
[2024-09-11T13:38:51.631+0000] {processor.py:208} INFO - Processing /home/airflow/.local/lib/python3.12/site-packages/airflow/example_dags/example_complex.py took 0.105 seconds
[2024-09-11T13:39:22.413+0000] {processor.py:186} INFO - Started process (PID=584) to work on /home/airflow/.local/lib/python3.12/site-packages/airflow/example_dags/example_complex.py
[2024-09-11T13:39:22.417+0000] {processor.py:914} INFO - Processing file /home/airflow/.local/lib/python3.12/site-packages/airflow/example_dags/example_complex.py for tasks to queue
[2024-09-11T13:39:22.421+0000] {logging_mixin.py:190} INFO - [2024-09-11T13:39:22.420+0000] {dagbag.py:587} INFO - Filling up the DagBag from /home/airflow/.local/lib/python3.12/site-packages/airflow/example_dags/example_complex.py
[2024-09-11T13:39:22.443+0000] {processor.py:925} INFO - DAG(s) 'example_complex' retrieved from /home/airflow/.local/lib/python3.12/site-packages/airflow/example_dags/example_complex.py
[2024-09-11T13:39:22.502+0000] {logging_mixin.py:190} INFO - [2024-09-11T13:39:22.501+0000] {dag.py:3229} INFO - Sync 1 DAGs
[2024-09-11T13:39:22.526+0000] {logging_mixin.py:190} INFO - [2024-09-11T13:39:22.526+0000] {dag.py:4156} INFO - Setting next_dagrun for example_complex to None, run_after=None
[2024-09-11T13:39:22.575+0000] {processor.py:208} INFO - Processing /home/airflow/.local/lib/python3.12/site-packages/airflow/example_dags/example_complex.py took 0.170 seconds
[2024-09-11T13:39:52.813+0000] {processor.py:186} INFO - Started process (PID=646) to work on /home/airflow/.local/lib/python3.12/site-packages/airflow/example_dags/example_complex.py
[2024-09-11T13:39:52.814+0000] {processor.py:914} INFO - Processing file /home/airflow/.local/lib/python3.12/site-packages/airflow/example_dags/example_complex.py for tasks to queue
[2024-09-11T13:39:52.817+0000] {logging_mixin.py:190} INFO - [2024-09-11T13:39:52.817+0000] {dagbag.py:587} INFO - Filling up the DagBag from /home/airflow/.local/lib/python3.12/site-packages/airflow/example_dags/example_complex.py
[2024-09-11T13:39:52.840+0000] {processor.py:925} INFO - DAG(s) 'example_complex' retrieved from /home/airflow/.local/lib/python3.12/site-packages/airflow/example_dags/example_complex.py
[2024-09-11T13:39:52.889+0000] {logging_mixin.py:190} INFO - [2024-09-11T13:39:52.888+0000] {dag.py:3229} INFO - Sync 1 DAGs
[2024-09-11T13:39:52.912+0000] {logging_mixin.py:190} INFO - [2024-09-11T13:39:52.911+0000] {dag.py:4156} INFO - Setting next_dagrun for example_complex to None, run_after=None
[2024-09-11T13:39:52.935+0000] {processor.py:208} INFO - Processing /home/airflow/.local/lib/python3.12/site-packages/airflow/example_dags/example_complex.py took 0.135 seconds
[2024-09-11T13:40:23.040+0000] {processor.py:186} INFO - Started process (PID=708) to work on /home/airflow/.local/lib/python3.12/site-packages/airflow/example_dags/example_complex.py
[2024-09-11T13:40:23.041+0000] {processor.py:914} INFO - Processing file /home/airflow/.local/lib/python3.12/site-packages/airflow/example_dags/example_complex.py for tasks to queue
[2024-09-11T13:40:23.044+0000] {logging_mixin.py:190} INFO - [2024-09-11T13:40:23.044+0000] {dagbag.py:587} INFO - Filling up the DagBag from /home/airflow/.local/lib/python3.12/site-packages/airflow/example_dags/example_complex.py
[2024-09-11T13:40:23.064+0000] {processor.py:925} INFO - DAG(s) 'example_complex' retrieved from /home/airflow/.local/lib/python3.12/site-packages/airflow/example_dags/example_complex.py
[2024-09-11T13:40:23.116+0000] {logging_mixin.py:190} INFO - [2024-09-11T13:40:23.116+0000] {dag.py:3229} INFO - Sync 1 DAGs
[2024-09-11T13:40:23.141+0000] {logging_mixin.py:190} INFO - [2024-09-11T13:40:23.141+0000] {dag.py:4156} INFO - Setting next_dagrun for example_complex to None, run_after=None
[2024-09-11T13:40:23.172+0000] {processor.py:208} INFO - Processing /home/airflow/.local/lib/python3.12/site-packages/airflow/example_dags/example_complex.py took 0.142 seconds
[2024-09-11T13:40:53.791+0000] {processor.py:186} INFO - Started process (PID=770) to work on /home/airflow/.local/lib/python3.12/site-packages/airflow/example_dags/example_complex.py
[2024-09-11T13:40:53.793+0000] {processor.py:914} INFO - Processing file /home/airflow/.local/lib/python3.12/site-packages/airflow/example_dags/example_complex.py for tasks to queue
[2024-09-11T13:40:53.797+0000] {logging_mixin.py:190} INFO - [2024-09-11T13:40:53.796+0000] {dagbag.py:587} INFO - Filling up the DagBag from /home/airflow/.local/lib/python3.12/site-packages/airflow/example_dags/example_complex.py
[2024-09-11T13:40:53.819+0000] {processor.py:925} INFO - DAG(s) 'example_complex' retrieved from /home/airflow/.local/lib/python3.12/site-packages/airflow/example_dags/example_complex.py
[2024-09-11T13:40:53.864+0000] {logging_mixin.py:190} INFO - [2024-09-11T13:40:53.864+0000] {dag.py:3229} INFO - Sync 1 DAGs
[2024-09-11T13:40:53.905+0000] {logging_mixin.py:190} INFO - [2024-09-11T13:40:53.904+0000] {dag.py:4156} INFO - Setting next_dagrun for example_complex to None, run_after=None
[2024-09-11T13:40:53.937+0000] {processor.py:208} INFO - Processing /home/airflow/.local/lib/python3.12/site-packages/airflow/example_dags/example_complex.py took 0.156 seconds
[2024-09-11T13:41:24.618+0000] {processor.py:186} INFO - Started process (PID=832) to work on /home/airflow/.local/lib/python3.12/site-packages/airflow/example_dags/example_complex.py
[2024-09-11T13:41:24.619+0000] {processor.py:914} INFO - Processing file /home/airflow/.local/lib/python3.12/site-packages/airflow/example_dags/example_complex.py for tasks to queue
[2024-09-11T13:41:24.623+0000] {logging_mixin.py:190} INFO - [2024-09-11T13:41:24.622+0000] {dagbag.py:587} INFO - Filling up the DagBag from /home/airflow/.local/lib/python3.12/site-packages/airflow/example_dags/example_complex.py
[2024-09-11T13:41:24.638+0000] {processor.py:925} INFO - DAG(s) 'example_complex' retrieved from /home/airflow/.local/lib/python3.12/site-packages/airflow/example_dags/example_complex.py
[2024-09-11T13:41:24.681+0000] {logging_mixin.py:190} INFO - [2024-09-11T13:41:24.681+0000] {dag.py:3229} INFO - Sync 1 DAGs
[2024-09-11T13:41:24.706+0000] {logging_mixin.py:190} INFO - [2024-09-11T13:41:24.706+0000] {dag.py:4156} INFO - Setting next_dagrun for example_complex to None, run_after=None
[2024-09-11T13:41:24.726+0000] {processor.py:208} INFO - Processing /home/airflow/.local/lib/python3.12/site-packages/airflow/example_dags/example_complex.py took 0.118 seconds
[2024-09-11T13:41:55.046+0000] {processor.py:186} INFO - Started process (PID=894) to work on /home/airflow/.local/lib/python3.12/site-packages/airflow/example_dags/example_complex.py
[2024-09-11T13:41:55.047+0000] {processor.py:914} INFO - Processing file /home/airflow/.local/lib/python3.12/site-packages/airflow/example_dags/example_complex.py for tasks to queue
[2024-09-11T13:41:55.050+0000] {logging_mixin.py:190} INFO - [2024-09-11T13:41:55.050+0000] {dagbag.py:587} INFO - Filling up the DagBag from /home/airflow/.local/lib/python3.12/site-packages/airflow/example_dags/example_complex.py
[2024-09-11T13:41:55.064+0000] {processor.py:925} INFO - DAG(s) 'example_complex' retrieved from /home/airflow/.local/lib/python3.12/site-packages/airflow/example_dags/example_complex.py
[2024-09-11T13:41:55.102+0000] {logging_mixin.py:190} INFO - [2024-09-11T13:41:55.102+0000] {dag.py:3229} INFO - Sync 1 DAGs
[2024-09-11T13:41:55.120+0000] {logging_mixin.py:190} INFO - [2024-09-11T13:41:55.119+0000] {dag.py:4156} INFO - Setting next_dagrun for example_complex to None, run_after=None
[2024-09-11T13:41:55.143+0000] {processor.py:208} INFO - Processing /home/airflow/.local/lib/python3.12/site-packages/airflow/example_dags/example_complex.py took 0.103 seconds
[2024-09-11T13:42:25.801+0000] {processor.py:186} INFO - Started process (PID=956) to work on /home/airflow/.local/lib/python3.12/site-packages/airflow/example_dags/example_complex.py
[2024-09-11T13:42:25.802+0000] {processor.py:914} INFO - Processing file /home/airflow/.local/lib/python3.12/site-packages/airflow/example_dags/example_complex.py for tasks to queue
[2024-09-11T13:42:25.805+0000] {logging_mixin.py:190} INFO - [2024-09-11T13:42:25.805+0000] {dagbag.py:587} INFO - Filling up the DagBag from /home/airflow/.local/lib/python3.12/site-packages/airflow/example_dags/example_complex.py
[2024-09-11T13:42:25.823+0000] {processor.py:925} INFO - DAG(s) 'example_complex' retrieved from /home/airflow/.local/lib/python3.12/site-packages/airflow/example_dags/example_complex.py
[2024-09-11T13:42:25.880+0000] {logging_mixin.py:190} INFO - [2024-09-11T13:42:25.880+0000] {dag.py:3229} INFO - Sync 1 DAGs
[2024-09-11T13:42:25.915+0000] {logging_mixin.py:190} INFO - [2024-09-11T13:42:25.915+0000] {dag.py:4156} INFO - Setting next_dagrun for example_complex to None, run_after=None
[2024-09-11T13:42:25.952+0000] {processor.py:208} INFO - Processing /home/airflow/.local/lib/python3.12/site-packages/airflow/example_dags/example_complex.py took 0.159 seconds
[2024-09-11T13:42:56.419+0000] {processor.py:186} INFO - Started process (PID=1018) to work on /home/airflow/.local/lib/python3.12/site-packages/airflow/example_dags/example_complex.py
[2024-09-11T13:42:56.421+0000] {processor.py:914} INFO - Processing file /home/airflow/.local/lib/python3.12/site-packages/airflow/example_dags/example_complex.py for tasks to queue
[2024-09-11T13:42:56.424+0000] {logging_mixin.py:190} INFO - [2024-09-11T13:42:56.424+0000] {dagbag.py:587} INFO - Filling up the DagBag from /home/airflow/.local/lib/python3.12/site-packages/airflow/example_dags/example_complex.py
[2024-09-11T13:42:56.439+0000] {processor.py:925} INFO - DAG(s) 'example_complex' retrieved from /home/airflow/.local/lib/python3.12/site-packages/airflow/example_dags/example_complex.py
[2024-09-11T13:42:56.478+0000] {logging_mixin.py:190} INFO - [2024-09-11T13:42:56.478+0000] {dag.py:3229} INFO - Sync 1 DAGs
[2024-09-11T13:42:56.496+0000] {logging_mixin.py:190} INFO - [2024-09-11T13:42:56.496+0000] {dag.py:4156} INFO - Setting next_dagrun for example_complex to None, run_after=None
[2024-09-11T13:42:56.520+0000] {processor.py:208} INFO - Processing /home/airflow/.local/lib/python3.12/site-packages/airflow/example_dags/example_complex.py took 0.109 seconds
[2024-09-11T13:43:27.533+0000] {processor.py:186} INFO - Started process (PID=1080) to work on /home/airflow/.local/lib/python3.12/site-packages/airflow/example_dags/example_complex.py
[2024-09-11T13:43:27.534+0000] {processor.py:914} INFO - Processing file /home/airflow/.local/lib/python3.12/site-packages/airflow/example_dags/example_complex.py for tasks to queue
[2024-09-11T13:43:27.538+0000] {logging_mixin.py:190} INFO - [2024-09-11T13:43:27.538+0000] {dagbag.py:587} INFO - Filling up the DagBag from /home/airflow/.local/lib/python3.12/site-packages/airflow/example_dags/example_complex.py
[2024-09-11T13:43:27.560+0000] {processor.py:925} INFO - DAG(s) 'example_complex' retrieved from /home/airflow/.local/lib/python3.12/site-packages/airflow/example_dags/example_complex.py
[2024-09-11T13:43:27.602+0000] {logging_mixin.py:190} INFO - [2024-09-11T13:43:27.602+0000] {dag.py:3229} INFO - Sync 1 DAGs
[2024-09-11T13:43:27.620+0000] {logging_mixin.py:190} INFO - [2024-09-11T13:43:27.620+0000] {dag.py:4156} INFO - Setting next_dagrun for example_complex to None, run_after=None
[2024-09-11T13:43:27.646+0000] {processor.py:208} INFO - Processing /home/airflow/.local/lib/python3.12/site-packages/airflow/example_dags/example_complex.py took 0.123 seconds
[2024-09-11T13:43:58.291+0000] {processor.py:186} INFO - Started process (PID=1142) to work on /home/airflow/.local/lib/python3.12/site-packages/airflow/example_dags/example_complex.py
[2024-09-11T13:43:58.292+0000] {processor.py:914} INFO - Processing file /home/airflow/.local/lib/python3.12/site-packages/airflow/example_dags/example_complex.py for tasks to queue
[2024-09-11T13:43:58.294+0000] {logging_mixin.py:190} INFO - [2024-09-11T13:43:58.294+0000] {dagbag.py:587} INFO - Filling up the DagBag from /home/airflow/.local/lib/python3.12/site-packages/airflow/example_dags/example_complex.py
[2024-09-11T13:43:58.309+0000] {processor.py:925} INFO - DAG(s) 'example_complex' retrieved from /home/airflow/.local/lib/python3.12/site-packages/airflow/example_dags/example_complex.py
[2024-09-11T13:43:58.346+0000] {logging_mixin.py:190} INFO - [2024-09-11T13:43:58.346+0000] {dag.py:3229} INFO - Sync 1 DAGs
[2024-09-11T13:43:58.363+0000] {logging_mixin.py:190} INFO - [2024-09-11T13:43:58.362+0000] {dag.py:4156} INFO - Setting next_dagrun for example_complex to None, run_after=None
[2024-09-11T13:43:58.384+0000] {processor.py:208} INFO - Processing /home/airflow/.local/lib/python3.12/site-packages/airflow/example_dags/example_complex.py took 0.100 seconds
[2024-09-11T13:44:28.833+0000] {processor.py:186} INFO - Started process (PID=1204) to work on /home/airflow/.local/lib/python3.12/site-packages/airflow/example_dags/example_complex.py
[2024-09-11T13:44:28.834+0000] {processor.py:914} INFO - Processing file /home/airflow/.local/lib/python3.12/site-packages/airflow/example_dags/example_complex.py for tasks to queue
[2024-09-11T13:44:28.837+0000] {logging_mixin.py:190} INFO - [2024-09-11T13:44:28.836+0000] {dagbag.py:587} INFO - Filling up the DagBag from /home/airflow/.local/lib/python3.12/site-packages/airflow/example_dags/example_complex.py
[2024-09-11T13:44:28.852+0000] {processor.py:925} INFO - DAG(s) 'example_complex' retrieved from /home/airflow/.local/lib/python3.12/site-packages/airflow/example_dags/example_complex.py
[2024-09-11T13:44:28.890+0000] {logging_mixin.py:190} INFO - [2024-09-11T13:44:28.890+0000] {dag.py:3229} INFO - Sync 1 DAGs
[2024-09-11T13:44:28.907+0000] {logging_mixin.py:190} INFO - [2024-09-11T13:44:28.907+0000] {dag.py:4156} INFO - Setting next_dagrun for example_complex to None, run_after=None
[2024-09-11T13:44:28.929+0000] {processor.py:208} INFO - Processing /home/airflow/.local/lib/python3.12/site-packages/airflow/example_dags/example_complex.py took 0.103 seconds
[2024-09-11T13:44:59.239+0000] {processor.py:186} INFO - Started process (PID=1266) to work on /home/airflow/.local/lib/python3.12/site-packages/airflow/example_dags/example_complex.py
[2024-09-11T13:44:59.240+0000] {processor.py:914} INFO - Processing file /home/airflow/.local/lib/python3.12/site-packages/airflow/example_dags/example_complex.py for tasks to queue
[2024-09-11T13:44:59.244+0000] {logging_mixin.py:190} INFO - [2024-09-11T13:44:59.243+0000] {dagbag.py:587} INFO - Filling up the DagBag from /home/airflow/.local/lib/python3.12/site-packages/airflow/example_dags/example_complex.py
[2024-09-11T13:44:59.259+0000] {processor.py:925} INFO - DAG(s) 'example_complex' retrieved from /home/airflow/.local/lib/python3.12/site-packages/airflow/example_dags/example_complex.py
[2024-09-11T13:44:59.297+0000] {logging_mixin.py:190} INFO - [2024-09-11T13:44:59.297+0000] {dag.py:3229} INFO - Sync 1 DAGs
[2024-09-11T13:44:59.314+0000] {logging_mixin.py:190} INFO - [2024-09-11T13:44:59.313+0000] {dag.py:4156} INFO - Setting next_dagrun for example_complex to None, run_after=None
[2024-09-11T13:44:59.335+0000] {processor.py:208} INFO - Processing /home/airflow/.local/lib/python3.12/site-packages/airflow/example_dags/example_complex.py took 0.103 seconds
[2024-09-11T13:45:29.786+0000] {processor.py:186} INFO - Started process (PID=1328) to work on /home/airflow/.local/lib/python3.12/site-packages/airflow/example_dags/example_complex.py
[2024-09-11T13:45:29.788+0000] {processor.py:914} INFO - Processing file /home/airflow/.local/lib/python3.12/site-packages/airflow/example_dags/example_complex.py for tasks to queue
[2024-09-11T13:45:29.791+0000] {logging_mixin.py:190} INFO - [2024-09-11T13:45:29.790+0000] {dagbag.py:587} INFO - Filling up the DagBag from /home/airflow/.local/lib/python3.12/site-packages/airflow/example_dags/example_complex.py
[2024-09-11T13:45:29.805+0000] {processor.py:925} INFO - DAG(s) 'example_complex' retrieved from /home/airflow/.local/lib/python3.12/site-packages/airflow/example_dags/example_complex.py
[2024-09-11T13:45:29.847+0000] {logging_mixin.py:190} INFO - [2024-09-11T13:45:29.846+0000] {dag.py:3229} INFO - Sync 1 DAGs
[2024-09-11T13:45:29.863+0000] {logging_mixin.py:190} INFO - [2024-09-11T13:45:29.863+0000] {dag.py:4156} INFO - Setting next_dagrun for example_complex to None, run_after=None
[2024-09-11T13:45:29.886+0000] {processor.py:208} INFO - Processing /home/airflow/.local/lib/python3.12/site-packages/airflow/example_dags/example_complex.py took 0.106 seconds
[2024-09-11T13:46:00.380+0000] {processor.py:186} INFO - Started process (PID=1390) to work on /home/airflow/.local/lib/python3.12/site-packages/airflow/example_dags/example_complex.py
[2024-09-11T13:46:00.381+0000] {processor.py:914} INFO - Processing file /home/airflow/.local/lib/python3.12/site-packages/airflow/example_dags/example_complex.py for tasks to queue
[2024-09-11T13:46:00.384+0000] {logging_mixin.py:190} INFO - [2024-09-11T13:46:00.384+0000] {dagbag.py:587} INFO - Filling up the DagBag from /home/airflow/.local/lib/python3.12/site-packages/airflow/example_dags/example_complex.py
[2024-09-11T13:46:00.398+0000] {processor.py:925} INFO - DAG(s) 'example_complex' retrieved from /home/airflow/.local/lib/python3.12/site-packages/airflow/example_dags/example_complex.py
[2024-09-11T13:46:00.436+0000] {logging_mixin.py:190} INFO - [2024-09-11T13:46:00.436+0000] {dag.py:3229} INFO - Sync 1 DAGs
[2024-09-11T13:46:00.453+0000] {logging_mixin.py:190} INFO - [2024-09-11T13:46:00.453+0000] {dag.py:4156} INFO - Setting next_dagrun for example_complex to None, run_after=None
[2024-09-11T13:46:00.475+0000] {processor.py:208} INFO - Processing /home/airflow/.local/lib/python3.12/site-packages/airflow/example_dags/example_complex.py took 0.102 seconds
[2024-09-11T13:46:31.206+0000] {processor.py:186} INFO - Started process (PID=1452) to work on /home/airflow/.local/lib/python3.12/site-packages/airflow/example_dags/example_complex.py
[2024-09-11T13:46:31.208+0000] {processor.py:914} INFO - Processing file /home/airflow/.local/lib/python3.12/site-packages/airflow/example_dags/example_complex.py for tasks to queue
[2024-09-11T13:46:31.210+0000] {logging_mixin.py:190} INFO - [2024-09-11T13:46:31.210+0000] {dagbag.py:587} INFO - Filling up the DagBag from /home/airflow/.local/lib/python3.12/site-packages/airflow/example_dags/example_complex.py
[2024-09-11T13:46:31.224+0000] {processor.py:925} INFO - DAG(s) 'example_complex' retrieved from /home/airflow/.local/lib/python3.12/site-packages/airflow/example_dags/example_complex.py
[2024-09-11T13:46:31.263+0000] {logging_mixin.py:190} INFO - [2024-09-11T13:46:31.263+0000] {dag.py:3229} INFO - Sync 1 DAGs
[2024-09-11T13:46:31.280+0000] {logging_mixin.py:190} INFO - [2024-09-11T13:46:31.280+0000] {dag.py:4156} INFO - Setting next_dagrun for example_complex to None, run_after=None
[2024-09-11T13:46:31.302+0000] {processor.py:208} INFO - Processing /home/airflow/.local/lib/python3.12/site-packages/airflow/example_dags/example_complex.py took 0.101 seconds
[2024-09-11T13:47:01.771+0000] {processor.py:186} INFO - Started process (PID=1514) to work on /home/airflow/.local/lib/python3.12/site-packages/airflow/example_dags/example_complex.py
[2024-09-11T13:47:01.772+0000] {processor.py:914} INFO - Processing file /home/airflow/.local/lib/python3.12/site-packages/airflow/example_dags/example_complex.py for tasks to queue
[2024-09-11T13:47:01.775+0000] {logging_mixin.py:190} INFO - [2024-09-11T13:47:01.775+0000] {dagbag.py:587} INFO - Filling up the DagBag from /home/airflow/.local/lib/python3.12/site-packages/airflow/example_dags/example_complex.py
[2024-09-11T13:47:01.790+0000] {processor.py:925} INFO - DAG(s) 'example_complex' retrieved from /home/airflow/.local/lib/python3.12/site-packages/airflow/example_dags/example_complex.py
[2024-09-11T13:47:01.830+0000] {logging_mixin.py:190} INFO - [2024-09-11T13:47:01.830+0000] {dag.py:3229} INFO - Sync 1 DAGs
[2024-09-11T13:47:01.847+0000] {logging_mixin.py:190} INFO - [2024-09-11T13:47:01.846+0000] {dag.py:4156} INFO - Setting next_dagrun for example_complex to None, run_after=None
[2024-09-11T13:47:01.870+0000] {processor.py:208} INFO - Processing /home/airflow/.local/lib/python3.12/site-packages/airflow/example_dags/example_complex.py took 0.106 seconds
[2024-09-11T13:47:32.132+0000] {processor.py:186} INFO - Started process (PID=1576) to work on /home/airflow/.local/lib/python3.12/site-packages/airflow/example_dags/example_complex.py
[2024-09-11T13:47:32.134+0000] {processor.py:914} INFO - Processing file /home/airflow/.local/lib/python3.12/site-packages/airflow/example_dags/example_complex.py for tasks to queue
[2024-09-11T13:47:32.137+0000] {logging_mixin.py:190} INFO - [2024-09-11T13:47:32.136+0000] {dagbag.py:587} INFO - Filling up the DagBag from /home/airflow/.local/lib/python3.12/site-packages/airflow/example_dags/example_complex.py
[2024-09-11T13:47:32.152+0000] {processor.py:925} INFO - DAG(s) 'example_complex' retrieved from /home/airflow/.local/lib/python3.12/site-packages/airflow/example_dags/example_complex.py
[2024-09-11T13:47:32.194+0000] {logging_mixin.py:190} INFO - [2024-09-11T13:47:32.193+0000] {dag.py:3229} INFO - Sync 1 DAGs
[2024-09-11T13:47:32.215+0000] {logging_mixin.py:190} INFO - [2024-09-11T13:47:32.215+0000] {dag.py:4156} INFO - Setting next_dagrun for example_complex to None, run_after=None
[2024-09-11T13:47:32.237+0000] {processor.py:208} INFO - Processing /home/airflow/.local/lib/python3.12/site-packages/airflow/example_dags/example_complex.py took 0.111 seconds
[2024-09-11T13:48:03.412+0000] {processor.py:186} INFO - Started process (PID=1638) to work on /home/airflow/.local/lib/python3.12/site-packages/airflow/example_dags/example_complex.py
[2024-09-11T13:48:03.414+0000] {processor.py:914} INFO - Processing file /home/airflow/.local/lib/python3.12/site-packages/airflow/example_dags/example_complex.py for tasks to queue
[2024-09-11T13:48:03.417+0000] {logging_mixin.py:190} INFO - [2024-09-11T13:48:03.416+0000] {dagbag.py:587} INFO - Filling up the DagBag from /home/airflow/.local/lib/python3.12/site-packages/airflow/example_dags/example_complex.py
[2024-09-11T13:48:03.433+0000] {processor.py:925} INFO - DAG(s) 'example_complex' retrieved from /home/airflow/.local/lib/python3.12/site-packages/airflow/example_dags/example_complex.py
[2024-09-11T13:48:03.481+0000] {logging_mixin.py:190} INFO - [2024-09-11T13:48:03.480+0000] {dag.py:3229} INFO - Sync 1 DAGs
[2024-09-11T13:48:03.500+0000] {logging_mixin.py:190} INFO - [2024-09-11T13:48:03.500+0000] {dag.py:4156} INFO - Setting next_dagrun for example_complex to None, run_after=None
[2024-09-11T13:48:03.527+0000] {processor.py:208} INFO - Processing /home/airflow/.local/lib/python3.12/site-packages/airflow/example_dags/example_complex.py took 0.122 seconds
[2024-09-11T13:48:33.997+0000] {processor.py:186} INFO - Started process (PID=1700) to work on /home/airflow/.local/lib/python3.12/site-packages/airflow/example_dags/example_complex.py
[2024-09-11T13:48:33.998+0000] {processor.py:914} INFO - Processing file /home/airflow/.local/lib/python3.12/site-packages/airflow/example_dags/example_complex.py for tasks to queue
[2024-09-11T13:48:34.001+0000] {logging_mixin.py:190} INFO - [2024-09-11T13:48:34.001+0000] {dagbag.py:587} INFO - Filling up the DagBag from /home/airflow/.local/lib/python3.12/site-packages/airflow/example_dags/example_complex.py
[2024-09-11T13:48:34.015+0000] {processor.py:925} INFO - DAG(s) 'example_complex' retrieved from /home/airflow/.local/lib/python3.12/site-packages/airflow/example_dags/example_complex.py
[2024-09-11T13:48:34.052+0000] {logging_mixin.py:190} INFO - [2024-09-11T13:48:34.052+0000] {dag.py:3229} INFO - Sync 1 DAGs
[2024-09-11T13:48:34.069+0000] {logging_mixin.py:190} INFO - [2024-09-11T13:48:34.069+0000] {dag.py:4156} INFO - Setting next_dagrun for example_complex to None, run_after=None
[2024-09-11T13:48:34.090+0000] {processor.py:208} INFO - Processing /home/airflow/.local/lib/python3.12/site-packages/airflow/example_dags/example_complex.py took 0.100 seconds
[2024-09-11T13:49:05.183+0000] {processor.py:186} INFO - Started process (PID=1762) to work on /home/airflow/.local/lib/python3.12/site-packages/airflow/example_dags/example_complex.py
[2024-09-11T13:49:05.185+0000] {processor.py:914} INFO - Processing file /home/airflow/.local/lib/python3.12/site-packages/airflow/example_dags/example_complex.py for tasks to queue
[2024-09-11T13:49:05.188+0000] {logging_mixin.py:190} INFO - [2024-09-11T13:49:05.188+0000] {dagbag.py:587} INFO - Filling up the DagBag from /home/airflow/.local/lib/python3.12/site-packages/airflow/example_dags/example_complex.py
[2024-09-11T13:49:05.203+0000] {processor.py:925} INFO - DAG(s) 'example_complex' retrieved from /home/airflow/.local/lib/python3.12/site-packages/airflow/example_dags/example_complex.py
[2024-09-11T13:49:05.242+0000] {logging_mixin.py:190} INFO - [2024-09-11T13:49:05.242+0000] {dag.py:3229} INFO - Sync 1 DAGs
[2024-09-11T13:49:05.259+0000] {logging_mixin.py:190} INFO - [2024-09-11T13:49:05.259+0000] {dag.py:4156} INFO - Setting next_dagrun for example_complex to None, run_after=None
[2024-09-11T13:49:05.284+0000] {processor.py:208} INFO - Processing /home/airflow/.local/lib/python3.12/site-packages/airflow/example_dags/example_complex.py took 0.108 seconds
[2024-09-11T13:49:36.514+0000] {processor.py:186} INFO - Started process (PID=1824) to work on /home/airflow/.local/lib/python3.12/site-packages/airflow/example_dags/example_complex.py
[2024-09-11T13:49:36.515+0000] {processor.py:914} INFO - Processing file /home/airflow/.local/lib/python3.12/site-packages/airflow/example_dags/example_complex.py for tasks to queue
[2024-09-11T13:49:36.518+0000] {logging_mixin.py:190} INFO - [2024-09-11T13:49:36.518+0000] {dagbag.py:587} INFO - Filling up the DagBag from /home/airflow/.local/lib/python3.12/site-packages/airflow/example_dags/example_complex.py
[2024-09-11T13:49:36.534+0000] {processor.py:925} INFO - DAG(s) 'example_complex' retrieved from /home/airflow/.local/lib/python3.12/site-packages/airflow/example_dags/example_complex.py
[2024-09-11T13:49:36.573+0000] {logging_mixin.py:190} INFO - [2024-09-11T13:49:36.573+0000] {dag.py:3229} INFO - Sync 1 DAGs
[2024-09-11T13:49:36.589+0000] {logging_mixin.py:190} INFO - [2024-09-11T13:49:36.589+0000] {dag.py:4156} INFO - Setting next_dagrun for example_complex to None, run_after=None
[2024-09-11T13:49:36.610+0000] {processor.py:208} INFO - Processing /home/airflow/.local/lib/python3.12/site-packages/airflow/example_dags/example_complex.py took 0.103 seconds
[2024-09-11T13:50:07.242+0000] {processor.py:186} INFO - Started process (PID=1886) to work on /home/airflow/.local/lib/python3.12/site-packages/airflow/example_dags/example_complex.py
[2024-09-11T13:50:07.243+0000] {processor.py:914} INFO - Processing file /home/airflow/.local/lib/python3.12/site-packages/airflow/example_dags/example_complex.py for tasks to queue
[2024-09-11T13:50:07.246+0000] {logging_mixin.py:190} INFO - [2024-09-11T13:50:07.246+0000] {dagbag.py:587} INFO - Filling up the DagBag from /home/airflow/.local/lib/python3.12/site-packages/airflow/example_dags/example_complex.py
[2024-09-11T13:50:07.268+0000] {processor.py:925} INFO - DAG(s) 'example_complex' retrieved from /home/airflow/.local/lib/python3.12/site-packages/airflow/example_dags/example_complex.py
[2024-09-11T13:50:07.306+0000] {logging_mixin.py:190} INFO - [2024-09-11T13:50:07.306+0000] {dag.py:3229} INFO - Sync 1 DAGs
[2024-09-11T13:50:07.323+0000] {logging_mixin.py:190} INFO - [2024-09-11T13:50:07.323+0000] {dag.py:4156} INFO - Setting next_dagrun for example_complex to None, run_after=None
[2024-09-11T13:50:07.344+0000] {processor.py:208} INFO - Processing /home/airflow/.local/lib/python3.12/site-packages/airflow/example_dags/example_complex.py took 0.114 seconds
[2024-09-11T13:50:38.603+0000] {processor.py:186} INFO - Started process (PID=1948) to work on /home/airflow/.local/lib/python3.12/site-packages/airflow/example_dags/example_complex.py
[2024-09-11T13:50:38.604+0000] {processor.py:914} INFO - Processing file /home/airflow/.local/lib/python3.12/site-packages/airflow/example_dags/example_complex.py for tasks to queue
[2024-09-11T13:50:38.607+0000] {logging_mixin.py:190} INFO - [2024-09-11T13:50:38.607+0000] {dagbag.py:587} INFO - Filling up the DagBag from /home/airflow/.local/lib/python3.12/site-packages/airflow/example_dags/example_complex.py
[2024-09-11T13:50:38.621+0000] {processor.py:925} INFO - DAG(s) 'example_complex' retrieved from /home/airflow/.local/lib/python3.12/site-packages/airflow/example_dags/example_complex.py
[2024-09-11T13:50:38.659+0000] {logging_mixin.py:190} INFO - [2024-09-11T13:50:38.659+0000] {dag.py:3229} INFO - Sync 1 DAGs
[2024-09-11T13:50:38.676+0000] {logging_mixin.py:190} INFO - [2024-09-11T13:50:38.675+0000] {dag.py:4156} INFO - Setting next_dagrun for example_complex to None, run_after=None
[2024-09-11T13:50:38.698+0000] {processor.py:208} INFO - Processing /home/airflow/.local/lib/python3.12/site-packages/airflow/example_dags/example_complex.py took 0.102 seconds
[2024-09-11T13:51:09.812+0000] {processor.py:186} INFO - Started process (PID=2010) to work on /home/airflow/.local/lib/python3.12/site-packages/airflow/example_dags/example_complex.py
[2024-09-11T13:51:09.814+0000] {processor.py:914} INFO - Processing file /home/airflow/.local/lib/python3.12/site-packages/airflow/example_dags/example_complex.py for tasks to queue
[2024-09-11T13:51:09.822+0000] {logging_mixin.py:190} INFO - [2024-09-11T13:51:09.821+0000] {dagbag.py:587} INFO - Filling up the DagBag from /home/airflow/.local/lib/python3.12/site-packages/airflow/example_dags/example_complex.py
[2024-09-11T13:51:09.850+0000] {processor.py:925} INFO - DAG(s) 'example_complex' retrieved from /home/airflow/.local/lib/python3.12/site-packages/airflow/example_dags/example_complex.py
[2024-09-11T13:51:09.925+0000] {logging_mixin.py:190} INFO - [2024-09-11T13:51:09.925+0000] {dag.py:3229} INFO - Sync 1 DAGs
[2024-09-11T13:51:09.961+0000] {logging_mixin.py:190} INFO - [2024-09-11T13:51:09.961+0000] {dag.py:4156} INFO - Setting next_dagrun for example_complex to None, run_after=None
[2024-09-11T13:51:10.007+0000] {processor.py:208} INFO - Processing /home/airflow/.local/lib/python3.12/site-packages/airflow/example_dags/example_complex.py took 0.208 seconds
[2024-09-11T13:51:41.092+0000] {processor.py:186} INFO - Started process (PID=2072) to work on /home/airflow/.local/lib/python3.12/site-packages/airflow/example_dags/example_complex.py
[2024-09-11T13:51:41.093+0000] {processor.py:914} INFO - Processing file /home/airflow/.local/lib/python3.12/site-packages/airflow/example_dags/example_complex.py for tasks to queue
[2024-09-11T13:51:41.097+0000] {logging_mixin.py:190} INFO - [2024-09-11T13:51:41.096+0000] {dagbag.py:587} INFO - Filling up the DagBag from /home/airflow/.local/lib/python3.12/site-packages/airflow/example_dags/example_complex.py
[2024-09-11T13:51:41.114+0000] {processor.py:925} INFO - DAG(s) 'example_complex' retrieved from /home/airflow/.local/lib/python3.12/site-packages/airflow/example_dags/example_complex.py
[2024-09-11T13:51:41.159+0000] {logging_mixin.py:190} INFO - [2024-09-11T13:51:41.158+0000] {dag.py:3229} INFO - Sync 1 DAGs
[2024-09-11T13:51:41.182+0000] {logging_mixin.py:190} INFO - [2024-09-11T13:51:41.182+0000] {dag.py:4156} INFO - Setting next_dagrun for example_complex to None, run_after=None
[2024-09-11T13:51:41.207+0000] {processor.py:208} INFO - Processing /home/airflow/.local/lib/python3.12/site-packages/airflow/example_dags/example_complex.py took 0.122 seconds
[2024-09-11T13:52:12.621+0000] {processor.py:186} INFO - Started process (PID=2134) to work on /home/airflow/.local/lib/python3.12/site-packages/airflow/example_dags/example_complex.py
[2024-09-11T13:52:12.622+0000] {processor.py:914} INFO - Processing file /home/airflow/.local/lib/python3.12/site-packages/airflow/example_dags/example_complex.py for tasks to queue
[2024-09-11T13:52:12.627+0000] {logging_mixin.py:190} INFO - [2024-09-11T13:52:12.626+0000] {dagbag.py:587} INFO - Filling up the DagBag from /home/airflow/.local/lib/python3.12/site-packages/airflow/example_dags/example_complex.py
[2024-09-11T13:52:12.644+0000] {processor.py:925} INFO - DAG(s) 'example_complex' retrieved from /home/airflow/.local/lib/python3.12/site-packages/airflow/example_dags/example_complex.py
[2024-09-11T13:52:12.689+0000] {logging_mixin.py:190} INFO - [2024-09-11T13:52:12.689+0000] {dag.py:3229} INFO - Sync 1 DAGs
[2024-09-11T13:52:12.710+0000] {logging_mixin.py:190} INFO - [2024-09-11T13:52:12.709+0000] {dag.py:4156} INFO - Setting next_dagrun for example_complex to None, run_after=None
[2024-09-11T13:52:12.737+0000] {processor.py:208} INFO - Processing /home/airflow/.local/lib/python3.12/site-packages/airflow/example_dags/example_complex.py took 0.124 seconds
[2024-09-11T13:52:44.375+0000] {processor.py:186} INFO - Started process (PID=2197) to work on /home/airflow/.local/lib/python3.12/site-packages/airflow/example_dags/example_complex.py
[2024-09-11T13:52:44.376+0000] {processor.py:914} INFO - Processing file /home/airflow/.local/lib/python3.12/site-packages/airflow/example_dags/example_complex.py for tasks to queue
[2024-09-11T13:52:44.384+0000] {logging_mixin.py:190} INFO - [2024-09-11T13:52:44.384+0000] {dagbag.py:587} INFO - Filling up the DagBag from /home/airflow/.local/lib/python3.12/site-packages/airflow/example_dags/example_complex.py
[2024-09-11T13:52:44.401+0000] {processor.py:925} INFO - DAG(s) 'example_complex' retrieved from /home/airflow/.local/lib/python3.12/site-packages/airflow/example_dags/example_complex.py
[2024-09-11T13:52:44.449+0000] {logging_mixin.py:190} INFO - [2024-09-11T13:52:44.448+0000] {dag.py:3229} INFO - Sync 1 DAGs
[2024-09-11T13:52:44.470+0000] {logging_mixin.py:190} INFO - [2024-09-11T13:52:44.469+0000] {dag.py:4156} INFO - Setting next_dagrun for example_complex to None, run_after=None
[2024-09-11T13:52:44.494+0000] {processor.py:208} INFO - Processing /home/airflow/.local/lib/python3.12/site-packages/airflow/example_dags/example_complex.py took 0.126 seconds
[2024-09-11T13:53:16.116+0000] {processor.py:186} INFO - Started process (PID=2259) to work on /home/airflow/.local/lib/python3.12/site-packages/airflow/example_dags/example_complex.py
[2024-09-11T13:53:16.118+0000] {processor.py:914} INFO - Processing file /home/airflow/.local/lib/python3.12/site-packages/airflow/example_dags/example_complex.py for tasks to queue
[2024-09-11T13:53:16.126+0000] {logging_mixin.py:190} INFO - [2024-09-11T13:53:16.125+0000] {dagbag.py:587} INFO - Filling up the DagBag from /home/airflow/.local/lib/python3.12/site-packages/airflow/example_dags/example_complex.py
[2024-09-11T13:53:16.168+0000] {processor.py:925} INFO - DAG(s) 'example_complex' retrieved from /home/airflow/.local/lib/python3.12/site-packages/airflow/example_dags/example_complex.py
[2024-09-11T13:53:16.245+0000] {logging_mixin.py:190} INFO - [2024-09-11T13:53:16.244+0000] {dag.py:3229} INFO - Sync 1 DAGs
[2024-09-11T13:53:16.269+0000] {logging_mixin.py:190} INFO - [2024-09-11T13:53:16.268+0000] {dag.py:4156} INFO - Setting next_dagrun for example_complex to None, run_after=None
[2024-09-11T13:53:16.313+0000] {processor.py:208} INFO - Processing /home/airflow/.local/lib/python3.12/site-packages/airflow/example_dags/example_complex.py took 0.209 seconds
[2024-09-11T13:53:47.190+0000] {processor.py:186} INFO - Started process (PID=2321) to work on /home/airflow/.local/lib/python3.12/site-packages/airflow/example_dags/example_complex.py
[2024-09-11T13:53:47.191+0000] {processor.py:914} INFO - Processing file /home/airflow/.local/lib/python3.12/site-packages/airflow/example_dags/example_complex.py for tasks to queue
[2024-09-11T13:53:47.194+0000] {logging_mixin.py:190} INFO - [2024-09-11T13:53:47.194+0000] {dagbag.py:587} INFO - Filling up the DagBag from /home/airflow/.local/lib/python3.12/site-packages/airflow/example_dags/example_complex.py
[2024-09-11T13:53:47.215+0000] {processor.py:925} INFO - DAG(s) 'example_complex' retrieved from /home/airflow/.local/lib/python3.12/site-packages/airflow/example_dags/example_complex.py
[2024-09-11T13:53:47.261+0000] {logging_mixin.py:190} INFO - [2024-09-11T13:53:47.260+0000] {dag.py:3229} INFO - Sync 1 DAGs
[2024-09-11T13:53:47.281+0000] {logging_mixin.py:190} INFO - [2024-09-11T13:53:47.280+0000] {dag.py:4156} INFO - Setting next_dagrun for example_complex to None, run_after=None
[2024-09-11T13:53:47.311+0000] {processor.py:208} INFO - Processing /home/airflow/.local/lib/python3.12/site-packages/airflow/example_dags/example_complex.py took 0.131 seconds
[2024-09-11T13:54:18.254+0000] {processor.py:186} INFO - Started process (PID=2383) to work on /home/airflow/.local/lib/python3.12/site-packages/airflow/example_dags/example_complex.py
[2024-09-11T13:54:18.256+0000] {processor.py:914} INFO - Processing file /home/airflow/.local/lib/python3.12/site-packages/airflow/example_dags/example_complex.py for tasks to queue
[2024-09-11T13:54:18.261+0000] {logging_mixin.py:190} INFO - [2024-09-11T13:54:18.261+0000] {dagbag.py:587} INFO - Filling up the DagBag from /home/airflow/.local/lib/python3.12/site-packages/airflow/example_dags/example_complex.py
[2024-09-11T13:54:18.279+0000] {processor.py:925} INFO - DAG(s) 'example_complex' retrieved from /home/airflow/.local/lib/python3.12/site-packages/airflow/example_dags/example_complex.py
[2024-09-11T13:54:18.330+0000] {logging_mixin.py:190} INFO - [2024-09-11T13:54:18.329+0000] {dag.py:3229} INFO - Sync 1 DAGs
[2024-09-11T13:54:18.354+0000] {logging_mixin.py:190} INFO - [2024-09-11T13:54:18.353+0000] {dag.py:4156} INFO - Setting next_dagrun for example_complex to None, run_after=None
[2024-09-11T13:54:18.388+0000] {processor.py:208} INFO - Processing /home/airflow/.local/lib/python3.12/site-packages/airflow/example_dags/example_complex.py took 0.144 seconds
[2024-09-11T13:54:49.872+0000] {processor.py:186} INFO - Started process (PID=2446) to work on /home/airflow/.local/lib/python3.12/site-packages/airflow/example_dags/example_complex.py
[2024-09-11T13:54:49.875+0000] {processor.py:914} INFO - Processing file /home/airflow/.local/lib/python3.12/site-packages/airflow/example_dags/example_complex.py for tasks to queue
[2024-09-11T13:54:49.880+0000] {logging_mixin.py:190} INFO - [2024-09-11T13:54:49.879+0000] {dagbag.py:587} INFO - Filling up the DagBag from /home/airflow/.local/lib/python3.12/site-packages/airflow/example_dags/example_complex.py
[2024-09-11T13:54:49.948+0000] {processor.py:925} INFO - DAG(s) 'example_complex' retrieved from /home/airflow/.local/lib/python3.12/site-packages/airflow/example_dags/example_complex.py
[2024-09-11T13:54:50.073+0000] {logging_mixin.py:190} INFO - [2024-09-11T13:54:50.072+0000] {dag.py:3229} INFO - Sync 1 DAGs
[2024-09-11T13:54:50.138+0000] {logging_mixin.py:190} INFO - [2024-09-11T13:54:50.137+0000] {dag.py:4156} INFO - Setting next_dagrun for example_complex to None, run_after=None
[2024-09-11T13:54:50.206+0000] {processor.py:208} INFO - Processing /home/airflow/.local/lib/python3.12/site-packages/airflow/example_dags/example_complex.py took 0.356 seconds
[2024-09-11T13:55:21.106+0000] {processor.py:186} INFO - Started process (PID=2508) to work on /home/airflow/.local/lib/python3.12/site-packages/airflow/example_dags/example_complex.py
[2024-09-11T13:55:21.107+0000] {processor.py:914} INFO - Processing file /home/airflow/.local/lib/python3.12/site-packages/airflow/example_dags/example_complex.py for tasks to queue
[2024-09-11T13:55:21.111+0000] {logging_mixin.py:190} INFO - [2024-09-11T13:55:21.111+0000] {dagbag.py:587} INFO - Filling up the DagBag from /home/airflow/.local/lib/python3.12/site-packages/airflow/example_dags/example_complex.py
[2024-09-11T13:55:21.126+0000] {processor.py:925} INFO - DAG(s) 'example_complex' retrieved from /home/airflow/.local/lib/python3.12/site-packages/airflow/example_dags/example_complex.py
[2024-09-11T13:55:21.174+0000] {logging_mixin.py:190} INFO - [2024-09-11T13:55:21.174+0000] {dag.py:3229} INFO - Sync 1 DAGs
[2024-09-11T13:55:21.192+0000] {logging_mixin.py:190} INFO - [2024-09-11T13:55:21.192+0000] {dag.py:4156} INFO - Setting next_dagrun for example_complex to None, run_after=None
[2024-09-11T13:55:21.219+0000] {processor.py:208} INFO - Processing /home/airflow/.local/lib/python3.12/site-packages/airflow/example_dags/example_complex.py took 0.122 seconds
[2024-09-11T13:55:51.922+0000] {processor.py:186} INFO - Started process (PID=2570) to work on /home/airflow/.local/lib/python3.12/site-packages/airflow/example_dags/example_complex.py
[2024-09-11T13:55:51.924+0000] {processor.py:914} INFO - Processing file /home/airflow/.local/lib/python3.12/site-packages/airflow/example_dags/example_complex.py for tasks to queue
[2024-09-11T13:55:51.926+0000] {logging_mixin.py:190} INFO - [2024-09-11T13:55:51.926+0000] {dagbag.py:587} INFO - Filling up the DagBag from /home/airflow/.local/lib/python3.12/site-packages/airflow/example_dags/example_complex.py
[2024-09-11T13:55:51.942+0000] {processor.py:925} INFO - DAG(s) 'example_complex' retrieved from /home/airflow/.local/lib/python3.12/site-packages/airflow/example_dags/example_complex.py
[2024-09-11T13:55:51.990+0000] {logging_mixin.py:190} INFO - [2024-09-11T13:55:51.990+0000] {dag.py:3229} INFO - Sync 1 DAGs
[2024-09-11T13:55:52.011+0000] {logging_mixin.py:190} INFO - [2024-09-11T13:55:52.011+0000] {dag.py:4156} INFO - Setting next_dagrun for example_complex to None, run_after=None
[2024-09-11T13:55:52.037+0000] {processor.py:208} INFO - Processing /home/airflow/.local/lib/python3.12/site-packages/airflow/example_dags/example_complex.py took 0.126 seconds
[2024-09-11T13:56:22.998+0000] {processor.py:186} INFO - Started process (PID=2632) to work on /home/airflow/.local/lib/python3.12/site-packages/airflow/example_dags/example_complex.py
[2024-09-11T13:56:22.999+0000] {processor.py:914} INFO - Processing file /home/airflow/.local/lib/python3.12/site-packages/airflow/example_dags/example_complex.py for tasks to queue
[2024-09-11T13:56:23.001+0000] {logging_mixin.py:190} INFO - [2024-09-11T13:56:23.001+0000] {dagbag.py:587} INFO - Filling up the DagBag from /home/airflow/.local/lib/python3.12/site-packages/airflow/example_dags/example_complex.py
[2024-09-11T13:56:23.019+0000] {processor.py:925} INFO - DAG(s) 'example_complex' retrieved from /home/airflow/.local/lib/python3.12/site-packages/airflow/example_dags/example_complex.py
[2024-09-11T13:56:23.111+0000] {logging_mixin.py:190} INFO - [2024-09-11T13:56:23.111+0000] {dag.py:3229} INFO - Sync 1 DAGs
[2024-09-11T13:56:23.163+0000] {logging_mixin.py:190} INFO - [2024-09-11T13:56:23.162+0000] {dag.py:4156} INFO - Setting next_dagrun for example_complex to None, run_after=None
[2024-09-11T13:56:23.191+0000] {processor.py:208} INFO - Processing /home/airflow/.local/lib/python3.12/site-packages/airflow/example_dags/example_complex.py took 0.204 seconds
[2024-09-11T13:56:54.056+0000] {processor.py:186} INFO - Started process (PID=2699) to work on /home/airflow/.local/lib/python3.12/site-packages/airflow/example_dags/example_complex.py
[2024-09-11T13:56:54.058+0000] {processor.py:914} INFO - Processing file /home/airflow/.local/lib/python3.12/site-packages/airflow/example_dags/example_complex.py for tasks to queue
[2024-09-11T13:56:54.061+0000] {logging_mixin.py:190} INFO - [2024-09-11T13:56:54.061+0000] {dagbag.py:587} INFO - Filling up the DagBag from /home/airflow/.local/lib/python3.12/site-packages/airflow/example_dags/example_complex.py
[2024-09-11T13:56:54.085+0000] {processor.py:925} INFO - DAG(s) 'example_complex' retrieved from /home/airflow/.local/lib/python3.12/site-packages/airflow/example_dags/example_complex.py
[2024-09-11T13:56:54.161+0000] {logging_mixin.py:190} INFO - [2024-09-11T13:56:54.161+0000] {dag.py:3229} INFO - Sync 1 DAGs
[2024-09-11T13:56:54.186+0000] {logging_mixin.py:190} INFO - [2024-09-11T13:56:54.186+0000] {dag.py:4156} INFO - Setting next_dagrun for example_complex to None, run_after=None
[2024-09-11T13:56:54.225+0000] {processor.py:208} INFO - Processing /home/airflow/.local/lib/python3.12/site-packages/airflow/example_dags/example_complex.py took 0.180 seconds
[2024-09-11T13:57:25.236+0000] {processor.py:186} INFO - Started process (PID=2761) to work on /home/airflow/.local/lib/python3.12/site-packages/airflow/example_dags/example_complex.py
[2024-09-11T13:57:25.237+0000] {processor.py:914} INFO - Processing file /home/airflow/.local/lib/python3.12/site-packages/airflow/example_dags/example_complex.py for tasks to queue
[2024-09-11T13:57:25.240+0000] {logging_mixin.py:190} INFO - [2024-09-11T13:57:25.240+0000] {dagbag.py:587} INFO - Filling up the DagBag from /home/airflow/.local/lib/python3.12/site-packages/airflow/example_dags/example_complex.py
[2024-09-11T13:57:25.254+0000] {processor.py:925} INFO - DAG(s) 'example_complex' retrieved from /home/airflow/.local/lib/python3.12/site-packages/airflow/example_dags/example_complex.py
[2024-09-11T13:57:25.309+0000] {logging_mixin.py:190} INFO - [2024-09-11T13:57:25.309+0000] {dag.py:3229} INFO - Sync 1 DAGs
[2024-09-11T13:57:25.328+0000] {logging_mixin.py:190} INFO - [2024-09-11T13:57:25.327+0000] {dag.py:4156} INFO - Setting next_dagrun for example_complex to None, run_after=None
[2024-09-11T13:57:25.351+0000] {processor.py:208} INFO - Processing /home/airflow/.local/lib/python3.12/site-packages/airflow/example_dags/example_complex.py took 0.122 seconds
[2024-09-11T13:57:56.594+0000] {processor.py:186} INFO - Started process (PID=2823) to work on /home/airflow/.local/lib/python3.12/site-packages/airflow/example_dags/example_complex.py
[2024-09-11T13:57:56.596+0000] {processor.py:914} INFO - Processing file /home/airflow/.local/lib/python3.12/site-packages/airflow/example_dags/example_complex.py for tasks to queue
[2024-09-11T13:57:56.599+0000] {logging_mixin.py:190} INFO - [2024-09-11T13:57:56.599+0000] {dagbag.py:587} INFO - Filling up the DagBag from /home/airflow/.local/lib/python3.12/site-packages/airflow/example_dags/example_complex.py
[2024-09-11T13:57:56.613+0000] {processor.py:925} INFO - DAG(s) 'example_complex' retrieved from /home/airflow/.local/lib/python3.12/site-packages/airflow/example_dags/example_complex.py
[2024-09-11T13:57:57.132+0000] {logging_mixin.py:190} INFO - [2024-09-11T13:57:57.131+0000] {dag.py:3229} INFO - Sync 1 DAGs
[2024-09-11T13:57:57.149+0000] {logging_mixin.py:190} INFO - [2024-09-11T13:57:57.149+0000] {dag.py:4156} INFO - Setting next_dagrun for example_complex to None, run_after=None
[2024-09-11T13:57:57.168+0000] {processor.py:208} INFO - Processing /home/airflow/.local/lib/python3.12/site-packages/airflow/example_dags/example_complex.py took 0.581 seconds
[2024-09-11T13:58:27.571+0000] {processor.py:186} INFO - Started process (PID=2885) to work on /home/airflow/.local/lib/python3.12/site-packages/airflow/example_dags/example_complex.py
[2024-09-11T13:58:27.573+0000] {processor.py:914} INFO - Processing file /home/airflow/.local/lib/python3.12/site-packages/airflow/example_dags/example_complex.py for tasks to queue
[2024-09-11T13:58:27.576+0000] {logging_mixin.py:190} INFO - [2024-09-11T13:58:27.576+0000] {dagbag.py:587} INFO - Filling up the DagBag from /home/airflow/.local/lib/python3.12/site-packages/airflow/example_dags/example_complex.py
[2024-09-11T13:58:27.597+0000] {processor.py:925} INFO - DAG(s) 'example_complex' retrieved from /home/airflow/.local/lib/python3.12/site-packages/airflow/example_dags/example_complex.py
[2024-09-11T13:58:27.639+0000] {logging_mixin.py:190} INFO - [2024-09-11T13:58:27.639+0000] {dag.py:3229} INFO - Sync 1 DAGs
[2024-09-11T13:58:27.657+0000] {logging_mixin.py:190} INFO - [2024-09-11T13:58:27.656+0000] {dag.py:4156} INFO - Setting next_dagrun for example_complex to None, run_after=None
[2024-09-11T13:58:27.680+0000] {processor.py:208} INFO - Processing /home/airflow/.local/lib/python3.12/site-packages/airflow/example_dags/example_complex.py took 0.118 seconds
[2024-09-11T13:58:58.223+0000] {processor.py:186} INFO - Started process (PID=2947) to work on /home/airflow/.local/lib/python3.12/site-packages/airflow/example_dags/example_complex.py
[2024-09-11T13:58:58.224+0000] {processor.py:914} INFO - Processing file /home/airflow/.local/lib/python3.12/site-packages/airflow/example_dags/example_complex.py for tasks to queue
[2024-09-11T13:58:58.227+0000] {logging_mixin.py:190} INFO - [2024-09-11T13:58:58.227+0000] {dagbag.py:587} INFO - Filling up the DagBag from /home/airflow/.local/lib/python3.12/site-packages/airflow/example_dags/example_complex.py
[2024-09-11T13:58:58.242+0000] {processor.py:925} INFO - DAG(s) 'example_complex' retrieved from /home/airflow/.local/lib/python3.12/site-packages/airflow/example_dags/example_complex.py
[2024-09-11T13:58:58.280+0000] {logging_mixin.py:190} INFO - [2024-09-11T13:58:58.280+0000] {dag.py:3229} INFO - Sync 1 DAGs
[2024-09-11T13:58:58.296+0000] {logging_mixin.py:190} INFO - [2024-09-11T13:58:58.296+0000] {dag.py:4156} INFO - Setting next_dagrun for example_complex to None, run_after=None
[2024-09-11T13:58:58.318+0000] {processor.py:208} INFO - Processing /home/airflow/.local/lib/python3.12/site-packages/airflow/example_dags/example_complex.py took 0.101 seconds
[2024-09-11T13:59:29.322+0000] {processor.py:186} INFO - Started process (PID=3009) to work on /home/airflow/.local/lib/python3.12/site-packages/airflow/example_dags/example_complex.py
[2024-09-11T13:59:29.324+0000] {processor.py:914} INFO - Processing file /home/airflow/.local/lib/python3.12/site-packages/airflow/example_dags/example_complex.py for tasks to queue
[2024-09-11T13:59:29.327+0000] {logging_mixin.py:190} INFO - [2024-09-11T13:59:29.326+0000] {dagbag.py:587} INFO - Filling up the DagBag from /home/airflow/.local/lib/python3.12/site-packages/airflow/example_dags/example_complex.py
[2024-09-11T13:59:29.340+0000] {processor.py:925} INFO - DAG(s) 'example_complex' retrieved from /home/airflow/.local/lib/python3.12/site-packages/airflow/example_dags/example_complex.py
[2024-09-11T13:59:29.379+0000] {logging_mixin.py:190} INFO - [2024-09-11T13:59:29.379+0000] {dag.py:3229} INFO - Sync 1 DAGs
[2024-09-11T13:59:29.396+0000] {logging_mixin.py:190} INFO - [2024-09-11T13:59:29.396+0000] {dag.py:4156} INFO - Setting next_dagrun for example_complex to None, run_after=None
[2024-09-11T13:59:29.419+0000] {processor.py:208} INFO - Processing /home/airflow/.local/lib/python3.12/site-packages/airflow/example_dags/example_complex.py took 0.104 seconds
[2024-09-11T13:59:59.810+0000] {processor.py:186} INFO - Started process (PID=3071) to work on /home/airflow/.local/lib/python3.12/site-packages/airflow/example_dags/example_complex.py
[2024-09-11T13:59:59.811+0000] {processor.py:914} INFO - Processing file /home/airflow/.local/lib/python3.12/site-packages/airflow/example_dags/example_complex.py for tasks to queue
[2024-09-11T13:59:59.814+0000] {logging_mixin.py:190} INFO - [2024-09-11T13:59:59.814+0000] {dagbag.py:587} INFO - Filling up the DagBag from /home/airflow/.local/lib/python3.12/site-packages/airflow/example_dags/example_complex.py
[2024-09-11T13:59:59.828+0000] {processor.py:925} INFO - DAG(s) 'example_complex' retrieved from /home/airflow/.local/lib/python3.12/site-packages/airflow/example_dags/example_complex.py
[2024-09-11T13:59:59.867+0000] {logging_mixin.py:190} INFO - [2024-09-11T13:59:59.867+0000] {dag.py:3229} INFO - Sync 1 DAGs
[2024-09-11T13:59:59.884+0000] {logging_mixin.py:190} INFO - [2024-09-11T13:59:59.884+0000] {dag.py:4156} INFO - Setting next_dagrun for example_complex to None, run_after=None
[2024-09-11T13:59:59.907+0000] {processor.py:208} INFO - Processing /home/airflow/.local/lib/python3.12/site-packages/airflow/example_dags/example_complex.py took 0.104 seconds
[2024-09-11T14:00:30.223+0000] {processor.py:186} INFO - Started process (PID=3133) to work on /home/airflow/.local/lib/python3.12/site-packages/airflow/example_dags/example_complex.py
[2024-09-11T14:00:30.225+0000] {processor.py:914} INFO - Processing file /home/airflow/.local/lib/python3.12/site-packages/airflow/example_dags/example_complex.py for tasks to queue
[2024-09-11T14:00:30.228+0000] {logging_mixin.py:190} INFO - [2024-09-11T14:00:30.227+0000] {dagbag.py:587} INFO - Filling up the DagBag from /home/airflow/.local/lib/python3.12/site-packages/airflow/example_dags/example_complex.py
[2024-09-11T14:00:30.244+0000] {processor.py:925} INFO - DAG(s) 'example_complex' retrieved from /home/airflow/.local/lib/python3.12/site-packages/airflow/example_dags/example_complex.py
[2024-09-11T14:00:30.286+0000] {logging_mixin.py:190} INFO - [2024-09-11T14:00:30.286+0000] {dag.py:3229} INFO - Sync 1 DAGs
[2024-09-11T14:00:30.304+0000] {logging_mixin.py:190} INFO - [2024-09-11T14:00:30.304+0000] {dag.py:4156} INFO - Setting next_dagrun for example_complex to None, run_after=None
[2024-09-11T14:00:30.329+0000] {processor.py:208} INFO - Processing /home/airflow/.local/lib/python3.12/site-packages/airflow/example_dags/example_complex.py took 0.114 seconds
[2024-09-11T14:01:01.110+0000] {processor.py:186} INFO - Started process (PID=3195) to work on /home/airflow/.local/lib/python3.12/site-packages/airflow/example_dags/example_complex.py
[2024-09-11T14:01:01.111+0000] {processor.py:914} INFO - Processing file /home/airflow/.local/lib/python3.12/site-packages/airflow/example_dags/example_complex.py for tasks to queue
[2024-09-11T14:01:01.115+0000] {logging_mixin.py:190} INFO - [2024-09-11T14:01:01.114+0000] {dagbag.py:587} INFO - Filling up the DagBag from /home/airflow/.local/lib/python3.12/site-packages/airflow/example_dags/example_complex.py
[2024-09-11T14:01:01.137+0000] {processor.py:925} INFO - DAG(s) 'example_complex' retrieved from /home/airflow/.local/lib/python3.12/site-packages/airflow/example_dags/example_complex.py
[2024-09-11T14:01:01.191+0000] {logging_mixin.py:190} INFO - [2024-09-11T14:01:01.191+0000] {dag.py:3229} INFO - Sync 1 DAGs
[2024-09-11T14:01:01.211+0000] {logging_mixin.py:190} INFO - [2024-09-11T14:01:01.211+0000] {dag.py:4156} INFO - Setting next_dagrun for example_complex to None, run_after=None
[2024-09-11T14:01:01.241+0000] {processor.py:208} INFO - Processing /home/airflow/.local/lib/python3.12/site-packages/airflow/example_dags/example_complex.py took 0.138 seconds
[2024-09-11T14:01:32.172+0000] {processor.py:186} INFO - Started process (PID=3257) to work on /home/airflow/.local/lib/python3.12/site-packages/airflow/example_dags/example_complex.py
[2024-09-11T14:01:32.173+0000] {processor.py:914} INFO - Processing file /home/airflow/.local/lib/python3.12/site-packages/airflow/example_dags/example_complex.py for tasks to queue
[2024-09-11T14:01:32.176+0000] {logging_mixin.py:190} INFO - [2024-09-11T14:01:32.176+0000] {dagbag.py:587} INFO - Filling up the DagBag from /home/airflow/.local/lib/python3.12/site-packages/airflow/example_dags/example_complex.py
[2024-09-11T14:01:32.190+0000] {processor.py:925} INFO - DAG(s) 'example_complex' retrieved from /home/airflow/.local/lib/python3.12/site-packages/airflow/example_dags/example_complex.py
[2024-09-11T14:01:32.231+0000] {logging_mixin.py:190} INFO - [2024-09-11T14:01:32.231+0000] {dag.py:3229} INFO - Sync 1 DAGs
[2024-09-11T14:01:32.249+0000] {logging_mixin.py:190} INFO - [2024-09-11T14:01:32.248+0000] {dag.py:4156} INFO - Setting next_dagrun for example_complex to None, run_after=None
[2024-09-11T14:01:32.272+0000] {processor.py:208} INFO - Processing /home/airflow/.local/lib/python3.12/site-packages/airflow/example_dags/example_complex.py took 0.111 seconds
[2024-09-11T14:02:02.912+0000] {processor.py:186} INFO - Started process (PID=3319) to work on /home/airflow/.local/lib/python3.12/site-packages/airflow/example_dags/example_complex.py
[2024-09-11T14:02:02.913+0000] {processor.py:914} INFO - Processing file /home/airflow/.local/lib/python3.12/site-packages/airflow/example_dags/example_complex.py for tasks to queue
[2024-09-11T14:02:02.916+0000] {logging_mixin.py:190} INFO - [2024-09-11T14:02:02.915+0000] {dagbag.py:587} INFO - Filling up the DagBag from /home/airflow/.local/lib/python3.12/site-packages/airflow/example_dags/example_complex.py
[2024-09-11T14:02:02.930+0000] {processor.py:925} INFO - DAG(s) 'example_complex' retrieved from /home/airflow/.local/lib/python3.12/site-packages/airflow/example_dags/example_complex.py
[2024-09-11T14:02:02.968+0000] {logging_mixin.py:190} INFO - [2024-09-11T14:02:02.967+0000] {dag.py:3229} INFO - Sync 1 DAGs
[2024-09-11T14:02:02.986+0000] {logging_mixin.py:190} INFO - [2024-09-11T14:02:02.986+0000] {dag.py:4156} INFO - Setting next_dagrun for example_complex to None, run_after=None
[2024-09-11T14:02:03.008+0000] {processor.py:208} INFO - Processing /home/airflow/.local/lib/python3.12/site-packages/airflow/example_dags/example_complex.py took 0.103 seconds
[2024-09-11T14:02:33.464+0000] {processor.py:186} INFO - Started process (PID=3381) to work on /home/airflow/.local/lib/python3.12/site-packages/airflow/example_dags/example_complex.py
[2024-09-11T14:02:33.465+0000] {processor.py:914} INFO - Processing file /home/airflow/.local/lib/python3.12/site-packages/airflow/example_dags/example_complex.py for tasks to queue
[2024-09-11T14:02:33.468+0000] {logging_mixin.py:190} INFO - [2024-09-11T14:02:33.467+0000] {dagbag.py:587} INFO - Filling up the DagBag from /home/airflow/.local/lib/python3.12/site-packages/airflow/example_dags/example_complex.py
[2024-09-11T14:02:33.482+0000] {processor.py:925} INFO - DAG(s) 'example_complex' retrieved from /home/airflow/.local/lib/python3.12/site-packages/airflow/example_dags/example_complex.py
[2024-09-11T14:02:33.527+0000] {logging_mixin.py:190} INFO - [2024-09-11T14:02:33.527+0000] {dag.py:3229} INFO - Sync 1 DAGs
[2024-09-11T14:02:33.543+0000] {logging_mixin.py:190} INFO - [2024-09-11T14:02:33.542+0000] {dag.py:4156} INFO - Setting next_dagrun for example_complex to None, run_after=None
[2024-09-11T14:02:33.564+0000] {processor.py:208} INFO - Processing /home/airflow/.local/lib/python3.12/site-packages/airflow/example_dags/example_complex.py took 0.107 seconds
[2024-09-11T14:03:03.835+0000] {processor.py:186} INFO - Started process (PID=3443) to work on /home/airflow/.local/lib/python3.12/site-packages/airflow/example_dags/example_complex.py
[2024-09-11T14:03:03.836+0000] {processor.py:914} INFO - Processing file /home/airflow/.local/lib/python3.12/site-packages/airflow/example_dags/example_complex.py for tasks to queue
[2024-09-11T14:03:03.839+0000] {logging_mixin.py:190} INFO - [2024-09-11T14:03:03.839+0000] {dagbag.py:587} INFO - Filling up the DagBag from /home/airflow/.local/lib/python3.12/site-packages/airflow/example_dags/example_complex.py
[2024-09-11T14:03:03.852+0000] {processor.py:925} INFO - DAG(s) 'example_complex' retrieved from /home/airflow/.local/lib/python3.12/site-packages/airflow/example_dags/example_complex.py
[2024-09-11T14:03:03.890+0000] {logging_mixin.py:190} INFO - [2024-09-11T14:03:03.890+0000] {dag.py:3229} INFO - Sync 1 DAGs
[2024-09-11T14:03:03.906+0000] {logging_mixin.py:190} INFO - [2024-09-11T14:03:03.906+0000] {dag.py:4156} INFO - Setting next_dagrun for example_complex to None, run_after=None
[2024-09-11T14:03:03.931+0000] {processor.py:208} INFO - Processing /home/airflow/.local/lib/python3.12/site-packages/airflow/example_dags/example_complex.py took 0.103 seconds
[2024-09-11T14:03:35.066+0000] {processor.py:186} INFO - Started process (PID=3505) to work on /home/airflow/.local/lib/python3.12/site-packages/airflow/example_dags/example_complex.py
[2024-09-11T14:03:35.067+0000] {processor.py:914} INFO - Processing file /home/airflow/.local/lib/python3.12/site-packages/airflow/example_dags/example_complex.py for tasks to queue
[2024-09-11T14:03:35.070+0000] {logging_mixin.py:190} INFO - [2024-09-11T14:03:35.069+0000] {dagbag.py:587} INFO - Filling up the DagBag from /home/airflow/.local/lib/python3.12/site-packages/airflow/example_dags/example_complex.py
[2024-09-11T14:03:35.083+0000] {processor.py:925} INFO - DAG(s) 'example_complex' retrieved from /home/airflow/.local/lib/python3.12/site-packages/airflow/example_dags/example_complex.py
[2024-09-11T14:03:35.121+0000] {logging_mixin.py:190} INFO - [2024-09-11T14:03:35.121+0000] {dag.py:3229} INFO - Sync 1 DAGs
[2024-09-11T14:03:35.138+0000] {logging_mixin.py:190} INFO - [2024-09-11T14:03:35.138+0000] {dag.py:4156} INFO - Setting next_dagrun for example_complex to None, run_after=None
[2024-09-11T14:03:35.160+0000] {processor.py:208} INFO - Processing /home/airflow/.local/lib/python3.12/site-packages/airflow/example_dags/example_complex.py took 0.101 seconds
[2024-09-11T14:04:05.471+0000] {processor.py:186} INFO - Started process (PID=3567) to work on /home/airflow/.local/lib/python3.12/site-packages/airflow/example_dags/example_complex.py
[2024-09-11T14:04:05.472+0000] {processor.py:914} INFO - Processing file /home/airflow/.local/lib/python3.12/site-packages/airflow/example_dags/example_complex.py for tasks to queue
[2024-09-11T14:04:05.476+0000] {logging_mixin.py:190} INFO - [2024-09-11T14:04:05.475+0000] {dagbag.py:587} INFO - Filling up the DagBag from /home/airflow/.local/lib/python3.12/site-packages/airflow/example_dags/example_complex.py
[2024-09-11T14:04:05.491+0000] {processor.py:925} INFO - DAG(s) 'example_complex' retrieved from /home/airflow/.local/lib/python3.12/site-packages/airflow/example_dags/example_complex.py
[2024-09-11T14:04:05.527+0000] {logging_mixin.py:190} INFO - [2024-09-11T14:04:05.526+0000] {dag.py:3229} INFO - Sync 1 DAGs
[2024-09-11T14:04:05.542+0000] {logging_mixin.py:190} INFO - [2024-09-11T14:04:05.542+0000] {dag.py:4156} INFO - Setting next_dagrun for example_complex to None, run_after=None
[2024-09-11T14:04:05.562+0000] {processor.py:208} INFO - Processing /home/airflow/.local/lib/python3.12/site-packages/airflow/example_dags/example_complex.py took 0.098 seconds
[2024-09-11T14:04:36.256+0000] {processor.py:186} INFO - Started process (PID=3629) to work on /home/airflow/.local/lib/python3.12/site-packages/airflow/example_dags/example_complex.py
[2024-09-11T14:04:36.257+0000] {processor.py:914} INFO - Processing file /home/airflow/.local/lib/python3.12/site-packages/airflow/example_dags/example_complex.py for tasks to queue
[2024-09-11T14:04:36.260+0000] {logging_mixin.py:190} INFO - [2024-09-11T14:04:36.259+0000] {dagbag.py:587} INFO - Filling up the DagBag from /home/airflow/.local/lib/python3.12/site-packages/airflow/example_dags/example_complex.py
[2024-09-11T14:04:36.273+0000] {processor.py:925} INFO - DAG(s) 'example_complex' retrieved from /home/airflow/.local/lib/python3.12/site-packages/airflow/example_dags/example_complex.py
[2024-09-11T14:04:36.311+0000] {logging_mixin.py:190} INFO - [2024-09-11T14:04:36.311+0000] {dag.py:3229} INFO - Sync 1 DAGs
[2024-09-11T14:04:36.328+0000] {logging_mixin.py:190} INFO - [2024-09-11T14:04:36.327+0000] {dag.py:4156} INFO - Setting next_dagrun for example_complex to None, run_after=None
[2024-09-11T14:04:36.351+0000] {processor.py:208} INFO - Processing /home/airflow/.local/lib/python3.12/site-packages/airflow/example_dags/example_complex.py took 0.102 seconds
[2024-09-11T14:05:06.646+0000] {processor.py:186} INFO - Started process (PID=3691) to work on /home/airflow/.local/lib/python3.12/site-packages/airflow/example_dags/example_complex.py
[2024-09-11T14:05:06.647+0000] {processor.py:914} INFO - Processing file /home/airflow/.local/lib/python3.12/site-packages/airflow/example_dags/example_complex.py for tasks to queue
[2024-09-11T14:05:06.649+0000] {logging_mixin.py:190} INFO - [2024-09-11T14:05:06.649+0000] {dagbag.py:587} INFO - Filling up the DagBag from /home/airflow/.local/lib/python3.12/site-packages/airflow/example_dags/example_complex.py
[2024-09-11T14:05:06.663+0000] {processor.py:925} INFO - DAG(s) 'example_complex' retrieved from /home/airflow/.local/lib/python3.12/site-packages/airflow/example_dags/example_complex.py
[2024-09-11T14:05:06.703+0000] {logging_mixin.py:190} INFO - [2024-09-11T14:05:06.702+0000] {dag.py:3229} INFO - Sync 1 DAGs
[2024-09-11T14:05:06.719+0000] {logging_mixin.py:190} INFO - [2024-09-11T14:05:06.719+0000] {dag.py:4156} INFO - Setting next_dagrun for example_complex to None, run_after=None
[2024-09-11T14:05:06.744+0000] {processor.py:208} INFO - Processing /home/airflow/.local/lib/python3.12/site-packages/airflow/example_dags/example_complex.py took 0.105 seconds
[2024-09-11T14:05:37.385+0000] {processor.py:186} INFO - Started process (PID=3753) to work on /home/airflow/.local/lib/python3.12/site-packages/airflow/example_dags/example_complex.py
[2024-09-11T14:05:37.386+0000] {processor.py:914} INFO - Processing file /home/airflow/.local/lib/python3.12/site-packages/airflow/example_dags/example_complex.py for tasks to queue
[2024-09-11T14:05:37.389+0000] {logging_mixin.py:190} INFO - [2024-09-11T14:05:37.388+0000] {dagbag.py:587} INFO - Filling up the DagBag from /home/airflow/.local/lib/python3.12/site-packages/airflow/example_dags/example_complex.py
[2024-09-11T14:05:37.404+0000] {processor.py:925} INFO - DAG(s) 'example_complex' retrieved from /home/airflow/.local/lib/python3.12/site-packages/airflow/example_dags/example_complex.py
[2024-09-11T14:05:37.446+0000] {logging_mixin.py:190} INFO - [2024-09-11T14:05:37.446+0000] {dag.py:3229} INFO - Sync 1 DAGs
[2024-09-11T14:05:37.463+0000] {logging_mixin.py:190} INFO - [2024-09-11T14:05:37.463+0000] {dag.py:4156} INFO - Setting next_dagrun for example_complex to None, run_after=None
[2024-09-11T14:05:37.486+0000] {processor.py:208} INFO - Processing /home/airflow/.local/lib/python3.12/site-packages/airflow/example_dags/example_complex.py took 0.109 seconds
[2024-09-11T14:06:08.101+0000] {processor.py:186} INFO - Started process (PID=3815) to work on /home/airflow/.local/lib/python3.12/site-packages/airflow/example_dags/example_complex.py
[2024-09-11T14:06:08.102+0000] {processor.py:914} INFO - Processing file /home/airflow/.local/lib/python3.12/site-packages/airflow/example_dags/example_complex.py for tasks to queue
[2024-09-11T14:06:08.105+0000] {logging_mixin.py:190} INFO - [2024-09-11T14:06:08.105+0000] {dagbag.py:587} INFO - Filling up the DagBag from /home/airflow/.local/lib/python3.12/site-packages/airflow/example_dags/example_complex.py
[2024-09-11T14:06:08.119+0000] {processor.py:925} INFO - DAG(s) 'example_complex' retrieved from /home/airflow/.local/lib/python3.12/site-packages/airflow/example_dags/example_complex.py
[2024-09-11T14:06:08.157+0000] {logging_mixin.py:190} INFO - [2024-09-11T14:06:08.157+0000] {dag.py:3229} INFO - Sync 1 DAGs
[2024-09-11T14:06:08.174+0000] {logging_mixin.py:190} INFO - [2024-09-11T14:06:08.174+0000] {dag.py:4156} INFO - Setting next_dagrun for example_complex to None, run_after=None
[2024-09-11T14:06:08.196+0000] {processor.py:208} INFO - Processing /home/airflow/.local/lib/python3.12/site-packages/airflow/example_dags/example_complex.py took 0.101 seconds
[2024-09-11T14:06:38.610+0000] {processor.py:186} INFO - Started process (PID=3877) to work on /home/airflow/.local/lib/python3.12/site-packages/airflow/example_dags/example_complex.py
[2024-09-11T14:06:38.611+0000] {processor.py:914} INFO - Processing file /home/airflow/.local/lib/python3.12/site-packages/airflow/example_dags/example_complex.py for tasks to queue
[2024-09-11T14:06:38.614+0000] {logging_mixin.py:190} INFO - [2024-09-11T14:06:38.614+0000] {dagbag.py:587} INFO - Filling up the DagBag from /home/airflow/.local/lib/python3.12/site-packages/airflow/example_dags/example_complex.py
[2024-09-11T14:06:38.628+0000] {processor.py:925} INFO - DAG(s) 'example_complex' retrieved from /home/airflow/.local/lib/python3.12/site-packages/airflow/example_dags/example_complex.py
[2024-09-11T14:06:38.667+0000] {logging_mixin.py:190} INFO - [2024-09-11T14:06:38.666+0000] {dag.py:3229} INFO - Sync 1 DAGs
[2024-09-11T14:06:38.684+0000] {logging_mixin.py:190} INFO - [2024-09-11T14:06:38.684+0000] {dag.py:4156} INFO - Setting next_dagrun for example_complex to None, run_after=None
[2024-09-11T14:06:38.707+0000] {processor.py:208} INFO - Processing /home/airflow/.local/lib/python3.12/site-packages/airflow/example_dags/example_complex.py took 0.103 seconds
[2024-09-11T14:07:09.060+0000] {processor.py:186} INFO - Started process (PID=3939) to work on /home/airflow/.local/lib/python3.12/site-packages/airflow/example_dags/example_complex.py
[2024-09-11T14:07:09.061+0000] {processor.py:914} INFO - Processing file /home/airflow/.local/lib/python3.12/site-packages/airflow/example_dags/example_complex.py for tasks to queue
[2024-09-11T14:07:09.065+0000] {logging_mixin.py:190} INFO - [2024-09-11T14:07:09.064+0000] {dagbag.py:587} INFO - Filling up the DagBag from /home/airflow/.local/lib/python3.12/site-packages/airflow/example_dags/example_complex.py
[2024-09-11T14:07:09.080+0000] {processor.py:925} INFO - DAG(s) 'example_complex' retrieved from /home/airflow/.local/lib/python3.12/site-packages/airflow/example_dags/example_complex.py
[2024-09-11T14:07:09.123+0000] {logging_mixin.py:190} INFO - [2024-09-11T14:07:09.122+0000] {dag.py:3229} INFO - Sync 1 DAGs
[2024-09-11T14:07:09.142+0000] {logging_mixin.py:190} INFO - [2024-09-11T14:07:09.142+0000] {dag.py:4156} INFO - Setting next_dagrun for example_complex to None, run_after=None
[2024-09-11T14:07:09.168+0000] {processor.py:208} INFO - Processing /home/airflow/.local/lib/python3.12/site-packages/airflow/example_dags/example_complex.py took 0.116 seconds
[2024-09-11T14:07:39.792+0000] {processor.py:186} INFO - Started process (PID=4001) to work on /home/airflow/.local/lib/python3.12/site-packages/airflow/example_dags/example_complex.py
[2024-09-11T14:07:39.793+0000] {processor.py:914} INFO - Processing file /home/airflow/.local/lib/python3.12/site-packages/airflow/example_dags/example_complex.py for tasks to queue
[2024-09-11T14:07:39.796+0000] {logging_mixin.py:190} INFO - [2024-09-11T14:07:39.796+0000] {dagbag.py:587} INFO - Filling up the DagBag from /home/airflow/.local/lib/python3.12/site-packages/airflow/example_dags/example_complex.py
[2024-09-11T14:07:39.809+0000] {processor.py:925} INFO - DAG(s) 'example_complex' retrieved from /home/airflow/.local/lib/python3.12/site-packages/airflow/example_dags/example_complex.py
[2024-09-11T14:07:39.847+0000] {logging_mixin.py:190} INFO - [2024-09-11T14:07:39.846+0000] {dag.py:3229} INFO - Sync 1 DAGs
[2024-09-11T14:07:39.864+0000] {logging_mixin.py:190} INFO - [2024-09-11T14:07:39.864+0000] {dag.py:4156} INFO - Setting next_dagrun for example_complex to None, run_after=None
[2024-09-11T14:07:39.887+0000] {processor.py:208} INFO - Processing /home/airflow/.local/lib/python3.12/site-packages/airflow/example_dags/example_complex.py took 0.101 seconds
[2024-09-11T14:08:10.196+0000] {processor.py:186} INFO - Started process (PID=4063) to work on /home/airflow/.local/lib/python3.12/site-packages/airflow/example_dags/example_complex.py
[2024-09-11T14:08:10.197+0000] {processor.py:914} INFO - Processing file /home/airflow/.local/lib/python3.12/site-packages/airflow/example_dags/example_complex.py for tasks to queue
[2024-09-11T14:08:10.200+0000] {logging_mixin.py:190} INFO - [2024-09-11T14:08:10.200+0000] {dagbag.py:587} INFO - Filling up the DagBag from /home/airflow/.local/lib/python3.12/site-packages/airflow/example_dags/example_complex.py
[2024-09-11T14:08:10.214+0000] {processor.py:925} INFO - DAG(s) 'example_complex' retrieved from /home/airflow/.local/lib/python3.12/site-packages/airflow/example_dags/example_complex.py
[2024-09-11T14:08:10.252+0000] {logging_mixin.py:190} INFO - [2024-09-11T14:08:10.251+0000] {dag.py:3229} INFO - Sync 1 DAGs
[2024-09-11T14:08:10.267+0000] {logging_mixin.py:190} INFO - [2024-09-11T14:08:10.267+0000] {dag.py:4156} INFO - Setting next_dagrun for example_complex to None, run_after=None
[2024-09-11T14:08:10.290+0000] {processor.py:208} INFO - Processing /home/airflow/.local/lib/python3.12/site-packages/airflow/example_dags/example_complex.py took 0.100 seconds
[2024-09-11T14:08:40.702+0000] {processor.py:186} INFO - Started process (PID=4125) to work on /home/airflow/.local/lib/python3.12/site-packages/airflow/example_dags/example_complex.py
[2024-09-11T14:08:40.704+0000] {processor.py:914} INFO - Processing file /home/airflow/.local/lib/python3.12/site-packages/airflow/example_dags/example_complex.py for tasks to queue
[2024-09-11T14:08:40.707+0000] {logging_mixin.py:190} INFO - [2024-09-11T14:08:40.707+0000] {dagbag.py:587} INFO - Filling up the DagBag from /home/airflow/.local/lib/python3.12/site-packages/airflow/example_dags/example_complex.py
[2024-09-11T14:08:40.723+0000] {processor.py:925} INFO - DAG(s) 'example_complex' retrieved from /home/airflow/.local/lib/python3.12/site-packages/airflow/example_dags/example_complex.py
[2024-09-11T14:08:40.765+0000] {logging_mixin.py:190} INFO - [2024-09-11T14:08:40.764+0000] {dag.py:3229} INFO - Sync 1 DAGs
[2024-09-11T14:08:40.781+0000] {logging_mixin.py:190} INFO - [2024-09-11T14:08:40.780+0000] {dag.py:4156} INFO - Setting next_dagrun for example_complex to None, run_after=None
[2024-09-11T14:08:40.802+0000] {processor.py:208} INFO - Processing /home/airflow/.local/lib/python3.12/site-packages/airflow/example_dags/example_complex.py took 0.107 seconds
[2024-09-11T14:09:11.512+0000] {processor.py:186} INFO - Started process (PID=4187) to work on /home/airflow/.local/lib/python3.12/site-packages/airflow/example_dags/example_complex.py
[2024-09-11T14:09:11.513+0000] {processor.py:914} INFO - Processing file /home/airflow/.local/lib/python3.12/site-packages/airflow/example_dags/example_complex.py for tasks to queue
[2024-09-11T14:09:11.516+0000] {logging_mixin.py:190} INFO - [2024-09-11T14:09:11.515+0000] {dagbag.py:587} INFO - Filling up the DagBag from /home/airflow/.local/lib/python3.12/site-packages/airflow/example_dags/example_complex.py
[2024-09-11T14:09:11.531+0000] {processor.py:925} INFO - DAG(s) 'example_complex' retrieved from /home/airflow/.local/lib/python3.12/site-packages/airflow/example_dags/example_complex.py
[2024-09-11T14:09:11.569+0000] {logging_mixin.py:190} INFO - [2024-09-11T14:09:11.568+0000] {dag.py:3229} INFO - Sync 1 DAGs
[2024-09-11T14:09:11.585+0000] {logging_mixin.py:190} INFO - [2024-09-11T14:09:11.584+0000] {dag.py:4156} INFO - Setting next_dagrun for example_complex to None, run_after=None
[2024-09-11T14:09:11.608+0000] {processor.py:208} INFO - Processing /home/airflow/.local/lib/python3.12/site-packages/airflow/example_dags/example_complex.py took 0.103 seconds
[2024-09-11T14:09:41.945+0000] {processor.py:186} INFO - Started process (PID=4249) to work on /home/airflow/.local/lib/python3.12/site-packages/airflow/example_dags/example_complex.py
[2024-09-11T14:09:41.947+0000] {processor.py:914} INFO - Processing file /home/airflow/.local/lib/python3.12/site-packages/airflow/example_dags/example_complex.py for tasks to queue
[2024-09-11T14:09:41.950+0000] {logging_mixin.py:190} INFO - [2024-09-11T14:09:41.949+0000] {dagbag.py:587} INFO - Filling up the DagBag from /home/airflow/.local/lib/python3.12/site-packages/airflow/example_dags/example_complex.py
[2024-09-11T14:09:41.964+0000] {processor.py:925} INFO - DAG(s) 'example_complex' retrieved from /home/airflow/.local/lib/python3.12/site-packages/airflow/example_dags/example_complex.py
[2024-09-11T14:09:42.002+0000] {logging_mixin.py:190} INFO - [2024-09-11T14:09:42.002+0000] {dag.py:3229} INFO - Sync 1 DAGs
[2024-09-11T14:09:42.018+0000] {logging_mixin.py:190} INFO - [2024-09-11T14:09:42.018+0000] {dag.py:4156} INFO - Setting next_dagrun for example_complex to None, run_after=None
[2024-09-11T14:09:42.041+0000] {processor.py:208} INFO - Processing /home/airflow/.local/lib/python3.12/site-packages/airflow/example_dags/example_complex.py took 0.102 seconds
[2024-09-11T14:10:12.613+0000] {processor.py:186} INFO - Started process (PID=4311) to work on /home/airflow/.local/lib/python3.12/site-packages/airflow/example_dags/example_complex.py
[2024-09-11T14:10:12.615+0000] {processor.py:914} INFO - Processing file /home/airflow/.local/lib/python3.12/site-packages/airflow/example_dags/example_complex.py for tasks to queue
[2024-09-11T14:10:12.618+0000] {logging_mixin.py:190} INFO - [2024-09-11T14:10:12.617+0000] {dagbag.py:587} INFO - Filling up the DagBag from /home/airflow/.local/lib/python3.12/site-packages/airflow/example_dags/example_complex.py
[2024-09-11T14:10:12.631+0000] {processor.py:925} INFO - DAG(s) 'example_complex' retrieved from /home/airflow/.local/lib/python3.12/site-packages/airflow/example_dags/example_complex.py
[2024-09-11T14:10:12.669+0000] {logging_mixin.py:190} INFO - [2024-09-11T14:10:12.669+0000] {dag.py:3229} INFO - Sync 1 DAGs
[2024-09-11T14:10:12.688+0000] {logging_mixin.py:190} INFO - [2024-09-11T14:10:12.687+0000] {dag.py:4156} INFO - Setting next_dagrun for example_complex to None, run_after=None
[2024-09-11T14:10:12.708+0000] {processor.py:208} INFO - Processing /home/airflow/.local/lib/python3.12/site-packages/airflow/example_dags/example_complex.py took 0.102 seconds
[2024-09-11T14:10:42.944+0000] {processor.py:186} INFO - Started process (PID=4373) to work on /home/airflow/.local/lib/python3.12/site-packages/airflow/example_dags/example_complex.py
[2024-09-11T14:10:42.945+0000] {processor.py:914} INFO - Processing file /home/airflow/.local/lib/python3.12/site-packages/airflow/example_dags/example_complex.py for tasks to queue
[2024-09-11T14:10:42.948+0000] {logging_mixin.py:190} INFO - [2024-09-11T14:10:42.948+0000] {dagbag.py:587} INFO - Filling up the DagBag from /home/airflow/.local/lib/python3.12/site-packages/airflow/example_dags/example_complex.py
[2024-09-11T14:10:42.962+0000] {processor.py:925} INFO - DAG(s) 'example_complex' retrieved from /home/airflow/.local/lib/python3.12/site-packages/airflow/example_dags/example_complex.py
[2024-09-11T14:10:43.001+0000] {logging_mixin.py:190} INFO - [2024-09-11T14:10:43.000+0000] {dag.py:3229} INFO - Sync 1 DAGs
[2024-09-11T14:10:43.017+0000] {logging_mixin.py:190} INFO - [2024-09-11T14:10:43.017+0000] {dag.py:4156} INFO - Setting next_dagrun for example_complex to None, run_after=None
[2024-09-11T14:10:43.039+0000] {processor.py:208} INFO - Processing /home/airflow/.local/lib/python3.12/site-packages/airflow/example_dags/example_complex.py took 0.102 seconds
[2024-09-11T14:11:13.358+0000] {processor.py:186} INFO - Started process (PID=4435) to work on /home/airflow/.local/lib/python3.12/site-packages/airflow/example_dags/example_complex.py
[2024-09-11T14:11:13.359+0000] {processor.py:914} INFO - Processing file /home/airflow/.local/lib/python3.12/site-packages/airflow/example_dags/example_complex.py for tasks to queue
[2024-09-11T14:11:13.362+0000] {logging_mixin.py:190} INFO - [2024-09-11T14:11:13.362+0000] {dagbag.py:587} INFO - Filling up the DagBag from /home/airflow/.local/lib/python3.12/site-packages/airflow/example_dags/example_complex.py
[2024-09-11T14:11:13.377+0000] {processor.py:925} INFO - DAG(s) 'example_complex' retrieved from /home/airflow/.local/lib/python3.12/site-packages/airflow/example_dags/example_complex.py
[2024-09-11T14:11:13.415+0000] {logging_mixin.py:190} INFO - [2024-09-11T14:11:13.415+0000] {dag.py:3229} INFO - Sync 1 DAGs
[2024-09-11T14:11:13.432+0000] {logging_mixin.py:190} INFO - [2024-09-11T14:11:13.431+0000] {dag.py:4156} INFO - Setting next_dagrun for example_complex to None, run_after=None
[2024-09-11T14:11:13.454+0000] {processor.py:208} INFO - Processing /home/airflow/.local/lib/python3.12/site-packages/airflow/example_dags/example_complex.py took 0.103 seconds
[2024-09-11T14:11:43.951+0000] {processor.py:186} INFO - Started process (PID=4497) to work on /home/airflow/.local/lib/python3.12/site-packages/airflow/example_dags/example_complex.py
[2024-09-11T14:11:43.952+0000] {processor.py:914} INFO - Processing file /home/airflow/.local/lib/python3.12/site-packages/airflow/example_dags/example_complex.py for tasks to queue
[2024-09-11T14:11:43.955+0000] {logging_mixin.py:190} INFO - [2024-09-11T14:11:43.955+0000] {dagbag.py:587} INFO - Filling up the DagBag from /home/airflow/.local/lib/python3.12/site-packages/airflow/example_dags/example_complex.py
[2024-09-11T14:11:43.968+0000] {processor.py:925} INFO - DAG(s) 'example_complex' retrieved from /home/airflow/.local/lib/python3.12/site-packages/airflow/example_dags/example_complex.py
[2024-09-11T14:11:44.006+0000] {logging_mixin.py:190} INFO - [2024-09-11T14:11:44.006+0000] {dag.py:3229} INFO - Sync 1 DAGs
[2024-09-11T14:11:44.023+0000] {logging_mixin.py:190} INFO - [2024-09-11T14:11:44.023+0000] {dag.py:4156} INFO - Setting next_dagrun for example_complex to None, run_after=None
[2024-09-11T14:11:44.046+0000] {processor.py:208} INFO - Processing /home/airflow/.local/lib/python3.12/site-packages/airflow/example_dags/example_complex.py took 0.101 seconds
[2024-09-11T14:12:14.300+0000] {processor.py:186} INFO - Started process (PID=4559) to work on /home/airflow/.local/lib/python3.12/site-packages/airflow/example_dags/example_complex.py
[2024-09-11T14:12:14.301+0000] {processor.py:914} INFO - Processing file /home/airflow/.local/lib/python3.12/site-packages/airflow/example_dags/example_complex.py for tasks to queue
[2024-09-11T14:12:14.304+0000] {logging_mixin.py:190} INFO - [2024-09-11T14:12:14.304+0000] {dagbag.py:587} INFO - Filling up the DagBag from /home/airflow/.local/lib/python3.12/site-packages/airflow/example_dags/example_complex.py
[2024-09-11T14:12:14.319+0000] {processor.py:925} INFO - DAG(s) 'example_complex' retrieved from /home/airflow/.local/lib/python3.12/site-packages/airflow/example_dags/example_complex.py
[2024-09-11T14:12:14.363+0000] {logging_mixin.py:190} INFO - [2024-09-11T14:12:14.363+0000] {dag.py:3229} INFO - Sync 1 DAGs
[2024-09-11T14:12:14.381+0000] {logging_mixin.py:190} INFO - [2024-09-11T14:12:14.381+0000] {dag.py:4156} INFO - Setting next_dagrun for example_complex to None, run_after=None
[2024-09-11T14:12:14.405+0000] {processor.py:208} INFO - Processing /home/airflow/.local/lib/python3.12/site-packages/airflow/example_dags/example_complex.py took 0.113 seconds
[2024-09-11T14:12:45.077+0000] {processor.py:186} INFO - Started process (PID=4621) to work on /home/airflow/.local/lib/python3.12/site-packages/airflow/example_dags/example_complex.py
[2024-09-11T14:12:45.078+0000] {processor.py:914} INFO - Processing file /home/airflow/.local/lib/python3.12/site-packages/airflow/example_dags/example_complex.py for tasks to queue
[2024-09-11T14:12:45.081+0000] {logging_mixin.py:190} INFO - [2024-09-11T14:12:45.081+0000] {dagbag.py:587} INFO - Filling up the DagBag from /home/airflow/.local/lib/python3.12/site-packages/airflow/example_dags/example_complex.py
[2024-09-11T14:12:45.097+0000] {processor.py:925} INFO - DAG(s) 'example_complex' retrieved from /home/airflow/.local/lib/python3.12/site-packages/airflow/example_dags/example_complex.py
[2024-09-11T14:12:45.138+0000] {logging_mixin.py:190} INFO - [2024-09-11T14:12:45.138+0000] {dag.py:3229} INFO - Sync 1 DAGs
[2024-09-11T14:12:45.156+0000] {logging_mixin.py:190} INFO - [2024-09-11T14:12:45.156+0000] {dag.py:4156} INFO - Setting next_dagrun for example_complex to None, run_after=None
[2024-09-11T14:12:45.181+0000] {processor.py:208} INFO - Processing /home/airflow/.local/lib/python3.12/site-packages/airflow/example_dags/example_complex.py took 0.115 seconds
[2024-09-11T14:13:15.698+0000] {processor.py:186} INFO - Started process (PID=4683) to work on /home/airflow/.local/lib/python3.12/site-packages/airflow/example_dags/example_complex.py
[2024-09-11T14:13:15.699+0000] {processor.py:914} INFO - Processing file /home/airflow/.local/lib/python3.12/site-packages/airflow/example_dags/example_complex.py for tasks to queue
[2024-09-11T14:13:15.702+0000] {logging_mixin.py:190} INFO - [2024-09-11T14:13:15.701+0000] {dagbag.py:587} INFO - Filling up the DagBag from /home/airflow/.local/lib/python3.12/site-packages/airflow/example_dags/example_complex.py
[2024-09-11T14:13:15.717+0000] {processor.py:925} INFO - DAG(s) 'example_complex' retrieved from /home/airflow/.local/lib/python3.12/site-packages/airflow/example_dags/example_complex.py
[2024-09-11T14:13:15.758+0000] {logging_mixin.py:190} INFO - [2024-09-11T14:13:15.758+0000] {dag.py:3229} INFO - Sync 1 DAGs
[2024-09-11T14:13:15.775+0000] {logging_mixin.py:190} INFO - [2024-09-11T14:13:15.774+0000] {dag.py:4156} INFO - Setting next_dagrun for example_complex to None, run_after=None
[2024-09-11T14:13:15.799+0000] {processor.py:208} INFO - Processing /home/airflow/.local/lib/python3.12/site-packages/airflow/example_dags/example_complex.py took 0.108 seconds
[2024-09-11T14:13:46.534+0000] {processor.py:186} INFO - Started process (PID=4745) to work on /home/airflow/.local/lib/python3.12/site-packages/airflow/example_dags/example_complex.py
[2024-09-11T14:13:46.535+0000] {processor.py:914} INFO - Processing file /home/airflow/.local/lib/python3.12/site-packages/airflow/example_dags/example_complex.py for tasks to queue
[2024-09-11T14:13:46.538+0000] {logging_mixin.py:190} INFO - [2024-09-11T14:13:46.538+0000] {dagbag.py:587} INFO - Filling up the DagBag from /home/airflow/.local/lib/python3.12/site-packages/airflow/example_dags/example_complex.py
[2024-09-11T14:13:46.552+0000] {processor.py:925} INFO - DAG(s) 'example_complex' retrieved from /home/airflow/.local/lib/python3.12/site-packages/airflow/example_dags/example_complex.py
[2024-09-11T14:13:46.591+0000] {logging_mixin.py:190} INFO - [2024-09-11T14:13:46.590+0000] {dag.py:3229} INFO - Sync 1 DAGs
[2024-09-11T14:13:46.607+0000] {logging_mixin.py:190} INFO - [2024-09-11T14:13:46.606+0000] {dag.py:4156} INFO - Setting next_dagrun for example_complex to None, run_after=None
[2024-09-11T14:13:46.629+0000] {processor.py:208} INFO - Processing /home/airflow/.local/lib/python3.12/site-packages/airflow/example_dags/example_complex.py took 0.103 seconds
[2024-09-11T20:53:37.503+0000] {processor.py:186} INFO - Started process (PID=4789) to work on /home/airflow/.local/lib/python3.12/site-packages/airflow/example_dags/example_complex.py
[2024-09-11T20:53:37.507+0000] {processor.py:914} INFO - Processing file /home/airflow/.local/lib/python3.12/site-packages/airflow/example_dags/example_complex.py for tasks to queue
[2024-09-11T20:53:37.512+0000] {logging_mixin.py:190} INFO - [2024-09-11T20:53:37.511+0000] {dagbag.py:587} INFO - Filling up the DagBag from /home/airflow/.local/lib/python3.12/site-packages/airflow/example_dags/example_complex.py
[2024-09-11T20:53:37.544+0000] {processor.py:925} INFO - DAG(s) 'example_complex' retrieved from /home/airflow/.local/lib/python3.12/site-packages/airflow/example_dags/example_complex.py
[2024-09-11T20:53:37.630+0000] {logging_mixin.py:190} INFO - [2024-09-11T20:53:37.629+0000] {dag.py:3229} INFO - Sync 1 DAGs
[2024-09-11T20:53:37.663+0000] {logging_mixin.py:190} INFO - [2024-09-11T20:53:37.663+0000] {dag.py:4156} INFO - Setting next_dagrun for example_complex to None, run_after=None
[2024-09-11T20:53:37.706+0000] {processor.py:208} INFO - Processing /home/airflow/.local/lib/python3.12/site-packages/airflow/example_dags/example_complex.py took 0.220 seconds
