[2024-09-11T13:35:27.959+0000] {processor.py:186} INFO - Started process (PID=124) to work on /home/airflow/.local/lib/python3.12/site-packages/airflow/example_dags/example_skip_dag.py
[2024-09-11T13:35:27.960+0000] {processor.py:914} INFO - Processing file /home/airflow/.local/lib/python3.12/site-packages/airflow/example_dags/example_skip_dag.py for tasks to queue
[2024-09-11T13:35:27.964+0000] {logging_mixin.py:190} INFO - [2024-09-11T13:35:27.963+0000] {dagbag.py:587} INFO - Filling up the DagBag from /home/airflow/.local/lib/python3.12/site-packages/airflow/example_dags/example_skip_dag.py
[2024-09-11T13:35:27.979+0000] {processor.py:925} INFO - DAG(s) 'example_skip_dag' retrieved from /home/airflow/.local/lib/python3.12/site-packages/airflow/example_dags/example_skip_dag.py
[2024-09-11T13:35:28.193+0000] {logging_mixin.py:190} INFO - [2024-09-11T13:35:28.190+0000] {override.py:1900} INFO - Created Permission View: can edit on DAG:example_skip_dag
[2024-09-11T13:35:28.207+0000] {logging_mixin.py:190} INFO - [2024-09-11T13:35:28.207+0000] {override.py:1900} INFO - Created Permission View: can delete on DAG:example_skip_dag
[2024-09-11T13:35:28.217+0000] {logging_mixin.py:190} INFO - [2024-09-11T13:35:28.217+0000] {override.py:1900} INFO - Created Permission View: can read on DAG:example_skip_dag
[2024-09-11T13:35:28.229+0000] {logging_mixin.py:190} INFO - [2024-09-11T13:35:28.229+0000] {override.py:1900} INFO - Created Permission View: menu access on DAG Run:example_skip_dag
[2024-09-11T13:35:28.241+0000] {logging_mixin.py:190} INFO - [2024-09-11T13:35:28.241+0000] {override.py:1900} INFO - Created Permission View: can create on DAG Run:example_skip_dag
[2024-09-11T13:35:28.254+0000] {logging_mixin.py:190} INFO - [2024-09-11T13:35:28.253+0000] {override.py:1900} INFO - Created Permission View: can delete on DAG Run:example_skip_dag
[2024-09-11T13:35:28.270+0000] {logging_mixin.py:190} INFO - [2024-09-11T13:35:28.269+0000] {override.py:1900} INFO - Created Permission View: can read on DAG Run:example_skip_dag
[2024-09-11T13:35:28.271+0000] {logging_mixin.py:190} INFO - [2024-09-11T13:35:28.271+0000] {dag.py:3229} INFO - Sync 1 DAGs
[2024-09-11T13:35:28.306+0000] {logging_mixin.py:190} INFO - [2024-09-11T13:35:28.306+0000] {dag.py:3252} INFO - Creating ORM DAG for example_skip_dag
[2024-09-11T13:35:28.320+0000] {logging_mixin.py:190} INFO - [2024-09-11T13:35:28.320+0000] {dag.py:4156} INFO - Setting next_dagrun for example_skip_dag to 2024-09-10 00:00:00+00:00, run_after=2024-09-11 00:00:00+00:00
[2024-09-11T13:35:28.349+0000] {processor.py:208} INFO - Processing /home/airflow/.local/lib/python3.12/site-packages/airflow/example_dags/example_skip_dag.py took 0.399 seconds
[2024-09-11T13:35:58.793+0000] {processor.py:186} INFO - Started process (PID=186) to work on /home/airflow/.local/lib/python3.12/site-packages/airflow/example_dags/example_skip_dag.py
[2024-09-11T13:35:58.794+0000] {processor.py:914} INFO - Processing file /home/airflow/.local/lib/python3.12/site-packages/airflow/example_dags/example_skip_dag.py for tasks to queue
[2024-09-11T13:35:58.797+0000] {logging_mixin.py:190} INFO - [2024-09-11T13:35:58.797+0000] {dagbag.py:587} INFO - Filling up the DagBag from /home/airflow/.local/lib/python3.12/site-packages/airflow/example_dags/example_skip_dag.py
[2024-09-11T13:35:58.807+0000] {processor.py:925} INFO - DAG(s) 'example_skip_dag' retrieved from /home/airflow/.local/lib/python3.12/site-packages/airflow/example_dags/example_skip_dag.py
[2024-09-11T13:35:58.836+0000] {logging_mixin.py:190} INFO - [2024-09-11T13:35:58.836+0000] {dag.py:3229} INFO - Sync 1 DAGs
[2024-09-11T13:35:58.872+0000] {logging_mixin.py:190} INFO - [2024-09-11T13:35:58.872+0000] {dag.py:4156} INFO - Setting next_dagrun for example_skip_dag to 2024-09-10 00:00:00+00:00, run_after=2024-09-11 00:00:00+00:00
[2024-09-11T13:35:58.896+0000] {processor.py:208} INFO - Processing /home/airflow/.local/lib/python3.12/site-packages/airflow/example_dags/example_skip_dag.py took 0.110 seconds
[2024-09-11T13:36:29.050+0000] {processor.py:186} INFO - Started process (PID=248) to work on /home/airflow/.local/lib/python3.12/site-packages/airflow/example_dags/example_skip_dag.py
[2024-09-11T13:36:29.051+0000] {processor.py:914} INFO - Processing file /home/airflow/.local/lib/python3.12/site-packages/airflow/example_dags/example_skip_dag.py for tasks to queue
[2024-09-11T13:36:29.054+0000] {logging_mixin.py:190} INFO - [2024-09-11T13:36:29.053+0000] {dagbag.py:587} INFO - Filling up the DagBag from /home/airflow/.local/lib/python3.12/site-packages/airflow/example_dags/example_skip_dag.py
[2024-09-11T13:36:29.063+0000] {processor.py:925} INFO - DAG(s) 'example_skip_dag' retrieved from /home/airflow/.local/lib/python3.12/site-packages/airflow/example_dags/example_skip_dag.py
[2024-09-11T13:36:29.089+0000] {logging_mixin.py:190} INFO - [2024-09-11T13:36:29.088+0000] {dag.py:3229} INFO - Sync 1 DAGs
[2024-09-11T13:36:29.118+0000] {logging_mixin.py:190} INFO - [2024-09-11T13:36:29.118+0000] {dag.py:4156} INFO - Setting next_dagrun for example_skip_dag to 2024-09-10 00:00:00+00:00, run_after=2024-09-11 00:00:00+00:00
[2024-09-11T13:36:29.139+0000] {processor.py:208} INFO - Processing /home/airflow/.local/lib/python3.12/site-packages/airflow/example_dags/example_skip_dag.py took 0.096 seconds
[2024-09-11T13:36:59.897+0000] {processor.py:186} INFO - Started process (PID=310) to work on /home/airflow/.local/lib/python3.12/site-packages/airflow/example_dags/example_skip_dag.py
[2024-09-11T13:36:59.898+0000] {processor.py:914} INFO - Processing file /home/airflow/.local/lib/python3.12/site-packages/airflow/example_dags/example_skip_dag.py for tasks to queue
[2024-09-11T13:36:59.901+0000] {logging_mixin.py:190} INFO - [2024-09-11T13:36:59.901+0000] {dagbag.py:587} INFO - Filling up the DagBag from /home/airflow/.local/lib/python3.12/site-packages/airflow/example_dags/example_skip_dag.py
[2024-09-11T13:36:59.910+0000] {processor.py:925} INFO - DAG(s) 'example_skip_dag' retrieved from /home/airflow/.local/lib/python3.12/site-packages/airflow/example_dags/example_skip_dag.py
[2024-09-11T13:36:59.935+0000] {logging_mixin.py:190} INFO - [2024-09-11T13:36:59.935+0000] {dag.py:3229} INFO - Sync 1 DAGs
[2024-09-11T13:36:59.967+0000] {logging_mixin.py:190} INFO - [2024-09-11T13:36:59.967+0000] {dag.py:4156} INFO - Setting next_dagrun for example_skip_dag to 2024-09-10 00:00:00+00:00, run_after=2024-09-11 00:00:00+00:00
[2024-09-11T13:36:59.988+0000] {processor.py:208} INFO - Processing /home/airflow/.local/lib/python3.12/site-packages/airflow/example_dags/example_skip_dag.py took 0.099 seconds
[2024-09-11T13:37:30.616+0000] {processor.py:186} INFO - Started process (PID=372) to work on /home/airflow/.local/lib/python3.12/site-packages/airflow/example_dags/example_skip_dag.py
[2024-09-11T13:37:30.618+0000] {processor.py:914} INFO - Processing file /home/airflow/.local/lib/python3.12/site-packages/airflow/example_dags/example_skip_dag.py for tasks to queue
[2024-09-11T13:37:30.620+0000] {logging_mixin.py:190} INFO - [2024-09-11T13:37:30.620+0000] {dagbag.py:587} INFO - Filling up the DagBag from /home/airflow/.local/lib/python3.12/site-packages/airflow/example_dags/example_skip_dag.py
[2024-09-11T13:37:30.634+0000] {processor.py:925} INFO - DAG(s) 'example_skip_dag' retrieved from /home/airflow/.local/lib/python3.12/site-packages/airflow/example_dags/example_skip_dag.py
[2024-09-11T13:37:30.666+0000] {logging_mixin.py:190} INFO - [2024-09-11T13:37:30.666+0000] {dag.py:3229} INFO - Sync 1 DAGs
[2024-09-11T13:37:30.706+0000] {logging_mixin.py:190} INFO - [2024-09-11T13:37:30.706+0000] {dag.py:4156} INFO - Setting next_dagrun for example_skip_dag to 2024-09-10 00:00:00+00:00, run_after=2024-09-11 00:00:00+00:00
[2024-09-11T13:37:30.737+0000] {processor.py:208} INFO - Processing /home/airflow/.local/lib/python3.12/site-packages/airflow/example_dags/example_skip_dag.py took 0.130 seconds
[2024-09-11T13:38:01.440+0000] {processor.py:186} INFO - Started process (PID=434) to work on /home/airflow/.local/lib/python3.12/site-packages/airflow/example_dags/example_skip_dag.py
[2024-09-11T13:38:01.441+0000] {processor.py:914} INFO - Processing file /home/airflow/.local/lib/python3.12/site-packages/airflow/example_dags/example_skip_dag.py for tasks to queue
[2024-09-11T13:38:01.446+0000] {logging_mixin.py:190} INFO - [2024-09-11T13:38:01.445+0000] {dagbag.py:587} INFO - Filling up the DagBag from /home/airflow/.local/lib/python3.12/site-packages/airflow/example_dags/example_skip_dag.py
[2024-09-11T13:38:01.459+0000] {processor.py:925} INFO - DAG(s) 'example_skip_dag' retrieved from /home/airflow/.local/lib/python3.12/site-packages/airflow/example_dags/example_skip_dag.py
[2024-09-11T13:38:01.502+0000] {logging_mixin.py:190} INFO - [2024-09-11T13:38:01.501+0000] {dag.py:3229} INFO - Sync 1 DAGs
[2024-09-11T13:38:01.551+0000] {logging_mixin.py:190} INFO - [2024-09-11T13:38:01.550+0000] {dag.py:4156} INFO - Setting next_dagrun for example_skip_dag to 2024-09-10 00:00:00+00:00, run_after=2024-09-11 00:00:00+00:00
[2024-09-11T13:38:01.588+0000] {processor.py:208} INFO - Processing /home/airflow/.local/lib/python3.12/site-packages/airflow/example_dags/example_skip_dag.py took 0.162 seconds
[2024-09-11T13:38:32.472+0000] {processor.py:186} INFO - Started process (PID=496) to work on /home/airflow/.local/lib/python3.12/site-packages/airflow/example_dags/example_skip_dag.py
[2024-09-11T13:38:32.473+0000] {processor.py:914} INFO - Processing file /home/airflow/.local/lib/python3.12/site-packages/airflow/example_dags/example_skip_dag.py for tasks to queue
[2024-09-11T13:38:32.478+0000] {logging_mixin.py:190} INFO - [2024-09-11T13:38:32.477+0000] {dagbag.py:587} INFO - Filling up the DagBag from /home/airflow/.local/lib/python3.12/site-packages/airflow/example_dags/example_skip_dag.py
[2024-09-11T13:38:32.492+0000] {processor.py:925} INFO - DAG(s) 'example_skip_dag' retrieved from /home/airflow/.local/lib/python3.12/site-packages/airflow/example_dags/example_skip_dag.py
[2024-09-11T13:38:32.526+0000] {logging_mixin.py:190} INFO - [2024-09-11T13:38:32.525+0000] {dag.py:3229} INFO - Sync 1 DAGs
[2024-09-11T13:38:32.577+0000] {logging_mixin.py:190} INFO - [2024-09-11T13:38:32.577+0000] {dag.py:4156} INFO - Setting next_dagrun for example_skip_dag to 2024-09-10 00:00:00+00:00, run_after=2024-09-11 00:00:00+00:00
[2024-09-11T13:38:32.611+0000] {processor.py:208} INFO - Processing /home/airflow/.local/lib/python3.12/site-packages/airflow/example_dags/example_skip_dag.py took 0.148 seconds
[2024-09-11T13:39:03.676+0000] {processor.py:186} INFO - Started process (PID=558) to work on /home/airflow/.local/lib/python3.12/site-packages/airflow/example_dags/example_skip_dag.py
[2024-09-11T13:39:03.677+0000] {processor.py:914} INFO - Processing file /home/airflow/.local/lib/python3.12/site-packages/airflow/example_dags/example_skip_dag.py for tasks to queue
[2024-09-11T13:39:03.682+0000] {logging_mixin.py:190} INFO - [2024-09-11T13:39:03.681+0000] {dagbag.py:587} INFO - Filling up the DagBag from /home/airflow/.local/lib/python3.12/site-packages/airflow/example_dags/example_skip_dag.py
[2024-09-11T13:39:03.695+0000] {processor.py:925} INFO - DAG(s) 'example_skip_dag' retrieved from /home/airflow/.local/lib/python3.12/site-packages/airflow/example_dags/example_skip_dag.py
[2024-09-11T13:39:03.738+0000] {logging_mixin.py:190} INFO - [2024-09-11T13:39:03.738+0000] {dag.py:3229} INFO - Sync 1 DAGs
[2024-09-11T13:39:03.815+0000] {logging_mixin.py:190} INFO - [2024-09-11T13:39:03.814+0000] {dag.py:4156} INFO - Setting next_dagrun for example_skip_dag to 2024-09-10 00:00:00+00:00, run_after=2024-09-11 00:00:00+00:00
[2024-09-11T13:39:03.866+0000] {processor.py:208} INFO - Processing /home/airflow/.local/lib/python3.12/site-packages/airflow/example_dags/example_skip_dag.py took 0.199 seconds
[2024-09-11T13:39:34.325+0000] {processor.py:186} INFO - Started process (PID=620) to work on /home/airflow/.local/lib/python3.12/site-packages/airflow/example_dags/example_skip_dag.py
[2024-09-11T13:39:34.328+0000] {processor.py:914} INFO - Processing file /home/airflow/.local/lib/python3.12/site-packages/airflow/example_dags/example_skip_dag.py for tasks to queue
[2024-09-11T13:39:34.333+0000] {logging_mixin.py:190} INFO - [2024-09-11T13:39:34.332+0000] {dagbag.py:587} INFO - Filling up the DagBag from /home/airflow/.local/lib/python3.12/site-packages/airflow/example_dags/example_skip_dag.py
[2024-09-11T13:39:34.358+0000] {processor.py:925} INFO - DAG(s) 'example_skip_dag' retrieved from /home/airflow/.local/lib/python3.12/site-packages/airflow/example_dags/example_skip_dag.py
[2024-09-11T13:39:34.445+0000] {logging_mixin.py:190} INFO - [2024-09-11T13:39:34.444+0000] {dag.py:3229} INFO - Sync 1 DAGs
[2024-09-11T13:39:34.619+0000] {logging_mixin.py:190} INFO - [2024-09-11T13:39:34.618+0000] {dag.py:4156} INFO - Setting next_dagrun for example_skip_dag to 2024-09-10 00:00:00+00:00, run_after=2024-09-11 00:00:00+00:00
[2024-09-11T13:39:34.653+0000] {processor.py:208} INFO - Processing /home/airflow/.local/lib/python3.12/site-packages/airflow/example_dags/example_skip_dag.py took 0.339 seconds
[2024-09-11T13:40:04.722+0000] {processor.py:186} INFO - Started process (PID=682) to work on /home/airflow/.local/lib/python3.12/site-packages/airflow/example_dags/example_skip_dag.py
[2024-09-11T13:40:04.723+0000] {processor.py:914} INFO - Processing file /home/airflow/.local/lib/python3.12/site-packages/airflow/example_dags/example_skip_dag.py for tasks to queue
[2024-09-11T13:40:04.728+0000] {logging_mixin.py:190} INFO - [2024-09-11T13:40:04.727+0000] {dagbag.py:587} INFO - Filling up the DagBag from /home/airflow/.local/lib/python3.12/site-packages/airflow/example_dags/example_skip_dag.py
[2024-09-11T13:40:04.738+0000] {processor.py:925} INFO - DAG(s) 'example_skip_dag' retrieved from /home/airflow/.local/lib/python3.12/site-packages/airflow/example_dags/example_skip_dag.py
[2024-09-11T13:40:04.791+0000] {logging_mixin.py:190} INFO - [2024-09-11T13:40:04.791+0000] {dag.py:3229} INFO - Sync 1 DAGs
[2024-09-11T13:40:04.830+0000] {logging_mixin.py:190} INFO - [2024-09-11T13:40:04.829+0000] {dag.py:4156} INFO - Setting next_dagrun for example_skip_dag to 2024-09-10 00:00:00+00:00, run_after=2024-09-11 00:00:00+00:00
[2024-09-11T13:40:04.851+0000] {processor.py:208} INFO - Processing /home/airflow/.local/lib/python3.12/site-packages/airflow/example_dags/example_skip_dag.py took 0.137 seconds
[2024-09-11T13:40:34.903+0000] {processor.py:186} INFO - Started process (PID=744) to work on /home/airflow/.local/lib/python3.12/site-packages/airflow/example_dags/example_skip_dag.py
[2024-09-11T13:40:34.905+0000] {processor.py:914} INFO - Processing file /home/airflow/.local/lib/python3.12/site-packages/airflow/example_dags/example_skip_dag.py for tasks to queue
[2024-09-11T13:40:34.908+0000] {logging_mixin.py:190} INFO - [2024-09-11T13:40:34.907+0000] {dagbag.py:587} INFO - Filling up the DagBag from /home/airflow/.local/lib/python3.12/site-packages/airflow/example_dags/example_skip_dag.py
[2024-09-11T13:40:34.918+0000] {processor.py:925} INFO - DAG(s) 'example_skip_dag' retrieved from /home/airflow/.local/lib/python3.12/site-packages/airflow/example_dags/example_skip_dag.py
[2024-09-11T13:40:34.948+0000] {logging_mixin.py:190} INFO - [2024-09-11T13:40:34.948+0000] {dag.py:3229} INFO - Sync 1 DAGs
[2024-09-11T13:40:34.976+0000] {logging_mixin.py:190} INFO - [2024-09-11T13:40:34.976+0000] {dag.py:4156} INFO - Setting next_dagrun for example_skip_dag to 2024-09-10 00:00:00+00:00, run_after=2024-09-11 00:00:00+00:00
[2024-09-11T13:40:34.995+0000] {processor.py:208} INFO - Processing /home/airflow/.local/lib/python3.12/site-packages/airflow/example_dags/example_skip_dag.py took 0.098 seconds
[2024-09-11T13:41:05.719+0000] {processor.py:186} INFO - Started process (PID=806) to work on /home/airflow/.local/lib/python3.12/site-packages/airflow/example_dags/example_skip_dag.py
[2024-09-11T13:41:05.721+0000] {processor.py:914} INFO - Processing file /home/airflow/.local/lib/python3.12/site-packages/airflow/example_dags/example_skip_dag.py for tasks to queue
[2024-09-11T13:41:05.723+0000] {logging_mixin.py:190} INFO - [2024-09-11T13:41:05.723+0000] {dagbag.py:587} INFO - Filling up the DagBag from /home/airflow/.local/lib/python3.12/site-packages/airflow/example_dags/example_skip_dag.py
[2024-09-11T13:41:05.732+0000] {processor.py:925} INFO - DAG(s) 'example_skip_dag' retrieved from /home/airflow/.local/lib/python3.12/site-packages/airflow/example_dags/example_skip_dag.py
[2024-09-11T13:41:05.758+0000] {logging_mixin.py:190} INFO - [2024-09-11T13:41:05.757+0000] {dag.py:3229} INFO - Sync 1 DAGs
[2024-09-11T13:41:05.785+0000] {logging_mixin.py:190} INFO - [2024-09-11T13:41:05.785+0000] {dag.py:4156} INFO - Setting next_dagrun for example_skip_dag to 2024-09-10 00:00:00+00:00, run_after=2024-09-11 00:00:00+00:00
[2024-09-11T13:41:05.804+0000] {processor.py:208} INFO - Processing /home/airflow/.local/lib/python3.12/site-packages/airflow/example_dags/example_skip_dag.py took 0.091 seconds
[2024-09-11T13:41:36.503+0000] {processor.py:186} INFO - Started process (PID=868) to work on /home/airflow/.local/lib/python3.12/site-packages/airflow/example_dags/example_skip_dag.py
[2024-09-11T13:41:36.505+0000] {processor.py:914} INFO - Processing file /home/airflow/.local/lib/python3.12/site-packages/airflow/example_dags/example_skip_dag.py for tasks to queue
[2024-09-11T13:41:36.507+0000] {logging_mixin.py:190} INFO - [2024-09-11T13:41:36.507+0000] {dagbag.py:587} INFO - Filling up the DagBag from /home/airflow/.local/lib/python3.12/site-packages/airflow/example_dags/example_skip_dag.py
[2024-09-11T13:41:36.516+0000] {processor.py:925} INFO - DAG(s) 'example_skip_dag' retrieved from /home/airflow/.local/lib/python3.12/site-packages/airflow/example_dags/example_skip_dag.py
[2024-09-11T13:41:36.542+0000] {logging_mixin.py:190} INFO - [2024-09-11T13:41:36.542+0000] {dag.py:3229} INFO - Sync 1 DAGs
[2024-09-11T13:41:36.569+0000] {logging_mixin.py:190} INFO - [2024-09-11T13:41:36.569+0000] {dag.py:4156} INFO - Setting next_dagrun for example_skip_dag to 2024-09-10 00:00:00+00:00, run_after=2024-09-11 00:00:00+00:00
[2024-09-11T13:41:36.588+0000] {processor.py:208} INFO - Processing /home/airflow/.local/lib/python3.12/site-packages/airflow/example_dags/example_skip_dag.py took 0.091 seconds
[2024-09-11T13:42:07.150+0000] {processor.py:186} INFO - Started process (PID=930) to work on /home/airflow/.local/lib/python3.12/site-packages/airflow/example_dags/example_skip_dag.py
[2024-09-11T13:42:07.152+0000] {processor.py:914} INFO - Processing file /home/airflow/.local/lib/python3.12/site-packages/airflow/example_dags/example_skip_dag.py for tasks to queue
[2024-09-11T13:42:07.154+0000] {logging_mixin.py:190} INFO - [2024-09-11T13:42:07.154+0000] {dagbag.py:587} INFO - Filling up the DagBag from /home/airflow/.local/lib/python3.12/site-packages/airflow/example_dags/example_skip_dag.py
[2024-09-11T13:42:07.164+0000] {processor.py:925} INFO - DAG(s) 'example_skip_dag' retrieved from /home/airflow/.local/lib/python3.12/site-packages/airflow/example_dags/example_skip_dag.py
[2024-09-11T13:42:07.188+0000] {logging_mixin.py:190} INFO - [2024-09-11T13:42:07.188+0000] {dag.py:3229} INFO - Sync 1 DAGs
[2024-09-11T13:42:07.216+0000] {logging_mixin.py:190} INFO - [2024-09-11T13:42:07.215+0000] {dag.py:4156} INFO - Setting next_dagrun for example_skip_dag to 2024-09-10 00:00:00+00:00, run_after=2024-09-11 00:00:00+00:00
[2024-09-11T13:42:07.235+0000] {processor.py:208} INFO - Processing /home/airflow/.local/lib/python3.12/site-packages/airflow/example_dags/example_skip_dag.py took 0.091 seconds
[2024-09-11T13:42:37.675+0000] {processor.py:186} INFO - Started process (PID=992) to work on /home/airflow/.local/lib/python3.12/site-packages/airflow/example_dags/example_skip_dag.py
[2024-09-11T13:42:37.677+0000] {processor.py:914} INFO - Processing file /home/airflow/.local/lib/python3.12/site-packages/airflow/example_dags/example_skip_dag.py for tasks to queue
[2024-09-11T13:42:37.680+0000] {logging_mixin.py:190} INFO - [2024-09-11T13:42:37.679+0000] {dagbag.py:587} INFO - Filling up the DagBag from /home/airflow/.local/lib/python3.12/site-packages/airflow/example_dags/example_skip_dag.py
[2024-09-11T13:42:37.689+0000] {processor.py:925} INFO - DAG(s) 'example_skip_dag' retrieved from /home/airflow/.local/lib/python3.12/site-packages/airflow/example_dags/example_skip_dag.py
[2024-09-11T13:42:37.716+0000] {logging_mixin.py:190} INFO - [2024-09-11T13:42:37.716+0000] {dag.py:3229} INFO - Sync 1 DAGs
[2024-09-11T13:42:37.746+0000] {logging_mixin.py:190} INFO - [2024-09-11T13:42:37.746+0000] {dag.py:4156} INFO - Setting next_dagrun for example_skip_dag to 2024-09-10 00:00:00+00:00, run_after=2024-09-11 00:00:00+00:00
[2024-09-11T13:42:37.765+0000] {processor.py:208} INFO - Processing /home/airflow/.local/lib/python3.12/site-packages/airflow/example_dags/example_skip_dag.py took 0.099 seconds
[2024-09-11T13:43:07.908+0000] {processor.py:186} INFO - Started process (PID=1054) to work on /home/airflow/.local/lib/python3.12/site-packages/airflow/example_dags/example_skip_dag.py
[2024-09-11T13:43:07.909+0000] {processor.py:914} INFO - Processing file /home/airflow/.local/lib/python3.12/site-packages/airflow/example_dags/example_skip_dag.py for tasks to queue
[2024-09-11T13:43:07.912+0000] {logging_mixin.py:190} INFO - [2024-09-11T13:43:07.912+0000] {dagbag.py:587} INFO - Filling up the DagBag from /home/airflow/.local/lib/python3.12/site-packages/airflow/example_dags/example_skip_dag.py
[2024-09-11T13:43:07.923+0000] {processor.py:925} INFO - DAG(s) 'example_skip_dag' retrieved from /home/airflow/.local/lib/python3.12/site-packages/airflow/example_dags/example_skip_dag.py
[2024-09-11T13:43:07.951+0000] {logging_mixin.py:190} INFO - [2024-09-11T13:43:07.950+0000] {dag.py:3229} INFO - Sync 1 DAGs
[2024-09-11T13:43:07.982+0000] {logging_mixin.py:190} INFO - [2024-09-11T13:43:07.982+0000] {dag.py:4156} INFO - Setting next_dagrun for example_skip_dag to 2024-09-10 00:00:00+00:00, run_after=2024-09-11 00:00:00+00:00
[2024-09-11T13:43:08.001+0000] {processor.py:208} INFO - Processing /home/airflow/.local/lib/python3.12/site-packages/airflow/example_dags/example_skip_dag.py took 0.100 seconds
[2024-09-11T13:43:38.681+0000] {processor.py:186} INFO - Started process (PID=1116) to work on /home/airflow/.local/lib/python3.12/site-packages/airflow/example_dags/example_skip_dag.py
[2024-09-11T13:43:38.682+0000] {processor.py:914} INFO - Processing file /home/airflow/.local/lib/python3.12/site-packages/airflow/example_dags/example_skip_dag.py for tasks to queue
[2024-09-11T13:43:38.685+0000] {logging_mixin.py:190} INFO - [2024-09-11T13:43:38.685+0000] {dagbag.py:587} INFO - Filling up the DagBag from /home/airflow/.local/lib/python3.12/site-packages/airflow/example_dags/example_skip_dag.py
[2024-09-11T13:43:38.695+0000] {processor.py:925} INFO - DAG(s) 'example_skip_dag' retrieved from /home/airflow/.local/lib/python3.12/site-packages/airflow/example_dags/example_skip_dag.py
[2024-09-11T13:43:38.722+0000] {logging_mixin.py:190} INFO - [2024-09-11T13:43:38.721+0000] {dag.py:3229} INFO - Sync 1 DAGs
[2024-09-11T13:43:38.754+0000] {logging_mixin.py:190} INFO - [2024-09-11T13:43:38.754+0000] {dag.py:4156} INFO - Setting next_dagrun for example_skip_dag to 2024-09-10 00:00:00+00:00, run_after=2024-09-11 00:00:00+00:00
[2024-09-11T13:43:38.773+0000] {processor.py:208} INFO - Processing /home/airflow/.local/lib/python3.12/site-packages/airflow/example_dags/example_skip_dag.py took 0.100 seconds
[2024-09-11T13:44:09.114+0000] {processor.py:186} INFO - Started process (PID=1178) to work on /home/airflow/.local/lib/python3.12/site-packages/airflow/example_dags/example_skip_dag.py
[2024-09-11T13:44:09.115+0000] {processor.py:914} INFO - Processing file /home/airflow/.local/lib/python3.12/site-packages/airflow/example_dags/example_skip_dag.py for tasks to queue
[2024-09-11T13:44:09.118+0000] {logging_mixin.py:190} INFO - [2024-09-11T13:44:09.118+0000] {dagbag.py:587} INFO - Filling up the DagBag from /home/airflow/.local/lib/python3.12/site-packages/airflow/example_dags/example_skip_dag.py
[2024-09-11T13:44:09.127+0000] {processor.py:925} INFO - DAG(s) 'example_skip_dag' retrieved from /home/airflow/.local/lib/python3.12/site-packages/airflow/example_dags/example_skip_dag.py
[2024-09-11T13:44:09.151+0000] {logging_mixin.py:190} INFO - [2024-09-11T13:44:09.150+0000] {dag.py:3229} INFO - Sync 1 DAGs
[2024-09-11T13:44:09.179+0000] {logging_mixin.py:190} INFO - [2024-09-11T13:44:09.178+0000] {dag.py:4156} INFO - Setting next_dagrun for example_skip_dag to 2024-09-10 00:00:00+00:00, run_after=2024-09-11 00:00:00+00:00
[2024-09-11T13:44:09.198+0000] {processor.py:208} INFO - Processing /home/airflow/.local/lib/python3.12/site-packages/airflow/example_dags/example_skip_dag.py took 0.090 seconds
[2024-09-11T13:44:39.591+0000] {processor.py:186} INFO - Started process (PID=1240) to work on /home/airflow/.local/lib/python3.12/site-packages/airflow/example_dags/example_skip_dag.py
[2024-09-11T13:44:39.592+0000] {processor.py:914} INFO - Processing file /home/airflow/.local/lib/python3.12/site-packages/airflow/example_dags/example_skip_dag.py for tasks to queue
[2024-09-11T13:44:39.595+0000] {logging_mixin.py:190} INFO - [2024-09-11T13:44:39.595+0000] {dagbag.py:587} INFO - Filling up the DagBag from /home/airflow/.local/lib/python3.12/site-packages/airflow/example_dags/example_skip_dag.py
[2024-09-11T13:44:39.604+0000] {processor.py:925} INFO - DAG(s) 'example_skip_dag' retrieved from /home/airflow/.local/lib/python3.12/site-packages/airflow/example_dags/example_skip_dag.py
[2024-09-11T13:44:39.629+0000] {logging_mixin.py:190} INFO - [2024-09-11T13:44:39.628+0000] {dag.py:3229} INFO - Sync 1 DAGs
[2024-09-11T13:44:39.655+0000] {logging_mixin.py:190} INFO - [2024-09-11T13:44:39.654+0000] {dag.py:4156} INFO - Setting next_dagrun for example_skip_dag to 2024-09-10 00:00:00+00:00, run_after=2024-09-11 00:00:00+00:00
[2024-09-11T13:44:39.675+0000] {processor.py:208} INFO - Processing /home/airflow/.local/lib/python3.12/site-packages/airflow/example_dags/example_skip_dag.py took 0.091 seconds
[2024-09-11T13:45:10.142+0000] {processor.py:186} INFO - Started process (PID=1302) to work on /home/airflow/.local/lib/python3.12/site-packages/airflow/example_dags/example_skip_dag.py
[2024-09-11T13:45:10.143+0000] {processor.py:914} INFO - Processing file /home/airflow/.local/lib/python3.12/site-packages/airflow/example_dags/example_skip_dag.py for tasks to queue
[2024-09-11T13:45:10.146+0000] {logging_mixin.py:190} INFO - [2024-09-11T13:45:10.145+0000] {dagbag.py:587} INFO - Filling up the DagBag from /home/airflow/.local/lib/python3.12/site-packages/airflow/example_dags/example_skip_dag.py
[2024-09-11T13:45:10.155+0000] {processor.py:925} INFO - DAG(s) 'example_skip_dag' retrieved from /home/airflow/.local/lib/python3.12/site-packages/airflow/example_dags/example_skip_dag.py
[2024-09-11T13:45:10.179+0000] {logging_mixin.py:190} INFO - [2024-09-11T13:45:10.179+0000] {dag.py:3229} INFO - Sync 1 DAGs
[2024-09-11T13:45:10.206+0000] {logging_mixin.py:190} INFO - [2024-09-11T13:45:10.206+0000] {dag.py:4156} INFO - Setting next_dagrun for example_skip_dag to 2024-09-10 00:00:00+00:00, run_after=2024-09-11 00:00:00+00:00
[2024-09-11T13:45:10.225+0000] {processor.py:208} INFO - Processing /home/airflow/.local/lib/python3.12/site-packages/airflow/example_dags/example_skip_dag.py took 0.091 seconds
[2024-09-11T13:45:40.805+0000] {processor.py:186} INFO - Started process (PID=1364) to work on /home/airflow/.local/lib/python3.12/site-packages/airflow/example_dags/example_skip_dag.py
[2024-09-11T13:45:40.806+0000] {processor.py:914} INFO - Processing file /home/airflow/.local/lib/python3.12/site-packages/airflow/example_dags/example_skip_dag.py for tasks to queue
[2024-09-11T13:45:40.809+0000] {logging_mixin.py:190} INFO - [2024-09-11T13:45:40.809+0000] {dagbag.py:587} INFO - Filling up the DagBag from /home/airflow/.local/lib/python3.12/site-packages/airflow/example_dags/example_skip_dag.py
[2024-09-11T13:45:40.818+0000] {processor.py:925} INFO - DAG(s) 'example_skip_dag' retrieved from /home/airflow/.local/lib/python3.12/site-packages/airflow/example_dags/example_skip_dag.py
[2024-09-11T13:45:40.841+0000] {logging_mixin.py:190} INFO - [2024-09-11T13:45:40.841+0000] {dag.py:3229} INFO - Sync 1 DAGs
[2024-09-11T13:45:40.867+0000] {logging_mixin.py:190} INFO - [2024-09-11T13:45:40.866+0000] {dag.py:4156} INFO - Setting next_dagrun for example_skip_dag to 2024-09-10 00:00:00+00:00, run_after=2024-09-11 00:00:00+00:00
[2024-09-11T13:45:40.888+0000] {processor.py:208} INFO - Processing /home/airflow/.local/lib/python3.12/site-packages/airflow/example_dags/example_skip_dag.py took 0.089 seconds
[2024-09-11T13:46:11.529+0000] {processor.py:186} INFO - Started process (PID=1426) to work on /home/airflow/.local/lib/python3.12/site-packages/airflow/example_dags/example_skip_dag.py
[2024-09-11T13:46:11.530+0000] {processor.py:914} INFO - Processing file /home/airflow/.local/lib/python3.12/site-packages/airflow/example_dags/example_skip_dag.py for tasks to queue
[2024-09-11T13:46:11.533+0000] {logging_mixin.py:190} INFO - [2024-09-11T13:46:11.533+0000] {dagbag.py:587} INFO - Filling up the DagBag from /home/airflow/.local/lib/python3.12/site-packages/airflow/example_dags/example_skip_dag.py
[2024-09-11T13:46:11.542+0000] {processor.py:925} INFO - DAG(s) 'example_skip_dag' retrieved from /home/airflow/.local/lib/python3.12/site-packages/airflow/example_dags/example_skip_dag.py
[2024-09-11T13:46:11.566+0000] {logging_mixin.py:190} INFO - [2024-09-11T13:46:11.566+0000] {dag.py:3229} INFO - Sync 1 DAGs
[2024-09-11T13:46:11.591+0000] {logging_mixin.py:190} INFO - [2024-09-11T13:46:11.591+0000] {dag.py:4156} INFO - Setting next_dagrun for example_skip_dag to 2024-09-10 00:00:00+00:00, run_after=2024-09-11 00:00:00+00:00
[2024-09-11T13:46:11.612+0000] {processor.py:208} INFO - Processing /home/airflow/.local/lib/python3.12/site-packages/airflow/example_dags/example_skip_dag.py took 0.089 seconds
[2024-09-11T13:46:43.135+0000] {processor.py:186} INFO - Started process (PID=1488) to work on /home/airflow/.local/lib/python3.12/site-packages/airflow/example_dags/example_skip_dag.py
[2024-09-11T13:46:43.137+0000] {processor.py:914} INFO - Processing file /home/airflow/.local/lib/python3.12/site-packages/airflow/example_dags/example_skip_dag.py for tasks to queue
[2024-09-11T13:46:43.139+0000] {logging_mixin.py:190} INFO - [2024-09-11T13:46:43.139+0000] {dagbag.py:587} INFO - Filling up the DagBag from /home/airflow/.local/lib/python3.12/site-packages/airflow/example_dags/example_skip_dag.py
[2024-09-11T13:46:43.148+0000] {processor.py:925} INFO - DAG(s) 'example_skip_dag' retrieved from /home/airflow/.local/lib/python3.12/site-packages/airflow/example_dags/example_skip_dag.py
[2024-09-11T13:46:43.174+0000] {logging_mixin.py:190} INFO - [2024-09-11T13:46:43.174+0000] {dag.py:3229} INFO - Sync 1 DAGs
[2024-09-11T13:46:43.198+0000] {logging_mixin.py:190} INFO - [2024-09-11T13:46:43.198+0000] {dag.py:4156} INFO - Setting next_dagrun for example_skip_dag to 2024-09-10 00:00:00+00:00, run_after=2024-09-11 00:00:00+00:00
[2024-09-11T13:46:43.218+0000] {processor.py:208} INFO - Processing /home/airflow/.local/lib/python3.12/site-packages/airflow/example_dags/example_skip_dag.py took 0.089 seconds
[2024-09-11T13:47:14.477+0000] {processor.py:186} INFO - Started process (PID=1550) to work on /home/airflow/.local/lib/python3.12/site-packages/airflow/example_dags/example_skip_dag.py
[2024-09-11T13:47:14.478+0000] {processor.py:914} INFO - Processing file /home/airflow/.local/lib/python3.12/site-packages/airflow/example_dags/example_skip_dag.py for tasks to queue
[2024-09-11T13:47:14.481+0000] {logging_mixin.py:190} INFO - [2024-09-11T13:47:14.481+0000] {dagbag.py:587} INFO - Filling up the DagBag from /home/airflow/.local/lib/python3.12/site-packages/airflow/example_dags/example_skip_dag.py
[2024-09-11T13:47:14.489+0000] {processor.py:925} INFO - DAG(s) 'example_skip_dag' retrieved from /home/airflow/.local/lib/python3.12/site-packages/airflow/example_dags/example_skip_dag.py
[2024-09-11T13:47:14.513+0000] {logging_mixin.py:190} INFO - [2024-09-11T13:47:14.512+0000] {dag.py:3229} INFO - Sync 1 DAGs
[2024-09-11T13:47:14.538+0000] {logging_mixin.py:190} INFO - [2024-09-11T13:47:14.538+0000] {dag.py:4156} INFO - Setting next_dagrun for example_skip_dag to 2024-09-10 00:00:00+00:00, run_after=2024-09-11 00:00:00+00:00
[2024-09-11T13:47:14.560+0000] {processor.py:208} INFO - Processing /home/airflow/.local/lib/python3.12/site-packages/airflow/example_dags/example_skip_dag.py took 0.090 seconds
[2024-09-11T13:47:45.523+0000] {processor.py:186} INFO - Started process (PID=1612) to work on /home/airflow/.local/lib/python3.12/site-packages/airflow/example_dags/example_skip_dag.py
[2024-09-11T13:47:45.524+0000] {processor.py:914} INFO - Processing file /home/airflow/.local/lib/python3.12/site-packages/airflow/example_dags/example_skip_dag.py for tasks to queue
[2024-09-11T13:47:45.527+0000] {logging_mixin.py:190} INFO - [2024-09-11T13:47:45.527+0000] {dagbag.py:587} INFO - Filling up the DagBag from /home/airflow/.local/lib/python3.12/site-packages/airflow/example_dags/example_skip_dag.py
[2024-09-11T13:47:45.536+0000] {processor.py:925} INFO - DAG(s) 'example_skip_dag' retrieved from /home/airflow/.local/lib/python3.12/site-packages/airflow/example_dags/example_skip_dag.py
[2024-09-11T13:47:45.562+0000] {logging_mixin.py:190} INFO - [2024-09-11T13:47:45.562+0000] {dag.py:3229} INFO - Sync 1 DAGs
[2024-09-11T13:47:45.587+0000] {logging_mixin.py:190} INFO - [2024-09-11T13:47:45.587+0000] {dag.py:4156} INFO - Setting next_dagrun for example_skip_dag to 2024-09-10 00:00:00+00:00, run_after=2024-09-11 00:00:00+00:00
[2024-09-11T13:47:45.607+0000] {processor.py:208} INFO - Processing /home/airflow/.local/lib/python3.12/site-packages/airflow/example_dags/example_skip_dag.py took 0.091 seconds
[2024-09-11T13:48:17.090+0000] {processor.py:186} INFO - Started process (PID=1674) to work on /home/airflow/.local/lib/python3.12/site-packages/airflow/example_dags/example_skip_dag.py
[2024-09-11T13:48:17.092+0000] {processor.py:914} INFO - Processing file /home/airflow/.local/lib/python3.12/site-packages/airflow/example_dags/example_skip_dag.py for tasks to queue
[2024-09-11T13:48:17.095+0000] {logging_mixin.py:190} INFO - [2024-09-11T13:48:17.094+0000] {dagbag.py:587} INFO - Filling up the DagBag from /home/airflow/.local/lib/python3.12/site-packages/airflow/example_dags/example_skip_dag.py
[2024-09-11T13:48:17.103+0000] {processor.py:925} INFO - DAG(s) 'example_skip_dag' retrieved from /home/airflow/.local/lib/python3.12/site-packages/airflow/example_dags/example_skip_dag.py
[2024-09-11T13:48:17.129+0000] {logging_mixin.py:190} INFO - [2024-09-11T13:48:17.129+0000] {dag.py:3229} INFO - Sync 1 DAGs
[2024-09-11T13:48:17.162+0000] {logging_mixin.py:190} INFO - [2024-09-11T13:48:17.161+0000] {dag.py:4156} INFO - Setting next_dagrun for example_skip_dag to 2024-09-10 00:00:00+00:00, run_after=2024-09-11 00:00:00+00:00
[2024-09-11T13:48:17.185+0000] {processor.py:208} INFO - Processing /home/airflow/.local/lib/python3.12/site-packages/airflow/example_dags/example_skip_dag.py took 0.101 seconds
[2024-09-11T13:48:48.399+0000] {processor.py:186} INFO - Started process (PID=1736) to work on /home/airflow/.local/lib/python3.12/site-packages/airflow/example_dags/example_skip_dag.py
[2024-09-11T13:48:48.401+0000] {processor.py:914} INFO - Processing file /home/airflow/.local/lib/python3.12/site-packages/airflow/example_dags/example_skip_dag.py for tasks to queue
[2024-09-11T13:48:48.404+0000] {logging_mixin.py:190} INFO - [2024-09-11T13:48:48.403+0000] {dagbag.py:587} INFO - Filling up the DagBag from /home/airflow/.local/lib/python3.12/site-packages/airflow/example_dags/example_skip_dag.py
[2024-09-11T13:48:48.413+0000] {processor.py:925} INFO - DAG(s) 'example_skip_dag' retrieved from /home/airflow/.local/lib/python3.12/site-packages/airflow/example_dags/example_skip_dag.py
[2024-09-11T13:48:48.439+0000] {logging_mixin.py:190} INFO - [2024-09-11T13:48:48.439+0000] {dag.py:3229} INFO - Sync 1 DAGs
[2024-09-11T13:48:48.465+0000] {logging_mixin.py:190} INFO - [2024-09-11T13:48:48.464+0000] {dag.py:4156} INFO - Setting next_dagrun for example_skip_dag to 2024-09-10 00:00:00+00:00, run_after=2024-09-11 00:00:00+00:00
[2024-09-11T13:48:48.486+0000] {processor.py:208} INFO - Processing /home/airflow/.local/lib/python3.12/site-packages/airflow/example_dags/example_skip_dag.py took 0.094 seconds
[2024-09-11T13:49:19.578+0000] {processor.py:186} INFO - Started process (PID=1798) to work on /home/airflow/.local/lib/python3.12/site-packages/airflow/example_dags/example_skip_dag.py
[2024-09-11T13:49:19.579+0000] {processor.py:914} INFO - Processing file /home/airflow/.local/lib/python3.12/site-packages/airflow/example_dags/example_skip_dag.py for tasks to queue
[2024-09-11T13:49:19.582+0000] {logging_mixin.py:190} INFO - [2024-09-11T13:49:19.581+0000] {dagbag.py:587} INFO - Filling up the DagBag from /home/airflow/.local/lib/python3.12/site-packages/airflow/example_dags/example_skip_dag.py
[2024-09-11T13:49:19.592+0000] {processor.py:925} INFO - DAG(s) 'example_skip_dag' retrieved from /home/airflow/.local/lib/python3.12/site-packages/airflow/example_dags/example_skip_dag.py
[2024-09-11T13:49:19.620+0000] {logging_mixin.py:190} INFO - [2024-09-11T13:49:19.620+0000] {dag.py:3229} INFO - Sync 1 DAGs
[2024-09-11T13:49:19.649+0000] {logging_mixin.py:190} INFO - [2024-09-11T13:49:19.649+0000] {dag.py:4156} INFO - Setting next_dagrun for example_skip_dag to 2024-09-10 00:00:00+00:00, run_after=2024-09-11 00:00:00+00:00
[2024-09-11T13:49:19.673+0000] {processor.py:208} INFO - Processing /home/airflow/.local/lib/python3.12/site-packages/airflow/example_dags/example_skip_dag.py took 0.101 seconds
[2024-09-11T13:49:50.518+0000] {processor.py:186} INFO - Started process (PID=1860) to work on /home/airflow/.local/lib/python3.12/site-packages/airflow/example_dags/example_skip_dag.py
[2024-09-11T13:49:50.520+0000] {processor.py:914} INFO - Processing file /home/airflow/.local/lib/python3.12/site-packages/airflow/example_dags/example_skip_dag.py for tasks to queue
[2024-09-11T13:49:50.522+0000] {logging_mixin.py:190} INFO - [2024-09-11T13:49:50.522+0000] {dagbag.py:587} INFO - Filling up the DagBag from /home/airflow/.local/lib/python3.12/site-packages/airflow/example_dags/example_skip_dag.py
[2024-09-11T13:49:50.531+0000] {processor.py:925} INFO - DAG(s) 'example_skip_dag' retrieved from /home/airflow/.local/lib/python3.12/site-packages/airflow/example_dags/example_skip_dag.py
[2024-09-11T13:49:50.558+0000] {logging_mixin.py:190} INFO - [2024-09-11T13:49:50.558+0000] {dag.py:3229} INFO - Sync 1 DAGs
[2024-09-11T13:49:50.585+0000] {logging_mixin.py:190} INFO - [2024-09-11T13:49:50.585+0000] {dag.py:4156} INFO - Setting next_dagrun for example_skip_dag to 2024-09-10 00:00:00+00:00, run_after=2024-09-11 00:00:00+00:00
[2024-09-11T13:49:50.606+0000] {processor.py:208} INFO - Processing /home/airflow/.local/lib/python3.12/site-packages/airflow/example_dags/example_skip_dag.py took 0.094 seconds
[2024-09-11T13:50:21.714+0000] {processor.py:186} INFO - Started process (PID=1922) to work on /home/airflow/.local/lib/python3.12/site-packages/airflow/example_dags/example_skip_dag.py
[2024-09-11T13:50:21.715+0000] {processor.py:914} INFO - Processing file /home/airflow/.local/lib/python3.12/site-packages/airflow/example_dags/example_skip_dag.py for tasks to queue
[2024-09-11T13:50:21.718+0000] {logging_mixin.py:190} INFO - [2024-09-11T13:50:21.718+0000] {dagbag.py:587} INFO - Filling up the DagBag from /home/airflow/.local/lib/python3.12/site-packages/airflow/example_dags/example_skip_dag.py
[2024-09-11T13:50:21.728+0000] {processor.py:925} INFO - DAG(s) 'example_skip_dag' retrieved from /home/airflow/.local/lib/python3.12/site-packages/airflow/example_dags/example_skip_dag.py
[2024-09-11T13:50:21.755+0000] {logging_mixin.py:190} INFO - [2024-09-11T13:50:21.754+0000] {dag.py:3229} INFO - Sync 1 DAGs
[2024-09-11T13:50:21.785+0000] {logging_mixin.py:190} INFO - [2024-09-11T13:50:21.785+0000] {dag.py:4156} INFO - Setting next_dagrun for example_skip_dag to 2024-09-10 00:00:00+00:00, run_after=2024-09-11 00:00:00+00:00
[2024-09-11T13:50:21.809+0000] {processor.py:208} INFO - Processing /home/airflow/.local/lib/python3.12/site-packages/airflow/example_dags/example_skip_dag.py took 0.102 seconds
[2024-09-11T13:50:53.990+0000] {processor.py:186} INFO - Started process (PID=1990) to work on /home/airflow/.local/lib/python3.12/site-packages/airflow/example_dags/example_skip_dag.py
[2024-09-11T13:50:53.992+0000] {processor.py:914} INFO - Processing file /home/airflow/.local/lib/python3.12/site-packages/airflow/example_dags/example_skip_dag.py for tasks to queue
[2024-09-11T13:50:53.994+0000] {logging_mixin.py:190} INFO - [2024-09-11T13:50:53.994+0000] {dagbag.py:587} INFO - Filling up the DagBag from /home/airflow/.local/lib/python3.12/site-packages/airflow/example_dags/example_skip_dag.py
[2024-09-11T13:50:54.005+0000] {processor.py:925} INFO - DAG(s) 'example_skip_dag' retrieved from /home/airflow/.local/lib/python3.12/site-packages/airflow/example_dags/example_skip_dag.py
[2024-09-11T13:50:54.031+0000] {logging_mixin.py:190} INFO - [2024-09-11T13:50:54.030+0000] {dag.py:3229} INFO - Sync 1 DAGs
[2024-09-11T13:50:54.056+0000] {logging_mixin.py:190} INFO - [2024-09-11T13:50:54.056+0000] {dag.py:4156} INFO - Setting next_dagrun for example_skip_dag to 2024-09-10 00:00:00+00:00, run_after=2024-09-11 00:00:00+00:00
[2024-09-11T13:50:54.078+0000] {processor.py:208} INFO - Processing /home/airflow/.local/lib/python3.12/site-packages/airflow/example_dags/example_skip_dag.py took 0.098 seconds
[2024-09-11T13:51:25.791+0000] {processor.py:186} INFO - Started process (PID=2052) to work on /home/airflow/.local/lib/python3.12/site-packages/airflow/example_dags/example_skip_dag.py
[2024-09-11T13:51:25.792+0000] {processor.py:914} INFO - Processing file /home/airflow/.local/lib/python3.12/site-packages/airflow/example_dags/example_skip_dag.py for tasks to queue
[2024-09-11T13:51:25.797+0000] {logging_mixin.py:190} INFO - [2024-09-11T13:51:25.796+0000] {dagbag.py:587} INFO - Filling up the DagBag from /home/airflow/.local/lib/python3.12/site-packages/airflow/example_dags/example_skip_dag.py
[2024-09-11T13:51:25.818+0000] {processor.py:925} INFO - DAG(s) 'example_skip_dag' retrieved from /home/airflow/.local/lib/python3.12/site-packages/airflow/example_dags/example_skip_dag.py
[2024-09-11T13:51:25.856+0000] {logging_mixin.py:190} INFO - [2024-09-11T13:51:25.856+0000] {dag.py:3229} INFO - Sync 1 DAGs
[2024-09-11T13:51:25.896+0000] {logging_mixin.py:190} INFO - [2024-09-11T13:51:25.896+0000] {dag.py:4156} INFO - Setting next_dagrun for example_skip_dag to 2024-09-10 00:00:00+00:00, run_after=2024-09-11 00:00:00+00:00
[2024-09-11T13:51:25.926+0000] {processor.py:208} INFO - Processing /home/airflow/.local/lib/python3.12/site-packages/airflow/example_dags/example_skip_dag.py took 0.150 seconds
[2024-09-11T13:51:56.278+0000] {processor.py:186} INFO - Started process (PID=2114) to work on /home/airflow/.local/lib/python3.12/site-packages/airflow/example_dags/example_skip_dag.py
[2024-09-11T13:51:56.279+0000] {processor.py:914} INFO - Processing file /home/airflow/.local/lib/python3.12/site-packages/airflow/example_dags/example_skip_dag.py for tasks to queue
[2024-09-11T13:51:56.282+0000] {logging_mixin.py:190} INFO - [2024-09-11T13:51:56.282+0000] {dagbag.py:587} INFO - Filling up the DagBag from /home/airflow/.local/lib/python3.12/site-packages/airflow/example_dags/example_skip_dag.py
[2024-09-11T13:51:56.298+0000] {processor.py:925} INFO - DAG(s) 'example_skip_dag' retrieved from /home/airflow/.local/lib/python3.12/site-packages/airflow/example_dags/example_skip_dag.py
[2024-09-11T13:51:56.330+0000] {logging_mixin.py:190} INFO - [2024-09-11T13:51:56.329+0000] {dag.py:3229} INFO - Sync 1 DAGs
[2024-09-11T13:51:56.366+0000] {logging_mixin.py:190} INFO - [2024-09-11T13:51:56.365+0000] {dag.py:4156} INFO - Setting next_dagrun for example_skip_dag to 2024-09-10 00:00:00+00:00, run_after=2024-09-11 00:00:00+00:00
[2024-09-11T13:51:56.390+0000] {processor.py:208} INFO - Processing /home/airflow/.local/lib/python3.12/site-packages/airflow/example_dags/example_skip_dag.py took 0.123 seconds
[2024-09-11T13:52:27.744+0000] {processor.py:186} INFO - Started process (PID=2177) to work on /home/airflow/.local/lib/python3.12/site-packages/airflow/example_dags/example_skip_dag.py
[2024-09-11T13:52:27.745+0000] {processor.py:914} INFO - Processing file /home/airflow/.local/lib/python3.12/site-packages/airflow/example_dags/example_skip_dag.py for tasks to queue
[2024-09-11T13:52:27.748+0000] {logging_mixin.py:190} INFO - [2024-09-11T13:52:27.748+0000] {dagbag.py:587} INFO - Filling up the DagBag from /home/airflow/.local/lib/python3.12/site-packages/airflow/example_dags/example_skip_dag.py
[2024-09-11T13:52:27.761+0000] {processor.py:925} INFO - DAG(s) 'example_skip_dag' retrieved from /home/airflow/.local/lib/python3.12/site-packages/airflow/example_dags/example_skip_dag.py
[2024-09-11T13:52:27.792+0000] {logging_mixin.py:190} INFO - [2024-09-11T13:52:27.791+0000] {dag.py:3229} INFO - Sync 1 DAGs
[2024-09-11T13:52:27.826+0000] {logging_mixin.py:190} INFO - [2024-09-11T13:52:27.825+0000] {dag.py:4156} INFO - Setting next_dagrun for example_skip_dag to 2024-09-10 00:00:00+00:00, run_after=2024-09-11 00:00:00+00:00
[2024-09-11T13:52:27.854+0000] {processor.py:208} INFO - Processing /home/airflow/.local/lib/python3.12/site-packages/airflow/example_dags/example_skip_dag.py took 0.119 seconds
[2024-09-11T13:52:59.371+0000] {processor.py:186} INFO - Started process (PID=2239) to work on /home/airflow/.local/lib/python3.12/site-packages/airflow/example_dags/example_skip_dag.py
[2024-09-11T13:52:59.372+0000] {processor.py:914} INFO - Processing file /home/airflow/.local/lib/python3.12/site-packages/airflow/example_dags/example_skip_dag.py for tasks to queue
[2024-09-11T13:52:59.376+0000] {logging_mixin.py:190} INFO - [2024-09-11T13:52:59.375+0000] {dagbag.py:587} INFO - Filling up the DagBag from /home/airflow/.local/lib/python3.12/site-packages/airflow/example_dags/example_skip_dag.py
[2024-09-11T13:52:59.390+0000] {processor.py:925} INFO - DAG(s) 'example_skip_dag' retrieved from /home/airflow/.local/lib/python3.12/site-packages/airflow/example_dags/example_skip_dag.py
[2024-09-11T13:52:59.426+0000] {logging_mixin.py:190} INFO - [2024-09-11T13:52:59.425+0000] {dag.py:3229} INFO - Sync 1 DAGs
[2024-09-11T13:52:59.468+0000] {logging_mixin.py:190} INFO - [2024-09-11T13:52:59.468+0000] {dag.py:4156} INFO - Setting next_dagrun for example_skip_dag to 2024-09-10 00:00:00+00:00, run_after=2024-09-11 00:00:00+00:00
[2024-09-11T13:52:59.494+0000] {processor.py:208} INFO - Processing /home/airflow/.local/lib/python3.12/site-packages/airflow/example_dags/example_skip_dag.py took 0.133 seconds
[2024-09-11T13:53:30.238+0000] {processor.py:186} INFO - Started process (PID=2305) to work on /home/airflow/.local/lib/python3.12/site-packages/airflow/example_dags/example_skip_dag.py
[2024-09-11T13:53:30.239+0000] {processor.py:914} INFO - Processing file /home/airflow/.local/lib/python3.12/site-packages/airflow/example_dags/example_skip_dag.py for tasks to queue
[2024-09-11T13:53:30.242+0000] {logging_mixin.py:190} INFO - [2024-09-11T13:53:30.242+0000] {dagbag.py:587} INFO - Filling up the DagBag from /home/airflow/.local/lib/python3.12/site-packages/airflow/example_dags/example_skip_dag.py
[2024-09-11T13:53:30.251+0000] {processor.py:925} INFO - DAG(s) 'example_skip_dag' retrieved from /home/airflow/.local/lib/python3.12/site-packages/airflow/example_dags/example_skip_dag.py
[2024-09-11T13:53:30.280+0000] {logging_mixin.py:190} INFO - [2024-09-11T13:53:30.280+0000] {dag.py:3229} INFO - Sync 1 DAGs
[2024-09-11T13:53:30.309+0000] {logging_mixin.py:190} INFO - [2024-09-11T13:53:30.308+0000] {dag.py:4156} INFO - Setting next_dagrun for example_skip_dag to 2024-09-10 00:00:00+00:00, run_after=2024-09-11 00:00:00+00:00
[2024-09-11T13:53:30.332+0000] {processor.py:208} INFO - Processing /home/airflow/.local/lib/python3.12/site-packages/airflow/example_dags/example_skip_dag.py took 0.102 seconds
[2024-09-11T13:54:01.474+0000] {processor.py:186} INFO - Started process (PID=2368) to work on /home/airflow/.local/lib/python3.12/site-packages/airflow/example_dags/example_skip_dag.py
[2024-09-11T13:54:01.475+0000] {processor.py:914} INFO - Processing file /home/airflow/.local/lib/python3.12/site-packages/airflow/example_dags/example_skip_dag.py for tasks to queue
[2024-09-11T13:54:01.480+0000] {logging_mixin.py:190} INFO - [2024-09-11T13:54:01.479+0000] {dagbag.py:587} INFO - Filling up the DagBag from /home/airflow/.local/lib/python3.12/site-packages/airflow/example_dags/example_skip_dag.py
[2024-09-11T13:54:01.496+0000] {processor.py:925} INFO - DAG(s) 'example_skip_dag' retrieved from /home/airflow/.local/lib/python3.12/site-packages/airflow/example_dags/example_skip_dag.py
[2024-09-11T13:54:01.535+0000] {logging_mixin.py:190} INFO - [2024-09-11T13:54:01.534+0000] {dag.py:3229} INFO - Sync 1 DAGs
[2024-09-11T13:54:01.572+0000] {logging_mixin.py:190} INFO - [2024-09-11T13:54:01.571+0000] {dag.py:4156} INFO - Setting next_dagrun for example_skip_dag to 2024-09-10 00:00:00+00:00, run_after=2024-09-11 00:00:00+00:00
[2024-09-11T13:54:01.597+0000] {processor.py:208} INFO - Processing /home/airflow/.local/lib/python3.12/site-packages/airflow/example_dags/example_skip_dag.py took 0.130 seconds
[2024-09-11T13:54:32.653+0000] {processor.py:186} INFO - Started process (PID=2431) to work on /home/airflow/.local/lib/python3.12/site-packages/airflow/example_dags/example_skip_dag.py
[2024-09-11T13:54:32.655+0000] {processor.py:914} INFO - Processing file /home/airflow/.local/lib/python3.12/site-packages/airflow/example_dags/example_skip_dag.py for tasks to queue
[2024-09-11T13:54:32.657+0000] {logging_mixin.py:190} INFO - [2024-09-11T13:54:32.657+0000] {dagbag.py:587} INFO - Filling up the DagBag from /home/airflow/.local/lib/python3.12/site-packages/airflow/example_dags/example_skip_dag.py
[2024-09-11T13:54:32.666+0000] {processor.py:925} INFO - DAG(s) 'example_skip_dag' retrieved from /home/airflow/.local/lib/python3.12/site-packages/airflow/example_dags/example_skip_dag.py
[2024-09-11T13:54:32.691+0000] {logging_mixin.py:190} INFO - [2024-09-11T13:54:32.691+0000] {dag.py:3229} INFO - Sync 1 DAGs
[2024-09-11T13:54:32.718+0000] {logging_mixin.py:190} INFO - [2024-09-11T13:54:32.718+0000] {dag.py:4156} INFO - Setting next_dagrun for example_skip_dag to 2024-09-10 00:00:00+00:00, run_after=2024-09-11 00:00:00+00:00
[2024-09-11T13:54:32.739+0000] {processor.py:208} INFO - Processing /home/airflow/.local/lib/python3.12/site-packages/airflow/example_dags/example_skip_dag.py took 0.092 seconds
[2024-09-11T13:55:03.360+0000] {processor.py:186} INFO - Started process (PID=2493) to work on /home/airflow/.local/lib/python3.12/site-packages/airflow/example_dags/example_skip_dag.py
[2024-09-11T13:55:03.361+0000] {processor.py:914} INFO - Processing file /home/airflow/.local/lib/python3.12/site-packages/airflow/example_dags/example_skip_dag.py for tasks to queue
[2024-09-11T13:55:03.364+0000] {logging_mixin.py:190} INFO - [2024-09-11T13:55:03.364+0000] {dagbag.py:587} INFO - Filling up the DagBag from /home/airflow/.local/lib/python3.12/site-packages/airflow/example_dags/example_skip_dag.py
[2024-09-11T13:55:03.373+0000] {processor.py:925} INFO - DAG(s) 'example_skip_dag' retrieved from /home/airflow/.local/lib/python3.12/site-packages/airflow/example_dags/example_skip_dag.py
[2024-09-11T13:55:03.400+0000] {logging_mixin.py:190} INFO - [2024-09-11T13:55:03.399+0000] {dag.py:3229} INFO - Sync 1 DAGs
[2024-09-11T13:55:03.426+0000] {logging_mixin.py:190} INFO - [2024-09-11T13:55:03.426+0000] {dag.py:4156} INFO - Setting next_dagrun for example_skip_dag to 2024-09-10 00:00:00+00:00, run_after=2024-09-11 00:00:00+00:00
[2024-09-11T13:55:03.448+0000] {processor.py:208} INFO - Processing /home/airflow/.local/lib/python3.12/site-packages/airflow/example_dags/example_skip_dag.py took 0.095 seconds
[2024-09-11T13:55:33.608+0000] {processor.py:186} INFO - Started process (PID=2555) to work on /home/airflow/.local/lib/python3.12/site-packages/airflow/example_dags/example_skip_dag.py
[2024-09-11T13:55:33.609+0000] {processor.py:914} INFO - Processing file /home/airflow/.local/lib/python3.12/site-packages/airflow/example_dags/example_skip_dag.py for tasks to queue
[2024-09-11T13:55:33.613+0000] {logging_mixin.py:190} INFO - [2024-09-11T13:55:33.613+0000] {dagbag.py:587} INFO - Filling up the DagBag from /home/airflow/.local/lib/python3.12/site-packages/airflow/example_dags/example_skip_dag.py
[2024-09-11T13:55:33.628+0000] {processor.py:925} INFO - DAG(s) 'example_skip_dag' retrieved from /home/airflow/.local/lib/python3.12/site-packages/airflow/example_dags/example_skip_dag.py
[2024-09-11T13:55:33.665+0000] {logging_mixin.py:190} INFO - [2024-09-11T13:55:33.664+0000] {dag.py:3229} INFO - Sync 1 DAGs
[2024-09-11T13:55:33.700+0000] {logging_mixin.py:190} INFO - [2024-09-11T13:55:33.700+0000] {dag.py:4156} INFO - Setting next_dagrun for example_skip_dag to 2024-09-10 00:00:00+00:00, run_after=2024-09-11 00:00:00+00:00
[2024-09-11T13:55:33.730+0000] {processor.py:208} INFO - Processing /home/airflow/.local/lib/python3.12/site-packages/airflow/example_dags/example_skip_dag.py took 0.131 seconds
[2024-09-11T13:56:04.690+0000] {processor.py:186} INFO - Started process (PID=2618) to work on /home/airflow/.local/lib/python3.12/site-packages/airflow/example_dags/example_skip_dag.py
[2024-09-11T13:56:04.691+0000] {processor.py:914} INFO - Processing file /home/airflow/.local/lib/python3.12/site-packages/airflow/example_dags/example_skip_dag.py for tasks to queue
[2024-09-11T13:56:04.695+0000] {logging_mixin.py:190} INFO - [2024-09-11T13:56:04.694+0000] {dagbag.py:587} INFO - Filling up the DagBag from /home/airflow/.local/lib/python3.12/site-packages/airflow/example_dags/example_skip_dag.py
[2024-09-11T13:56:04.707+0000] {processor.py:925} INFO - DAG(s) 'example_skip_dag' retrieved from /home/airflow/.local/lib/python3.12/site-packages/airflow/example_dags/example_skip_dag.py
[2024-09-11T13:56:04.739+0000] {logging_mixin.py:190} INFO - [2024-09-11T13:56:04.739+0000] {dag.py:3229} INFO - Sync 1 DAGs
[2024-09-11T13:56:04.774+0000] {logging_mixin.py:190} INFO - [2024-09-11T13:56:04.774+0000] {dag.py:4156} INFO - Setting next_dagrun for example_skip_dag to 2024-09-10 00:00:00+00:00, run_after=2024-09-11 00:00:00+00:00
[2024-09-11T13:56:04.804+0000] {processor.py:208} INFO - Processing /home/airflow/.local/lib/python3.12/site-packages/airflow/example_dags/example_skip_dag.py took 0.122 seconds
[2024-09-11T13:56:35.864+0000] {processor.py:186} INFO - Started process (PID=2679) to work on /home/airflow/.local/lib/python3.12/site-packages/airflow/example_dags/example_skip_dag.py
[2024-09-11T13:56:35.865+0000] {processor.py:914} INFO - Processing file /home/airflow/.local/lib/python3.12/site-packages/airflow/example_dags/example_skip_dag.py for tasks to queue
[2024-09-11T13:56:35.868+0000] {logging_mixin.py:190} INFO - [2024-09-11T13:56:35.868+0000] {dagbag.py:587} INFO - Filling up the DagBag from /home/airflow/.local/lib/python3.12/site-packages/airflow/example_dags/example_skip_dag.py
[2024-09-11T13:56:35.883+0000] {processor.py:925} INFO - DAG(s) 'example_skip_dag' retrieved from /home/airflow/.local/lib/python3.12/site-packages/airflow/example_dags/example_skip_dag.py
[2024-09-11T13:56:35.915+0000] {logging_mixin.py:190} INFO - [2024-09-11T13:56:35.914+0000] {dag.py:3229} INFO - Sync 1 DAGs
[2024-09-11T13:56:36.173+0000] {logging_mixin.py:190} INFO - [2024-09-11T13:56:36.173+0000] {dag.py:4156} INFO - Setting next_dagrun for example_skip_dag to 2024-09-10 00:00:00+00:00, run_after=2024-09-11 00:00:00+00:00
[2024-09-11T13:56:36.202+0000] {processor.py:208} INFO - Processing /home/airflow/.local/lib/python3.12/site-packages/airflow/example_dags/example_skip_dag.py took 0.347 seconds
[2024-09-11T13:57:06.908+0000] {processor.py:186} INFO - Started process (PID=2741) to work on /home/airflow/.local/lib/python3.12/site-packages/airflow/example_dags/example_skip_dag.py
[2024-09-11T13:57:06.909+0000] {processor.py:914} INFO - Processing file /home/airflow/.local/lib/python3.12/site-packages/airflow/example_dags/example_skip_dag.py for tasks to queue
[2024-09-11T13:57:06.912+0000] {logging_mixin.py:190} INFO - [2024-09-11T13:57:06.911+0000] {dagbag.py:587} INFO - Filling up the DagBag from /home/airflow/.local/lib/python3.12/site-packages/airflow/example_dags/example_skip_dag.py
[2024-09-11T13:57:06.920+0000] {processor.py:925} INFO - DAG(s) 'example_skip_dag' retrieved from /home/airflow/.local/lib/python3.12/site-packages/airflow/example_dags/example_skip_dag.py
[2024-09-11T13:57:06.944+0000] {logging_mixin.py:190} INFO - [2024-09-11T13:57:06.944+0000] {dag.py:3229} INFO - Sync 1 DAGs
[2024-09-11T13:57:06.973+0000] {logging_mixin.py:190} INFO - [2024-09-11T13:57:06.973+0000] {dag.py:4156} INFO - Setting next_dagrun for example_skip_dag to 2024-09-10 00:00:00+00:00, run_after=2024-09-11 00:00:00+00:00
[2024-09-11T13:57:07.171+0000] {processor.py:208} INFO - Processing /home/airflow/.local/lib/python3.12/site-packages/airflow/example_dags/example_skip_dag.py took 0.270 seconds
[2024-09-11T13:57:37.284+0000] {processor.py:186} INFO - Started process (PID=2802) to work on /home/airflow/.local/lib/python3.12/site-packages/airflow/example_dags/example_skip_dag.py
[2024-09-11T13:57:37.285+0000] {processor.py:914} INFO - Processing file /home/airflow/.local/lib/python3.12/site-packages/airflow/example_dags/example_skip_dag.py for tasks to queue
[2024-09-11T13:57:37.288+0000] {logging_mixin.py:190} INFO - [2024-09-11T13:57:37.288+0000] {dagbag.py:587} INFO - Filling up the DagBag from /home/airflow/.local/lib/python3.12/site-packages/airflow/example_dags/example_skip_dag.py
[2024-09-11T13:57:37.296+0000] {processor.py:925} INFO - DAG(s) 'example_skip_dag' retrieved from /home/airflow/.local/lib/python3.12/site-packages/airflow/example_dags/example_skip_dag.py
[2024-09-11T13:57:37.321+0000] {logging_mixin.py:190} INFO - [2024-09-11T13:57:37.321+0000] {dag.py:3229} INFO - Sync 1 DAGs
[2024-09-11T13:57:37.347+0000] {logging_mixin.py:190} INFO - [2024-09-11T13:57:37.346+0000] {dag.py:4156} INFO - Setting next_dagrun for example_skip_dag to 2024-09-10 00:00:00+00:00, run_after=2024-09-11 00:00:00+00:00
[2024-09-11T13:57:37.367+0000] {processor.py:208} INFO - Processing /home/airflow/.local/lib/python3.12/site-packages/airflow/example_dags/example_skip_dag.py took 0.089 seconds
[2024-09-11T13:58:07.815+0000] {processor.py:186} INFO - Started process (PID=2864) to work on /home/airflow/.local/lib/python3.12/site-packages/airflow/example_dags/example_skip_dag.py
[2024-09-11T13:58:07.816+0000] {processor.py:914} INFO - Processing file /home/airflow/.local/lib/python3.12/site-packages/airflow/example_dags/example_skip_dag.py for tasks to queue
[2024-09-11T13:58:07.819+0000] {logging_mixin.py:190} INFO - [2024-09-11T13:58:07.819+0000] {dagbag.py:587} INFO - Filling up the DagBag from /home/airflow/.local/lib/python3.12/site-packages/airflow/example_dags/example_skip_dag.py
[2024-09-11T13:58:07.827+0000] {processor.py:925} INFO - DAG(s) 'example_skip_dag' retrieved from /home/airflow/.local/lib/python3.12/site-packages/airflow/example_dags/example_skip_dag.py
[2024-09-11T13:58:07.854+0000] {logging_mixin.py:190} INFO - [2024-09-11T13:58:07.854+0000] {dag.py:3229} INFO - Sync 1 DAGs
[2024-09-11T13:58:07.881+0000] {logging_mixin.py:190} INFO - [2024-09-11T13:58:07.881+0000] {dag.py:4156} INFO - Setting next_dagrun for example_skip_dag to 2024-09-10 00:00:00+00:00, run_after=2024-09-11 00:00:00+00:00
[2024-09-11T13:58:07.905+0000] {processor.py:208} INFO - Processing /home/airflow/.local/lib/python3.12/site-packages/airflow/example_dags/example_skip_dag.py took 0.097 seconds
[2024-09-11T13:58:38.803+0000] {processor.py:186} INFO - Started process (PID=2927) to work on /home/airflow/.local/lib/python3.12/site-packages/airflow/example_dags/example_skip_dag.py
[2024-09-11T13:58:38.804+0000] {processor.py:914} INFO - Processing file /home/airflow/.local/lib/python3.12/site-packages/airflow/example_dags/example_skip_dag.py for tasks to queue
[2024-09-11T13:58:38.807+0000] {logging_mixin.py:190} INFO - [2024-09-11T13:58:38.806+0000] {dagbag.py:587} INFO - Filling up the DagBag from /home/airflow/.local/lib/python3.12/site-packages/airflow/example_dags/example_skip_dag.py
[2024-09-11T13:58:38.816+0000] {processor.py:925} INFO - DAG(s) 'example_skip_dag' retrieved from /home/airflow/.local/lib/python3.12/site-packages/airflow/example_dags/example_skip_dag.py
[2024-09-11T13:58:38.844+0000] {logging_mixin.py:190} INFO - [2024-09-11T13:58:38.844+0000] {dag.py:3229} INFO - Sync 1 DAGs
[2024-09-11T13:58:38.873+0000] {logging_mixin.py:190} INFO - [2024-09-11T13:58:38.873+0000] {dag.py:4156} INFO - Setting next_dagrun for example_skip_dag to 2024-09-10 00:00:00+00:00, run_after=2024-09-11 00:00:00+00:00
[2024-09-11T13:58:38.895+0000] {processor.py:208} INFO - Processing /home/airflow/.local/lib/python3.12/site-packages/airflow/example_dags/example_skip_dag.py took 0.099 seconds
[2024-09-11T13:59:10.121+0000] {processor.py:186} INFO - Started process (PID=2990) to work on /home/airflow/.local/lib/python3.12/site-packages/airflow/example_dags/example_skip_dag.py
[2024-09-11T13:59:10.122+0000] {processor.py:914} INFO - Processing file /home/airflow/.local/lib/python3.12/site-packages/airflow/example_dags/example_skip_dag.py for tasks to queue
[2024-09-11T13:59:10.125+0000] {logging_mixin.py:190} INFO - [2024-09-11T13:59:10.124+0000] {dagbag.py:587} INFO - Filling up the DagBag from /home/airflow/.local/lib/python3.12/site-packages/airflow/example_dags/example_skip_dag.py
[2024-09-11T13:59:10.134+0000] {processor.py:925} INFO - DAG(s) 'example_skip_dag' retrieved from /home/airflow/.local/lib/python3.12/site-packages/airflow/example_dags/example_skip_dag.py
[2024-09-11T13:59:10.158+0000] {logging_mixin.py:190} INFO - [2024-09-11T13:59:10.158+0000] {dag.py:3229} INFO - Sync 1 DAGs
[2024-09-11T13:59:10.185+0000] {logging_mixin.py:190} INFO - [2024-09-11T13:59:10.185+0000] {dag.py:4156} INFO - Setting next_dagrun for example_skip_dag to 2024-09-10 00:00:00+00:00, run_after=2024-09-11 00:00:00+00:00
[2024-09-11T13:59:10.209+0000] {processor.py:208} INFO - Processing /home/airflow/.local/lib/python3.12/site-packages/airflow/example_dags/example_skip_dag.py took 0.095 seconds
[2024-09-11T13:59:40.621+0000] {processor.py:186} INFO - Started process (PID=3052) to work on /home/airflow/.local/lib/python3.12/site-packages/airflow/example_dags/example_skip_dag.py
[2024-09-11T13:59:40.622+0000] {processor.py:914} INFO - Processing file /home/airflow/.local/lib/python3.12/site-packages/airflow/example_dags/example_skip_dag.py for tasks to queue
[2024-09-11T13:59:40.625+0000] {logging_mixin.py:190} INFO - [2024-09-11T13:59:40.624+0000] {dagbag.py:587} INFO - Filling up the DagBag from /home/airflow/.local/lib/python3.12/site-packages/airflow/example_dags/example_skip_dag.py
[2024-09-11T13:59:40.633+0000] {processor.py:925} INFO - DAG(s) 'example_skip_dag' retrieved from /home/airflow/.local/lib/python3.12/site-packages/airflow/example_dags/example_skip_dag.py
[2024-09-11T13:59:40.658+0000] {logging_mixin.py:190} INFO - [2024-09-11T13:59:40.657+0000] {dag.py:3229} INFO - Sync 1 DAGs
[2024-09-11T13:59:40.684+0000] {logging_mixin.py:190} INFO - [2024-09-11T13:59:40.683+0000] {dag.py:4156} INFO - Setting next_dagrun for example_skip_dag to 2024-09-10 00:00:00+00:00, run_after=2024-09-11 00:00:00+00:00
[2024-09-11T13:59:40.705+0000] {processor.py:208} INFO - Processing /home/airflow/.local/lib/python3.12/site-packages/airflow/example_dags/example_skip_dag.py took 0.091 seconds
[2024-09-11T14:00:11.046+0000] {processor.py:186} INFO - Started process (PID=3114) to work on /home/airflow/.local/lib/python3.12/site-packages/airflow/example_dags/example_skip_dag.py
[2024-09-11T14:00:11.047+0000] {processor.py:914} INFO - Processing file /home/airflow/.local/lib/python3.12/site-packages/airflow/example_dags/example_skip_dag.py for tasks to queue
[2024-09-11T14:00:11.050+0000] {logging_mixin.py:190} INFO - [2024-09-11T14:00:11.050+0000] {dagbag.py:587} INFO - Filling up the DagBag from /home/airflow/.local/lib/python3.12/site-packages/airflow/example_dags/example_skip_dag.py
[2024-09-11T14:00:11.058+0000] {processor.py:925} INFO - DAG(s) 'example_skip_dag' retrieved from /home/airflow/.local/lib/python3.12/site-packages/airflow/example_dags/example_skip_dag.py
[2024-09-11T14:00:11.083+0000] {logging_mixin.py:190} INFO - [2024-09-11T14:00:11.083+0000] {dag.py:3229} INFO - Sync 1 DAGs
[2024-09-11T14:00:11.110+0000] {logging_mixin.py:190} INFO - [2024-09-11T14:00:11.109+0000] {dag.py:4156} INFO - Setting next_dagrun for example_skip_dag to 2024-09-10 00:00:00+00:00, run_after=2024-09-11 00:00:00+00:00
[2024-09-11T14:00:11.130+0000] {processor.py:208} INFO - Processing /home/airflow/.local/lib/python3.12/site-packages/airflow/example_dags/example_skip_dag.py took 0.091 seconds
[2024-09-11T14:00:41.719+0000] {processor.py:186} INFO - Started process (PID=3176) to work on /home/airflow/.local/lib/python3.12/site-packages/airflow/example_dags/example_skip_dag.py
[2024-09-11T14:00:41.720+0000] {processor.py:914} INFO - Processing file /home/airflow/.local/lib/python3.12/site-packages/airflow/example_dags/example_skip_dag.py for tasks to queue
[2024-09-11T14:00:41.723+0000] {logging_mixin.py:190} INFO - [2024-09-11T14:00:41.722+0000] {dagbag.py:587} INFO - Filling up the DagBag from /home/airflow/.local/lib/python3.12/site-packages/airflow/example_dags/example_skip_dag.py
[2024-09-11T14:00:41.732+0000] {processor.py:925} INFO - DAG(s) 'example_skip_dag' retrieved from /home/airflow/.local/lib/python3.12/site-packages/airflow/example_dags/example_skip_dag.py
[2024-09-11T14:00:41.759+0000] {logging_mixin.py:190} INFO - [2024-09-11T14:00:41.759+0000] {dag.py:3229} INFO - Sync 1 DAGs
[2024-09-11T14:00:41.790+0000] {logging_mixin.py:190} INFO - [2024-09-11T14:00:41.790+0000] {dag.py:4156} INFO - Setting next_dagrun for example_skip_dag to 2024-09-10 00:00:00+00:00, run_after=2024-09-11 00:00:00+00:00
[2024-09-11T14:00:41.813+0000] {processor.py:208} INFO - Processing /home/airflow/.local/lib/python3.12/site-packages/airflow/example_dags/example_skip_dag.py took 0.102 seconds
[2024-09-11T14:01:13.007+0000] {processor.py:186} INFO - Started process (PID=3238) to work on /home/airflow/.local/lib/python3.12/site-packages/airflow/example_dags/example_skip_dag.py
[2024-09-11T14:01:13.009+0000] {processor.py:914} INFO - Processing file /home/airflow/.local/lib/python3.12/site-packages/airflow/example_dags/example_skip_dag.py for tasks to queue
[2024-09-11T14:01:13.011+0000] {logging_mixin.py:190} INFO - [2024-09-11T14:01:13.011+0000] {dagbag.py:587} INFO - Filling up the DagBag from /home/airflow/.local/lib/python3.12/site-packages/airflow/example_dags/example_skip_dag.py
[2024-09-11T14:01:13.019+0000] {processor.py:925} INFO - DAG(s) 'example_skip_dag' retrieved from /home/airflow/.local/lib/python3.12/site-packages/airflow/example_dags/example_skip_dag.py
[2024-09-11T14:01:13.044+0000] {logging_mixin.py:190} INFO - [2024-09-11T14:01:13.044+0000] {dag.py:3229} INFO - Sync 1 DAGs
[2024-09-11T14:01:13.071+0000] {logging_mixin.py:190} INFO - [2024-09-11T14:01:13.071+0000] {dag.py:4156} INFO - Setting next_dagrun for example_skip_dag to 2024-09-10 00:00:00+00:00, run_after=2024-09-11 00:00:00+00:00
[2024-09-11T14:01:13.092+0000] {processor.py:208} INFO - Processing /home/airflow/.local/lib/python3.12/site-packages/airflow/example_dags/example_skip_dag.py took 0.091 seconds
[2024-09-11T14:01:43.718+0000] {processor.py:186} INFO - Started process (PID=3300) to work on /home/airflow/.local/lib/python3.12/site-packages/airflow/example_dags/example_skip_dag.py
[2024-09-11T14:01:43.719+0000] {processor.py:914} INFO - Processing file /home/airflow/.local/lib/python3.12/site-packages/airflow/example_dags/example_skip_dag.py for tasks to queue
[2024-09-11T14:01:43.722+0000] {logging_mixin.py:190} INFO - [2024-09-11T14:01:43.721+0000] {dagbag.py:587} INFO - Filling up the DagBag from /home/airflow/.local/lib/python3.12/site-packages/airflow/example_dags/example_skip_dag.py
[2024-09-11T14:01:43.730+0000] {processor.py:925} INFO - DAG(s) 'example_skip_dag' retrieved from /home/airflow/.local/lib/python3.12/site-packages/airflow/example_dags/example_skip_dag.py
[2024-09-11T14:01:43.754+0000] {logging_mixin.py:190} INFO - [2024-09-11T14:01:43.753+0000] {dag.py:3229} INFO - Sync 1 DAGs
[2024-09-11T14:01:43.779+0000] {logging_mixin.py:190} INFO - [2024-09-11T14:01:43.779+0000] {dag.py:4156} INFO - Setting next_dagrun for example_skip_dag to 2024-09-10 00:00:00+00:00, run_after=2024-09-11 00:00:00+00:00
[2024-09-11T14:01:43.799+0000] {processor.py:208} INFO - Processing /home/airflow/.local/lib/python3.12/site-packages/airflow/example_dags/example_skip_dag.py took 0.088 seconds
[2024-09-11T14:02:14.136+0000] {processor.py:186} INFO - Started process (PID=3362) to work on /home/airflow/.local/lib/python3.12/site-packages/airflow/example_dags/example_skip_dag.py
[2024-09-11T14:02:14.137+0000] {processor.py:914} INFO - Processing file /home/airflow/.local/lib/python3.12/site-packages/airflow/example_dags/example_skip_dag.py for tasks to queue
[2024-09-11T14:02:14.140+0000] {logging_mixin.py:190} INFO - [2024-09-11T14:02:14.139+0000] {dagbag.py:587} INFO - Filling up the DagBag from /home/airflow/.local/lib/python3.12/site-packages/airflow/example_dags/example_skip_dag.py
[2024-09-11T14:02:14.148+0000] {processor.py:925} INFO - DAG(s) 'example_skip_dag' retrieved from /home/airflow/.local/lib/python3.12/site-packages/airflow/example_dags/example_skip_dag.py
[2024-09-11T14:02:14.173+0000] {logging_mixin.py:190} INFO - [2024-09-11T14:02:14.173+0000] {dag.py:3229} INFO - Sync 1 DAGs
[2024-09-11T14:02:14.198+0000] {logging_mixin.py:190} INFO - [2024-09-11T14:02:14.198+0000] {dag.py:4156} INFO - Setting next_dagrun for example_skip_dag to 2024-09-10 00:00:00+00:00, run_after=2024-09-11 00:00:00+00:00
[2024-09-11T14:02:14.218+0000] {processor.py:208} INFO - Processing /home/airflow/.local/lib/python3.12/site-packages/airflow/example_dags/example_skip_dag.py took 0.089 seconds
[2024-09-11T14:02:44.568+0000] {processor.py:186} INFO - Started process (PID=3424) to work on /home/airflow/.local/lib/python3.12/site-packages/airflow/example_dags/example_skip_dag.py
[2024-09-11T14:02:44.570+0000] {processor.py:914} INFO - Processing file /home/airflow/.local/lib/python3.12/site-packages/airflow/example_dags/example_skip_dag.py for tasks to queue
[2024-09-11T14:02:44.573+0000] {logging_mixin.py:190} INFO - [2024-09-11T14:02:44.572+0000] {dagbag.py:587} INFO - Filling up the DagBag from /home/airflow/.local/lib/python3.12/site-packages/airflow/example_dags/example_skip_dag.py
[2024-09-11T14:02:44.587+0000] {processor.py:925} INFO - DAG(s) 'example_skip_dag' retrieved from /home/airflow/.local/lib/python3.12/site-packages/airflow/example_dags/example_skip_dag.py
[2024-09-11T14:02:44.619+0000] {logging_mixin.py:190} INFO - [2024-09-11T14:02:44.619+0000] {dag.py:3229} INFO - Sync 1 DAGs
[2024-09-11T14:02:44.647+0000] {logging_mixin.py:190} INFO - [2024-09-11T14:02:44.646+0000] {dag.py:4156} INFO - Setting next_dagrun for example_skip_dag to 2024-09-10 00:00:00+00:00, run_after=2024-09-11 00:00:00+00:00
[2024-09-11T14:02:44.669+0000] {processor.py:208} INFO - Processing /home/airflow/.local/lib/python3.12/site-packages/airflow/example_dags/example_skip_dag.py took 0.109 seconds
[2024-09-11T14:03:14.881+0000] {processor.py:186} INFO - Started process (PID=3486) to work on /home/airflow/.local/lib/python3.12/site-packages/airflow/example_dags/example_skip_dag.py
[2024-09-11T14:03:14.882+0000] {processor.py:914} INFO - Processing file /home/airflow/.local/lib/python3.12/site-packages/airflow/example_dags/example_skip_dag.py for tasks to queue
[2024-09-11T14:03:14.885+0000] {logging_mixin.py:190} INFO - [2024-09-11T14:03:14.884+0000] {dagbag.py:587} INFO - Filling up the DagBag from /home/airflow/.local/lib/python3.12/site-packages/airflow/example_dags/example_skip_dag.py
[2024-09-11T14:03:14.893+0000] {processor.py:925} INFO - DAG(s) 'example_skip_dag' retrieved from /home/airflow/.local/lib/python3.12/site-packages/airflow/example_dags/example_skip_dag.py
[2024-09-11T14:03:14.917+0000] {logging_mixin.py:190} INFO - [2024-09-11T14:03:14.917+0000] {dag.py:3229} INFO - Sync 1 DAGs
[2024-09-11T14:03:14.942+0000] {logging_mixin.py:190} INFO - [2024-09-11T14:03:14.942+0000] {dag.py:4156} INFO - Setting next_dagrun for example_skip_dag to 2024-09-10 00:00:00+00:00, run_after=2024-09-11 00:00:00+00:00
[2024-09-11T14:03:14.962+0000] {processor.py:208} INFO - Processing /home/airflow/.local/lib/python3.12/site-packages/airflow/example_dags/example_skip_dag.py took 0.088 seconds
[2024-09-11T14:03:45.242+0000] {processor.py:186} INFO - Started process (PID=3548) to work on /home/airflow/.local/lib/python3.12/site-packages/airflow/example_dags/example_skip_dag.py
[2024-09-11T14:03:45.243+0000] {processor.py:914} INFO - Processing file /home/airflow/.local/lib/python3.12/site-packages/airflow/example_dags/example_skip_dag.py for tasks to queue
[2024-09-11T14:03:45.245+0000] {logging_mixin.py:190} INFO - [2024-09-11T14:03:45.245+0000] {dagbag.py:587} INFO - Filling up the DagBag from /home/airflow/.local/lib/python3.12/site-packages/airflow/example_dags/example_skip_dag.py
[2024-09-11T14:03:45.253+0000] {processor.py:925} INFO - DAG(s) 'example_skip_dag' retrieved from /home/airflow/.local/lib/python3.12/site-packages/airflow/example_dags/example_skip_dag.py
[2024-09-11T14:03:45.278+0000] {logging_mixin.py:190} INFO - [2024-09-11T14:03:45.278+0000] {dag.py:3229} INFO - Sync 1 DAGs
[2024-09-11T14:03:45.305+0000] {logging_mixin.py:190} INFO - [2024-09-11T14:03:45.304+0000] {dag.py:4156} INFO - Setting next_dagrun for example_skip_dag to 2024-09-10 00:00:00+00:00, run_after=2024-09-11 00:00:00+00:00
[2024-09-11T14:03:45.327+0000] {processor.py:208} INFO - Processing /home/airflow/.local/lib/python3.12/site-packages/airflow/example_dags/example_skip_dag.py took 0.092 seconds
[2024-09-11T14:04:16.081+0000] {processor.py:186} INFO - Started process (PID=3610) to work on /home/airflow/.local/lib/python3.12/site-packages/airflow/example_dags/example_skip_dag.py
[2024-09-11T14:04:16.083+0000] {processor.py:914} INFO - Processing file /home/airflow/.local/lib/python3.12/site-packages/airflow/example_dags/example_skip_dag.py for tasks to queue
[2024-09-11T14:04:16.086+0000] {logging_mixin.py:190} INFO - [2024-09-11T14:04:16.085+0000] {dagbag.py:587} INFO - Filling up the DagBag from /home/airflow/.local/lib/python3.12/site-packages/airflow/example_dags/example_skip_dag.py
[2024-09-11T14:04:16.094+0000] {processor.py:925} INFO - DAG(s) 'example_skip_dag' retrieved from /home/airflow/.local/lib/python3.12/site-packages/airflow/example_dags/example_skip_dag.py
[2024-09-11T14:04:16.120+0000] {logging_mixin.py:190} INFO - [2024-09-11T14:04:16.120+0000] {dag.py:3229} INFO - Sync 1 DAGs
[2024-09-11T14:04:16.146+0000] {logging_mixin.py:190} INFO - [2024-09-11T14:04:16.146+0000] {dag.py:4156} INFO - Setting next_dagrun for example_skip_dag to 2024-09-10 00:00:00+00:00, run_after=2024-09-11 00:00:00+00:00
[2024-09-11T14:04:16.166+0000] {processor.py:208} INFO - Processing /home/airflow/.local/lib/python3.12/site-packages/airflow/example_dags/example_skip_dag.py took 0.092 seconds
[2024-09-11T14:04:46.518+0000] {processor.py:186} INFO - Started process (PID=3672) to work on /home/airflow/.local/lib/python3.12/site-packages/airflow/example_dags/example_skip_dag.py
[2024-09-11T14:04:46.519+0000] {processor.py:914} INFO - Processing file /home/airflow/.local/lib/python3.12/site-packages/airflow/example_dags/example_skip_dag.py for tasks to queue
[2024-09-11T14:04:46.522+0000] {logging_mixin.py:190} INFO - [2024-09-11T14:04:46.521+0000] {dagbag.py:587} INFO - Filling up the DagBag from /home/airflow/.local/lib/python3.12/site-packages/airflow/example_dags/example_skip_dag.py
[2024-09-11T14:04:46.531+0000] {processor.py:925} INFO - DAG(s) 'example_skip_dag' retrieved from /home/airflow/.local/lib/python3.12/site-packages/airflow/example_dags/example_skip_dag.py
[2024-09-11T14:04:46.557+0000] {logging_mixin.py:190} INFO - [2024-09-11T14:04:46.557+0000] {dag.py:3229} INFO - Sync 1 DAGs
[2024-09-11T14:04:46.597+0000] {logging_mixin.py:190} INFO - [2024-09-11T14:04:46.596+0000] {dag.py:4156} INFO - Setting next_dagrun for example_skip_dag to 2024-09-10 00:00:00+00:00, run_after=2024-09-11 00:00:00+00:00
[2024-09-11T14:04:46.618+0000] {processor.py:208} INFO - Processing /home/airflow/.local/lib/python3.12/site-packages/airflow/example_dags/example_skip_dag.py took 0.106 seconds
[2024-09-11T14:05:17.061+0000] {processor.py:186} INFO - Started process (PID=3734) to work on /home/airflow/.local/lib/python3.12/site-packages/airflow/example_dags/example_skip_dag.py
[2024-09-11T14:05:17.063+0000] {processor.py:914} INFO - Processing file /home/airflow/.local/lib/python3.12/site-packages/airflow/example_dags/example_skip_dag.py for tasks to queue
[2024-09-11T14:05:17.065+0000] {logging_mixin.py:190} INFO - [2024-09-11T14:05:17.065+0000] {dagbag.py:587} INFO - Filling up the DagBag from /home/airflow/.local/lib/python3.12/site-packages/airflow/example_dags/example_skip_dag.py
[2024-09-11T14:05:17.074+0000] {processor.py:925} INFO - DAG(s) 'example_skip_dag' retrieved from /home/airflow/.local/lib/python3.12/site-packages/airflow/example_dags/example_skip_dag.py
[2024-09-11T14:05:17.100+0000] {logging_mixin.py:190} INFO - [2024-09-11T14:05:17.100+0000] {dag.py:3229} INFO - Sync 1 DAGs
[2024-09-11T14:05:17.137+0000] {logging_mixin.py:190} INFO - [2024-09-11T14:05:17.137+0000] {dag.py:4156} INFO - Setting next_dagrun for example_skip_dag to 2024-09-10 00:00:00+00:00, run_after=2024-09-11 00:00:00+00:00
[2024-09-11T14:05:17.161+0000] {processor.py:208} INFO - Processing /home/airflow/.local/lib/python3.12/site-packages/airflow/example_dags/example_skip_dag.py took 0.107 seconds
[2024-09-11T14:05:47.908+0000] {processor.py:186} INFO - Started process (PID=3796) to work on /home/airflow/.local/lib/python3.12/site-packages/airflow/example_dags/example_skip_dag.py
[2024-09-11T14:05:47.910+0000] {processor.py:914} INFO - Processing file /home/airflow/.local/lib/python3.12/site-packages/airflow/example_dags/example_skip_dag.py for tasks to queue
[2024-09-11T14:05:47.912+0000] {logging_mixin.py:190} INFO - [2024-09-11T14:05:47.912+0000] {dagbag.py:587} INFO - Filling up the DagBag from /home/airflow/.local/lib/python3.12/site-packages/airflow/example_dags/example_skip_dag.py
[2024-09-11T14:05:47.921+0000] {processor.py:925} INFO - DAG(s) 'example_skip_dag' retrieved from /home/airflow/.local/lib/python3.12/site-packages/airflow/example_dags/example_skip_dag.py
[2024-09-11T14:05:47.952+0000] {logging_mixin.py:190} INFO - [2024-09-11T14:05:47.951+0000] {dag.py:3229} INFO - Sync 1 DAGs
[2024-09-11T14:05:47.976+0000] {logging_mixin.py:190} INFO - [2024-09-11T14:05:47.976+0000] {dag.py:4156} INFO - Setting next_dagrun for example_skip_dag to 2024-09-10 00:00:00+00:00, run_after=2024-09-11 00:00:00+00:00
[2024-09-11T14:05:47.996+0000] {processor.py:208} INFO - Processing /home/airflow/.local/lib/python3.12/site-packages/airflow/example_dags/example_skip_dag.py took 0.095 seconds
[2024-09-11T14:06:18.318+0000] {processor.py:186} INFO - Started process (PID=3858) to work on /home/airflow/.local/lib/python3.12/site-packages/airflow/example_dags/example_skip_dag.py
[2024-09-11T14:06:18.320+0000] {processor.py:914} INFO - Processing file /home/airflow/.local/lib/python3.12/site-packages/airflow/example_dags/example_skip_dag.py for tasks to queue
[2024-09-11T14:06:18.322+0000] {logging_mixin.py:190} INFO - [2024-09-11T14:06:18.322+0000] {dagbag.py:587} INFO - Filling up the DagBag from /home/airflow/.local/lib/python3.12/site-packages/airflow/example_dags/example_skip_dag.py
[2024-09-11T14:06:18.331+0000] {processor.py:925} INFO - DAG(s) 'example_skip_dag' retrieved from /home/airflow/.local/lib/python3.12/site-packages/airflow/example_dags/example_skip_dag.py
[2024-09-11T14:06:18.357+0000] {logging_mixin.py:190} INFO - [2024-09-11T14:06:18.356+0000] {dag.py:3229} INFO - Sync 1 DAGs
[2024-09-11T14:06:18.383+0000] {logging_mixin.py:190} INFO - [2024-09-11T14:06:18.383+0000] {dag.py:4156} INFO - Setting next_dagrun for example_skip_dag to 2024-09-10 00:00:00+00:00, run_after=2024-09-11 00:00:00+00:00
[2024-09-11T14:06:18.403+0000] {processor.py:208} INFO - Processing /home/airflow/.local/lib/python3.12/site-packages/airflow/example_dags/example_skip_dag.py took 0.092 seconds
[2024-09-11T14:06:48.777+0000] {processor.py:186} INFO - Started process (PID=3920) to work on /home/airflow/.local/lib/python3.12/site-packages/airflow/example_dags/example_skip_dag.py
[2024-09-11T14:06:48.778+0000] {processor.py:914} INFO - Processing file /home/airflow/.local/lib/python3.12/site-packages/airflow/example_dags/example_skip_dag.py for tasks to queue
[2024-09-11T14:06:48.781+0000] {logging_mixin.py:190} INFO - [2024-09-11T14:06:48.781+0000] {dagbag.py:587} INFO - Filling up the DagBag from /home/airflow/.local/lib/python3.12/site-packages/airflow/example_dags/example_skip_dag.py
[2024-09-11T14:06:48.790+0000] {processor.py:925} INFO - DAG(s) 'example_skip_dag' retrieved from /home/airflow/.local/lib/python3.12/site-packages/airflow/example_dags/example_skip_dag.py
[2024-09-11T14:06:48.816+0000] {logging_mixin.py:190} INFO - [2024-09-11T14:06:48.816+0000] {dag.py:3229} INFO - Sync 1 DAGs
[2024-09-11T14:06:48.843+0000] {logging_mixin.py:190} INFO - [2024-09-11T14:06:48.843+0000] {dag.py:4156} INFO - Setting next_dagrun for example_skip_dag to 2024-09-10 00:00:00+00:00, run_after=2024-09-11 00:00:00+00:00
[2024-09-11T14:06:48.862+0000] {processor.py:208} INFO - Processing /home/airflow/.local/lib/python3.12/site-packages/airflow/example_dags/example_skip_dag.py took 0.091 seconds
[2024-09-11T14:07:19.578+0000] {processor.py:186} INFO - Started process (PID=3982) to work on /home/airflow/.local/lib/python3.12/site-packages/airflow/example_dags/example_skip_dag.py
[2024-09-11T14:07:19.579+0000] {processor.py:914} INFO - Processing file /home/airflow/.local/lib/python3.12/site-packages/airflow/example_dags/example_skip_dag.py for tasks to queue
[2024-09-11T14:07:19.582+0000] {logging_mixin.py:190} INFO - [2024-09-11T14:07:19.582+0000] {dagbag.py:587} INFO - Filling up the DagBag from /home/airflow/.local/lib/python3.12/site-packages/airflow/example_dags/example_skip_dag.py
[2024-09-11T14:07:19.591+0000] {processor.py:925} INFO - DAG(s) 'example_skip_dag' retrieved from /home/airflow/.local/lib/python3.12/site-packages/airflow/example_dags/example_skip_dag.py
[2024-09-11T14:07:19.616+0000] {logging_mixin.py:190} INFO - [2024-09-11T14:07:19.616+0000] {dag.py:3229} INFO - Sync 1 DAGs
[2024-09-11T14:07:19.641+0000] {logging_mixin.py:190} INFO - [2024-09-11T14:07:19.640+0000] {dag.py:4156} INFO - Setting next_dagrun for example_skip_dag to 2024-09-10 00:00:00+00:00, run_after=2024-09-11 00:00:00+00:00
[2024-09-11T14:07:19.660+0000] {processor.py:208} INFO - Processing /home/airflow/.local/lib/python3.12/site-packages/airflow/example_dags/example_skip_dag.py took 0.089 seconds
[2024-09-11T14:07:50.015+0000] {processor.py:186} INFO - Started process (PID=4044) to work on /home/airflow/.local/lib/python3.12/site-packages/airflow/example_dags/example_skip_dag.py
[2024-09-11T14:07:50.017+0000] {processor.py:914} INFO - Processing file /home/airflow/.local/lib/python3.12/site-packages/airflow/example_dags/example_skip_dag.py for tasks to queue
[2024-09-11T14:07:50.020+0000] {logging_mixin.py:190} INFO - [2024-09-11T14:07:50.019+0000] {dagbag.py:587} INFO - Filling up the DagBag from /home/airflow/.local/lib/python3.12/site-packages/airflow/example_dags/example_skip_dag.py
[2024-09-11T14:07:50.030+0000] {processor.py:925} INFO - DAG(s) 'example_skip_dag' retrieved from /home/airflow/.local/lib/python3.12/site-packages/airflow/example_dags/example_skip_dag.py
[2024-09-11T14:07:50.058+0000] {logging_mixin.py:190} INFO - [2024-09-11T14:07:50.058+0000] {dag.py:3229} INFO - Sync 1 DAGs
[2024-09-11T14:07:50.086+0000] {logging_mixin.py:190} INFO - [2024-09-11T14:07:50.086+0000] {dag.py:4156} INFO - Setting next_dagrun for example_skip_dag to 2024-09-10 00:00:00+00:00, run_after=2024-09-11 00:00:00+00:00
[2024-09-11T14:07:50.109+0000] {processor.py:208} INFO - Processing /home/airflow/.local/lib/python3.12/site-packages/airflow/example_dags/example_skip_dag.py took 0.101 seconds
[2024-09-11T14:08:20.399+0000] {processor.py:186} INFO - Started process (PID=4106) to work on /home/airflow/.local/lib/python3.12/site-packages/airflow/example_dags/example_skip_dag.py
[2024-09-11T14:08:20.400+0000] {processor.py:914} INFO - Processing file /home/airflow/.local/lib/python3.12/site-packages/airflow/example_dags/example_skip_dag.py for tasks to queue
[2024-09-11T14:08:20.402+0000] {logging_mixin.py:190} INFO - [2024-09-11T14:08:20.402+0000] {dagbag.py:587} INFO - Filling up the DagBag from /home/airflow/.local/lib/python3.12/site-packages/airflow/example_dags/example_skip_dag.py
[2024-09-11T14:08:20.411+0000] {processor.py:925} INFO - DAG(s) 'example_skip_dag' retrieved from /home/airflow/.local/lib/python3.12/site-packages/airflow/example_dags/example_skip_dag.py
[2024-09-11T14:08:20.437+0000] {logging_mixin.py:190} INFO - [2024-09-11T14:08:20.436+0000] {dag.py:3229} INFO - Sync 1 DAGs
[2024-09-11T14:08:20.463+0000] {logging_mixin.py:190} INFO - [2024-09-11T14:08:20.463+0000] {dag.py:4156} INFO - Setting next_dagrun for example_skip_dag to 2024-09-10 00:00:00+00:00, run_after=2024-09-11 00:00:00+00:00
[2024-09-11T14:08:20.484+0000] {processor.py:208} INFO - Processing /home/airflow/.local/lib/python3.12/site-packages/airflow/example_dags/example_skip_dag.py took 0.092 seconds
[2024-09-11T14:08:51.228+0000] {processor.py:186} INFO - Started process (PID=4168) to work on /home/airflow/.local/lib/python3.12/site-packages/airflow/example_dags/example_skip_dag.py
[2024-09-11T14:08:51.229+0000] {processor.py:914} INFO - Processing file /home/airflow/.local/lib/python3.12/site-packages/airflow/example_dags/example_skip_dag.py for tasks to queue
[2024-09-11T14:08:51.232+0000] {logging_mixin.py:190} INFO - [2024-09-11T14:08:51.232+0000] {dagbag.py:587} INFO - Filling up the DagBag from /home/airflow/.local/lib/python3.12/site-packages/airflow/example_dags/example_skip_dag.py
[2024-09-11T14:08:51.242+0000] {processor.py:925} INFO - DAG(s) 'example_skip_dag' retrieved from /home/airflow/.local/lib/python3.12/site-packages/airflow/example_dags/example_skip_dag.py
[2024-09-11T14:08:51.270+0000] {logging_mixin.py:190} INFO - [2024-09-11T14:08:51.270+0000] {dag.py:3229} INFO - Sync 1 DAGs
[2024-09-11T14:08:51.301+0000] {logging_mixin.py:190} INFO - [2024-09-11T14:08:51.300+0000] {dag.py:4156} INFO - Setting next_dagrun for example_skip_dag to 2024-09-10 00:00:00+00:00, run_after=2024-09-11 00:00:00+00:00
[2024-09-11T14:08:51.324+0000] {processor.py:208} INFO - Processing /home/airflow/.local/lib/python3.12/site-packages/airflow/example_dags/example_skip_dag.py took 0.104 seconds
[2024-09-11T14:09:21.806+0000] {processor.py:186} INFO - Started process (PID=4230) to work on /home/airflow/.local/lib/python3.12/site-packages/airflow/example_dags/example_skip_dag.py
[2024-09-11T14:09:21.807+0000] {processor.py:914} INFO - Processing file /home/airflow/.local/lib/python3.12/site-packages/airflow/example_dags/example_skip_dag.py for tasks to queue
[2024-09-11T14:09:21.810+0000] {logging_mixin.py:190} INFO - [2024-09-11T14:09:21.810+0000] {dagbag.py:587} INFO - Filling up the DagBag from /home/airflow/.local/lib/python3.12/site-packages/airflow/example_dags/example_skip_dag.py
[2024-09-11T14:09:21.820+0000] {processor.py:925} INFO - DAG(s) 'example_skip_dag' retrieved from /home/airflow/.local/lib/python3.12/site-packages/airflow/example_dags/example_skip_dag.py
[2024-09-11T14:09:21.850+0000] {logging_mixin.py:190} INFO - [2024-09-11T14:09:21.850+0000] {dag.py:3229} INFO - Sync 1 DAGs
[2024-09-11T14:09:21.878+0000] {logging_mixin.py:190} INFO - [2024-09-11T14:09:21.878+0000] {dag.py:4156} INFO - Setting next_dagrun for example_skip_dag to 2024-09-10 00:00:00+00:00, run_after=2024-09-11 00:00:00+00:00
[2024-09-11T14:09:21.900+0000] {processor.py:208} INFO - Processing /home/airflow/.local/lib/python3.12/site-packages/airflow/example_dags/example_skip_dag.py took 0.102 seconds
[2024-09-11T14:09:52.342+0000] {processor.py:186} INFO - Started process (PID=4292) to work on /home/airflow/.local/lib/python3.12/site-packages/airflow/example_dags/example_skip_dag.py
[2024-09-11T14:09:52.344+0000] {processor.py:914} INFO - Processing file /home/airflow/.local/lib/python3.12/site-packages/airflow/example_dags/example_skip_dag.py for tasks to queue
[2024-09-11T14:09:52.347+0000] {logging_mixin.py:190} INFO - [2024-09-11T14:09:52.346+0000] {dagbag.py:587} INFO - Filling up the DagBag from /home/airflow/.local/lib/python3.12/site-packages/airflow/example_dags/example_skip_dag.py
[2024-09-11T14:09:52.355+0000] {processor.py:925} INFO - DAG(s) 'example_skip_dag' retrieved from /home/airflow/.local/lib/python3.12/site-packages/airflow/example_dags/example_skip_dag.py
[2024-09-11T14:09:52.381+0000] {logging_mixin.py:190} INFO - [2024-09-11T14:09:52.381+0000] {dag.py:3229} INFO - Sync 1 DAGs
[2024-09-11T14:09:52.407+0000] {logging_mixin.py:190} INFO - [2024-09-11T14:09:52.406+0000] {dag.py:4156} INFO - Setting next_dagrun for example_skip_dag to 2024-09-10 00:00:00+00:00, run_after=2024-09-11 00:00:00+00:00
[2024-09-11T14:09:52.428+0000] {processor.py:208} INFO - Processing /home/airflow/.local/lib/python3.12/site-packages/airflow/example_dags/example_skip_dag.py took 0.094 seconds
[2024-09-11T14:10:22.716+0000] {processor.py:186} INFO - Started process (PID=4354) to work on /home/airflow/.local/lib/python3.12/site-packages/airflow/example_dags/example_skip_dag.py
[2024-09-11T14:10:22.717+0000] {processor.py:914} INFO - Processing file /home/airflow/.local/lib/python3.12/site-packages/airflow/example_dags/example_skip_dag.py for tasks to queue
[2024-09-11T14:10:22.720+0000] {logging_mixin.py:190} INFO - [2024-09-11T14:10:22.720+0000] {dagbag.py:587} INFO - Filling up the DagBag from /home/airflow/.local/lib/python3.12/site-packages/airflow/example_dags/example_skip_dag.py
[2024-09-11T14:10:22.728+0000] {processor.py:925} INFO - DAG(s) 'example_skip_dag' retrieved from /home/airflow/.local/lib/python3.12/site-packages/airflow/example_dags/example_skip_dag.py
[2024-09-11T14:10:22.752+0000] {logging_mixin.py:190} INFO - [2024-09-11T14:10:22.752+0000] {dag.py:3229} INFO - Sync 1 DAGs
[2024-09-11T14:10:22.778+0000] {logging_mixin.py:190} INFO - [2024-09-11T14:10:22.778+0000] {dag.py:4156} INFO - Setting next_dagrun for example_skip_dag to 2024-09-10 00:00:00+00:00, run_after=2024-09-11 00:00:00+00:00
[2024-09-11T14:10:22.800+0000] {processor.py:208} INFO - Processing /home/airflow/.local/lib/python3.12/site-packages/airflow/example_dags/example_skip_dag.py took 0.091 seconds
[2024-09-11T14:10:53.170+0000] {processor.py:186} INFO - Started process (PID=4416) to work on /home/airflow/.local/lib/python3.12/site-packages/airflow/example_dags/example_skip_dag.py
[2024-09-11T14:10:53.171+0000] {processor.py:914} INFO - Processing file /home/airflow/.local/lib/python3.12/site-packages/airflow/example_dags/example_skip_dag.py for tasks to queue
[2024-09-11T14:10:53.174+0000] {logging_mixin.py:190} INFO - [2024-09-11T14:10:53.173+0000] {dagbag.py:587} INFO - Filling up the DagBag from /home/airflow/.local/lib/python3.12/site-packages/airflow/example_dags/example_skip_dag.py
[2024-09-11T14:10:53.183+0000] {processor.py:925} INFO - DAG(s) 'example_skip_dag' retrieved from /home/airflow/.local/lib/python3.12/site-packages/airflow/example_dags/example_skip_dag.py
[2024-09-11T14:10:53.209+0000] {logging_mixin.py:190} INFO - [2024-09-11T14:10:53.209+0000] {dag.py:3229} INFO - Sync 1 DAGs
[2024-09-11T14:10:53.235+0000] {logging_mixin.py:190} INFO - [2024-09-11T14:10:53.235+0000] {dag.py:4156} INFO - Setting next_dagrun for example_skip_dag to 2024-09-10 00:00:00+00:00, run_after=2024-09-11 00:00:00+00:00
[2024-09-11T14:10:53.257+0000] {processor.py:208} INFO - Processing /home/airflow/.local/lib/python3.12/site-packages/airflow/example_dags/example_skip_dag.py took 0.094 seconds
[2024-09-11T14:11:23.677+0000] {processor.py:186} INFO - Started process (PID=4478) to work on /home/airflow/.local/lib/python3.12/site-packages/airflow/example_dags/example_skip_dag.py
[2024-09-11T14:11:23.678+0000] {processor.py:914} INFO - Processing file /home/airflow/.local/lib/python3.12/site-packages/airflow/example_dags/example_skip_dag.py for tasks to queue
[2024-09-11T14:11:23.681+0000] {logging_mixin.py:190} INFO - [2024-09-11T14:11:23.681+0000] {dagbag.py:587} INFO - Filling up the DagBag from /home/airflow/.local/lib/python3.12/site-packages/airflow/example_dags/example_skip_dag.py
[2024-09-11T14:11:23.689+0000] {processor.py:925} INFO - DAG(s) 'example_skip_dag' retrieved from /home/airflow/.local/lib/python3.12/site-packages/airflow/example_dags/example_skip_dag.py
[2024-09-11T14:11:23.719+0000] {logging_mixin.py:190} INFO - [2024-09-11T14:11:23.719+0000] {dag.py:3229} INFO - Sync 1 DAGs
[2024-09-11T14:11:23.765+0000] {logging_mixin.py:190} INFO - [2024-09-11T14:11:23.765+0000] {dag.py:4156} INFO - Setting next_dagrun for example_skip_dag to 2024-09-10 00:00:00+00:00, run_after=2024-09-11 00:00:00+00:00
[2024-09-11T14:11:23.785+0000] {processor.py:208} INFO - Processing /home/airflow/.local/lib/python3.12/site-packages/airflow/example_dags/example_skip_dag.py took 0.114 seconds
[2024-09-11T14:11:54.161+0000] {processor.py:186} INFO - Started process (PID=4540) to work on /home/airflow/.local/lib/python3.12/site-packages/airflow/example_dags/example_skip_dag.py
[2024-09-11T14:11:54.162+0000] {processor.py:914} INFO - Processing file /home/airflow/.local/lib/python3.12/site-packages/airflow/example_dags/example_skip_dag.py for tasks to queue
[2024-09-11T14:11:54.164+0000] {logging_mixin.py:190} INFO - [2024-09-11T14:11:54.164+0000] {dagbag.py:587} INFO - Filling up the DagBag from /home/airflow/.local/lib/python3.12/site-packages/airflow/example_dags/example_skip_dag.py
[2024-09-11T14:11:54.173+0000] {processor.py:925} INFO - DAG(s) 'example_skip_dag' retrieved from /home/airflow/.local/lib/python3.12/site-packages/airflow/example_dags/example_skip_dag.py
[2024-09-11T14:11:54.201+0000] {logging_mixin.py:190} INFO - [2024-09-11T14:11:54.200+0000] {dag.py:3229} INFO - Sync 1 DAGs
[2024-09-11T14:11:54.228+0000] {logging_mixin.py:190} INFO - [2024-09-11T14:11:54.228+0000] {dag.py:4156} INFO - Setting next_dagrun for example_skip_dag to 2024-09-10 00:00:00+00:00, run_after=2024-09-11 00:00:00+00:00
[2024-09-11T14:11:54.248+0000] {processor.py:208} INFO - Processing /home/airflow/.local/lib/python3.12/site-packages/airflow/example_dags/example_skip_dag.py took 0.093 seconds
[2024-09-11T14:12:24.611+0000] {processor.py:186} INFO - Started process (PID=4602) to work on /home/airflow/.local/lib/python3.12/site-packages/airflow/example_dags/example_skip_dag.py
[2024-09-11T14:12:24.612+0000] {processor.py:914} INFO - Processing file /home/airflow/.local/lib/python3.12/site-packages/airflow/example_dags/example_skip_dag.py for tasks to queue
[2024-09-11T14:12:24.615+0000] {logging_mixin.py:190} INFO - [2024-09-11T14:12:24.615+0000] {dagbag.py:587} INFO - Filling up the DagBag from /home/airflow/.local/lib/python3.12/site-packages/airflow/example_dags/example_skip_dag.py
[2024-09-11T14:12:24.624+0000] {processor.py:925} INFO - DAG(s) 'example_skip_dag' retrieved from /home/airflow/.local/lib/python3.12/site-packages/airflow/example_dags/example_skip_dag.py
[2024-09-11T14:12:24.651+0000] {logging_mixin.py:190} INFO - [2024-09-11T14:12:24.651+0000] {dag.py:3229} INFO - Sync 1 DAGs
[2024-09-11T14:12:24.677+0000] {logging_mixin.py:190} INFO - [2024-09-11T14:12:24.676+0000] {dag.py:4156} INFO - Setting next_dagrun for example_skip_dag to 2024-09-10 00:00:00+00:00, run_after=2024-09-11 00:00:00+00:00
[2024-09-11T14:12:24.697+0000] {processor.py:208} INFO - Processing /home/airflow/.local/lib/python3.12/site-packages/airflow/example_dags/example_skip_dag.py took 0.092 seconds
[2024-09-11T14:12:55.464+0000] {processor.py:186} INFO - Started process (PID=4670) to work on /home/airflow/.local/lib/python3.12/site-packages/airflow/example_dags/example_skip_dag.py
[2024-09-11T14:12:55.465+0000] {processor.py:914} INFO - Processing file /home/airflow/.local/lib/python3.12/site-packages/airflow/example_dags/example_skip_dag.py for tasks to queue
[2024-09-11T14:12:55.468+0000] {logging_mixin.py:190} INFO - [2024-09-11T14:12:55.468+0000] {dagbag.py:587} INFO - Filling up the DagBag from /home/airflow/.local/lib/python3.12/site-packages/airflow/example_dags/example_skip_dag.py
[2024-09-11T14:12:55.478+0000] {processor.py:925} INFO - DAG(s) 'example_skip_dag' retrieved from /home/airflow/.local/lib/python3.12/site-packages/airflow/example_dags/example_skip_dag.py
[2024-09-11T14:12:55.503+0000] {logging_mixin.py:190} INFO - [2024-09-11T14:12:55.503+0000] {dag.py:3229} INFO - Sync 1 DAGs
[2024-09-11T14:12:55.529+0000] {logging_mixin.py:190} INFO - [2024-09-11T14:12:55.529+0000] {dag.py:4156} INFO - Setting next_dagrun for example_skip_dag to 2024-09-10 00:00:00+00:00, run_after=2024-09-11 00:00:00+00:00
[2024-09-11T14:12:55.549+0000] {processor.py:208} INFO - Processing /home/airflow/.local/lib/python3.12/site-packages/airflow/example_dags/example_skip_dag.py took 0.092 seconds
[2024-09-11T14:13:26.257+0000] {processor.py:186} INFO - Started process (PID=4732) to work on /home/airflow/.local/lib/python3.12/site-packages/airflow/example_dags/example_skip_dag.py
[2024-09-11T14:13:26.259+0000] {processor.py:914} INFO - Processing file /home/airflow/.local/lib/python3.12/site-packages/airflow/example_dags/example_skip_dag.py for tasks to queue
[2024-09-11T14:13:26.262+0000] {logging_mixin.py:190} INFO - [2024-09-11T14:13:26.261+0000] {dagbag.py:587} INFO - Filling up the DagBag from /home/airflow/.local/lib/python3.12/site-packages/airflow/example_dags/example_skip_dag.py
[2024-09-11T14:13:26.270+0000] {processor.py:925} INFO - DAG(s) 'example_skip_dag' retrieved from /home/airflow/.local/lib/python3.12/site-packages/airflow/example_dags/example_skip_dag.py
[2024-09-11T14:13:26.295+0000] {logging_mixin.py:190} INFO - [2024-09-11T14:13:26.295+0000] {dag.py:3229} INFO - Sync 1 DAGs
[2024-09-11T14:13:26.326+0000] {logging_mixin.py:190} INFO - [2024-09-11T14:13:26.325+0000] {dag.py:4156} INFO - Setting next_dagrun for example_skip_dag to 2024-09-10 00:00:00+00:00, run_after=2024-09-11 00:00:00+00:00
[2024-09-11T14:13:26.345+0000] {processor.py:208} INFO - Processing /home/airflow/.local/lib/python3.12/site-packages/airflow/example_dags/example_skip_dag.py took 0.095 seconds
