[2024-09-11T13:35:08.371+0000] {processor.py:186} INFO - Started process (PID=73) to work on /home/airflow/.local/lib/python3.12/site-packages/airflow/example_dags/tutorial_dag.py
[2024-09-11T13:35:08.373+0000] {processor.py:914} INFO - Processing file /home/airflow/.local/lib/python3.12/site-packages/airflow/example_dags/tutorial_dag.py for tasks to queue
[2024-09-11T13:35:08.456+0000] {logging_mixin.py:190} INFO - [2024-09-11T13:35:08.448+0000] {dagbag.py:587} INFO - Filling up the DagBag from /home/airflow/.local/lib/python3.12/site-packages/airflow/example_dags/tutorial_dag.py
[2024-09-11T13:35:08.555+0000] {processor.py:925} INFO - DAG(s) 'tutorial_dag' retrieved from /home/airflow/.local/lib/python3.12/site-packages/airflow/example_dags/tutorial_dag.py
[2024-09-11T13:35:09.968+0000] {logging_mixin.py:190} INFO - [2024-09-11T13:35:09.964+0000] {override.py:1900} INFO - Created Permission View: can edit on DAG:tutorial_dag
[2024-09-11T13:35:10.046+0000] {logging_mixin.py:190} INFO - [2024-09-11T13:35:10.045+0000] {override.py:1900} INFO - Created Permission View: can delete on DAG:tutorial_dag
[2024-09-11T13:35:10.075+0000] {logging_mixin.py:190} INFO - [2024-09-11T13:35:10.075+0000] {override.py:1900} INFO - Created Permission View: can read on DAG:tutorial_dag
[2024-09-11T13:35:10.123+0000] {logging_mixin.py:190} INFO - [2024-09-11T13:35:10.122+0000] {override.py:1900} INFO - Created Permission View: menu access on DAG Run:tutorial_dag
[2024-09-11T13:35:10.159+0000] {logging_mixin.py:190} INFO - [2024-09-11T13:35:10.159+0000] {override.py:1900} INFO - Created Permission View: can create on DAG Run:tutorial_dag
[2024-09-11T13:35:10.200+0000] {logging_mixin.py:190} INFO - [2024-09-11T13:35:10.198+0000] {override.py:1900} INFO - Created Permission View: can delete on DAG Run:tutorial_dag
[2024-09-11T13:35:10.227+0000] {logging_mixin.py:190} INFO - [2024-09-11T13:35:10.226+0000] {override.py:1900} INFO - Created Permission View: can read on DAG Run:tutorial_dag
[2024-09-11T13:35:10.235+0000] {logging_mixin.py:190} INFO - [2024-09-11T13:35:10.232+0000] {dag.py:3229} INFO - Sync 1 DAGs
[2024-09-11T13:35:10.341+0000] {logging_mixin.py:190} INFO - [2024-09-11T13:35:10.340+0000] {dag.py:3252} INFO - Creating ORM DAG for tutorial_dag
[2024-09-11T13:35:10.355+0000] {logging_mixin.py:190} INFO - [2024-09-11T13:35:10.354+0000] {dag.py:4156} INFO - Setting next_dagrun for tutorial_dag to None, run_after=None
[2024-09-11T13:35:10.460+0000] {processor.py:208} INFO - Processing /home/airflow/.local/lib/python3.12/site-packages/airflow/example_dags/tutorial_dag.py took 2.104 seconds
[2024-09-11T13:35:40.612+0000] {processor.py:186} INFO - Started process (PID=135) to work on /home/airflow/.local/lib/python3.12/site-packages/airflow/example_dags/tutorial_dag.py
[2024-09-11T13:35:40.613+0000] {processor.py:914} INFO - Processing file /home/airflow/.local/lib/python3.12/site-packages/airflow/example_dags/tutorial_dag.py for tasks to queue
[2024-09-11T13:35:40.616+0000] {logging_mixin.py:190} INFO - [2024-09-11T13:35:40.616+0000] {dagbag.py:587} INFO - Filling up the DagBag from /home/airflow/.local/lib/python3.12/site-packages/airflow/example_dags/tutorial_dag.py
[2024-09-11T13:35:40.624+0000] {processor.py:925} INFO - DAG(s) 'tutorial_dag' retrieved from /home/airflow/.local/lib/python3.12/site-packages/airflow/example_dags/tutorial_dag.py
[2024-09-11T13:35:40.646+0000] {logging_mixin.py:190} INFO - [2024-09-11T13:35:40.646+0000] {dag.py:3229} INFO - Sync 1 DAGs
[2024-09-11T13:35:40.661+0000] {logging_mixin.py:190} INFO - [2024-09-11T13:35:40.661+0000] {dag.py:4156} INFO - Setting next_dagrun for tutorial_dag to None, run_after=None
[2024-09-11T13:35:40.681+0000] {processor.py:208} INFO - Processing /home/airflow/.local/lib/python3.12/site-packages/airflow/example_dags/tutorial_dag.py took 0.076 seconds
[2024-09-11T13:36:10.810+0000] {processor.py:186} INFO - Started process (PID=197) to work on /home/airflow/.local/lib/python3.12/site-packages/airflow/example_dags/tutorial_dag.py
[2024-09-11T13:36:10.811+0000] {processor.py:914} INFO - Processing file /home/airflow/.local/lib/python3.12/site-packages/airflow/example_dags/tutorial_dag.py for tasks to queue
[2024-09-11T13:36:10.814+0000] {logging_mixin.py:190} INFO - [2024-09-11T13:36:10.814+0000] {dagbag.py:587} INFO - Filling up the DagBag from /home/airflow/.local/lib/python3.12/site-packages/airflow/example_dags/tutorial_dag.py
[2024-09-11T13:36:10.822+0000] {processor.py:925} INFO - DAG(s) 'tutorial_dag' retrieved from /home/airflow/.local/lib/python3.12/site-packages/airflow/example_dags/tutorial_dag.py
[2024-09-11T13:36:10.845+0000] {logging_mixin.py:190} INFO - [2024-09-11T13:36:10.844+0000] {dag.py:3229} INFO - Sync 1 DAGs
[2024-09-11T13:36:10.861+0000] {logging_mixin.py:190} INFO - [2024-09-11T13:36:10.860+0000] {dag.py:4156} INFO - Setting next_dagrun for tutorial_dag to None, run_after=None
[2024-09-11T13:36:10.881+0000] {processor.py:208} INFO - Processing /home/airflow/.local/lib/python3.12/site-packages/airflow/example_dags/tutorial_dag.py took 0.078 seconds
[2024-09-11T13:36:40.983+0000] {processor.py:186} INFO - Started process (PID=259) to work on /home/airflow/.local/lib/python3.12/site-packages/airflow/example_dags/tutorial_dag.py
[2024-09-11T13:36:40.984+0000] {processor.py:914} INFO - Processing file /home/airflow/.local/lib/python3.12/site-packages/airflow/example_dags/tutorial_dag.py for tasks to queue
[2024-09-11T13:36:40.987+0000] {logging_mixin.py:190} INFO - [2024-09-11T13:36:40.987+0000] {dagbag.py:587} INFO - Filling up the DagBag from /home/airflow/.local/lib/python3.12/site-packages/airflow/example_dags/tutorial_dag.py
[2024-09-11T13:36:40.995+0000] {processor.py:925} INFO - DAG(s) 'tutorial_dag' retrieved from /home/airflow/.local/lib/python3.12/site-packages/airflow/example_dags/tutorial_dag.py
[2024-09-11T13:36:41.017+0000] {logging_mixin.py:190} INFO - [2024-09-11T13:36:41.017+0000] {dag.py:3229} INFO - Sync 1 DAGs
[2024-09-11T13:36:41.033+0000] {logging_mixin.py:190} INFO - [2024-09-11T13:36:41.033+0000] {dag.py:4156} INFO - Setting next_dagrun for tutorial_dag to None, run_after=None
[2024-09-11T13:36:41.054+0000] {processor.py:208} INFO - Processing /home/airflow/.local/lib/python3.12/site-packages/airflow/example_dags/tutorial_dag.py took 0.078 seconds
[2024-09-11T13:37:11.819+0000] {processor.py:186} INFO - Started process (PID=321) to work on /home/airflow/.local/lib/python3.12/site-packages/airflow/example_dags/tutorial_dag.py
[2024-09-11T13:37:11.820+0000] {processor.py:914} INFO - Processing file /home/airflow/.local/lib/python3.12/site-packages/airflow/example_dags/tutorial_dag.py for tasks to queue
[2024-09-11T13:37:11.823+0000] {logging_mixin.py:190} INFO - [2024-09-11T13:37:11.823+0000] {dagbag.py:587} INFO - Filling up the DagBag from /home/airflow/.local/lib/python3.12/site-packages/airflow/example_dags/tutorial_dag.py
[2024-09-11T13:37:11.834+0000] {processor.py:925} INFO - DAG(s) 'tutorial_dag' retrieved from /home/airflow/.local/lib/python3.12/site-packages/airflow/example_dags/tutorial_dag.py
[2024-09-11T13:37:11.859+0000] {logging_mixin.py:190} INFO - [2024-09-11T13:37:11.859+0000] {dag.py:3229} INFO - Sync 1 DAGs
[2024-09-11T13:37:11.881+0000] {logging_mixin.py:190} INFO - [2024-09-11T13:37:11.880+0000] {dag.py:4156} INFO - Setting next_dagrun for tutorial_dag to None, run_after=None
[2024-09-11T13:37:11.907+0000] {processor.py:208} INFO - Processing /home/airflow/.local/lib/python3.12/site-packages/airflow/example_dags/tutorial_dag.py took 0.097 seconds
[2024-09-11T13:37:41.992+0000] {processor.py:186} INFO - Started process (PID=383) to work on /home/airflow/.local/lib/python3.12/site-packages/airflow/example_dags/tutorial_dag.py
[2024-09-11T13:37:41.994+0000] {processor.py:914} INFO - Processing file /home/airflow/.local/lib/python3.12/site-packages/airflow/example_dags/tutorial_dag.py for tasks to queue
[2024-09-11T13:37:41.999+0000] {logging_mixin.py:190} INFO - [2024-09-11T13:37:41.999+0000] {dagbag.py:587} INFO - Filling up the DagBag from /home/airflow/.local/lib/python3.12/site-packages/airflow/example_dags/tutorial_dag.py
[2024-09-11T13:37:42.016+0000] {processor.py:925} INFO - DAG(s) 'tutorial_dag' retrieved from /home/airflow/.local/lib/python3.12/site-packages/airflow/example_dags/tutorial_dag.py
[2024-09-11T13:37:42.045+0000] {logging_mixin.py:190} INFO - [2024-09-11T13:37:42.044+0000] {dag.py:3229} INFO - Sync 1 DAGs
[2024-09-11T13:37:42.075+0000] {logging_mixin.py:190} INFO - [2024-09-11T13:37:42.075+0000] {dag.py:4156} INFO - Setting next_dagrun for tutorial_dag to None, run_after=None
[2024-09-11T13:37:42.113+0000] {processor.py:208} INFO - Processing /home/airflow/.local/lib/python3.12/site-packages/airflow/example_dags/tutorial_dag.py took 0.136 seconds
[2024-09-11T13:38:12.335+0000] {processor.py:186} INFO - Started process (PID=445) to work on /home/airflow/.local/lib/python3.12/site-packages/airflow/example_dags/tutorial_dag.py
[2024-09-11T13:38:12.336+0000] {processor.py:914} INFO - Processing file /home/airflow/.local/lib/python3.12/site-packages/airflow/example_dags/tutorial_dag.py for tasks to queue
[2024-09-11T13:38:12.339+0000] {logging_mixin.py:190} INFO - [2024-09-11T13:38:12.339+0000] {dagbag.py:587} INFO - Filling up the DagBag from /home/airflow/.local/lib/python3.12/site-packages/airflow/example_dags/tutorial_dag.py
[2024-09-11T13:38:12.348+0000] {processor.py:925} INFO - DAG(s) 'tutorial_dag' retrieved from /home/airflow/.local/lib/python3.12/site-packages/airflow/example_dags/tutorial_dag.py
[2024-09-11T13:38:12.376+0000] {logging_mixin.py:190} INFO - [2024-09-11T13:38:12.376+0000] {dag.py:3229} INFO - Sync 1 DAGs
[2024-09-11T13:38:12.394+0000] {logging_mixin.py:190} INFO - [2024-09-11T13:38:12.394+0000] {dag.py:4156} INFO - Setting next_dagrun for tutorial_dag to None, run_after=None
[2024-09-11T13:38:12.420+0000] {processor.py:208} INFO - Processing /home/airflow/.local/lib/python3.12/site-packages/airflow/example_dags/tutorial_dag.py took 0.093 seconds
[2024-09-11T13:38:42.609+0000] {processor.py:186} INFO - Started process (PID=507) to work on /home/airflow/.local/lib/python3.12/site-packages/airflow/example_dags/tutorial_dag.py
[2024-09-11T13:38:42.610+0000] {processor.py:914} INFO - Processing file /home/airflow/.local/lib/python3.12/site-packages/airflow/example_dags/tutorial_dag.py for tasks to queue
[2024-09-11T13:38:42.614+0000] {logging_mixin.py:190} INFO - [2024-09-11T13:38:42.613+0000] {dagbag.py:587} INFO - Filling up the DagBag from /home/airflow/.local/lib/python3.12/site-packages/airflow/example_dags/tutorial_dag.py
[2024-09-11T13:38:42.627+0000] {processor.py:925} INFO - DAG(s) 'tutorial_dag' retrieved from /home/airflow/.local/lib/python3.12/site-packages/airflow/example_dags/tutorial_dag.py
[2024-09-11T13:38:42.654+0000] {logging_mixin.py:190} INFO - [2024-09-11T13:38:42.654+0000] {dag.py:3229} INFO - Sync 1 DAGs
[2024-09-11T13:38:42.676+0000] {logging_mixin.py:190} INFO - [2024-09-11T13:38:42.676+0000] {dag.py:4156} INFO - Setting next_dagrun for tutorial_dag to None, run_after=None
[2024-09-11T13:38:42.703+0000] {processor.py:208} INFO - Processing /home/airflow/.local/lib/python3.12/site-packages/airflow/example_dags/tutorial_dag.py took 0.104 seconds
[2024-09-11T13:39:13.130+0000] {processor.py:186} INFO - Started process (PID=569) to work on /home/airflow/.local/lib/python3.12/site-packages/airflow/example_dags/tutorial_dag.py
[2024-09-11T13:39:13.132+0000] {processor.py:914} INFO - Processing file /home/airflow/.local/lib/python3.12/site-packages/airflow/example_dags/tutorial_dag.py for tasks to queue
[2024-09-11T13:39:13.140+0000] {logging_mixin.py:190} INFO - [2024-09-11T13:39:13.139+0000] {dagbag.py:587} INFO - Filling up the DagBag from /home/airflow/.local/lib/python3.12/site-packages/airflow/example_dags/tutorial_dag.py
[2024-09-11T13:39:13.159+0000] {processor.py:925} INFO - DAG(s) 'tutorial_dag' retrieved from /home/airflow/.local/lib/python3.12/site-packages/airflow/example_dags/tutorial_dag.py
[2024-09-11T13:39:13.211+0000] {logging_mixin.py:190} INFO - [2024-09-11T13:39:13.210+0000] {dag.py:3229} INFO - Sync 1 DAGs
[2024-09-11T13:39:13.261+0000] {logging_mixin.py:190} INFO - [2024-09-11T13:39:13.261+0000] {dag.py:4156} INFO - Setting next_dagrun for tutorial_dag to None, run_after=None
[2024-09-11T13:39:13.361+0000] {processor.py:208} INFO - Processing /home/airflow/.local/lib/python3.12/site-packages/airflow/example_dags/tutorial_dag.py took 0.247 seconds
[2024-09-11T13:39:43.564+0000] {processor.py:186} INFO - Started process (PID=630) to work on /home/airflow/.local/lib/python3.12/site-packages/airflow/example_dags/tutorial_dag.py
[2024-09-11T13:39:43.566+0000] {processor.py:914} INFO - Processing file /home/airflow/.local/lib/python3.12/site-packages/airflow/example_dags/tutorial_dag.py for tasks to queue
[2024-09-11T13:39:43.570+0000] {logging_mixin.py:190} INFO - [2024-09-11T13:39:43.569+0000] {dagbag.py:587} INFO - Filling up the DagBag from /home/airflow/.local/lib/python3.12/site-packages/airflow/example_dags/tutorial_dag.py
[2024-09-11T13:39:43.584+0000] {processor.py:925} INFO - DAG(s) 'tutorial_dag' retrieved from /home/airflow/.local/lib/python3.12/site-packages/airflow/example_dags/tutorial_dag.py
[2024-09-11T13:39:43.617+0000] {logging_mixin.py:190} INFO - [2024-09-11T13:39:43.617+0000] {dag.py:3229} INFO - Sync 1 DAGs
[2024-09-11T13:39:43.642+0000] {logging_mixin.py:190} INFO - [2024-09-11T13:39:43.641+0000] {dag.py:4156} INFO - Setting next_dagrun for tutorial_dag to None, run_after=None
[2024-09-11T13:39:43.681+0000] {processor.py:208} INFO - Processing /home/airflow/.local/lib/python3.12/site-packages/airflow/example_dags/tutorial_dag.py took 0.129 seconds
[2024-09-11T13:40:13.759+0000] {processor.py:186} INFO - Started process (PID=692) to work on /home/airflow/.local/lib/python3.12/site-packages/airflow/example_dags/tutorial_dag.py
[2024-09-11T13:40:13.760+0000] {processor.py:914} INFO - Processing file /home/airflow/.local/lib/python3.12/site-packages/airflow/example_dags/tutorial_dag.py for tasks to queue
[2024-09-11T13:40:13.763+0000] {logging_mixin.py:190} INFO - [2024-09-11T13:40:13.763+0000] {dagbag.py:587} INFO - Filling up the DagBag from /home/airflow/.local/lib/python3.12/site-packages/airflow/example_dags/tutorial_dag.py
[2024-09-11T13:40:13.776+0000] {processor.py:925} INFO - DAG(s) 'tutorial_dag' retrieved from /home/airflow/.local/lib/python3.12/site-packages/airflow/example_dags/tutorial_dag.py
[2024-09-11T13:40:13.809+0000] {logging_mixin.py:190} INFO - [2024-09-11T13:40:13.809+0000] {dag.py:3229} INFO - Sync 1 DAGs
[2024-09-11T13:40:13.835+0000] {logging_mixin.py:190} INFO - [2024-09-11T13:40:13.835+0000] {dag.py:4156} INFO - Setting next_dagrun for tutorial_dag to None, run_after=None
[2024-09-11T13:40:13.862+0000] {processor.py:208} INFO - Processing /home/airflow/.local/lib/python3.12/site-packages/airflow/example_dags/tutorial_dag.py took 0.110 seconds
[2024-09-11T13:40:44.094+0000] {processor.py:186} INFO - Started process (PID=754) to work on /home/airflow/.local/lib/python3.12/site-packages/airflow/example_dags/tutorial_dag.py
[2024-09-11T13:40:44.096+0000] {processor.py:914} INFO - Processing file /home/airflow/.local/lib/python3.12/site-packages/airflow/example_dags/tutorial_dag.py for tasks to queue
[2024-09-11T13:40:44.099+0000] {logging_mixin.py:190} INFO - [2024-09-11T13:40:44.099+0000] {dagbag.py:587} INFO - Filling up the DagBag from /home/airflow/.local/lib/python3.12/site-packages/airflow/example_dags/tutorial_dag.py
[2024-09-11T13:40:44.107+0000] {processor.py:925} INFO - DAG(s) 'tutorial_dag' retrieved from /home/airflow/.local/lib/python3.12/site-packages/airflow/example_dags/tutorial_dag.py
[2024-09-11T13:40:44.130+0000] {logging_mixin.py:190} INFO - [2024-09-11T13:40:44.130+0000] {dag.py:3229} INFO - Sync 1 DAGs
[2024-09-11T13:40:44.148+0000] {logging_mixin.py:190} INFO - [2024-09-11T13:40:44.148+0000] {dag.py:4156} INFO - Setting next_dagrun for tutorial_dag to None, run_after=None
[2024-09-11T13:40:44.170+0000] {processor.py:208} INFO - Processing /home/airflow/.local/lib/python3.12/site-packages/airflow/example_dags/tutorial_dag.py took 0.083 seconds
[2024-09-11T13:41:14.441+0000] {processor.py:186} INFO - Started process (PID=816) to work on /home/airflow/.local/lib/python3.12/site-packages/airflow/example_dags/tutorial_dag.py
[2024-09-11T13:41:14.443+0000] {processor.py:914} INFO - Processing file /home/airflow/.local/lib/python3.12/site-packages/airflow/example_dags/tutorial_dag.py for tasks to queue
[2024-09-11T13:41:14.447+0000] {logging_mixin.py:190} INFO - [2024-09-11T13:41:14.446+0000] {dagbag.py:587} INFO - Filling up the DagBag from /home/airflow/.local/lib/python3.12/site-packages/airflow/example_dags/tutorial_dag.py
[2024-09-11T13:41:14.455+0000] {processor.py:925} INFO - DAG(s) 'tutorial_dag' retrieved from /home/airflow/.local/lib/python3.12/site-packages/airflow/example_dags/tutorial_dag.py
[2024-09-11T13:41:14.481+0000] {logging_mixin.py:190} INFO - [2024-09-11T13:41:14.481+0000] {dag.py:3229} INFO - Sync 1 DAGs
[2024-09-11T13:41:14.500+0000] {logging_mixin.py:190} INFO - [2024-09-11T13:41:14.499+0000] {dag.py:4156} INFO - Setting next_dagrun for tutorial_dag to None, run_after=None
[2024-09-11T13:41:14.530+0000] {processor.py:208} INFO - Processing /home/airflow/.local/lib/python3.12/site-packages/airflow/example_dags/tutorial_dag.py took 0.095 seconds
[2024-09-11T13:41:45.240+0000] {processor.py:186} INFO - Started process (PID=878) to work on /home/airflow/.local/lib/python3.12/site-packages/airflow/example_dags/tutorial_dag.py
[2024-09-11T13:41:45.241+0000] {processor.py:914} INFO - Processing file /home/airflow/.local/lib/python3.12/site-packages/airflow/example_dags/tutorial_dag.py for tasks to queue
[2024-09-11T13:41:45.244+0000] {logging_mixin.py:190} INFO - [2024-09-11T13:41:45.243+0000] {dagbag.py:587} INFO - Filling up the DagBag from /home/airflow/.local/lib/python3.12/site-packages/airflow/example_dags/tutorial_dag.py
[2024-09-11T13:41:45.252+0000] {processor.py:925} INFO - DAG(s) 'tutorial_dag' retrieved from /home/airflow/.local/lib/python3.12/site-packages/airflow/example_dags/tutorial_dag.py
[2024-09-11T13:41:45.275+0000] {logging_mixin.py:190} INFO - [2024-09-11T13:41:45.274+0000] {dag.py:3229} INFO - Sync 1 DAGs
[2024-09-11T13:41:45.291+0000] {logging_mixin.py:190} INFO - [2024-09-11T13:41:45.291+0000] {dag.py:4156} INFO - Setting next_dagrun for tutorial_dag to None, run_after=None
[2024-09-11T13:41:45.313+0000] {processor.py:208} INFO - Processing /home/airflow/.local/lib/python3.12/site-packages/airflow/example_dags/tutorial_dag.py took 0.081 seconds
[2024-09-11T13:42:15.891+0000] {processor.py:186} INFO - Started process (PID=940) to work on /home/airflow/.local/lib/python3.12/site-packages/airflow/example_dags/tutorial_dag.py
[2024-09-11T13:42:15.893+0000] {processor.py:914} INFO - Processing file /home/airflow/.local/lib/python3.12/site-packages/airflow/example_dags/tutorial_dag.py for tasks to queue
[2024-09-11T13:42:15.896+0000] {logging_mixin.py:190} INFO - [2024-09-11T13:42:15.896+0000] {dagbag.py:587} INFO - Filling up the DagBag from /home/airflow/.local/lib/python3.12/site-packages/airflow/example_dags/tutorial_dag.py
[2024-09-11T13:42:15.904+0000] {processor.py:925} INFO - DAG(s) 'tutorial_dag' retrieved from /home/airflow/.local/lib/python3.12/site-packages/airflow/example_dags/tutorial_dag.py
[2024-09-11T13:42:15.926+0000] {logging_mixin.py:190} INFO - [2024-09-11T13:42:15.926+0000] {dag.py:3229} INFO - Sync 1 DAGs
[2024-09-11T13:42:15.942+0000] {logging_mixin.py:190} INFO - [2024-09-11T13:42:15.942+0000] {dag.py:4156} INFO - Setting next_dagrun for tutorial_dag to None, run_after=None
[2024-09-11T13:42:15.963+0000] {processor.py:208} INFO - Processing /home/airflow/.local/lib/python3.12/site-packages/airflow/example_dags/tutorial_dag.py took 0.080 seconds
[2024-09-11T13:42:46.528+0000] {processor.py:186} INFO - Started process (PID=1002) to work on /home/airflow/.local/lib/python3.12/site-packages/airflow/example_dags/tutorial_dag.py
[2024-09-11T13:42:46.530+0000] {processor.py:914} INFO - Processing file /home/airflow/.local/lib/python3.12/site-packages/airflow/example_dags/tutorial_dag.py for tasks to queue
[2024-09-11T13:42:46.533+0000] {logging_mixin.py:190} INFO - [2024-09-11T13:42:46.532+0000] {dagbag.py:587} INFO - Filling up the DagBag from /home/airflow/.local/lib/python3.12/site-packages/airflow/example_dags/tutorial_dag.py
[2024-09-11T13:42:46.541+0000] {processor.py:925} INFO - DAG(s) 'tutorial_dag' retrieved from /home/airflow/.local/lib/python3.12/site-packages/airflow/example_dags/tutorial_dag.py
[2024-09-11T13:42:46.569+0000] {logging_mixin.py:190} INFO - [2024-09-11T13:42:46.569+0000] {dag.py:3229} INFO - Sync 1 DAGs
[2024-09-11T13:42:46.585+0000] {logging_mixin.py:190} INFO - [2024-09-11T13:42:46.585+0000] {dag.py:4156} INFO - Setting next_dagrun for tutorial_dag to None, run_after=None
[2024-09-11T13:42:46.606+0000] {processor.py:208} INFO - Processing /home/airflow/.local/lib/python3.12/site-packages/airflow/example_dags/tutorial_dag.py took 0.085 seconds
[2024-09-11T13:43:16.712+0000] {processor.py:186} INFO - Started process (PID=1064) to work on /home/airflow/.local/lib/python3.12/site-packages/airflow/example_dags/tutorial_dag.py
[2024-09-11T13:43:16.713+0000] {processor.py:914} INFO - Processing file /home/airflow/.local/lib/python3.12/site-packages/airflow/example_dags/tutorial_dag.py for tasks to queue
[2024-09-11T13:43:16.716+0000] {logging_mixin.py:190} INFO - [2024-09-11T13:43:16.715+0000] {dagbag.py:587} INFO - Filling up the DagBag from /home/airflow/.local/lib/python3.12/site-packages/airflow/example_dags/tutorial_dag.py
[2024-09-11T13:43:16.723+0000] {processor.py:925} INFO - DAG(s) 'tutorial_dag' retrieved from /home/airflow/.local/lib/python3.12/site-packages/airflow/example_dags/tutorial_dag.py
[2024-09-11T13:43:16.745+0000] {logging_mixin.py:190} INFO - [2024-09-11T13:43:16.745+0000] {dag.py:3229} INFO - Sync 1 DAGs
[2024-09-11T13:43:16.761+0000] {logging_mixin.py:190} INFO - [2024-09-11T13:43:16.761+0000] {dag.py:4156} INFO - Setting next_dagrun for tutorial_dag to None, run_after=None
[2024-09-11T13:43:16.784+0000] {processor.py:208} INFO - Processing /home/airflow/.local/lib/python3.12/site-packages/airflow/example_dags/tutorial_dag.py took 0.078 seconds
[2024-09-11T13:43:47.373+0000] {processor.py:186} INFO - Started process (PID=1126) to work on /home/airflow/.local/lib/python3.12/site-packages/airflow/example_dags/tutorial_dag.py
[2024-09-11T13:43:47.374+0000] {processor.py:914} INFO - Processing file /home/airflow/.local/lib/python3.12/site-packages/airflow/example_dags/tutorial_dag.py for tasks to queue
[2024-09-11T13:43:47.378+0000] {logging_mixin.py:190} INFO - [2024-09-11T13:43:47.377+0000] {dagbag.py:587} INFO - Filling up the DagBag from /home/airflow/.local/lib/python3.12/site-packages/airflow/example_dags/tutorial_dag.py
[2024-09-11T13:43:47.387+0000] {processor.py:925} INFO - DAG(s) 'tutorial_dag' retrieved from /home/airflow/.local/lib/python3.12/site-packages/airflow/example_dags/tutorial_dag.py
[2024-09-11T13:43:47.409+0000] {logging_mixin.py:190} INFO - [2024-09-11T13:43:47.408+0000] {dag.py:3229} INFO - Sync 1 DAGs
[2024-09-11T13:43:47.424+0000] {logging_mixin.py:190} INFO - [2024-09-11T13:43:47.424+0000] {dag.py:4156} INFO - Setting next_dagrun for tutorial_dag to None, run_after=None
[2024-09-11T13:43:47.445+0000] {processor.py:208} INFO - Processing /home/airflow/.local/lib/python3.12/site-packages/airflow/example_dags/tutorial_dag.py took 0.079 seconds
[2024-09-11T13:44:17.846+0000] {processor.py:186} INFO - Started process (PID=1188) to work on /home/airflow/.local/lib/python3.12/site-packages/airflow/example_dags/tutorial_dag.py
[2024-09-11T13:44:17.847+0000] {processor.py:914} INFO - Processing file /home/airflow/.local/lib/python3.12/site-packages/airflow/example_dags/tutorial_dag.py for tasks to queue
[2024-09-11T13:44:17.850+0000] {logging_mixin.py:190} INFO - [2024-09-11T13:44:17.849+0000] {dagbag.py:587} INFO - Filling up the DagBag from /home/airflow/.local/lib/python3.12/site-packages/airflow/example_dags/tutorial_dag.py
[2024-09-11T13:44:17.860+0000] {processor.py:925} INFO - DAG(s) 'tutorial_dag' retrieved from /home/airflow/.local/lib/python3.12/site-packages/airflow/example_dags/tutorial_dag.py
[2024-09-11T13:44:17.882+0000] {logging_mixin.py:190} INFO - [2024-09-11T13:44:17.881+0000] {dag.py:3229} INFO - Sync 1 DAGs
[2024-09-11T13:44:17.898+0000] {logging_mixin.py:190} INFO - [2024-09-11T13:44:17.898+0000] {dag.py:4156} INFO - Setting next_dagrun for tutorial_dag to None, run_after=None
[2024-09-11T13:44:17.919+0000] {processor.py:208} INFO - Processing /home/airflow/.local/lib/python3.12/site-packages/airflow/example_dags/tutorial_dag.py took 0.082 seconds
[2024-09-11T13:44:48.282+0000] {processor.py:186} INFO - Started process (PID=1250) to work on /home/airflow/.local/lib/python3.12/site-packages/airflow/example_dags/tutorial_dag.py
[2024-09-11T13:44:48.283+0000] {processor.py:914} INFO - Processing file /home/airflow/.local/lib/python3.12/site-packages/airflow/example_dags/tutorial_dag.py for tasks to queue
[2024-09-11T13:44:48.287+0000] {logging_mixin.py:190} INFO - [2024-09-11T13:44:48.287+0000] {dagbag.py:587} INFO - Filling up the DagBag from /home/airflow/.local/lib/python3.12/site-packages/airflow/example_dags/tutorial_dag.py
[2024-09-11T13:44:48.296+0000] {processor.py:925} INFO - DAG(s) 'tutorial_dag' retrieved from /home/airflow/.local/lib/python3.12/site-packages/airflow/example_dags/tutorial_dag.py
[2024-09-11T13:44:48.321+0000] {logging_mixin.py:190} INFO - [2024-09-11T13:44:48.321+0000] {dag.py:3229} INFO - Sync 1 DAGs
[2024-09-11T13:44:48.342+0000] {logging_mixin.py:190} INFO - [2024-09-11T13:44:48.341+0000] {dag.py:4156} INFO - Setting next_dagrun for tutorial_dag to None, run_after=None
[2024-09-11T13:44:48.373+0000] {processor.py:208} INFO - Processing /home/airflow/.local/lib/python3.12/site-packages/airflow/example_dags/tutorial_dag.py took 0.099 seconds
[2024-09-11T13:45:18.790+0000] {processor.py:186} INFO - Started process (PID=1312) to work on /home/airflow/.local/lib/python3.12/site-packages/airflow/example_dags/tutorial_dag.py
[2024-09-11T13:45:18.791+0000] {processor.py:914} INFO - Processing file /home/airflow/.local/lib/python3.12/site-packages/airflow/example_dags/tutorial_dag.py for tasks to queue
[2024-09-11T13:45:18.794+0000] {logging_mixin.py:190} INFO - [2024-09-11T13:45:18.794+0000] {dagbag.py:587} INFO - Filling up the DagBag from /home/airflow/.local/lib/python3.12/site-packages/airflow/example_dags/tutorial_dag.py
[2024-09-11T13:45:18.802+0000] {processor.py:925} INFO - DAG(s) 'tutorial_dag' retrieved from /home/airflow/.local/lib/python3.12/site-packages/airflow/example_dags/tutorial_dag.py
[2024-09-11T13:45:18.828+0000] {logging_mixin.py:190} INFO - [2024-09-11T13:45:18.827+0000] {dag.py:3229} INFO - Sync 1 DAGs
[2024-09-11T13:45:18.846+0000] {logging_mixin.py:190} INFO - [2024-09-11T13:45:18.845+0000] {dag.py:4156} INFO - Setting next_dagrun for tutorial_dag to None, run_after=None
[2024-09-11T13:45:18.871+0000] {processor.py:208} INFO - Processing /home/airflow/.local/lib/python3.12/site-packages/airflow/example_dags/tutorial_dag.py took 0.088 seconds
[2024-09-11T13:45:49.498+0000] {processor.py:186} INFO - Started process (PID=1374) to work on /home/airflow/.local/lib/python3.12/site-packages/airflow/example_dags/tutorial_dag.py
[2024-09-11T13:45:49.499+0000] {processor.py:914} INFO - Processing file /home/airflow/.local/lib/python3.12/site-packages/airflow/example_dags/tutorial_dag.py for tasks to queue
[2024-09-11T13:45:49.502+0000] {logging_mixin.py:190} INFO - [2024-09-11T13:45:49.502+0000] {dagbag.py:587} INFO - Filling up the DagBag from /home/airflow/.local/lib/python3.12/site-packages/airflow/example_dags/tutorial_dag.py
[2024-09-11T13:45:49.511+0000] {processor.py:925} INFO - DAG(s) 'tutorial_dag' retrieved from /home/airflow/.local/lib/python3.12/site-packages/airflow/example_dags/tutorial_dag.py
[2024-09-11T13:45:49.536+0000] {logging_mixin.py:190} INFO - [2024-09-11T13:45:49.535+0000] {dag.py:3229} INFO - Sync 1 DAGs
[2024-09-11T13:45:49.559+0000] {logging_mixin.py:190} INFO - [2024-09-11T13:45:49.559+0000] {dag.py:4156} INFO - Setting next_dagrun for tutorial_dag to None, run_after=None
[2024-09-11T13:45:49.585+0000] {processor.py:208} INFO - Processing /home/airflow/.local/lib/python3.12/site-packages/airflow/example_dags/tutorial_dag.py took 0.095 seconds
[2024-09-11T13:46:20.227+0000] {processor.py:186} INFO - Started process (PID=1436) to work on /home/airflow/.local/lib/python3.12/site-packages/airflow/example_dags/tutorial_dag.py
[2024-09-11T13:46:20.229+0000] {processor.py:914} INFO - Processing file /home/airflow/.local/lib/python3.12/site-packages/airflow/example_dags/tutorial_dag.py for tasks to queue
[2024-09-11T13:46:20.232+0000] {logging_mixin.py:190} INFO - [2024-09-11T13:46:20.232+0000] {dagbag.py:587} INFO - Filling up the DagBag from /home/airflow/.local/lib/python3.12/site-packages/airflow/example_dags/tutorial_dag.py
[2024-09-11T13:46:20.239+0000] {processor.py:925} INFO - DAG(s) 'tutorial_dag' retrieved from /home/airflow/.local/lib/python3.12/site-packages/airflow/example_dags/tutorial_dag.py
[2024-09-11T13:46:20.261+0000] {logging_mixin.py:190} INFO - [2024-09-11T13:46:20.261+0000] {dag.py:3229} INFO - Sync 1 DAGs
[2024-09-11T13:46:20.277+0000] {logging_mixin.py:190} INFO - [2024-09-11T13:46:20.277+0000] {dag.py:4156} INFO - Setting next_dagrun for tutorial_dag to None, run_after=None
[2024-09-11T13:46:20.299+0000] {processor.py:208} INFO - Processing /home/airflow/.local/lib/python3.12/site-packages/airflow/example_dags/tutorial_dag.py took 0.078 seconds
[2024-09-11T13:46:50.822+0000] {processor.py:186} INFO - Started process (PID=1498) to work on /home/airflow/.local/lib/python3.12/site-packages/airflow/example_dags/tutorial_dag.py
[2024-09-11T13:46:50.823+0000] {processor.py:914} INFO - Processing file /home/airflow/.local/lib/python3.12/site-packages/airflow/example_dags/tutorial_dag.py for tasks to queue
[2024-09-11T13:46:50.826+0000] {logging_mixin.py:190} INFO - [2024-09-11T13:46:50.826+0000] {dagbag.py:587} INFO - Filling up the DagBag from /home/airflow/.local/lib/python3.12/site-packages/airflow/example_dags/tutorial_dag.py
[2024-09-11T13:46:50.833+0000] {processor.py:925} INFO - DAG(s) 'tutorial_dag' retrieved from /home/airflow/.local/lib/python3.12/site-packages/airflow/example_dags/tutorial_dag.py
[2024-09-11T13:46:50.854+0000] {logging_mixin.py:190} INFO - [2024-09-11T13:46:50.854+0000] {dag.py:3229} INFO - Sync 1 DAGs
[2024-09-11T13:46:50.870+0000] {logging_mixin.py:190} INFO - [2024-09-11T13:46:50.870+0000] {dag.py:4156} INFO - Setting next_dagrun for tutorial_dag to None, run_after=None
[2024-09-11T13:46:50.893+0000] {processor.py:208} INFO - Processing /home/airflow/.local/lib/python3.12/site-packages/airflow/example_dags/tutorial_dag.py took 0.077 seconds
[2024-09-11T13:47:21.220+0000] {processor.py:186} INFO - Started process (PID=1560) to work on /home/airflow/.local/lib/python3.12/site-packages/airflow/example_dags/tutorial_dag.py
[2024-09-11T13:47:21.221+0000] {processor.py:914} INFO - Processing file /home/airflow/.local/lib/python3.12/site-packages/airflow/example_dags/tutorial_dag.py for tasks to queue
[2024-09-11T13:47:21.225+0000] {logging_mixin.py:190} INFO - [2024-09-11T13:47:21.224+0000] {dagbag.py:587} INFO - Filling up the DagBag from /home/airflow/.local/lib/python3.12/site-packages/airflow/example_dags/tutorial_dag.py
[2024-09-11T13:47:21.232+0000] {processor.py:925} INFO - DAG(s) 'tutorial_dag' retrieved from /home/airflow/.local/lib/python3.12/site-packages/airflow/example_dags/tutorial_dag.py
[2024-09-11T13:47:21.253+0000] {logging_mixin.py:190} INFO - [2024-09-11T13:47:21.253+0000] {dag.py:3229} INFO - Sync 1 DAGs
[2024-09-11T13:47:21.270+0000] {logging_mixin.py:190} INFO - [2024-09-11T13:47:21.269+0000] {dag.py:4156} INFO - Setting next_dagrun for tutorial_dag to None, run_after=None
[2024-09-11T13:47:21.291+0000] {processor.py:208} INFO - Processing /home/airflow/.local/lib/python3.12/site-packages/airflow/example_dags/tutorial_dag.py took 0.078 seconds
[2024-09-11T13:47:52.161+0000] {processor.py:186} INFO - Started process (PID=1628) to work on /home/airflow/.local/lib/python3.12/site-packages/airflow/example_dags/tutorial_dag.py
[2024-09-11T13:47:52.162+0000] {processor.py:914} INFO - Processing file /home/airflow/.local/lib/python3.12/site-packages/airflow/example_dags/tutorial_dag.py for tasks to queue
[2024-09-11T13:47:52.166+0000] {logging_mixin.py:190} INFO - [2024-09-11T13:47:52.165+0000] {dagbag.py:587} INFO - Filling up the DagBag from /home/airflow/.local/lib/python3.12/site-packages/airflow/example_dags/tutorial_dag.py
[2024-09-11T13:47:52.174+0000] {processor.py:925} INFO - DAG(s) 'tutorial_dag' retrieved from /home/airflow/.local/lib/python3.12/site-packages/airflow/example_dags/tutorial_dag.py
[2024-09-11T13:47:52.197+0000] {logging_mixin.py:190} INFO - [2024-09-11T13:47:52.196+0000] {dag.py:3229} INFO - Sync 1 DAGs
[2024-09-11T13:47:52.215+0000] {logging_mixin.py:190} INFO - [2024-09-11T13:47:52.215+0000] {dag.py:4156} INFO - Setting next_dagrun for tutorial_dag to None, run_after=None
[2024-09-11T13:47:52.238+0000] {processor.py:208} INFO - Processing /home/airflow/.local/lib/python3.12/site-packages/airflow/example_dags/tutorial_dag.py took 0.085 seconds
[2024-09-11T13:48:22.708+0000] {processor.py:186} INFO - Started process (PID=1690) to work on /home/airflow/.local/lib/python3.12/site-packages/airflow/example_dags/tutorial_dag.py
[2024-09-11T13:48:22.710+0000] {processor.py:914} INFO - Processing file /home/airflow/.local/lib/python3.12/site-packages/airflow/example_dags/tutorial_dag.py for tasks to queue
[2024-09-11T13:48:22.712+0000] {logging_mixin.py:190} INFO - [2024-09-11T13:48:22.712+0000] {dagbag.py:587} INFO - Filling up the DagBag from /home/airflow/.local/lib/python3.12/site-packages/airflow/example_dags/tutorial_dag.py
[2024-09-11T13:48:22.723+0000] {processor.py:925} INFO - DAG(s) 'tutorial_dag' retrieved from /home/airflow/.local/lib/python3.12/site-packages/airflow/example_dags/tutorial_dag.py
[2024-09-11T13:48:22.747+0000] {logging_mixin.py:190} INFO - [2024-09-11T13:48:22.747+0000] {dag.py:3229} INFO - Sync 1 DAGs
[2024-09-11T13:48:22.763+0000] {logging_mixin.py:190} INFO - [2024-09-11T13:48:22.763+0000] {dag.py:4156} INFO - Setting next_dagrun for tutorial_dag to None, run_after=None
[2024-09-11T13:48:22.783+0000] {processor.py:208} INFO - Processing /home/airflow/.local/lib/python3.12/site-packages/airflow/example_dags/tutorial_dag.py took 0.082 seconds
[2024-09-11T13:48:53.015+0000] {processor.py:186} INFO - Started process (PID=1752) to work on /home/airflow/.local/lib/python3.12/site-packages/airflow/example_dags/tutorial_dag.py
[2024-09-11T13:48:53.017+0000] {processor.py:914} INFO - Processing file /home/airflow/.local/lib/python3.12/site-packages/airflow/example_dags/tutorial_dag.py for tasks to queue
[2024-09-11T13:48:53.020+0000] {logging_mixin.py:190} INFO - [2024-09-11T13:48:53.019+0000] {dagbag.py:587} INFO - Filling up the DagBag from /home/airflow/.local/lib/python3.12/site-packages/airflow/example_dags/tutorial_dag.py
[2024-09-11T13:48:53.029+0000] {processor.py:925} INFO - DAG(s) 'tutorial_dag' retrieved from /home/airflow/.local/lib/python3.12/site-packages/airflow/example_dags/tutorial_dag.py
[2024-09-11T13:48:53.049+0000] {logging_mixin.py:190} INFO - [2024-09-11T13:48:53.048+0000] {dag.py:3229} INFO - Sync 1 DAGs
[2024-09-11T13:48:53.064+0000] {logging_mixin.py:190} INFO - [2024-09-11T13:48:53.063+0000] {dag.py:4156} INFO - Setting next_dagrun for tutorial_dag to None, run_after=None
[2024-09-11T13:48:53.084+0000] {processor.py:208} INFO - Processing /home/airflow/.local/lib/python3.12/site-packages/airflow/example_dags/tutorial_dag.py took 0.076 seconds
[2024-09-11T13:49:23.168+0000] {processor.py:186} INFO - Started process (PID=1813) to work on /home/airflow/.local/lib/python3.12/site-packages/airflow/example_dags/tutorial_dag.py
[2024-09-11T13:49:23.169+0000] {processor.py:914} INFO - Processing file /home/airflow/.local/lib/python3.12/site-packages/airflow/example_dags/tutorial_dag.py for tasks to queue
[2024-09-11T13:49:23.172+0000] {logging_mixin.py:190} INFO - [2024-09-11T13:49:23.171+0000] {dagbag.py:587} INFO - Filling up the DagBag from /home/airflow/.local/lib/python3.12/site-packages/airflow/example_dags/tutorial_dag.py
[2024-09-11T13:49:23.179+0000] {processor.py:925} INFO - DAG(s) 'tutorial_dag' retrieved from /home/airflow/.local/lib/python3.12/site-packages/airflow/example_dags/tutorial_dag.py
[2024-09-11T13:49:23.201+0000] {logging_mixin.py:190} INFO - [2024-09-11T13:49:23.201+0000] {dag.py:3229} INFO - Sync 1 DAGs
[2024-09-11T13:49:23.216+0000] {logging_mixin.py:190} INFO - [2024-09-11T13:49:23.216+0000] {dag.py:4156} INFO - Setting next_dagrun for tutorial_dag to None, run_after=None
[2024-09-11T13:49:23.235+0000] {processor.py:208} INFO - Processing /home/airflow/.local/lib/python3.12/site-packages/airflow/example_dags/tutorial_dag.py took 0.074 seconds
[2024-09-11T13:49:53.999+0000] {processor.py:186} INFO - Started process (PID=1876) to work on /home/airflow/.local/lib/python3.12/site-packages/airflow/example_dags/tutorial_dag.py
[2024-09-11T13:49:54.000+0000] {processor.py:914} INFO - Processing file /home/airflow/.local/lib/python3.12/site-packages/airflow/example_dags/tutorial_dag.py for tasks to queue
[2024-09-11T13:49:54.003+0000] {logging_mixin.py:190} INFO - [2024-09-11T13:49:54.003+0000] {dagbag.py:587} INFO - Filling up the DagBag from /home/airflow/.local/lib/python3.12/site-packages/airflow/example_dags/tutorial_dag.py
[2024-09-11T13:49:54.011+0000] {processor.py:925} INFO - DAG(s) 'tutorial_dag' retrieved from /home/airflow/.local/lib/python3.12/site-packages/airflow/example_dags/tutorial_dag.py
[2024-09-11T13:49:54.033+0000] {logging_mixin.py:190} INFO - [2024-09-11T13:49:54.033+0000] {dag.py:3229} INFO - Sync 1 DAGs
[2024-09-11T13:49:54.049+0000] {logging_mixin.py:190} INFO - [2024-09-11T13:49:54.048+0000] {dag.py:4156} INFO - Setting next_dagrun for tutorial_dag to None, run_after=None
[2024-09-11T13:49:54.069+0000] {processor.py:208} INFO - Processing /home/airflow/.local/lib/python3.12/site-packages/airflow/example_dags/tutorial_dag.py took 0.076 seconds
[2024-09-11T13:50:24.209+0000] {processor.py:186} INFO - Started process (PID=1938) to work on /home/airflow/.local/lib/python3.12/site-packages/airflow/example_dags/tutorial_dag.py
[2024-09-11T13:50:24.210+0000] {processor.py:914} INFO - Processing file /home/airflow/.local/lib/python3.12/site-packages/airflow/example_dags/tutorial_dag.py for tasks to queue
[2024-09-11T13:50:24.212+0000] {logging_mixin.py:190} INFO - [2024-09-11T13:50:24.212+0000] {dagbag.py:587} INFO - Filling up the DagBag from /home/airflow/.local/lib/python3.12/site-packages/airflow/example_dags/tutorial_dag.py
[2024-09-11T13:50:24.220+0000] {processor.py:925} INFO - DAG(s) 'tutorial_dag' retrieved from /home/airflow/.local/lib/python3.12/site-packages/airflow/example_dags/tutorial_dag.py
[2024-09-11T13:50:24.242+0000] {logging_mixin.py:190} INFO - [2024-09-11T13:50:24.241+0000] {dag.py:3229} INFO - Sync 1 DAGs
[2024-09-11T13:50:24.257+0000] {logging_mixin.py:190} INFO - [2024-09-11T13:50:24.257+0000] {dag.py:4156} INFO - Setting next_dagrun for tutorial_dag to None, run_after=None
[2024-09-11T13:50:24.278+0000] {processor.py:208} INFO - Processing /home/airflow/.local/lib/python3.12/site-packages/airflow/example_dags/tutorial_dag.py took 0.077 seconds
[2024-09-11T13:50:54.493+0000] {processor.py:186} INFO - Started process (PID=2000) to work on /home/airflow/.local/lib/python3.12/site-packages/airflow/example_dags/tutorial_dag.py
[2024-09-11T13:50:54.494+0000] {processor.py:914} INFO - Processing file /home/airflow/.local/lib/python3.12/site-packages/airflow/example_dags/tutorial_dag.py for tasks to queue
[2024-09-11T13:50:54.497+0000] {logging_mixin.py:190} INFO - [2024-09-11T13:50:54.497+0000] {dagbag.py:587} INFO - Filling up the DagBag from /home/airflow/.local/lib/python3.12/site-packages/airflow/example_dags/tutorial_dag.py
[2024-09-11T13:50:54.505+0000] {processor.py:925} INFO - DAG(s) 'tutorial_dag' retrieved from /home/airflow/.local/lib/python3.12/site-packages/airflow/example_dags/tutorial_dag.py
[2024-09-11T13:50:54.526+0000] {logging_mixin.py:190} INFO - [2024-09-11T13:50:54.526+0000] {dag.py:3229} INFO - Sync 1 DAGs
[2024-09-11T13:50:54.542+0000] {logging_mixin.py:190} INFO - [2024-09-11T13:50:54.542+0000] {dag.py:4156} INFO - Setting next_dagrun for tutorial_dag to None, run_after=None
[2024-09-11T13:50:54.563+0000] {processor.py:208} INFO - Processing /home/airflow/.local/lib/python3.12/site-packages/airflow/example_dags/tutorial_dag.py took 0.076 seconds
[2024-09-11T13:51:26.277+0000] {processor.py:186} INFO - Started process (PID=2057) to work on /home/airflow/.local/lib/python3.12/site-packages/airflow/example_dags/tutorial_dag.py
[2024-09-11T13:51:26.279+0000] {processor.py:914} INFO - Processing file /home/airflow/.local/lib/python3.12/site-packages/airflow/example_dags/tutorial_dag.py for tasks to queue
[2024-09-11T13:51:26.283+0000] {logging_mixin.py:190} INFO - [2024-09-11T13:51:26.282+0000] {dagbag.py:587} INFO - Filling up the DagBag from /home/airflow/.local/lib/python3.12/site-packages/airflow/example_dags/tutorial_dag.py
[2024-09-11T13:51:26.295+0000] {processor.py:925} INFO - DAG(s) 'tutorial_dag' retrieved from /home/airflow/.local/lib/python3.12/site-packages/airflow/example_dags/tutorial_dag.py
[2024-09-11T13:51:26.326+0000] {logging_mixin.py:190} INFO - [2024-09-11T13:51:26.325+0000] {dag.py:3229} INFO - Sync 1 DAGs
[2024-09-11T13:51:26.353+0000] {logging_mixin.py:190} INFO - [2024-09-11T13:51:26.352+0000] {dag.py:4156} INFO - Setting next_dagrun for tutorial_dag to None, run_after=None
[2024-09-11T13:51:26.382+0000] {processor.py:208} INFO - Processing /home/airflow/.local/lib/python3.12/site-packages/airflow/example_dags/tutorial_dag.py took 0.121 seconds
[2024-09-11T13:51:56.730+0000] {processor.py:186} INFO - Started process (PID=2118) to work on /home/airflow/.local/lib/python3.12/site-packages/airflow/example_dags/tutorial_dag.py
[2024-09-11T13:51:56.731+0000] {processor.py:914} INFO - Processing file /home/airflow/.local/lib/python3.12/site-packages/airflow/example_dags/tutorial_dag.py for tasks to queue
[2024-09-11T13:51:56.734+0000] {logging_mixin.py:190} INFO - [2024-09-11T13:51:56.733+0000] {dagbag.py:587} INFO - Filling up the DagBag from /home/airflow/.local/lib/python3.12/site-packages/airflow/example_dags/tutorial_dag.py
[2024-09-11T13:51:56.744+0000] {processor.py:925} INFO - DAG(s) 'tutorial_dag' retrieved from /home/airflow/.local/lib/python3.12/site-packages/airflow/example_dags/tutorial_dag.py
[2024-09-11T13:51:56.767+0000] {logging_mixin.py:190} INFO - [2024-09-11T13:51:56.767+0000] {dag.py:3229} INFO - Sync 1 DAGs
[2024-09-11T13:51:56.788+0000] {logging_mixin.py:190} INFO - [2024-09-11T13:51:56.787+0000] {dag.py:4156} INFO - Setting next_dagrun for tutorial_dag to None, run_after=None
[2024-09-11T13:51:56.821+0000] {processor.py:208} INFO - Processing /home/airflow/.local/lib/python3.12/site-packages/airflow/example_dags/tutorial_dag.py took 0.099 seconds
[2024-09-11T13:52:28.144+0000] {processor.py:186} INFO - Started process (PID=2181) to work on /home/airflow/.local/lib/python3.12/site-packages/airflow/example_dags/tutorial_dag.py
[2024-09-11T13:52:28.145+0000] {processor.py:914} INFO - Processing file /home/airflow/.local/lib/python3.12/site-packages/airflow/example_dags/tutorial_dag.py for tasks to queue
[2024-09-11T13:52:28.148+0000] {logging_mixin.py:190} INFO - [2024-09-11T13:52:28.147+0000] {dagbag.py:587} INFO - Filling up the DagBag from /home/airflow/.local/lib/python3.12/site-packages/airflow/example_dags/tutorial_dag.py
[2024-09-11T13:52:28.160+0000] {processor.py:925} INFO - DAG(s) 'tutorial_dag' retrieved from /home/airflow/.local/lib/python3.12/site-packages/airflow/example_dags/tutorial_dag.py
[2024-09-11T13:52:28.188+0000] {logging_mixin.py:190} INFO - [2024-09-11T13:52:28.188+0000] {dag.py:3229} INFO - Sync 1 DAGs
[2024-09-11T13:52:28.211+0000] {logging_mixin.py:190} INFO - [2024-09-11T13:52:28.211+0000] {dag.py:4156} INFO - Setting next_dagrun for tutorial_dag to None, run_after=None
[2024-09-11T13:52:28.239+0000] {processor.py:208} INFO - Processing /home/airflow/.local/lib/python3.12/site-packages/airflow/example_dags/tutorial_dag.py took 0.105 seconds
[2024-09-11T13:52:59.664+0000] {processor.py:186} INFO - Started process (PID=2242) to work on /home/airflow/.local/lib/python3.12/site-packages/airflow/example_dags/tutorial_dag.py
[2024-09-11T13:52:59.665+0000] {processor.py:914} INFO - Processing file /home/airflow/.local/lib/python3.12/site-packages/airflow/example_dags/tutorial_dag.py for tasks to queue
[2024-09-11T13:52:59.668+0000] {logging_mixin.py:190} INFO - [2024-09-11T13:52:59.668+0000] {dagbag.py:587} INFO - Filling up the DagBag from /home/airflow/.local/lib/python3.12/site-packages/airflow/example_dags/tutorial_dag.py
[2024-09-11T13:52:59.677+0000] {processor.py:925} INFO - DAG(s) 'tutorial_dag' retrieved from /home/airflow/.local/lib/python3.12/site-packages/airflow/example_dags/tutorial_dag.py
[2024-09-11T13:52:59.705+0000] {logging_mixin.py:190} INFO - [2024-09-11T13:52:59.705+0000] {dag.py:3229} INFO - Sync 1 DAGs
[2024-09-11T13:52:59.729+0000] {logging_mixin.py:190} INFO - [2024-09-11T13:52:59.728+0000] {dag.py:4156} INFO - Setting next_dagrun for tutorial_dag to None, run_after=None
[2024-09-11T13:52:59.751+0000] {processor.py:208} INFO - Processing /home/airflow/.local/lib/python3.12/site-packages/airflow/example_dags/tutorial_dag.py took 0.095 seconds
[2024-09-11T13:53:30.116+0000] {processor.py:186} INFO - Started process (PID=2303) to work on /home/airflow/.local/lib/python3.12/site-packages/airflow/example_dags/tutorial_dag.py
[2024-09-11T13:53:30.117+0000] {processor.py:914} INFO - Processing file /home/airflow/.local/lib/python3.12/site-packages/airflow/example_dags/tutorial_dag.py for tasks to queue
[2024-09-11T13:53:30.121+0000] {logging_mixin.py:190} INFO - [2024-09-11T13:53:30.120+0000] {dagbag.py:587} INFO - Filling up the DagBag from /home/airflow/.local/lib/python3.12/site-packages/airflow/example_dags/tutorial_dag.py
[2024-09-11T13:53:30.129+0000] {processor.py:925} INFO - DAG(s) 'tutorial_dag' retrieved from /home/airflow/.local/lib/python3.12/site-packages/airflow/example_dags/tutorial_dag.py
[2024-09-11T13:53:30.152+0000] {logging_mixin.py:190} INFO - [2024-09-11T13:53:30.152+0000] {dag.py:3229} INFO - Sync 1 DAGs
[2024-09-11T13:53:30.171+0000] {logging_mixin.py:190} INFO - [2024-09-11T13:53:30.171+0000] {dag.py:4156} INFO - Setting next_dagrun for tutorial_dag to None, run_after=None
[2024-09-11T13:53:30.192+0000] {processor.py:208} INFO - Processing /home/airflow/.local/lib/python3.12/site-packages/airflow/example_dags/tutorial_dag.py took 0.083 seconds
[2024-09-11T13:54:01.196+0000] {processor.py:186} INFO - Started process (PID=2365) to work on /home/airflow/.local/lib/python3.12/site-packages/airflow/example_dags/tutorial_dag.py
[2024-09-11T13:54:01.198+0000] {processor.py:914} INFO - Processing file /home/airflow/.local/lib/python3.12/site-packages/airflow/example_dags/tutorial_dag.py for tasks to queue
[2024-09-11T13:54:01.203+0000] {logging_mixin.py:190} INFO - [2024-09-11T13:54:01.203+0000] {dagbag.py:587} INFO - Filling up the DagBag from /home/airflow/.local/lib/python3.12/site-packages/airflow/example_dags/tutorial_dag.py
[2024-09-11T13:54:01.215+0000] {processor.py:925} INFO - DAG(s) 'tutorial_dag' retrieved from /home/airflow/.local/lib/python3.12/site-packages/airflow/example_dags/tutorial_dag.py
[2024-09-11T13:54:01.240+0000] {logging_mixin.py:190} INFO - [2024-09-11T13:54:01.240+0000] {dag.py:3229} INFO - Sync 1 DAGs
[2024-09-11T13:54:01.264+0000] {logging_mixin.py:190} INFO - [2024-09-11T13:54:01.264+0000] {dag.py:4156} INFO - Setting next_dagrun for tutorial_dag to None, run_after=None
[2024-09-11T13:54:01.289+0000] {processor.py:208} INFO - Processing /home/airflow/.local/lib/python3.12/site-packages/airflow/example_dags/tutorial_dag.py took 0.102 seconds
[2024-09-11T13:54:31.778+0000] {processor.py:186} INFO - Started process (PID=2423) to work on /home/airflow/.local/lib/python3.12/site-packages/airflow/example_dags/tutorial_dag.py
[2024-09-11T13:54:31.780+0000] {processor.py:914} INFO - Processing file /home/airflow/.local/lib/python3.12/site-packages/airflow/example_dags/tutorial_dag.py for tasks to queue
[2024-09-11T13:54:31.783+0000] {logging_mixin.py:190} INFO - [2024-09-11T13:54:31.782+0000] {dagbag.py:587} INFO - Filling up the DagBag from /home/airflow/.local/lib/python3.12/site-packages/airflow/example_dags/tutorial_dag.py
[2024-09-11T13:54:31.791+0000] {processor.py:925} INFO - DAG(s) 'tutorial_dag' retrieved from /home/airflow/.local/lib/python3.12/site-packages/airflow/example_dags/tutorial_dag.py
[2024-09-11T13:54:31.814+0000] {logging_mixin.py:190} INFO - [2024-09-11T13:54:31.814+0000] {dag.py:3229} INFO - Sync 1 DAGs
[2024-09-11T13:54:31.830+0000] {logging_mixin.py:190} INFO - [2024-09-11T13:54:31.830+0000] {dag.py:4156} INFO - Setting next_dagrun for tutorial_dag to None, run_after=None
[2024-09-11T13:54:31.852+0000] {processor.py:208} INFO - Processing /home/airflow/.local/lib/python3.12/site-packages/airflow/example_dags/tutorial_dag.py took 0.080 seconds
[2024-09-11T13:55:02.207+0000] {processor.py:186} INFO - Started process (PID=2485) to work on /home/airflow/.local/lib/python3.12/site-packages/airflow/example_dags/tutorial_dag.py
[2024-09-11T13:55:02.209+0000] {processor.py:914} INFO - Processing file /home/airflow/.local/lib/python3.12/site-packages/airflow/example_dags/tutorial_dag.py for tasks to queue
[2024-09-11T13:55:02.214+0000] {logging_mixin.py:190} INFO - [2024-09-11T13:55:02.213+0000] {dagbag.py:587} INFO - Filling up the DagBag from /home/airflow/.local/lib/python3.12/site-packages/airflow/example_dags/tutorial_dag.py
[2024-09-11T13:55:02.239+0000] {processor.py:925} INFO - DAG(s) 'tutorial_dag' retrieved from /home/airflow/.local/lib/python3.12/site-packages/airflow/example_dags/tutorial_dag.py
[2024-09-11T13:55:02.293+0000] {logging_mixin.py:190} INFO - [2024-09-11T13:55:02.293+0000] {dag.py:3229} INFO - Sync 1 DAGs
[2024-09-11T13:55:02.334+0000] {logging_mixin.py:190} INFO - [2024-09-11T13:55:02.334+0000] {dag.py:4156} INFO - Setting next_dagrun for tutorial_dag to None, run_after=None
[2024-09-11T13:55:02.362+0000] {processor.py:208} INFO - Processing /home/airflow/.local/lib/python3.12/site-packages/airflow/example_dags/tutorial_dag.py took 0.166 seconds
[2024-09-11T13:55:32.620+0000] {processor.py:186} INFO - Started process (PID=2547) to work on /home/airflow/.local/lib/python3.12/site-packages/airflow/example_dags/tutorial_dag.py
[2024-09-11T13:55:32.622+0000] {processor.py:914} INFO - Processing file /home/airflow/.local/lib/python3.12/site-packages/airflow/example_dags/tutorial_dag.py for tasks to queue
[2024-09-11T13:55:32.626+0000] {logging_mixin.py:190} INFO - [2024-09-11T13:55:32.626+0000] {dagbag.py:587} INFO - Filling up the DagBag from /home/airflow/.local/lib/python3.12/site-packages/airflow/example_dags/tutorial_dag.py
[2024-09-11T13:55:32.635+0000] {processor.py:925} INFO - DAG(s) 'tutorial_dag' retrieved from /home/airflow/.local/lib/python3.12/site-packages/airflow/example_dags/tutorial_dag.py
[2024-09-11T13:55:32.669+0000] {logging_mixin.py:190} INFO - [2024-09-11T13:55:32.668+0000] {dag.py:3229} INFO - Sync 1 DAGs
[2024-09-11T13:55:32.690+0000] {logging_mixin.py:190} INFO - [2024-09-11T13:55:32.689+0000] {dag.py:4156} INFO - Setting next_dagrun for tutorial_dag to None, run_after=None
[2024-09-11T13:55:32.720+0000] {processor.py:208} INFO - Processing /home/airflow/.local/lib/python3.12/site-packages/airflow/example_dags/tutorial_dag.py took 0.107 seconds
[2024-09-11T13:56:03.359+0000] {processor.py:186} INFO - Started process (PID=2609) to work on /home/airflow/.local/lib/python3.12/site-packages/airflow/example_dags/tutorial_dag.py
[2024-09-11T13:56:03.360+0000] {processor.py:914} INFO - Processing file /home/airflow/.local/lib/python3.12/site-packages/airflow/example_dags/tutorial_dag.py for tasks to queue
[2024-09-11T13:56:03.365+0000] {logging_mixin.py:190} INFO - [2024-09-11T13:56:03.364+0000] {dagbag.py:587} INFO - Filling up the DagBag from /home/airflow/.local/lib/python3.12/site-packages/airflow/example_dags/tutorial_dag.py
[2024-09-11T13:56:03.374+0000] {processor.py:925} INFO - DAG(s) 'tutorial_dag' retrieved from /home/airflow/.local/lib/python3.12/site-packages/airflow/example_dags/tutorial_dag.py
[2024-09-11T13:56:03.405+0000] {logging_mixin.py:190} INFO - [2024-09-11T13:56:03.405+0000] {dag.py:3229} INFO - Sync 1 DAGs
[2024-09-11T13:56:03.426+0000] {logging_mixin.py:190} INFO - [2024-09-11T13:56:03.425+0000] {dag.py:4156} INFO - Setting next_dagrun for tutorial_dag to None, run_after=None
[2024-09-11T13:56:03.459+0000] {processor.py:208} INFO - Processing /home/airflow/.local/lib/python3.12/site-packages/airflow/example_dags/tutorial_dag.py took 0.108 seconds
[2024-09-11T13:56:34.038+0000] {processor.py:186} INFO - Started process (PID=2670) to work on /home/airflow/.local/lib/python3.12/site-packages/airflow/example_dags/tutorial_dag.py
[2024-09-11T13:56:34.040+0000] {processor.py:914} INFO - Processing file /home/airflow/.local/lib/python3.12/site-packages/airflow/example_dags/tutorial_dag.py for tasks to queue
[2024-09-11T13:56:34.045+0000] {logging_mixin.py:190} INFO - [2024-09-11T13:56:34.044+0000] {dagbag.py:587} INFO - Filling up the DagBag from /home/airflow/.local/lib/python3.12/site-packages/airflow/example_dags/tutorial_dag.py
[2024-09-11T13:56:34.057+0000] {processor.py:925} INFO - DAG(s) 'tutorial_dag' retrieved from /home/airflow/.local/lib/python3.12/site-packages/airflow/example_dags/tutorial_dag.py
[2024-09-11T13:56:34.095+0000] {logging_mixin.py:190} INFO - [2024-09-11T13:56:34.094+0000] {dag.py:3229} INFO - Sync 1 DAGs
[2024-09-11T13:56:34.144+0000] {logging_mixin.py:190} INFO - [2024-09-11T13:56:34.144+0000] {dag.py:4156} INFO - Setting next_dagrun for tutorial_dag to None, run_after=None
[2024-09-11T13:56:34.178+0000] {processor.py:208} INFO - Processing /home/airflow/.local/lib/python3.12/site-packages/airflow/example_dags/tutorial_dag.py took 0.151 seconds
[2024-09-11T13:57:04.610+0000] {processor.py:186} INFO - Started process (PID=2732) to work on /home/airflow/.local/lib/python3.12/site-packages/airflow/example_dags/tutorial_dag.py
[2024-09-11T13:57:04.611+0000] {processor.py:914} INFO - Processing file /home/airflow/.local/lib/python3.12/site-packages/airflow/example_dags/tutorial_dag.py for tasks to queue
[2024-09-11T13:57:04.615+0000] {logging_mixin.py:190} INFO - [2024-09-11T13:57:04.614+0000] {dagbag.py:587} INFO - Filling up the DagBag from /home/airflow/.local/lib/python3.12/site-packages/airflow/example_dags/tutorial_dag.py
[2024-09-11T13:57:04.624+0000] {processor.py:925} INFO - DAG(s) 'tutorial_dag' retrieved from /home/airflow/.local/lib/python3.12/site-packages/airflow/example_dags/tutorial_dag.py
[2024-09-11T13:57:04.647+0000] {logging_mixin.py:190} INFO - [2024-09-11T13:57:04.646+0000] {dag.py:3229} INFO - Sync 1 DAGs
[2024-09-11T13:57:04.667+0000] {logging_mixin.py:190} INFO - [2024-09-11T13:57:04.666+0000] {dag.py:4156} INFO - Setting next_dagrun for tutorial_dag to None, run_after=None
[2024-09-11T13:57:04.694+0000] {processor.py:208} INFO - Processing /home/airflow/.local/lib/python3.12/site-packages/airflow/example_dags/tutorial_dag.py took 0.092 seconds
[2024-09-11T13:57:34.854+0000] {processor.py:186} INFO - Started process (PID=2791) to work on /home/airflow/.local/lib/python3.12/site-packages/airflow/example_dags/tutorial_dag.py
[2024-09-11T13:57:34.855+0000] {processor.py:914} INFO - Processing file /home/airflow/.local/lib/python3.12/site-packages/airflow/example_dags/tutorial_dag.py for tasks to queue
[2024-09-11T13:57:34.858+0000] {logging_mixin.py:190} INFO - [2024-09-11T13:57:34.857+0000] {dagbag.py:587} INFO - Filling up the DagBag from /home/airflow/.local/lib/python3.12/site-packages/airflow/example_dags/tutorial_dag.py
[2024-09-11T13:57:34.865+0000] {processor.py:925} INFO - DAG(s) 'tutorial_dag' retrieved from /home/airflow/.local/lib/python3.12/site-packages/airflow/example_dags/tutorial_dag.py
[2024-09-11T13:57:34.888+0000] {logging_mixin.py:190} INFO - [2024-09-11T13:57:34.888+0000] {dag.py:3229} INFO - Sync 1 DAGs
[2024-09-11T13:57:34.904+0000] {logging_mixin.py:190} INFO - [2024-09-11T13:57:34.904+0000] {dag.py:4156} INFO - Setting next_dagrun for tutorial_dag to None, run_after=None
[2024-09-11T13:57:34.925+0000] {processor.py:208} INFO - Processing /home/airflow/.local/lib/python3.12/site-packages/airflow/example_dags/tutorial_dag.py took 0.079 seconds
[2024-09-11T13:58:05.731+0000] {processor.py:186} INFO - Started process (PID=2854) to work on /home/airflow/.local/lib/python3.12/site-packages/airflow/example_dags/tutorial_dag.py
[2024-09-11T13:58:05.733+0000] {processor.py:914} INFO - Processing file /home/airflow/.local/lib/python3.12/site-packages/airflow/example_dags/tutorial_dag.py for tasks to queue
[2024-09-11T13:58:05.735+0000] {logging_mixin.py:190} INFO - [2024-09-11T13:58:05.735+0000] {dagbag.py:587} INFO - Filling up the DagBag from /home/airflow/.local/lib/python3.12/site-packages/airflow/example_dags/tutorial_dag.py
[2024-09-11T13:58:05.744+0000] {processor.py:925} INFO - DAG(s) 'tutorial_dag' retrieved from /home/airflow/.local/lib/python3.12/site-packages/airflow/example_dags/tutorial_dag.py
[2024-09-11T13:58:05.771+0000] {logging_mixin.py:190} INFO - [2024-09-11T13:58:05.771+0000] {dag.py:3229} INFO - Sync 1 DAGs
[2024-09-11T13:58:05.797+0000] {logging_mixin.py:190} INFO - [2024-09-11T13:58:05.797+0000] {dag.py:4156} INFO - Setting next_dagrun for tutorial_dag to None, run_after=None
[2024-09-11T13:58:05.864+0000] {processor.py:208} INFO - Processing /home/airflow/.local/lib/python3.12/site-packages/airflow/example_dags/tutorial_dag.py took 0.143 seconds
[2024-09-11T13:58:36.638+0000] {processor.py:186} INFO - Started process (PID=2916) to work on /home/airflow/.local/lib/python3.12/site-packages/airflow/example_dags/tutorial_dag.py
[2024-09-11T13:58:36.640+0000] {processor.py:914} INFO - Processing file /home/airflow/.local/lib/python3.12/site-packages/airflow/example_dags/tutorial_dag.py for tasks to queue
[2024-09-11T13:58:36.644+0000] {logging_mixin.py:190} INFO - [2024-09-11T13:58:36.644+0000] {dagbag.py:587} INFO - Filling up the DagBag from /home/airflow/.local/lib/python3.12/site-packages/airflow/example_dags/tutorial_dag.py
[2024-09-11T13:58:36.656+0000] {processor.py:925} INFO - DAG(s) 'tutorial_dag' retrieved from /home/airflow/.local/lib/python3.12/site-packages/airflow/example_dags/tutorial_dag.py
[2024-09-11T13:58:36.683+0000] {logging_mixin.py:190} INFO - [2024-09-11T13:58:36.683+0000] {dag.py:3229} INFO - Sync 1 DAGs
[2024-09-11T13:58:36.707+0000] {logging_mixin.py:190} INFO - [2024-09-11T13:58:36.706+0000] {dag.py:4156} INFO - Setting next_dagrun for tutorial_dag to None, run_after=None
[2024-09-11T13:58:36.734+0000] {processor.py:208} INFO - Processing /home/airflow/.local/lib/python3.12/site-packages/airflow/example_dags/tutorial_dag.py took 0.106 seconds
[2024-09-11T13:59:06.888+0000] {processor.py:186} INFO - Started process (PID=2977) to work on /home/airflow/.local/lib/python3.12/site-packages/airflow/example_dags/tutorial_dag.py
[2024-09-11T13:59:06.890+0000] {processor.py:914} INFO - Processing file /home/airflow/.local/lib/python3.12/site-packages/airflow/example_dags/tutorial_dag.py for tasks to queue
[2024-09-11T13:59:06.894+0000] {logging_mixin.py:190} INFO - [2024-09-11T13:59:06.893+0000] {dagbag.py:587} INFO - Filling up the DagBag from /home/airflow/.local/lib/python3.12/site-packages/airflow/example_dags/tutorial_dag.py
[2024-09-11T13:59:06.904+0000] {processor.py:925} INFO - DAG(s) 'tutorial_dag' retrieved from /home/airflow/.local/lib/python3.12/site-packages/airflow/example_dags/tutorial_dag.py
[2024-09-11T13:59:06.930+0000] {logging_mixin.py:190} INFO - [2024-09-11T13:59:06.930+0000] {dag.py:3229} INFO - Sync 1 DAGs
[2024-09-11T13:59:06.954+0000] {logging_mixin.py:190} INFO - [2024-09-11T13:59:06.954+0000] {dag.py:4156} INFO - Setting next_dagrun for tutorial_dag to None, run_after=None
[2024-09-11T13:59:06.995+0000] {processor.py:208} INFO - Processing /home/airflow/.local/lib/python3.12/site-packages/airflow/example_dags/tutorial_dag.py took 0.120 seconds
[2024-09-11T13:59:37.347+0000] {processor.py:186} INFO - Started process (PID=3040) to work on /home/airflow/.local/lib/python3.12/site-packages/airflow/example_dags/tutorial_dag.py
[2024-09-11T13:59:37.348+0000] {processor.py:914} INFO - Processing file /home/airflow/.local/lib/python3.12/site-packages/airflow/example_dags/tutorial_dag.py for tasks to queue
[2024-09-11T13:59:37.351+0000] {logging_mixin.py:190} INFO - [2024-09-11T13:59:37.350+0000] {dagbag.py:587} INFO - Filling up the DagBag from /home/airflow/.local/lib/python3.12/site-packages/airflow/example_dags/tutorial_dag.py
[2024-09-11T13:59:37.359+0000] {processor.py:925} INFO - DAG(s) 'tutorial_dag' retrieved from /home/airflow/.local/lib/python3.12/site-packages/airflow/example_dags/tutorial_dag.py
[2024-09-11T13:59:37.381+0000] {logging_mixin.py:190} INFO - [2024-09-11T13:59:37.381+0000] {dag.py:3229} INFO - Sync 1 DAGs
[2024-09-11T13:59:37.396+0000] {logging_mixin.py:190} INFO - [2024-09-11T13:59:37.396+0000] {dag.py:4156} INFO - Setting next_dagrun for tutorial_dag to None, run_after=None
[2024-09-11T13:59:37.417+0000] {processor.py:208} INFO - Processing /home/airflow/.local/lib/python3.12/site-packages/airflow/example_dags/tutorial_dag.py took 0.077 seconds
[2024-09-11T14:00:07.724+0000] {processor.py:186} INFO - Started process (PID=3102) to work on /home/airflow/.local/lib/python3.12/site-packages/airflow/example_dags/tutorial_dag.py
[2024-09-11T14:00:07.725+0000] {processor.py:914} INFO - Processing file /home/airflow/.local/lib/python3.12/site-packages/airflow/example_dags/tutorial_dag.py for tasks to queue
[2024-09-11T14:00:07.728+0000] {logging_mixin.py:190} INFO - [2024-09-11T14:00:07.728+0000] {dagbag.py:587} INFO - Filling up the DagBag from /home/airflow/.local/lib/python3.12/site-packages/airflow/example_dags/tutorial_dag.py
[2024-09-11T14:00:07.737+0000] {processor.py:925} INFO - DAG(s) 'tutorial_dag' retrieved from /home/airflow/.local/lib/python3.12/site-packages/airflow/example_dags/tutorial_dag.py
[2024-09-11T14:00:07.759+0000] {logging_mixin.py:190} INFO - [2024-09-11T14:00:07.759+0000] {dag.py:3229} INFO - Sync 1 DAGs
[2024-09-11T14:00:07.776+0000] {logging_mixin.py:190} INFO - [2024-09-11T14:00:07.776+0000] {dag.py:4156} INFO - Setting next_dagrun for tutorial_dag to None, run_after=None
[2024-09-11T14:00:07.798+0000] {processor.py:208} INFO - Processing /home/airflow/.local/lib/python3.12/site-packages/airflow/example_dags/tutorial_dag.py took 0.081 seconds
[2024-09-11T14:00:38.741+0000] {processor.py:186} INFO - Started process (PID=3164) to work on /home/airflow/.local/lib/python3.12/site-packages/airflow/example_dags/tutorial_dag.py
[2024-09-11T14:00:38.742+0000] {processor.py:914} INFO - Processing file /home/airflow/.local/lib/python3.12/site-packages/airflow/example_dags/tutorial_dag.py for tasks to queue
[2024-09-11T14:00:38.745+0000] {logging_mixin.py:190} INFO - [2024-09-11T14:00:38.745+0000] {dagbag.py:587} INFO - Filling up the DagBag from /home/airflow/.local/lib/python3.12/site-packages/airflow/example_dags/tutorial_dag.py
[2024-09-11T14:00:38.753+0000] {processor.py:925} INFO - DAG(s) 'tutorial_dag' retrieved from /home/airflow/.local/lib/python3.12/site-packages/airflow/example_dags/tutorial_dag.py
[2024-09-11T14:00:38.772+0000] {logging_mixin.py:190} INFO - [2024-09-11T14:00:38.772+0000] {dag.py:3229} INFO - Sync 1 DAGs
[2024-09-11T14:00:38.788+0000] {logging_mixin.py:190} INFO - [2024-09-11T14:00:38.787+0000] {dag.py:4156} INFO - Setting next_dagrun for tutorial_dag to None, run_after=None
[2024-09-11T14:00:38.808+0000] {processor.py:208} INFO - Processing /home/airflow/.local/lib/python3.12/site-packages/airflow/example_dags/tutorial_dag.py took 0.074 seconds
[2024-09-11T14:01:09.832+0000] {processor.py:186} INFO - Started process (PID=3226) to work on /home/airflow/.local/lib/python3.12/site-packages/airflow/example_dags/tutorial_dag.py
[2024-09-11T14:01:09.834+0000] {processor.py:914} INFO - Processing file /home/airflow/.local/lib/python3.12/site-packages/airflow/example_dags/tutorial_dag.py for tasks to queue
[2024-09-11T14:01:09.837+0000] {logging_mixin.py:190} INFO - [2024-09-11T14:01:09.836+0000] {dagbag.py:587} INFO - Filling up the DagBag from /home/airflow/.local/lib/python3.12/site-packages/airflow/example_dags/tutorial_dag.py
[2024-09-11T14:01:09.846+0000] {processor.py:925} INFO - DAG(s) 'tutorial_dag' retrieved from /home/airflow/.local/lib/python3.12/site-packages/airflow/example_dags/tutorial_dag.py
[2024-09-11T14:01:09.867+0000] {logging_mixin.py:190} INFO - [2024-09-11T14:01:09.866+0000] {dag.py:3229} INFO - Sync 1 DAGs
[2024-09-11T14:01:09.883+0000] {logging_mixin.py:190} INFO - [2024-09-11T14:01:09.882+0000] {dag.py:4156} INFO - Setting next_dagrun for tutorial_dag to None, run_after=None
[2024-09-11T14:01:09.903+0000] {processor.py:208} INFO - Processing /home/airflow/.local/lib/python3.12/site-packages/airflow/example_dags/tutorial_dag.py took 0.079 seconds
[2024-09-11T14:01:40.525+0000] {processor.py:186} INFO - Started process (PID=3288) to work on /home/airflow/.local/lib/python3.12/site-packages/airflow/example_dags/tutorial_dag.py
[2024-09-11T14:01:40.527+0000] {processor.py:914} INFO - Processing file /home/airflow/.local/lib/python3.12/site-packages/airflow/example_dags/tutorial_dag.py for tasks to queue
[2024-09-11T14:01:40.530+0000] {logging_mixin.py:190} INFO - [2024-09-11T14:01:40.530+0000] {dagbag.py:587} INFO - Filling up the DagBag from /home/airflow/.local/lib/python3.12/site-packages/airflow/example_dags/tutorial_dag.py
[2024-09-11T14:01:40.538+0000] {processor.py:925} INFO - DAG(s) 'tutorial_dag' retrieved from /home/airflow/.local/lib/python3.12/site-packages/airflow/example_dags/tutorial_dag.py
[2024-09-11T14:01:40.563+0000] {logging_mixin.py:190} INFO - [2024-09-11T14:01:40.563+0000] {dag.py:3229} INFO - Sync 1 DAGs
[2024-09-11T14:01:40.579+0000] {logging_mixin.py:190} INFO - [2024-09-11T14:01:40.578+0000] {dag.py:4156} INFO - Setting next_dagrun for tutorial_dag to None, run_after=None
[2024-09-11T14:01:40.599+0000] {processor.py:208} INFO - Processing /home/airflow/.local/lib/python3.12/site-packages/airflow/example_dags/tutorial_dag.py took 0.082 seconds
[2024-09-11T14:02:10.672+0000] {processor.py:186} INFO - Started process (PID=3349) to work on /home/airflow/.local/lib/python3.12/site-packages/airflow/example_dags/tutorial_dag.py
[2024-09-11T14:02:10.673+0000] {processor.py:914} INFO - Processing file /home/airflow/.local/lib/python3.12/site-packages/airflow/example_dags/tutorial_dag.py for tasks to queue
[2024-09-11T14:02:10.676+0000] {logging_mixin.py:190} INFO - [2024-09-11T14:02:10.676+0000] {dagbag.py:587} INFO - Filling up the DagBag from /home/airflow/.local/lib/python3.12/site-packages/airflow/example_dags/tutorial_dag.py
[2024-09-11T14:02:10.685+0000] {processor.py:925} INFO - DAG(s) 'tutorial_dag' retrieved from /home/airflow/.local/lib/python3.12/site-packages/airflow/example_dags/tutorial_dag.py
[2024-09-11T14:02:10.707+0000] {logging_mixin.py:190} INFO - [2024-09-11T14:02:10.706+0000] {dag.py:3229} INFO - Sync 1 DAGs
[2024-09-11T14:02:10.723+0000] {logging_mixin.py:190} INFO - [2024-09-11T14:02:10.723+0000] {dag.py:4156} INFO - Setting next_dagrun for tutorial_dag to None, run_after=None
[2024-09-11T14:02:10.744+0000] {processor.py:208} INFO - Processing /home/airflow/.local/lib/python3.12/site-packages/airflow/example_dags/tutorial_dag.py took 0.079 seconds
[2024-09-11T14:02:40.821+0000] {processor.py:186} INFO - Started process (PID=3411) to work on /home/airflow/.local/lib/python3.12/site-packages/airflow/example_dags/tutorial_dag.py
[2024-09-11T14:02:40.822+0000] {processor.py:914} INFO - Processing file /home/airflow/.local/lib/python3.12/site-packages/airflow/example_dags/tutorial_dag.py for tasks to queue
[2024-09-11T14:02:40.825+0000] {logging_mixin.py:190} INFO - [2024-09-11T14:02:40.824+0000] {dagbag.py:587} INFO - Filling up the DagBag from /home/airflow/.local/lib/python3.12/site-packages/airflow/example_dags/tutorial_dag.py
[2024-09-11T14:02:40.833+0000] {processor.py:925} INFO - DAG(s) 'tutorial_dag' retrieved from /home/airflow/.local/lib/python3.12/site-packages/airflow/example_dags/tutorial_dag.py
[2024-09-11T14:02:40.854+0000] {logging_mixin.py:190} INFO - [2024-09-11T14:02:40.854+0000] {dag.py:3229} INFO - Sync 1 DAGs
[2024-09-11T14:02:40.871+0000] {logging_mixin.py:190} INFO - [2024-09-11T14:02:40.871+0000] {dag.py:4156} INFO - Setting next_dagrun for tutorial_dag to None, run_after=None
[2024-09-11T14:02:40.893+0000] {processor.py:208} INFO - Processing /home/airflow/.local/lib/python3.12/site-packages/airflow/example_dags/tutorial_dag.py took 0.079 seconds
[2024-09-11T14:03:11.227+0000] {processor.py:186} INFO - Started process (PID=3472) to work on /home/airflow/.local/lib/python3.12/site-packages/airflow/example_dags/tutorial_dag.py
[2024-09-11T14:03:11.228+0000] {processor.py:914} INFO - Processing file /home/airflow/.local/lib/python3.12/site-packages/airflow/example_dags/tutorial_dag.py for tasks to queue
[2024-09-11T14:03:11.232+0000] {logging_mixin.py:190} INFO - [2024-09-11T14:03:11.231+0000] {dagbag.py:587} INFO - Filling up the DagBag from /home/airflow/.local/lib/python3.12/site-packages/airflow/example_dags/tutorial_dag.py
[2024-09-11T14:03:11.244+0000] {processor.py:925} INFO - DAG(s) 'tutorial_dag' retrieved from /home/airflow/.local/lib/python3.12/site-packages/airflow/example_dags/tutorial_dag.py
[2024-09-11T14:03:11.266+0000] {logging_mixin.py:190} INFO - [2024-09-11T14:03:11.265+0000] {dag.py:3229} INFO - Sync 1 DAGs
[2024-09-11T14:03:11.281+0000] {logging_mixin.py:190} INFO - [2024-09-11T14:03:11.281+0000] {dag.py:4156} INFO - Setting next_dagrun for tutorial_dag to None, run_after=None
[2024-09-11T14:03:11.302+0000] {processor.py:208} INFO - Processing /home/airflow/.local/lib/python3.12/site-packages/airflow/example_dags/tutorial_dag.py took 0.085 seconds
[2024-09-11T14:03:41.475+0000] {processor.py:186} INFO - Started process (PID=3534) to work on /home/airflow/.local/lib/python3.12/site-packages/airflow/example_dags/tutorial_dag.py
[2024-09-11T14:03:41.477+0000] {processor.py:914} INFO - Processing file /home/airflow/.local/lib/python3.12/site-packages/airflow/example_dags/tutorial_dag.py for tasks to queue
[2024-09-11T14:03:41.483+0000] {logging_mixin.py:190} INFO - [2024-09-11T14:03:41.480+0000] {dagbag.py:587} INFO - Filling up the DagBag from /home/airflow/.local/lib/python3.12/site-packages/airflow/example_dags/tutorial_dag.py
[2024-09-11T14:03:41.492+0000] {processor.py:925} INFO - DAG(s) 'tutorial_dag' retrieved from /home/airflow/.local/lib/python3.12/site-packages/airflow/example_dags/tutorial_dag.py
[2024-09-11T14:03:41.514+0000] {logging_mixin.py:190} INFO - [2024-09-11T14:03:41.514+0000] {dag.py:3229} INFO - Sync 1 DAGs
[2024-09-11T14:03:41.531+0000] {logging_mixin.py:190} INFO - [2024-09-11T14:03:41.531+0000] {dag.py:4156} INFO - Setting next_dagrun for tutorial_dag to None, run_after=None
[2024-09-11T14:03:41.550+0000] {processor.py:208} INFO - Processing /home/airflow/.local/lib/python3.12/site-packages/airflow/example_dags/tutorial_dag.py took 0.087 seconds
[2024-09-11T14:04:11.711+0000] {processor.py:186} INFO - Started process (PID=3596) to work on /home/airflow/.local/lib/python3.12/site-packages/airflow/example_dags/tutorial_dag.py
[2024-09-11T14:04:11.712+0000] {processor.py:914} INFO - Processing file /home/airflow/.local/lib/python3.12/site-packages/airflow/example_dags/tutorial_dag.py for tasks to queue
[2024-09-11T14:04:11.715+0000] {logging_mixin.py:190} INFO - [2024-09-11T14:04:11.714+0000] {dagbag.py:587} INFO - Filling up the DagBag from /home/airflow/.local/lib/python3.12/site-packages/airflow/example_dags/tutorial_dag.py
[2024-09-11T14:04:11.722+0000] {processor.py:925} INFO - DAG(s) 'tutorial_dag' retrieved from /home/airflow/.local/lib/python3.12/site-packages/airflow/example_dags/tutorial_dag.py
[2024-09-11T14:04:11.744+0000] {logging_mixin.py:190} INFO - [2024-09-11T14:04:11.743+0000] {dag.py:3229} INFO - Sync 1 DAGs
[2024-09-11T14:04:11.759+0000] {logging_mixin.py:190} INFO - [2024-09-11T14:04:11.759+0000] {dag.py:4156} INFO - Setting next_dagrun for tutorial_dag to None, run_after=None
[2024-09-11T14:04:11.780+0000] {processor.py:208} INFO - Processing /home/airflow/.local/lib/python3.12/site-packages/airflow/example_dags/tutorial_dag.py took 0.076 seconds
[2024-09-11T14:04:42.394+0000] {processor.py:186} INFO - Started process (PID=3658) to work on /home/airflow/.local/lib/python3.12/site-packages/airflow/example_dags/tutorial_dag.py
[2024-09-11T14:04:42.396+0000] {processor.py:914} INFO - Processing file /home/airflow/.local/lib/python3.12/site-packages/airflow/example_dags/tutorial_dag.py for tasks to queue
[2024-09-11T14:04:42.399+0000] {logging_mixin.py:190} INFO - [2024-09-11T14:04:42.398+0000] {dagbag.py:587} INFO - Filling up the DagBag from /home/airflow/.local/lib/python3.12/site-packages/airflow/example_dags/tutorial_dag.py
[2024-09-11T14:04:42.406+0000] {processor.py:925} INFO - DAG(s) 'tutorial_dag' retrieved from /home/airflow/.local/lib/python3.12/site-packages/airflow/example_dags/tutorial_dag.py
[2024-09-11T14:04:42.427+0000] {logging_mixin.py:190} INFO - [2024-09-11T14:04:42.427+0000] {dag.py:3229} INFO - Sync 1 DAGs
[2024-09-11T14:04:42.443+0000] {logging_mixin.py:190} INFO - [2024-09-11T14:04:42.443+0000] {dag.py:4156} INFO - Setting next_dagrun for tutorial_dag to None, run_after=None
[2024-09-11T14:04:42.465+0000] {processor.py:208} INFO - Processing /home/airflow/.local/lib/python3.12/site-packages/airflow/example_dags/tutorial_dag.py took 0.077 seconds
[2024-09-11T14:05:12.844+0000] {processor.py:186} INFO - Started process (PID=3720) to work on /home/airflow/.local/lib/python3.12/site-packages/airflow/example_dags/tutorial_dag.py
[2024-09-11T14:05:12.845+0000] {processor.py:914} INFO - Processing file /home/airflow/.local/lib/python3.12/site-packages/airflow/example_dags/tutorial_dag.py for tasks to queue
[2024-09-11T14:05:12.848+0000] {logging_mixin.py:190} INFO - [2024-09-11T14:05:12.847+0000] {dagbag.py:587} INFO - Filling up the DagBag from /home/airflow/.local/lib/python3.12/site-packages/airflow/example_dags/tutorial_dag.py
[2024-09-11T14:05:12.857+0000] {processor.py:925} INFO - DAG(s) 'tutorial_dag' retrieved from /home/airflow/.local/lib/python3.12/site-packages/airflow/example_dags/tutorial_dag.py
[2024-09-11T14:05:12.877+0000] {logging_mixin.py:190} INFO - [2024-09-11T14:05:12.877+0000] {dag.py:3229} INFO - Sync 1 DAGs
[2024-09-11T14:05:12.894+0000] {logging_mixin.py:190} INFO - [2024-09-11T14:05:12.893+0000] {dag.py:4156} INFO - Setting next_dagrun for tutorial_dag to None, run_after=None
[2024-09-11T14:05:12.916+0000] {processor.py:208} INFO - Processing /home/airflow/.local/lib/python3.12/site-packages/airflow/example_dags/tutorial_dag.py took 0.080 seconds
[2024-09-11T14:05:43.798+0000] {processor.py:186} INFO - Started process (PID=3782) to work on /home/airflow/.local/lib/python3.12/site-packages/airflow/example_dags/tutorial_dag.py
[2024-09-11T14:05:43.800+0000] {processor.py:914} INFO - Processing file /home/airflow/.local/lib/python3.12/site-packages/airflow/example_dags/tutorial_dag.py for tasks to queue
[2024-09-11T14:05:43.802+0000] {logging_mixin.py:190} INFO - [2024-09-11T14:05:43.802+0000] {dagbag.py:587} INFO - Filling up the DagBag from /home/airflow/.local/lib/python3.12/site-packages/airflow/example_dags/tutorial_dag.py
[2024-09-11T14:05:43.810+0000] {processor.py:925} INFO - DAG(s) 'tutorial_dag' retrieved from /home/airflow/.local/lib/python3.12/site-packages/airflow/example_dags/tutorial_dag.py
[2024-09-11T14:05:43.831+0000] {logging_mixin.py:190} INFO - [2024-09-11T14:05:43.831+0000] {dag.py:3229} INFO - Sync 1 DAGs
[2024-09-11T14:05:43.847+0000] {logging_mixin.py:190} INFO - [2024-09-11T14:05:43.847+0000] {dag.py:4156} INFO - Setting next_dagrun for tutorial_dag to None, run_after=None
[2024-09-11T14:05:43.870+0000] {processor.py:208} INFO - Processing /home/airflow/.local/lib/python3.12/site-packages/airflow/example_dags/tutorial_dag.py took 0.078 seconds
[2024-09-11T14:06:14.255+0000] {processor.py:186} INFO - Started process (PID=3844) to work on /home/airflow/.local/lib/python3.12/site-packages/airflow/example_dags/tutorial_dag.py
[2024-09-11T14:06:14.257+0000] {processor.py:914} INFO - Processing file /home/airflow/.local/lib/python3.12/site-packages/airflow/example_dags/tutorial_dag.py for tasks to queue
[2024-09-11T14:06:14.261+0000] {logging_mixin.py:190} INFO - [2024-09-11T14:06:14.261+0000] {dagbag.py:587} INFO - Filling up the DagBag from /home/airflow/.local/lib/python3.12/site-packages/airflow/example_dags/tutorial_dag.py
[2024-09-11T14:06:14.272+0000] {processor.py:925} INFO - DAG(s) 'tutorial_dag' retrieved from /home/airflow/.local/lib/python3.12/site-packages/airflow/example_dags/tutorial_dag.py
[2024-09-11T14:06:14.293+0000] {logging_mixin.py:190} INFO - [2024-09-11T14:06:14.293+0000] {dag.py:3229} INFO - Sync 1 DAGs
[2024-09-11T14:06:14.308+0000] {logging_mixin.py:190} INFO - [2024-09-11T14:06:14.308+0000] {dag.py:4156} INFO - Setting next_dagrun for tutorial_dag to None, run_after=None
[2024-09-11T14:06:14.329+0000] {processor.py:208} INFO - Processing /home/airflow/.local/lib/python3.12/site-packages/airflow/example_dags/tutorial_dag.py took 0.087 seconds
[2024-09-11T14:06:44.601+0000] {processor.py:186} INFO - Started process (PID=3906) to work on /home/airflow/.local/lib/python3.12/site-packages/airflow/example_dags/tutorial_dag.py
[2024-09-11T14:06:44.603+0000] {processor.py:914} INFO - Processing file /home/airflow/.local/lib/python3.12/site-packages/airflow/example_dags/tutorial_dag.py for tasks to queue
[2024-09-11T14:06:44.607+0000] {logging_mixin.py:190} INFO - [2024-09-11T14:06:44.607+0000] {dagbag.py:587} INFO - Filling up the DagBag from /home/airflow/.local/lib/python3.12/site-packages/airflow/example_dags/tutorial_dag.py
[2024-09-11T14:06:44.617+0000] {processor.py:925} INFO - DAG(s) 'tutorial_dag' retrieved from /home/airflow/.local/lib/python3.12/site-packages/airflow/example_dags/tutorial_dag.py
[2024-09-11T14:06:44.650+0000] {logging_mixin.py:190} INFO - [2024-09-11T14:06:44.649+0000] {dag.py:3229} INFO - Sync 1 DAGs
[2024-09-11T14:06:44.676+0000] {logging_mixin.py:190} INFO - [2024-09-11T14:06:44.676+0000] {dag.py:4156} INFO - Setting next_dagrun for tutorial_dag to None, run_after=None
[2024-09-11T14:06:44.699+0000] {processor.py:208} INFO - Processing /home/airflow/.local/lib/python3.12/site-packages/airflow/example_dags/tutorial_dag.py took 0.109 seconds
[2024-09-11T14:07:15.391+0000] {processor.py:186} INFO - Started process (PID=3968) to work on /home/airflow/.local/lib/python3.12/site-packages/airflow/example_dags/tutorial_dag.py
[2024-09-11T14:07:15.393+0000] {processor.py:914} INFO - Processing file /home/airflow/.local/lib/python3.12/site-packages/airflow/example_dags/tutorial_dag.py for tasks to queue
[2024-09-11T14:07:15.395+0000] {logging_mixin.py:190} INFO - [2024-09-11T14:07:15.395+0000] {dagbag.py:587} INFO - Filling up the DagBag from /home/airflow/.local/lib/python3.12/site-packages/airflow/example_dags/tutorial_dag.py
[2024-09-11T14:07:15.403+0000] {processor.py:925} INFO - DAG(s) 'tutorial_dag' retrieved from /home/airflow/.local/lib/python3.12/site-packages/airflow/example_dags/tutorial_dag.py
[2024-09-11T14:07:15.424+0000] {logging_mixin.py:190} INFO - [2024-09-11T14:07:15.424+0000] {dag.py:3229} INFO - Sync 1 DAGs
[2024-09-11T14:07:15.439+0000] {logging_mixin.py:190} INFO - [2024-09-11T14:07:15.439+0000] {dag.py:4156} INFO - Setting next_dagrun for tutorial_dag to None, run_after=None
[2024-09-11T14:07:15.462+0000] {processor.py:208} INFO - Processing /home/airflow/.local/lib/python3.12/site-packages/airflow/example_dags/tutorial_dag.py took 0.077 seconds
[2024-09-11T14:07:45.815+0000] {processor.py:186} INFO - Started process (PID=4030) to work on /home/airflow/.local/lib/python3.12/site-packages/airflow/example_dags/tutorial_dag.py
[2024-09-11T14:07:45.816+0000] {processor.py:914} INFO - Processing file /home/airflow/.local/lib/python3.12/site-packages/airflow/example_dags/tutorial_dag.py for tasks to queue
[2024-09-11T14:07:45.819+0000] {logging_mixin.py:190} INFO - [2024-09-11T14:07:45.818+0000] {dagbag.py:587} INFO - Filling up the DagBag from /home/airflow/.local/lib/python3.12/site-packages/airflow/example_dags/tutorial_dag.py
[2024-09-11T14:07:45.826+0000] {processor.py:925} INFO - DAG(s) 'tutorial_dag' retrieved from /home/airflow/.local/lib/python3.12/site-packages/airflow/example_dags/tutorial_dag.py
[2024-09-11T14:07:45.848+0000] {logging_mixin.py:190} INFO - [2024-09-11T14:07:45.848+0000] {dag.py:3229} INFO - Sync 1 DAGs
[2024-09-11T14:07:45.863+0000] {logging_mixin.py:190} INFO - [2024-09-11T14:07:45.863+0000] {dag.py:4156} INFO - Setting next_dagrun for tutorial_dag to None, run_after=None
[2024-09-11T14:07:45.884+0000] {processor.py:208} INFO - Processing /home/airflow/.local/lib/python3.12/site-packages/airflow/example_dags/tutorial_dag.py took 0.076 seconds
[2024-09-11T14:08:16.188+0000] {processor.py:186} INFO - Started process (PID=4092) to work on /home/airflow/.local/lib/python3.12/site-packages/airflow/example_dags/tutorial_dag.py
[2024-09-11T14:08:16.189+0000] {processor.py:914} INFO - Processing file /home/airflow/.local/lib/python3.12/site-packages/airflow/example_dags/tutorial_dag.py for tasks to queue
[2024-09-11T14:08:16.192+0000] {logging_mixin.py:190} INFO - [2024-09-11T14:08:16.192+0000] {dagbag.py:587} INFO - Filling up the DagBag from /home/airflow/.local/lib/python3.12/site-packages/airflow/example_dags/tutorial_dag.py
[2024-09-11T14:08:16.200+0000] {processor.py:925} INFO - DAG(s) 'tutorial_dag' retrieved from /home/airflow/.local/lib/python3.12/site-packages/airflow/example_dags/tutorial_dag.py
[2024-09-11T14:08:16.223+0000] {logging_mixin.py:190} INFO - [2024-09-11T14:08:16.223+0000] {dag.py:3229} INFO - Sync 1 DAGs
[2024-09-11T14:08:16.241+0000] {logging_mixin.py:190} INFO - [2024-09-11T14:08:16.241+0000] {dag.py:4156} INFO - Setting next_dagrun for tutorial_dag to None, run_after=None
[2024-09-11T14:08:16.263+0000] {processor.py:208} INFO - Processing /home/airflow/.local/lib/python3.12/site-packages/airflow/example_dags/tutorial_dag.py took 0.085 seconds
[2024-09-11T14:08:47.031+0000] {processor.py:186} INFO - Started process (PID=4154) to work on /home/airflow/.local/lib/python3.12/site-packages/airflow/example_dags/tutorial_dag.py
[2024-09-11T14:08:47.032+0000] {processor.py:914} INFO - Processing file /home/airflow/.local/lib/python3.12/site-packages/airflow/example_dags/tutorial_dag.py for tasks to queue
[2024-09-11T14:08:47.036+0000] {logging_mixin.py:190} INFO - [2024-09-11T14:08:47.035+0000] {dagbag.py:587} INFO - Filling up the DagBag from /home/airflow/.local/lib/python3.12/site-packages/airflow/example_dags/tutorial_dag.py
[2024-09-11T14:08:47.043+0000] {processor.py:925} INFO - DAG(s) 'tutorial_dag' retrieved from /home/airflow/.local/lib/python3.12/site-packages/airflow/example_dags/tutorial_dag.py
[2024-09-11T14:08:47.065+0000] {logging_mixin.py:190} INFO - [2024-09-11T14:08:47.065+0000] {dag.py:3229} INFO - Sync 1 DAGs
[2024-09-11T14:08:47.083+0000] {logging_mixin.py:190} INFO - [2024-09-11T14:08:47.082+0000] {dag.py:4156} INFO - Setting next_dagrun for tutorial_dag to None, run_after=None
[2024-09-11T14:08:47.104+0000] {processor.py:208} INFO - Processing /home/airflow/.local/lib/python3.12/site-packages/airflow/example_dags/tutorial_dag.py took 0.083 seconds
[2024-09-11T14:09:17.634+0000] {processor.py:186} INFO - Started process (PID=4216) to work on /home/airflow/.local/lib/python3.12/site-packages/airflow/example_dags/tutorial_dag.py
[2024-09-11T14:09:17.635+0000] {processor.py:914} INFO - Processing file /home/airflow/.local/lib/python3.12/site-packages/airflow/example_dags/tutorial_dag.py for tasks to queue
[2024-09-11T14:09:17.638+0000] {logging_mixin.py:190} INFO - [2024-09-11T14:09:17.637+0000] {dagbag.py:587} INFO - Filling up the DagBag from /home/airflow/.local/lib/python3.12/site-packages/airflow/example_dags/tutorial_dag.py
[2024-09-11T14:09:17.646+0000] {processor.py:925} INFO - DAG(s) 'tutorial_dag' retrieved from /home/airflow/.local/lib/python3.12/site-packages/airflow/example_dags/tutorial_dag.py
[2024-09-11T14:09:17.668+0000] {logging_mixin.py:190} INFO - [2024-09-11T14:09:17.667+0000] {dag.py:3229} INFO - Sync 1 DAGs
[2024-09-11T14:09:17.683+0000] {logging_mixin.py:190} INFO - [2024-09-11T14:09:17.683+0000] {dag.py:4156} INFO - Setting next_dagrun for tutorial_dag to None, run_after=None
[2024-09-11T14:09:17.705+0000] {processor.py:208} INFO - Processing /home/airflow/.local/lib/python3.12/site-packages/airflow/example_dags/tutorial_dag.py took 0.078 seconds
[2024-09-11T14:09:48.208+0000] {processor.py:186} INFO - Started process (PID=4278) to work on /home/airflow/.local/lib/python3.12/site-packages/airflow/example_dags/tutorial_dag.py
[2024-09-11T14:09:48.209+0000] {processor.py:914} INFO - Processing file /home/airflow/.local/lib/python3.12/site-packages/airflow/example_dags/tutorial_dag.py for tasks to queue
[2024-09-11T14:09:48.212+0000] {logging_mixin.py:190} INFO - [2024-09-11T14:09:48.212+0000] {dagbag.py:587} INFO - Filling up the DagBag from /home/airflow/.local/lib/python3.12/site-packages/airflow/example_dags/tutorial_dag.py
[2024-09-11T14:09:48.220+0000] {processor.py:925} INFO - DAG(s) 'tutorial_dag' retrieved from /home/airflow/.local/lib/python3.12/site-packages/airflow/example_dags/tutorial_dag.py
[2024-09-11T14:09:48.242+0000] {logging_mixin.py:190} INFO - [2024-09-11T14:09:48.242+0000] {dag.py:3229} INFO - Sync 1 DAGs
[2024-09-11T14:09:48.259+0000] {logging_mixin.py:190} INFO - [2024-09-11T14:09:48.259+0000] {dag.py:4156} INFO - Setting next_dagrun for tutorial_dag to None, run_after=None
[2024-09-11T14:09:48.283+0000] {processor.py:208} INFO - Processing /home/airflow/.local/lib/python3.12/site-packages/airflow/example_dags/tutorial_dag.py took 0.081 seconds
[2024-09-11T14:10:18.540+0000] {processor.py:186} INFO - Started process (PID=4340) to work on /home/airflow/.local/lib/python3.12/site-packages/airflow/example_dags/tutorial_dag.py
[2024-09-11T14:10:18.541+0000] {processor.py:914} INFO - Processing file /home/airflow/.local/lib/python3.12/site-packages/airflow/example_dags/tutorial_dag.py for tasks to queue
[2024-09-11T14:10:18.544+0000] {logging_mixin.py:190} INFO - [2024-09-11T14:10:18.544+0000] {dagbag.py:587} INFO - Filling up the DagBag from /home/airflow/.local/lib/python3.12/site-packages/airflow/example_dags/tutorial_dag.py
[2024-09-11T14:10:18.552+0000] {processor.py:925} INFO - DAG(s) 'tutorial_dag' retrieved from /home/airflow/.local/lib/python3.12/site-packages/airflow/example_dags/tutorial_dag.py
[2024-09-11T14:10:18.573+0000] {logging_mixin.py:190} INFO - [2024-09-11T14:10:18.573+0000] {dag.py:3229} INFO - Sync 1 DAGs
[2024-09-11T14:10:18.590+0000] {logging_mixin.py:190} INFO - [2024-09-11T14:10:18.590+0000] {dag.py:4156} INFO - Setting next_dagrun for tutorial_dag to None, run_after=None
[2024-09-11T14:10:18.611+0000] {processor.py:208} INFO - Processing /home/airflow/.local/lib/python3.12/site-packages/airflow/example_dags/tutorial_dag.py took 0.080 seconds
[2024-09-11T14:10:49.091+0000] {processor.py:186} INFO - Started process (PID=4402) to work on /home/airflow/.local/lib/python3.12/site-packages/airflow/example_dags/tutorial_dag.py
[2024-09-11T14:10:49.093+0000] {processor.py:914} INFO - Processing file /home/airflow/.local/lib/python3.12/site-packages/airflow/example_dags/tutorial_dag.py for tasks to queue
[2024-09-11T14:10:49.097+0000] {logging_mixin.py:190} INFO - [2024-09-11T14:10:49.096+0000] {dagbag.py:587} INFO - Filling up the DagBag from /home/airflow/.local/lib/python3.12/site-packages/airflow/example_dags/tutorial_dag.py
[2024-09-11T14:10:49.107+0000] {processor.py:925} INFO - DAG(s) 'tutorial_dag' retrieved from /home/airflow/.local/lib/python3.12/site-packages/airflow/example_dags/tutorial_dag.py
[2024-09-11T14:10:49.129+0000] {logging_mixin.py:190} INFO - [2024-09-11T14:10:49.129+0000] {dag.py:3229} INFO - Sync 1 DAGs
[2024-09-11T14:10:49.146+0000] {logging_mixin.py:190} INFO - [2024-09-11T14:10:49.146+0000] {dag.py:4156} INFO - Setting next_dagrun for tutorial_dag to None, run_after=None
[2024-09-11T14:10:49.166+0000] {processor.py:208} INFO - Processing /home/airflow/.local/lib/python3.12/site-packages/airflow/example_dags/tutorial_dag.py took 0.090 seconds
[2024-09-11T14:11:19.611+0000] {processor.py:186} INFO - Started process (PID=4464) to work on /home/airflow/.local/lib/python3.12/site-packages/airflow/example_dags/tutorial_dag.py
[2024-09-11T14:11:19.612+0000] {processor.py:914} INFO - Processing file /home/airflow/.local/lib/python3.12/site-packages/airflow/example_dags/tutorial_dag.py for tasks to queue
[2024-09-11T14:11:19.615+0000] {logging_mixin.py:190} INFO - [2024-09-11T14:11:19.615+0000] {dagbag.py:587} INFO - Filling up the DagBag from /home/airflow/.local/lib/python3.12/site-packages/airflow/example_dags/tutorial_dag.py
[2024-09-11T14:11:19.624+0000] {processor.py:925} INFO - DAG(s) 'tutorial_dag' retrieved from /home/airflow/.local/lib/python3.12/site-packages/airflow/example_dags/tutorial_dag.py
[2024-09-11T14:11:19.646+0000] {logging_mixin.py:190} INFO - [2024-09-11T14:11:19.646+0000] {dag.py:3229} INFO - Sync 1 DAGs
[2024-09-11T14:11:19.661+0000] {logging_mixin.py:190} INFO - [2024-09-11T14:11:19.661+0000] {dag.py:4156} INFO - Setting next_dagrun for tutorial_dag to None, run_after=None
[2024-09-11T14:11:19.685+0000] {processor.py:208} INFO - Processing /home/airflow/.local/lib/python3.12/site-packages/airflow/example_dags/tutorial_dag.py took 0.083 seconds
[2024-09-11T14:11:50.077+0000] {processor.py:186} INFO - Started process (PID=4526) to work on /home/airflow/.local/lib/python3.12/site-packages/airflow/example_dags/tutorial_dag.py
[2024-09-11T14:11:50.079+0000] {processor.py:914} INFO - Processing file /home/airflow/.local/lib/python3.12/site-packages/airflow/example_dags/tutorial_dag.py for tasks to queue
[2024-09-11T14:11:50.082+0000] {logging_mixin.py:190} INFO - [2024-09-11T14:11:50.081+0000] {dagbag.py:587} INFO - Filling up the DagBag from /home/airflow/.local/lib/python3.12/site-packages/airflow/example_dags/tutorial_dag.py
[2024-09-11T14:11:50.089+0000] {processor.py:925} INFO - DAG(s) 'tutorial_dag' retrieved from /home/airflow/.local/lib/python3.12/site-packages/airflow/example_dags/tutorial_dag.py
[2024-09-11T14:11:50.112+0000] {logging_mixin.py:190} INFO - [2024-09-11T14:11:50.112+0000] {dag.py:3229} INFO - Sync 1 DAGs
[2024-09-11T14:11:50.128+0000] {logging_mixin.py:190} INFO - [2024-09-11T14:11:50.127+0000] {dag.py:4156} INFO - Setting next_dagrun for tutorial_dag to None, run_after=None
[2024-09-11T14:11:50.151+0000] {processor.py:208} INFO - Processing /home/airflow/.local/lib/python3.12/site-packages/airflow/example_dags/tutorial_dag.py took 0.081 seconds
[2024-09-11T14:12:20.522+0000] {processor.py:186} INFO - Started process (PID=4588) to work on /home/airflow/.local/lib/python3.12/site-packages/airflow/example_dags/tutorial_dag.py
[2024-09-11T14:12:20.524+0000] {processor.py:914} INFO - Processing file /home/airflow/.local/lib/python3.12/site-packages/airflow/example_dags/tutorial_dag.py for tasks to queue
[2024-09-11T14:12:20.527+0000] {logging_mixin.py:190} INFO - [2024-09-11T14:12:20.526+0000] {dagbag.py:587} INFO - Filling up the DagBag from /home/airflow/.local/lib/python3.12/site-packages/airflow/example_dags/tutorial_dag.py
[2024-09-11T14:12:20.535+0000] {processor.py:925} INFO - DAG(s) 'tutorial_dag' retrieved from /home/airflow/.local/lib/python3.12/site-packages/airflow/example_dags/tutorial_dag.py
[2024-09-11T14:12:20.557+0000] {logging_mixin.py:190} INFO - [2024-09-11T14:12:20.557+0000] {dag.py:3229} INFO - Sync 1 DAGs
[2024-09-11T14:12:20.572+0000] {logging_mixin.py:190} INFO - [2024-09-11T14:12:20.572+0000] {dag.py:4156} INFO - Setting next_dagrun for tutorial_dag to None, run_after=None
[2024-09-11T14:12:20.595+0000] {processor.py:208} INFO - Processing /home/airflow/.local/lib/python3.12/site-packages/airflow/example_dags/tutorial_dag.py took 0.080 seconds
[2024-09-11T14:12:51.336+0000] {processor.py:186} INFO - Started process (PID=4650) to work on /home/airflow/.local/lib/python3.12/site-packages/airflow/example_dags/tutorial_dag.py
[2024-09-11T14:12:51.337+0000] {processor.py:914} INFO - Processing file /home/airflow/.local/lib/python3.12/site-packages/airflow/example_dags/tutorial_dag.py for tasks to queue
[2024-09-11T14:12:51.340+0000] {logging_mixin.py:190} INFO - [2024-09-11T14:12:51.340+0000] {dagbag.py:587} INFO - Filling up the DagBag from /home/airflow/.local/lib/python3.12/site-packages/airflow/example_dags/tutorial_dag.py
[2024-09-11T14:12:51.348+0000] {processor.py:925} INFO - DAG(s) 'tutorial_dag' retrieved from /home/airflow/.local/lib/python3.12/site-packages/airflow/example_dags/tutorial_dag.py
[2024-09-11T14:12:51.369+0000] {logging_mixin.py:190} INFO - [2024-09-11T14:12:51.369+0000] {dag.py:3229} INFO - Sync 1 DAGs
[2024-09-11T14:12:51.385+0000] {logging_mixin.py:190} INFO - [2024-09-11T14:12:51.384+0000] {dag.py:4156} INFO - Setting next_dagrun for tutorial_dag to None, run_after=None
[2024-09-11T14:12:51.408+0000] {processor.py:208} INFO - Processing /home/airflow/.local/lib/python3.12/site-packages/airflow/example_dags/tutorial_dag.py took 0.078 seconds
[2024-09-11T14:13:22.165+0000] {processor.py:186} INFO - Started process (PID=4712) to work on /home/airflow/.local/lib/python3.12/site-packages/airflow/example_dags/tutorial_dag.py
[2024-09-11T14:13:22.166+0000] {processor.py:914} INFO - Processing file /home/airflow/.local/lib/python3.12/site-packages/airflow/example_dags/tutorial_dag.py for tasks to queue
[2024-09-11T14:13:22.169+0000] {logging_mixin.py:190} INFO - [2024-09-11T14:13:22.169+0000] {dagbag.py:587} INFO - Filling up the DagBag from /home/airflow/.local/lib/python3.12/site-packages/airflow/example_dags/tutorial_dag.py
[2024-09-11T14:13:22.177+0000] {processor.py:925} INFO - DAG(s) 'tutorial_dag' retrieved from /home/airflow/.local/lib/python3.12/site-packages/airflow/example_dags/tutorial_dag.py
[2024-09-11T14:13:22.198+0000] {logging_mixin.py:190} INFO - [2024-09-11T14:13:22.197+0000] {dag.py:3229} INFO - Sync 1 DAGs
[2024-09-11T14:13:22.213+0000] {logging_mixin.py:190} INFO - [2024-09-11T14:13:22.212+0000] {dag.py:4156} INFO - Setting next_dagrun for tutorial_dag to None, run_after=None
[2024-09-11T14:13:22.235+0000] {processor.py:208} INFO - Processing /home/airflow/.local/lib/python3.12/site-packages/airflow/example_dags/tutorial_dag.py took 0.077 seconds
[2024-09-11T20:53:33.898+0000] {processor.py:186} INFO - Started process (PID=4774) to work on /home/airflow/.local/lib/python3.12/site-packages/airflow/example_dags/tutorial_dag.py
[2024-09-11T20:53:33.908+0000] {processor.py:914} INFO - Processing file /home/airflow/.local/lib/python3.12/site-packages/airflow/example_dags/tutorial_dag.py for tasks to queue
[2024-09-11T20:53:33.929+0000] {logging_mixin.py:190} INFO - [2024-09-11T20:53:33.928+0000] {dagbag.py:587} INFO - Filling up the DagBag from /home/airflow/.local/lib/python3.12/site-packages/airflow/example_dags/tutorial_dag.py
[2024-09-11T20:53:33.974+0000] {processor.py:925} INFO - DAG(s) 'tutorial_dag' retrieved from /home/airflow/.local/lib/python3.12/site-packages/airflow/example_dags/tutorial_dag.py
[2024-09-11T20:53:34.061+0000] {logging_mixin.py:190} INFO - [2024-09-11T20:53:34.060+0000] {dag.py:3229} INFO - Sync 1 DAGs
[2024-09-11T20:53:34.141+0000] {logging_mixin.py:190} INFO - [2024-09-11T20:53:34.140+0000] {dag.py:4156} INFO - Setting next_dagrun for tutorial_dag to None, run_after=None
[2024-09-11T20:53:34.257+0000] {processor.py:208} INFO - Processing /home/airflow/.local/lib/python3.12/site-packages/airflow/example_dags/tutorial_dag.py took 0.382 seconds
