[2024-09-11T13:35:11.120+0000] {processor.py:186} INFO - Started process (PID=76) to work on /home/airflow/.local/lib/python3.12/site-packages/airflow/example_dags/tutorial.py
[2024-09-11T13:35:11.123+0000] {processor.py:914} INFO - Processing file /home/airflow/.local/lib/python3.12/site-packages/airflow/example_dags/tutorial.py for tasks to queue
[2024-09-11T13:35:11.129+0000] {logging_mixin.py:190} INFO - [2024-09-11T13:35:11.128+0000] {dagbag.py:587} INFO - Filling up the DagBag from /home/airflow/.local/lib/python3.12/site-packages/airflow/example_dags/tutorial.py
[2024-09-11T13:35:11.160+0000] {processor.py:925} INFO - DAG(s) 'tutorial' retrieved from /home/airflow/.local/lib/python3.12/site-packages/airflow/example_dags/tutorial.py
[2024-09-11T13:35:11.448+0000] {logging_mixin.py:190} INFO - [2024-09-11T13:35:11.446+0000] {override.py:1900} INFO - Created Permission View: can edit on DAG:tutorial
[2024-09-11T13:35:11.472+0000] {logging_mixin.py:190} INFO - [2024-09-11T13:35:11.471+0000] {override.py:1900} INFO - Created Permission View: can delete on DAG:tutorial
[2024-09-11T13:35:11.491+0000] {logging_mixin.py:190} INFO - [2024-09-11T13:35:11.490+0000] {override.py:1900} INFO - Created Permission View: can read on DAG:tutorial
[2024-09-11T13:35:11.505+0000] {logging_mixin.py:190} INFO - [2024-09-11T13:35:11.504+0000] {override.py:1900} INFO - Created Permission View: menu access on DAG Run:tutorial
[2024-09-11T13:35:11.519+0000] {logging_mixin.py:190} INFO - [2024-09-11T13:35:11.518+0000] {override.py:1900} INFO - Created Permission View: can create on DAG Run:tutorial
[2024-09-11T13:35:11.536+0000] {logging_mixin.py:190} INFO - [2024-09-11T13:35:11.535+0000] {override.py:1900} INFO - Created Permission View: can delete on DAG Run:tutorial
[2024-09-11T13:35:11.557+0000] {logging_mixin.py:190} INFO - [2024-09-11T13:35:11.556+0000] {override.py:1900} INFO - Created Permission View: can read on DAG Run:tutorial
[2024-09-11T13:35:11.558+0000] {logging_mixin.py:190} INFO - [2024-09-11T13:35:11.558+0000] {dag.py:3229} INFO - Sync 1 DAGs
[2024-09-11T13:35:11.609+0000] {logging_mixin.py:190} INFO - [2024-09-11T13:35:11.608+0000] {dag.py:3252} INFO - Creating ORM DAG for tutorial
[2024-09-11T13:35:11.692+0000] {logging_mixin.py:190} INFO - [2024-09-11T13:35:11.691+0000] {dag.py:4156} INFO - Setting next_dagrun for tutorial to 2024-09-10 00:00:00+00:00, run_after=2024-09-11 00:00:00+00:00
[2024-09-11T13:35:11.796+0000] {processor.py:208} INFO - Processing /home/airflow/.local/lib/python3.12/site-packages/airflow/example_dags/tutorial.py took 0.690 seconds
[2024-09-11T13:35:42.753+0000] {processor.py:186} INFO - Started process (PID=137) to work on /home/airflow/.local/lib/python3.12/site-packages/airflow/example_dags/tutorial.py
[2024-09-11T13:35:42.754+0000] {processor.py:914} INFO - Processing file /home/airflow/.local/lib/python3.12/site-packages/airflow/example_dags/tutorial.py for tasks to queue
[2024-09-11T13:35:42.757+0000] {logging_mixin.py:190} INFO - [2024-09-11T13:35:42.756+0000] {dagbag.py:587} INFO - Filling up the DagBag from /home/airflow/.local/lib/python3.12/site-packages/airflow/example_dags/tutorial.py
[2024-09-11T13:35:42.765+0000] {processor.py:925} INFO - DAG(s) 'tutorial' retrieved from /home/airflow/.local/lib/python3.12/site-packages/airflow/example_dags/tutorial.py
[2024-09-11T13:35:42.786+0000] {logging_mixin.py:190} INFO - [2024-09-11T13:35:42.786+0000] {dag.py:3229} INFO - Sync 1 DAGs
[2024-09-11T13:35:42.808+0000] {logging_mixin.py:190} INFO - [2024-09-11T13:35:42.808+0000] {dag.py:4156} INFO - Setting next_dagrun for tutorial to 2024-09-10 00:00:00+00:00, run_after=2024-09-11 00:00:00+00:00
[2024-09-11T13:35:42.829+0000] {processor.py:208} INFO - Processing /home/airflow/.local/lib/python3.12/site-packages/airflow/example_dags/tutorial.py took 0.083 seconds
[2024-09-11T13:36:12.951+0000] {processor.py:186} INFO - Started process (PID=199) to work on /home/airflow/.local/lib/python3.12/site-packages/airflow/example_dags/tutorial.py
[2024-09-11T13:36:12.952+0000] {processor.py:914} INFO - Processing file /home/airflow/.local/lib/python3.12/site-packages/airflow/example_dags/tutorial.py for tasks to queue
[2024-09-11T13:36:12.955+0000] {logging_mixin.py:190} INFO - [2024-09-11T13:36:12.955+0000] {dagbag.py:587} INFO - Filling up the DagBag from /home/airflow/.local/lib/python3.12/site-packages/airflow/example_dags/tutorial.py
[2024-09-11T13:36:12.966+0000] {processor.py:925} INFO - DAG(s) 'tutorial' retrieved from /home/airflow/.local/lib/python3.12/site-packages/airflow/example_dags/tutorial.py
[2024-09-11T13:36:12.991+0000] {logging_mixin.py:190} INFO - [2024-09-11T13:36:12.990+0000] {dag.py:3229} INFO - Sync 1 DAGs
[2024-09-11T13:36:13.021+0000] {logging_mixin.py:190} INFO - [2024-09-11T13:36:13.020+0000] {dag.py:4156} INFO - Setting next_dagrun for tutorial to 2024-09-10 00:00:00+00:00, run_after=2024-09-11 00:00:00+00:00
[2024-09-11T13:36:13.046+0000] {processor.py:208} INFO - Processing /home/airflow/.local/lib/python3.12/site-packages/airflow/example_dags/tutorial.py took 0.101 seconds
[2024-09-11T13:36:43.157+0000] {processor.py:186} INFO - Started process (PID=261) to work on /home/airflow/.local/lib/python3.12/site-packages/airflow/example_dags/tutorial.py
[2024-09-11T13:36:43.159+0000] {processor.py:914} INFO - Processing file /home/airflow/.local/lib/python3.12/site-packages/airflow/example_dags/tutorial.py for tasks to queue
[2024-09-11T13:36:43.165+0000] {logging_mixin.py:190} INFO - [2024-09-11T13:36:43.164+0000] {dagbag.py:587} INFO - Filling up the DagBag from /home/airflow/.local/lib/python3.12/site-packages/airflow/example_dags/tutorial.py
[2024-09-11T13:36:43.183+0000] {processor.py:925} INFO - DAG(s) 'tutorial' retrieved from /home/airflow/.local/lib/python3.12/site-packages/airflow/example_dags/tutorial.py
[2024-09-11T13:36:43.229+0000] {logging_mixin.py:190} INFO - [2024-09-11T13:36:43.228+0000] {dag.py:3229} INFO - Sync 1 DAGs
[2024-09-11T13:36:43.278+0000] {logging_mixin.py:190} INFO - [2024-09-11T13:36:43.278+0000] {dag.py:4156} INFO - Setting next_dagrun for tutorial to 2024-09-10 00:00:00+00:00, run_after=2024-09-11 00:00:00+00:00
[2024-09-11T13:36:43.317+0000] {processor.py:208} INFO - Processing /home/airflow/.local/lib/python3.12/site-packages/airflow/example_dags/tutorial.py took 0.169 seconds
[2024-09-11T13:37:13.988+0000] {processor.py:186} INFO - Started process (PID=323) to work on /home/airflow/.local/lib/python3.12/site-packages/airflow/example_dags/tutorial.py
[2024-09-11T13:37:13.989+0000] {processor.py:914} INFO - Processing file /home/airflow/.local/lib/python3.12/site-packages/airflow/example_dags/tutorial.py for tasks to queue
[2024-09-11T13:37:13.993+0000] {logging_mixin.py:190} INFO - [2024-09-11T13:37:13.992+0000] {dagbag.py:587} INFO - Filling up the DagBag from /home/airflow/.local/lib/python3.12/site-packages/airflow/example_dags/tutorial.py
[2024-09-11T13:37:14.005+0000] {processor.py:925} INFO - DAG(s) 'tutorial' retrieved from /home/airflow/.local/lib/python3.12/site-packages/airflow/example_dags/tutorial.py
[2024-09-11T13:37:14.038+0000] {logging_mixin.py:190} INFO - [2024-09-11T13:37:14.037+0000] {dag.py:3229} INFO - Sync 1 DAGs
[2024-09-11T13:37:14.083+0000] {logging_mixin.py:190} INFO - [2024-09-11T13:37:14.083+0000] {dag.py:4156} INFO - Setting next_dagrun for tutorial to 2024-09-10 00:00:00+00:00, run_after=2024-09-11 00:00:00+00:00
[2024-09-11T13:37:14.115+0000] {processor.py:208} INFO - Processing /home/airflow/.local/lib/python3.12/site-packages/airflow/example_dags/tutorial.py took 0.135 seconds
[2024-09-11T13:37:44.185+0000] {processor.py:186} INFO - Started process (PID=385) to work on /home/airflow/.local/lib/python3.12/site-packages/airflow/example_dags/tutorial.py
[2024-09-11T13:37:44.187+0000] {processor.py:914} INFO - Processing file /home/airflow/.local/lib/python3.12/site-packages/airflow/example_dags/tutorial.py for tasks to queue
[2024-09-11T13:37:44.192+0000] {logging_mixin.py:190} INFO - [2024-09-11T13:37:44.192+0000] {dagbag.py:587} INFO - Filling up the DagBag from /home/airflow/.local/lib/python3.12/site-packages/airflow/example_dags/tutorial.py
[2024-09-11T13:37:44.207+0000] {processor.py:925} INFO - DAG(s) 'tutorial' retrieved from /home/airflow/.local/lib/python3.12/site-packages/airflow/example_dags/tutorial.py
[2024-09-11T13:37:44.239+0000] {logging_mixin.py:190} INFO - [2024-09-11T13:37:44.238+0000] {dag.py:3229} INFO - Sync 1 DAGs
[2024-09-11T13:37:44.272+0000] {logging_mixin.py:190} INFO - [2024-09-11T13:37:44.270+0000] {dag.py:4156} INFO - Setting next_dagrun for tutorial to 2024-09-10 00:00:00+00:00, run_after=2024-09-11 00:00:00+00:00
[2024-09-11T13:37:44.303+0000] {processor.py:208} INFO - Processing /home/airflow/.local/lib/python3.12/site-packages/airflow/example_dags/tutorial.py took 0.126 seconds
[2024-09-11T13:38:14.483+0000] {processor.py:186} INFO - Started process (PID=447) to work on /home/airflow/.local/lib/python3.12/site-packages/airflow/example_dags/tutorial.py
[2024-09-11T13:38:14.484+0000] {processor.py:914} INFO - Processing file /home/airflow/.local/lib/python3.12/site-packages/airflow/example_dags/tutorial.py for tasks to queue
[2024-09-11T13:38:14.487+0000] {logging_mixin.py:190} INFO - [2024-09-11T13:38:14.486+0000] {dagbag.py:587} INFO - Filling up the DagBag from /home/airflow/.local/lib/python3.12/site-packages/airflow/example_dags/tutorial.py
[2024-09-11T13:38:14.495+0000] {processor.py:925} INFO - DAG(s) 'tutorial' retrieved from /home/airflow/.local/lib/python3.12/site-packages/airflow/example_dags/tutorial.py
[2024-09-11T13:38:14.527+0000] {logging_mixin.py:190} INFO - [2024-09-11T13:38:14.527+0000] {dag.py:3229} INFO - Sync 1 DAGs
[2024-09-11T13:38:14.560+0000] {logging_mixin.py:190} INFO - [2024-09-11T13:38:14.560+0000] {dag.py:4156} INFO - Setting next_dagrun for tutorial to 2024-09-10 00:00:00+00:00, run_after=2024-09-11 00:00:00+00:00
[2024-09-11T13:38:14.587+0000] {processor.py:208} INFO - Processing /home/airflow/.local/lib/python3.12/site-packages/airflow/example_dags/tutorial.py took 0.112 seconds
[2024-09-11T13:38:44.764+0000] {processor.py:186} INFO - Started process (PID=509) to work on /home/airflow/.local/lib/python3.12/site-packages/airflow/example_dags/tutorial.py
[2024-09-11T13:38:44.765+0000] {processor.py:914} INFO - Processing file /home/airflow/.local/lib/python3.12/site-packages/airflow/example_dags/tutorial.py for tasks to queue
[2024-09-11T13:38:44.767+0000] {logging_mixin.py:190} INFO - [2024-09-11T13:38:44.767+0000] {dagbag.py:587} INFO - Filling up the DagBag from /home/airflow/.local/lib/python3.12/site-packages/airflow/example_dags/tutorial.py
[2024-09-11T13:38:44.776+0000] {processor.py:925} INFO - DAG(s) 'tutorial' retrieved from /home/airflow/.local/lib/python3.12/site-packages/airflow/example_dags/tutorial.py
[2024-09-11T13:38:44.798+0000] {logging_mixin.py:190} INFO - [2024-09-11T13:38:44.798+0000] {dag.py:3229} INFO - Sync 1 DAGs
[2024-09-11T13:38:44.825+0000] {logging_mixin.py:190} INFO - [2024-09-11T13:38:44.825+0000] {dag.py:4156} INFO - Setting next_dagrun for tutorial to 2024-09-10 00:00:00+00:00, run_after=2024-09-11 00:00:00+00:00
[2024-09-11T13:38:44.851+0000] {processor.py:208} INFO - Processing /home/airflow/.local/lib/python3.12/site-packages/airflow/example_dags/tutorial.py took 0.094 seconds
[2024-09-11T13:39:15.482+0000] {processor.py:186} INFO - Started process (PID=571) to work on /home/airflow/.local/lib/python3.12/site-packages/airflow/example_dags/tutorial.py
[2024-09-11T13:39:15.487+0000] {processor.py:914} INFO - Processing file /home/airflow/.local/lib/python3.12/site-packages/airflow/example_dags/tutorial.py for tasks to queue
[2024-09-11T13:39:15.493+0000] {logging_mixin.py:190} INFO - [2024-09-11T13:39:15.492+0000] {dagbag.py:587} INFO - Filling up the DagBag from /home/airflow/.local/lib/python3.12/site-packages/airflow/example_dags/tutorial.py
[2024-09-11T13:39:15.510+0000] {processor.py:925} INFO - DAG(s) 'tutorial' retrieved from /home/airflow/.local/lib/python3.12/site-packages/airflow/example_dags/tutorial.py
[2024-09-11T13:39:15.546+0000] {logging_mixin.py:190} INFO - [2024-09-11T13:39:15.546+0000] {dag.py:3229} INFO - Sync 1 DAGs
[2024-09-11T13:39:15.590+0000] {logging_mixin.py:190} INFO - [2024-09-11T13:39:15.589+0000] {dag.py:4156} INFO - Setting next_dagrun for tutorial to 2024-09-10 00:00:00+00:00, run_after=2024-09-11 00:00:00+00:00
[2024-09-11T13:39:15.626+0000] {processor.py:208} INFO - Processing /home/airflow/.local/lib/python3.12/site-packages/airflow/example_dags/tutorial.py took 0.157 seconds
[2024-09-11T13:39:45.761+0000] {processor.py:186} INFO - Started process (PID=633) to work on /home/airflow/.local/lib/python3.12/site-packages/airflow/example_dags/tutorial.py
[2024-09-11T13:39:45.762+0000] {processor.py:914} INFO - Processing file /home/airflow/.local/lib/python3.12/site-packages/airflow/example_dags/tutorial.py for tasks to queue
[2024-09-11T13:39:45.766+0000] {logging_mixin.py:190} INFO - [2024-09-11T13:39:45.766+0000] {dagbag.py:587} INFO - Filling up the DagBag from /home/airflow/.local/lib/python3.12/site-packages/airflow/example_dags/tutorial.py
[2024-09-11T13:39:45.780+0000] {processor.py:925} INFO - DAG(s) 'tutorial' retrieved from /home/airflow/.local/lib/python3.12/site-packages/airflow/example_dags/tutorial.py
[2024-09-11T13:39:45.811+0000] {logging_mixin.py:190} INFO - [2024-09-11T13:39:45.809+0000] {dag.py:3229} INFO - Sync 1 DAGs
[2024-09-11T13:39:45.849+0000] {logging_mixin.py:190} INFO - [2024-09-11T13:39:45.849+0000] {dag.py:4156} INFO - Setting next_dagrun for tutorial to 2024-09-10 00:00:00+00:00, run_after=2024-09-11 00:00:00+00:00
[2024-09-11T13:39:45.901+0000] {processor.py:208} INFO - Processing /home/airflow/.local/lib/python3.12/site-packages/airflow/example_dags/tutorial.py took 0.150 seconds
[2024-09-11T13:40:16.054+0000] {processor.py:186} INFO - Started process (PID=695) to work on /home/airflow/.local/lib/python3.12/site-packages/airflow/example_dags/tutorial.py
[2024-09-11T13:40:16.056+0000] {processor.py:914} INFO - Processing file /home/airflow/.local/lib/python3.12/site-packages/airflow/example_dags/tutorial.py for tasks to queue
[2024-09-11T13:40:16.062+0000] {logging_mixin.py:190} INFO - [2024-09-11T13:40:16.061+0000] {dagbag.py:587} INFO - Filling up the DagBag from /home/airflow/.local/lib/python3.12/site-packages/airflow/example_dags/tutorial.py
[2024-09-11T13:40:16.083+0000] {processor.py:925} INFO - DAG(s) 'tutorial' retrieved from /home/airflow/.local/lib/python3.12/site-packages/airflow/example_dags/tutorial.py
[2024-09-11T13:40:16.163+0000] {logging_mixin.py:190} INFO - [2024-09-11T13:40:16.162+0000] {dag.py:3229} INFO - Sync 1 DAGs
[2024-09-11T13:40:16.255+0000] {logging_mixin.py:190} INFO - [2024-09-11T13:40:16.255+0000] {dag.py:4156} INFO - Setting next_dagrun for tutorial to 2024-09-10 00:00:00+00:00, run_after=2024-09-11 00:00:00+00:00
[2024-09-11T13:40:16.295+0000] {processor.py:208} INFO - Processing /home/airflow/.local/lib/python3.12/site-packages/airflow/example_dags/tutorial.py took 0.257 seconds
[2024-09-11T13:40:46.431+0000] {processor.py:186} INFO - Started process (PID=757) to work on /home/airflow/.local/lib/python3.12/site-packages/airflow/example_dags/tutorial.py
[2024-09-11T13:40:46.433+0000] {processor.py:914} INFO - Processing file /home/airflow/.local/lib/python3.12/site-packages/airflow/example_dags/tutorial.py for tasks to queue
[2024-09-11T13:40:46.436+0000] {logging_mixin.py:190} INFO - [2024-09-11T13:40:46.435+0000] {dagbag.py:587} INFO - Filling up the DagBag from /home/airflow/.local/lib/python3.12/site-packages/airflow/example_dags/tutorial.py
[2024-09-11T13:40:46.449+0000] {processor.py:925} INFO - DAG(s) 'tutorial' retrieved from /home/airflow/.local/lib/python3.12/site-packages/airflow/example_dags/tutorial.py
[2024-09-11T13:40:46.476+0000] {logging_mixin.py:190} INFO - [2024-09-11T13:40:46.476+0000] {dag.py:3229} INFO - Sync 1 DAGs
[2024-09-11T13:40:46.507+0000] {logging_mixin.py:190} INFO - [2024-09-11T13:40:46.507+0000] {dag.py:4156} INFO - Setting next_dagrun for tutorial to 2024-09-10 00:00:00+00:00, run_after=2024-09-11 00:00:00+00:00
[2024-09-11T13:40:46.534+0000] {processor.py:208} INFO - Processing /home/airflow/.local/lib/python3.12/site-packages/airflow/example_dags/tutorial.py took 0.114 seconds
[2024-09-11T13:41:16.650+0000] {processor.py:186} INFO - Started process (PID=819) to work on /home/airflow/.local/lib/python3.12/site-packages/airflow/example_dags/tutorial.py
[2024-09-11T13:41:16.652+0000] {processor.py:914} INFO - Processing file /home/airflow/.local/lib/python3.12/site-packages/airflow/example_dags/tutorial.py for tasks to queue
[2024-09-11T13:41:16.655+0000] {logging_mixin.py:190} INFO - [2024-09-11T13:41:16.654+0000] {dagbag.py:587} INFO - Filling up the DagBag from /home/airflow/.local/lib/python3.12/site-packages/airflow/example_dags/tutorial.py
[2024-09-11T13:41:16.664+0000] {processor.py:925} INFO - DAG(s) 'tutorial' retrieved from /home/airflow/.local/lib/python3.12/site-packages/airflow/example_dags/tutorial.py
[2024-09-11T13:41:16.687+0000] {logging_mixin.py:190} INFO - [2024-09-11T13:41:16.686+0000] {dag.py:3229} INFO - Sync 1 DAGs
[2024-09-11T13:41:16.719+0000] {logging_mixin.py:190} INFO - [2024-09-11T13:41:16.719+0000] {dag.py:4156} INFO - Setting next_dagrun for tutorial to 2024-09-10 00:00:00+00:00, run_after=2024-09-11 00:00:00+00:00
[2024-09-11T13:41:16.741+0000] {processor.py:208} INFO - Processing /home/airflow/.local/lib/python3.12/site-packages/airflow/example_dags/tutorial.py took 0.097 seconds
[2024-09-11T13:41:47.391+0000] {processor.py:186} INFO - Started process (PID=881) to work on /home/airflow/.local/lib/python3.12/site-packages/airflow/example_dags/tutorial.py
[2024-09-11T13:41:47.393+0000] {processor.py:914} INFO - Processing file /home/airflow/.local/lib/python3.12/site-packages/airflow/example_dags/tutorial.py for tasks to queue
[2024-09-11T13:41:47.396+0000] {logging_mixin.py:190} INFO - [2024-09-11T13:41:47.396+0000] {dagbag.py:587} INFO - Filling up the DagBag from /home/airflow/.local/lib/python3.12/site-packages/airflow/example_dags/tutorial.py
[2024-09-11T13:41:47.405+0000] {processor.py:925} INFO - DAG(s) 'tutorial' retrieved from /home/airflow/.local/lib/python3.12/site-packages/airflow/example_dags/tutorial.py
[2024-09-11T13:41:47.431+0000] {logging_mixin.py:190} INFO - [2024-09-11T13:41:47.430+0000] {dag.py:3229} INFO - Sync 1 DAGs
[2024-09-11T13:41:47.460+0000] {logging_mixin.py:190} INFO - [2024-09-11T13:41:47.460+0000] {dag.py:4156} INFO - Setting next_dagrun for tutorial to 2024-09-10 00:00:00+00:00, run_after=2024-09-11 00:00:00+00:00
[2024-09-11T13:41:47.486+0000] {processor.py:208} INFO - Processing /home/airflow/.local/lib/python3.12/site-packages/airflow/example_dags/tutorial.py took 0.102 seconds
[2024-09-11T13:42:18.092+0000] {processor.py:186} INFO - Started process (PID=943) to work on /home/airflow/.local/lib/python3.12/site-packages/airflow/example_dags/tutorial.py
[2024-09-11T13:42:18.093+0000] {processor.py:914} INFO - Processing file /home/airflow/.local/lib/python3.12/site-packages/airflow/example_dags/tutorial.py for tasks to queue
[2024-09-11T13:42:18.096+0000] {logging_mixin.py:190} INFO - [2024-09-11T13:42:18.096+0000] {dagbag.py:587} INFO - Filling up the DagBag from /home/airflow/.local/lib/python3.12/site-packages/airflow/example_dags/tutorial.py
[2024-09-11T13:42:18.104+0000] {processor.py:925} INFO - DAG(s) 'tutorial' retrieved from /home/airflow/.local/lib/python3.12/site-packages/airflow/example_dags/tutorial.py
[2024-09-11T13:42:18.125+0000] {logging_mixin.py:190} INFO - [2024-09-11T13:42:18.125+0000] {dag.py:3229} INFO - Sync 1 DAGs
[2024-09-11T13:42:18.152+0000] {logging_mixin.py:190} INFO - [2024-09-11T13:42:18.151+0000] {dag.py:4156} INFO - Setting next_dagrun for tutorial to 2024-09-10 00:00:00+00:00, run_after=2024-09-11 00:00:00+00:00
[2024-09-11T13:42:18.174+0000] {processor.py:208} INFO - Processing /home/airflow/.local/lib/python3.12/site-packages/airflow/example_dags/tutorial.py took 0.088 seconds
[2024-09-11T13:42:48.703+0000] {processor.py:186} INFO - Started process (PID=1005) to work on /home/airflow/.local/lib/python3.12/site-packages/airflow/example_dags/tutorial.py
[2024-09-11T13:42:48.705+0000] {processor.py:914} INFO - Processing file /home/airflow/.local/lib/python3.12/site-packages/airflow/example_dags/tutorial.py for tasks to queue
[2024-09-11T13:42:48.708+0000] {logging_mixin.py:190} INFO - [2024-09-11T13:42:48.708+0000] {dagbag.py:587} INFO - Filling up the DagBag from /home/airflow/.local/lib/python3.12/site-packages/airflow/example_dags/tutorial.py
[2024-09-11T13:42:48.718+0000] {processor.py:925} INFO - DAG(s) 'tutorial' retrieved from /home/airflow/.local/lib/python3.12/site-packages/airflow/example_dags/tutorial.py
[2024-09-11T13:42:48.740+0000] {logging_mixin.py:190} INFO - [2024-09-11T13:42:48.739+0000] {dag.py:3229} INFO - Sync 1 DAGs
[2024-09-11T13:42:48.766+0000] {logging_mixin.py:190} INFO - [2024-09-11T13:42:48.766+0000] {dag.py:4156} INFO - Setting next_dagrun for tutorial to 2024-09-10 00:00:00+00:00, run_after=2024-09-11 00:00:00+00:00
[2024-09-11T13:42:48.789+0000] {processor.py:208} INFO - Processing /home/airflow/.local/lib/python3.12/site-packages/airflow/example_dags/tutorial.py took 0.094 seconds
[2024-09-11T13:43:18.876+0000] {processor.py:186} INFO - Started process (PID=1067) to work on /home/airflow/.local/lib/python3.12/site-packages/airflow/example_dags/tutorial.py
[2024-09-11T13:43:18.878+0000] {processor.py:914} INFO - Processing file /home/airflow/.local/lib/python3.12/site-packages/airflow/example_dags/tutorial.py for tasks to queue
[2024-09-11T13:43:18.880+0000] {logging_mixin.py:190} INFO - [2024-09-11T13:43:18.880+0000] {dagbag.py:587} INFO - Filling up the DagBag from /home/airflow/.local/lib/python3.12/site-packages/airflow/example_dags/tutorial.py
[2024-09-11T13:43:18.889+0000] {processor.py:925} INFO - DAG(s) 'tutorial' retrieved from /home/airflow/.local/lib/python3.12/site-packages/airflow/example_dags/tutorial.py
[2024-09-11T13:43:18.910+0000] {logging_mixin.py:190} INFO - [2024-09-11T13:43:18.910+0000] {dag.py:3229} INFO - Sync 1 DAGs
[2024-09-11T13:43:18.934+0000] {logging_mixin.py:190} INFO - [2024-09-11T13:43:18.934+0000] {dag.py:4156} INFO - Setting next_dagrun for tutorial to 2024-09-10 00:00:00+00:00, run_after=2024-09-11 00:00:00+00:00
[2024-09-11T13:43:18.958+0000] {processor.py:208} INFO - Processing /home/airflow/.local/lib/python3.12/site-packages/airflow/example_dags/tutorial.py took 0.088 seconds
[2024-09-11T13:43:49.610+0000] {processor.py:186} INFO - Started process (PID=1129) to work on /home/airflow/.local/lib/python3.12/site-packages/airflow/example_dags/tutorial.py
[2024-09-11T13:43:49.611+0000] {processor.py:914} INFO - Processing file /home/airflow/.local/lib/python3.12/site-packages/airflow/example_dags/tutorial.py for tasks to queue
[2024-09-11T13:43:49.615+0000] {logging_mixin.py:190} INFO - [2024-09-11T13:43:49.614+0000] {dagbag.py:587} INFO - Filling up the DagBag from /home/airflow/.local/lib/python3.12/site-packages/airflow/example_dags/tutorial.py
[2024-09-11T13:43:49.622+0000] {processor.py:925} INFO - DAG(s) 'tutorial' retrieved from /home/airflow/.local/lib/python3.12/site-packages/airflow/example_dags/tutorial.py
[2024-09-11T13:43:49.645+0000] {logging_mixin.py:190} INFO - [2024-09-11T13:43:49.645+0000] {dag.py:3229} INFO - Sync 1 DAGs
[2024-09-11T13:43:49.672+0000] {logging_mixin.py:190} INFO - [2024-09-11T13:43:49.671+0000] {dag.py:4156} INFO - Setting next_dagrun for tutorial to 2024-09-10 00:00:00+00:00, run_after=2024-09-11 00:00:00+00:00
[2024-09-11T13:43:49.694+0000] {processor.py:208} INFO - Processing /home/airflow/.local/lib/python3.12/site-packages/airflow/example_dags/tutorial.py took 0.092 seconds
[2024-09-11T13:44:20.090+0000] {processor.py:186} INFO - Started process (PID=1191) to work on /home/airflow/.local/lib/python3.12/site-packages/airflow/example_dags/tutorial.py
[2024-09-11T13:44:20.092+0000] {processor.py:914} INFO - Processing file /home/airflow/.local/lib/python3.12/site-packages/airflow/example_dags/tutorial.py for tasks to queue
[2024-09-11T13:44:20.095+0000] {logging_mixin.py:190} INFO - [2024-09-11T13:44:20.094+0000] {dagbag.py:587} INFO - Filling up the DagBag from /home/airflow/.local/lib/python3.12/site-packages/airflow/example_dags/tutorial.py
[2024-09-11T13:44:20.103+0000] {processor.py:925} INFO - DAG(s) 'tutorial' retrieved from /home/airflow/.local/lib/python3.12/site-packages/airflow/example_dags/tutorial.py
[2024-09-11T13:44:20.128+0000] {logging_mixin.py:190} INFO - [2024-09-11T13:44:20.127+0000] {dag.py:3229} INFO - Sync 1 DAGs
[2024-09-11T13:44:20.153+0000] {logging_mixin.py:190} INFO - [2024-09-11T13:44:20.153+0000] {dag.py:4156} INFO - Setting next_dagrun for tutorial to 2024-09-10 00:00:00+00:00, run_after=2024-09-11 00:00:00+00:00
[2024-09-11T13:44:20.176+0000] {processor.py:208} INFO - Processing /home/airflow/.local/lib/python3.12/site-packages/airflow/example_dags/tutorial.py took 0.093 seconds
[2024-09-11T13:44:50.501+0000] {processor.py:186} INFO - Started process (PID=1253) to work on /home/airflow/.local/lib/python3.12/site-packages/airflow/example_dags/tutorial.py
[2024-09-11T13:44:50.502+0000] {processor.py:914} INFO - Processing file /home/airflow/.local/lib/python3.12/site-packages/airflow/example_dags/tutorial.py for tasks to queue
[2024-09-11T13:44:50.506+0000] {logging_mixin.py:190} INFO - [2024-09-11T13:44:50.505+0000] {dagbag.py:587} INFO - Filling up the DagBag from /home/airflow/.local/lib/python3.12/site-packages/airflow/example_dags/tutorial.py
[2024-09-11T13:44:50.514+0000] {processor.py:925} INFO - DAG(s) 'tutorial' retrieved from /home/airflow/.local/lib/python3.12/site-packages/airflow/example_dags/tutorial.py
[2024-09-11T13:44:50.537+0000] {logging_mixin.py:190} INFO - [2024-09-11T13:44:50.537+0000] {dag.py:3229} INFO - Sync 1 DAGs
[2024-09-11T13:44:50.562+0000] {logging_mixin.py:190} INFO - [2024-09-11T13:44:50.562+0000] {dag.py:4156} INFO - Setting next_dagrun for tutorial to 2024-09-10 00:00:00+00:00, run_after=2024-09-11 00:00:00+00:00
[2024-09-11T13:44:50.591+0000] {processor.py:208} INFO - Processing /home/airflow/.local/lib/python3.12/site-packages/airflow/example_dags/tutorial.py took 0.096 seconds
[2024-09-11T13:45:21.001+0000] {processor.py:186} INFO - Started process (PID=1315) to work on /home/airflow/.local/lib/python3.12/site-packages/airflow/example_dags/tutorial.py
[2024-09-11T13:45:21.002+0000] {processor.py:914} INFO - Processing file /home/airflow/.local/lib/python3.12/site-packages/airflow/example_dags/tutorial.py for tasks to queue
[2024-09-11T13:45:21.005+0000] {logging_mixin.py:190} INFO - [2024-09-11T13:45:21.005+0000] {dagbag.py:587} INFO - Filling up the DagBag from /home/airflow/.local/lib/python3.12/site-packages/airflow/example_dags/tutorial.py
[2024-09-11T13:45:21.013+0000] {processor.py:925} INFO - DAG(s) 'tutorial' retrieved from /home/airflow/.local/lib/python3.12/site-packages/airflow/example_dags/tutorial.py
[2024-09-11T13:45:21.035+0000] {logging_mixin.py:190} INFO - [2024-09-11T13:45:21.035+0000] {dag.py:3229} INFO - Sync 1 DAGs
[2024-09-11T13:45:21.061+0000] {logging_mixin.py:190} INFO - [2024-09-11T13:45:21.061+0000] {dag.py:4156} INFO - Setting next_dagrun for tutorial to 2024-09-10 00:00:00+00:00, run_after=2024-09-11 00:00:00+00:00
[2024-09-11T13:45:21.088+0000] {processor.py:208} INFO - Processing /home/airflow/.local/lib/python3.12/site-packages/airflow/example_dags/tutorial.py took 0.094 seconds
[2024-09-11T13:45:51.659+0000] {processor.py:186} INFO - Started process (PID=1383) to work on /home/airflow/.local/lib/python3.12/site-packages/airflow/example_dags/tutorial.py
[2024-09-11T13:45:51.660+0000] {processor.py:914} INFO - Processing file /home/airflow/.local/lib/python3.12/site-packages/airflow/example_dags/tutorial.py for tasks to queue
[2024-09-11T13:45:51.664+0000] {logging_mixin.py:190} INFO - [2024-09-11T13:45:51.663+0000] {dagbag.py:587} INFO - Filling up the DagBag from /home/airflow/.local/lib/python3.12/site-packages/airflow/example_dags/tutorial.py
[2024-09-11T13:45:51.672+0000] {processor.py:925} INFO - DAG(s) 'tutorial' retrieved from /home/airflow/.local/lib/python3.12/site-packages/airflow/example_dags/tutorial.py
[2024-09-11T13:45:51.696+0000] {logging_mixin.py:190} INFO - [2024-09-11T13:45:51.696+0000] {dag.py:3229} INFO - Sync 1 DAGs
[2024-09-11T13:45:51.724+0000] {logging_mixin.py:190} INFO - [2024-09-11T13:45:51.724+0000] {dag.py:4156} INFO - Setting next_dagrun for tutorial to 2024-09-10 00:00:00+00:00, run_after=2024-09-11 00:00:00+00:00
[2024-09-11T13:45:51.750+0000] {processor.py:208} INFO - Processing /home/airflow/.local/lib/python3.12/site-packages/airflow/example_dags/tutorial.py took 0.097 seconds
[2024-09-11T13:46:22.513+0000] {processor.py:186} INFO - Started process (PID=1445) to work on /home/airflow/.local/lib/python3.12/site-packages/airflow/example_dags/tutorial.py
[2024-09-11T13:46:22.515+0000] {processor.py:914} INFO - Processing file /home/airflow/.local/lib/python3.12/site-packages/airflow/example_dags/tutorial.py for tasks to queue
[2024-09-11T13:46:22.519+0000] {logging_mixin.py:190} INFO - [2024-09-11T13:46:22.518+0000] {dagbag.py:587} INFO - Filling up the DagBag from /home/airflow/.local/lib/python3.12/site-packages/airflow/example_dags/tutorial.py
[2024-09-11T13:46:22.528+0000] {processor.py:925} INFO - DAG(s) 'tutorial' retrieved from /home/airflow/.local/lib/python3.12/site-packages/airflow/example_dags/tutorial.py
[2024-09-11T13:46:22.552+0000] {logging_mixin.py:190} INFO - [2024-09-11T13:46:22.552+0000] {dag.py:3229} INFO - Sync 1 DAGs
[2024-09-11T13:46:22.578+0000] {logging_mixin.py:190} INFO - [2024-09-11T13:46:22.578+0000] {dag.py:4156} INFO - Setting next_dagrun for tutorial to 2024-09-10 00:00:00+00:00, run_after=2024-09-11 00:00:00+00:00
[2024-09-11T13:46:22.599+0000] {processor.py:208} INFO - Processing /home/airflow/.local/lib/python3.12/site-packages/airflow/example_dags/tutorial.py took 0.099 seconds
[2024-09-11T13:46:53.052+0000] {processor.py:186} INFO - Started process (PID=1507) to work on /home/airflow/.local/lib/python3.12/site-packages/airflow/example_dags/tutorial.py
[2024-09-11T13:46:53.053+0000] {processor.py:914} INFO - Processing file /home/airflow/.local/lib/python3.12/site-packages/airflow/example_dags/tutorial.py for tasks to queue
[2024-09-11T13:46:53.057+0000] {logging_mixin.py:190} INFO - [2024-09-11T13:46:53.057+0000] {dagbag.py:587} INFO - Filling up the DagBag from /home/airflow/.local/lib/python3.12/site-packages/airflow/example_dags/tutorial.py
[2024-09-11T13:46:53.065+0000] {processor.py:925} INFO - DAG(s) 'tutorial' retrieved from /home/airflow/.local/lib/python3.12/site-packages/airflow/example_dags/tutorial.py
[2024-09-11T13:46:53.097+0000] {logging_mixin.py:190} INFO - [2024-09-11T13:46:53.097+0000] {dag.py:3229} INFO - Sync 1 DAGs
[2024-09-11T13:46:53.122+0000] {logging_mixin.py:190} INFO - [2024-09-11T13:46:53.122+0000] {dag.py:4156} INFO - Setting next_dagrun for tutorial to 2024-09-10 00:00:00+00:00, run_after=2024-09-11 00:00:00+00:00
[2024-09-11T13:46:53.144+0000] {processor.py:208} INFO - Processing /home/airflow/.local/lib/python3.12/site-packages/airflow/example_dags/tutorial.py took 0.099 seconds
[2024-09-11T13:47:23.366+0000] {processor.py:186} INFO - Started process (PID=1569) to work on /home/airflow/.local/lib/python3.12/site-packages/airflow/example_dags/tutorial.py
[2024-09-11T13:47:23.367+0000] {processor.py:914} INFO - Processing file /home/airflow/.local/lib/python3.12/site-packages/airflow/example_dags/tutorial.py for tasks to queue
[2024-09-11T13:47:23.370+0000] {logging_mixin.py:190} INFO - [2024-09-11T13:47:23.370+0000] {dagbag.py:587} INFO - Filling up the DagBag from /home/airflow/.local/lib/python3.12/site-packages/airflow/example_dags/tutorial.py
[2024-09-11T13:47:23.378+0000] {processor.py:925} INFO - DAG(s) 'tutorial' retrieved from /home/airflow/.local/lib/python3.12/site-packages/airflow/example_dags/tutorial.py
[2024-09-11T13:47:23.400+0000] {logging_mixin.py:190} INFO - [2024-09-11T13:47:23.400+0000] {dag.py:3229} INFO - Sync 1 DAGs
[2024-09-11T13:47:23.427+0000] {logging_mixin.py:190} INFO - [2024-09-11T13:47:23.427+0000] {dag.py:4156} INFO - Setting next_dagrun for tutorial to 2024-09-10 00:00:00+00:00, run_after=2024-09-11 00:00:00+00:00
[2024-09-11T13:47:23.449+0000] {processor.py:208} INFO - Processing /home/airflow/.local/lib/python3.12/site-packages/airflow/example_dags/tutorial.py took 0.090 seconds
[2024-09-11T13:47:53.525+0000] {processor.py:186} INFO - Started process (PID=1631) to work on /home/airflow/.local/lib/python3.12/site-packages/airflow/example_dags/tutorial.py
[2024-09-11T13:47:53.526+0000] {processor.py:914} INFO - Processing file /home/airflow/.local/lib/python3.12/site-packages/airflow/example_dags/tutorial.py for tasks to queue
[2024-09-11T13:47:53.530+0000] {logging_mixin.py:190} INFO - [2024-09-11T13:47:53.530+0000] {dagbag.py:587} INFO - Filling up the DagBag from /home/airflow/.local/lib/python3.12/site-packages/airflow/example_dags/tutorial.py
[2024-09-11T13:47:53.544+0000] {processor.py:925} INFO - DAG(s) 'tutorial' retrieved from /home/airflow/.local/lib/python3.12/site-packages/airflow/example_dags/tutorial.py
[2024-09-11T13:47:53.566+0000] {logging_mixin.py:190} INFO - [2024-09-11T13:47:53.565+0000] {dag.py:3229} INFO - Sync 1 DAGs
[2024-09-11T13:47:53.597+0000] {logging_mixin.py:190} INFO - [2024-09-11T13:47:53.597+0000] {dag.py:4156} INFO - Setting next_dagrun for tutorial to 2024-09-10 00:00:00+00:00, run_after=2024-09-11 00:00:00+00:00
[2024-09-11T13:47:53.623+0000] {processor.py:208} INFO - Processing /home/airflow/.local/lib/python3.12/site-packages/airflow/example_dags/tutorial.py took 0.105 seconds
[2024-09-11T13:48:23.994+0000] {processor.py:186} INFO - Started process (PID=1693) to work on /home/airflow/.local/lib/python3.12/site-packages/airflow/example_dags/tutorial.py
[2024-09-11T13:48:23.996+0000] {processor.py:914} INFO - Processing file /home/airflow/.local/lib/python3.12/site-packages/airflow/example_dags/tutorial.py for tasks to queue
[2024-09-11T13:48:24.000+0000] {logging_mixin.py:190} INFO - [2024-09-11T13:48:23.999+0000] {dagbag.py:587} INFO - Filling up the DagBag from /home/airflow/.local/lib/python3.12/site-packages/airflow/example_dags/tutorial.py
[2024-09-11T13:48:24.012+0000] {processor.py:925} INFO - DAG(s) 'tutorial' retrieved from /home/airflow/.local/lib/python3.12/site-packages/airflow/example_dags/tutorial.py
[2024-09-11T13:48:24.036+0000] {logging_mixin.py:190} INFO - [2024-09-11T13:48:24.035+0000] {dag.py:3229} INFO - Sync 1 DAGs
[2024-09-11T13:48:24.066+0000] {logging_mixin.py:190} INFO - [2024-09-11T13:48:24.066+0000] {dag.py:4156} INFO - Setting next_dagrun for tutorial to 2024-09-10 00:00:00+00:00, run_after=2024-09-11 00:00:00+00:00
[2024-09-11T13:48:24.087+0000] {processor.py:208} INFO - Processing /home/airflow/.local/lib/python3.12/site-packages/airflow/example_dags/tutorial.py took 0.101 seconds
[2024-09-11T13:48:54.232+0000] {processor.py:186} INFO - Started process (PID=1755) to work on /home/airflow/.local/lib/python3.12/site-packages/airflow/example_dags/tutorial.py
[2024-09-11T13:48:54.233+0000] {processor.py:914} INFO - Processing file /home/airflow/.local/lib/python3.12/site-packages/airflow/example_dags/tutorial.py for tasks to queue
[2024-09-11T13:48:54.237+0000] {logging_mixin.py:190} INFO - [2024-09-11T13:48:54.236+0000] {dagbag.py:587} INFO - Filling up the DagBag from /home/airflow/.local/lib/python3.12/site-packages/airflow/example_dags/tutorial.py
[2024-09-11T13:48:54.245+0000] {processor.py:925} INFO - DAG(s) 'tutorial' retrieved from /home/airflow/.local/lib/python3.12/site-packages/airflow/example_dags/tutorial.py
[2024-09-11T13:48:54.269+0000] {logging_mixin.py:190} INFO - [2024-09-11T13:48:54.269+0000] {dag.py:3229} INFO - Sync 1 DAGs
[2024-09-11T13:48:54.295+0000] {logging_mixin.py:190} INFO - [2024-09-11T13:48:54.294+0000] {dag.py:4156} INFO - Setting next_dagrun for tutorial to 2024-09-10 00:00:00+00:00, run_after=2024-09-11 00:00:00+00:00
[2024-09-11T13:48:54.313+0000] {processor.py:208} INFO - Processing /home/airflow/.local/lib/python3.12/site-packages/airflow/example_dags/tutorial.py took 0.088 seconds
[2024-09-11T13:49:24.443+0000] {processor.py:186} INFO - Started process (PID=1817) to work on /home/airflow/.local/lib/python3.12/site-packages/airflow/example_dags/tutorial.py
[2024-09-11T13:49:24.445+0000] {processor.py:914} INFO - Processing file /home/airflow/.local/lib/python3.12/site-packages/airflow/example_dags/tutorial.py for tasks to queue
[2024-09-11T13:49:24.448+0000] {logging_mixin.py:190} INFO - [2024-09-11T13:49:24.448+0000] {dagbag.py:587} INFO - Filling up the DagBag from /home/airflow/.local/lib/python3.12/site-packages/airflow/example_dags/tutorial.py
[2024-09-11T13:49:24.457+0000] {processor.py:925} INFO - DAG(s) 'tutorial' retrieved from /home/airflow/.local/lib/python3.12/site-packages/airflow/example_dags/tutorial.py
[2024-09-11T13:49:24.479+0000] {logging_mixin.py:190} INFO - [2024-09-11T13:49:24.479+0000] {dag.py:3229} INFO - Sync 1 DAGs
[2024-09-11T13:49:24.503+0000] {logging_mixin.py:190} INFO - [2024-09-11T13:49:24.503+0000] {dag.py:4156} INFO - Setting next_dagrun for tutorial to 2024-09-10 00:00:00+00:00, run_after=2024-09-11 00:00:00+00:00
[2024-09-11T13:49:24.523+0000] {processor.py:208} INFO - Processing /home/airflow/.local/lib/python3.12/site-packages/airflow/example_dags/tutorial.py took 0.086 seconds
[2024-09-11T13:49:55.231+0000] {processor.py:186} INFO - Started process (PID=1879) to work on /home/airflow/.local/lib/python3.12/site-packages/airflow/example_dags/tutorial.py
[2024-09-11T13:49:55.232+0000] {processor.py:914} INFO - Processing file /home/airflow/.local/lib/python3.12/site-packages/airflow/example_dags/tutorial.py for tasks to queue
[2024-09-11T13:49:55.235+0000] {logging_mixin.py:190} INFO - [2024-09-11T13:49:55.235+0000] {dagbag.py:587} INFO - Filling up the DagBag from /home/airflow/.local/lib/python3.12/site-packages/airflow/example_dags/tutorial.py
[2024-09-11T13:49:55.244+0000] {processor.py:925} INFO - DAG(s) 'tutorial' retrieved from /home/airflow/.local/lib/python3.12/site-packages/airflow/example_dags/tutorial.py
[2024-09-11T13:49:55.267+0000] {logging_mixin.py:190} INFO - [2024-09-11T13:49:55.267+0000] {dag.py:3229} INFO - Sync 1 DAGs
[2024-09-11T13:49:55.292+0000] {logging_mixin.py:190} INFO - [2024-09-11T13:49:55.291+0000] {dag.py:4156} INFO - Setting next_dagrun for tutorial to 2024-09-10 00:00:00+00:00, run_after=2024-09-11 00:00:00+00:00
[2024-09-11T13:49:55.309+0000] {processor.py:208} INFO - Processing /home/airflow/.local/lib/python3.12/site-packages/airflow/example_dags/tutorial.py took 0.085 seconds
[2024-09-11T13:50:25.469+0000] {processor.py:186} INFO - Started process (PID=1941) to work on /home/airflow/.local/lib/python3.12/site-packages/airflow/example_dags/tutorial.py
[2024-09-11T13:50:25.471+0000] {processor.py:914} INFO - Processing file /home/airflow/.local/lib/python3.12/site-packages/airflow/example_dags/tutorial.py for tasks to queue
[2024-09-11T13:50:25.473+0000] {logging_mixin.py:190} INFO - [2024-09-11T13:50:25.473+0000] {dagbag.py:587} INFO - Filling up the DagBag from /home/airflow/.local/lib/python3.12/site-packages/airflow/example_dags/tutorial.py
[2024-09-11T13:50:25.482+0000] {processor.py:925} INFO - DAG(s) 'tutorial' retrieved from /home/airflow/.local/lib/python3.12/site-packages/airflow/example_dags/tutorial.py
[2024-09-11T13:50:25.504+0000] {logging_mixin.py:190} INFO - [2024-09-11T13:50:25.504+0000] {dag.py:3229} INFO - Sync 1 DAGs
[2024-09-11T13:50:25.529+0000] {logging_mixin.py:190} INFO - [2024-09-11T13:50:25.529+0000] {dag.py:4156} INFO - Setting next_dagrun for tutorial to 2024-09-10 00:00:00+00:00, run_after=2024-09-11 00:00:00+00:00
[2024-09-11T13:50:25.550+0000] {processor.py:208} INFO - Processing /home/airflow/.local/lib/python3.12/site-packages/airflow/example_dags/tutorial.py took 0.088 seconds
[2024-09-11T13:50:55.741+0000] {processor.py:186} INFO - Started process (PID=2003) to work on /home/airflow/.local/lib/python3.12/site-packages/airflow/example_dags/tutorial.py
[2024-09-11T13:50:55.743+0000] {processor.py:914} INFO - Processing file /home/airflow/.local/lib/python3.12/site-packages/airflow/example_dags/tutorial.py for tasks to queue
[2024-09-11T13:50:55.746+0000] {logging_mixin.py:190} INFO - [2024-09-11T13:50:55.745+0000] {dagbag.py:587} INFO - Filling up the DagBag from /home/airflow/.local/lib/python3.12/site-packages/airflow/example_dags/tutorial.py
[2024-09-11T13:50:55.754+0000] {processor.py:925} INFO - DAG(s) 'tutorial' retrieved from /home/airflow/.local/lib/python3.12/site-packages/airflow/example_dags/tutorial.py
[2024-09-11T13:50:55.777+0000] {logging_mixin.py:190} INFO - [2024-09-11T13:50:55.777+0000] {dag.py:3229} INFO - Sync 1 DAGs
[2024-09-11T13:50:55.801+0000] {logging_mixin.py:190} INFO - [2024-09-11T13:50:55.801+0000] {dag.py:4156} INFO - Setting next_dagrun for tutorial to 2024-09-10 00:00:00+00:00, run_after=2024-09-11 00:00:00+00:00
[2024-09-11T13:50:55.821+0000] {processor.py:208} INFO - Processing /home/airflow/.local/lib/python3.12/site-packages/airflow/example_dags/tutorial.py took 0.086 seconds
[2024-09-11T13:51:26.437+0000] {processor.py:186} INFO - Started process (PID=2059) to work on /home/airflow/.local/lib/python3.12/site-packages/airflow/example_dags/tutorial.py
[2024-09-11T13:51:26.439+0000] {processor.py:914} INFO - Processing file /home/airflow/.local/lib/python3.12/site-packages/airflow/example_dags/tutorial.py for tasks to queue
[2024-09-11T13:51:26.442+0000] {logging_mixin.py:190} INFO - [2024-09-11T13:51:26.441+0000] {dagbag.py:587} INFO - Filling up the DagBag from /home/airflow/.local/lib/python3.12/site-packages/airflow/example_dags/tutorial.py
[2024-09-11T13:51:26.456+0000] {processor.py:925} INFO - DAG(s) 'tutorial' retrieved from /home/airflow/.local/lib/python3.12/site-packages/airflow/example_dags/tutorial.py
[2024-09-11T13:51:26.489+0000] {logging_mixin.py:190} INFO - [2024-09-11T13:51:26.489+0000] {dag.py:3229} INFO - Sync 1 DAGs
[2024-09-11T13:51:26.558+0000] {logging_mixin.py:190} INFO - [2024-09-11T13:51:26.558+0000] {dag.py:4156} INFO - Setting next_dagrun for tutorial to 2024-09-10 00:00:00+00:00, run_after=2024-09-11 00:00:00+00:00
[2024-09-11T13:51:26.596+0000] {processor.py:208} INFO - Processing /home/airflow/.local/lib/python3.12/site-packages/airflow/example_dags/tutorial.py took 0.169 seconds
[2024-09-11T13:51:57.032+0000] {processor.py:186} INFO - Started process (PID=2121) to work on /home/airflow/.local/lib/python3.12/site-packages/airflow/example_dags/tutorial.py
[2024-09-11T13:51:57.033+0000] {processor.py:914} INFO - Processing file /home/airflow/.local/lib/python3.12/site-packages/airflow/example_dags/tutorial.py for tasks to queue
[2024-09-11T13:51:57.036+0000] {logging_mixin.py:190} INFO - [2024-09-11T13:51:57.035+0000] {dagbag.py:587} INFO - Filling up the DagBag from /home/airflow/.local/lib/python3.12/site-packages/airflow/example_dags/tutorial.py
[2024-09-11T13:51:57.047+0000] {processor.py:925} INFO - DAG(s) 'tutorial' retrieved from /home/airflow/.local/lib/python3.12/site-packages/airflow/example_dags/tutorial.py
[2024-09-11T13:51:57.075+0000] {logging_mixin.py:190} INFO - [2024-09-11T13:51:57.075+0000] {dag.py:3229} INFO - Sync 1 DAGs
[2024-09-11T13:51:57.114+0000] {logging_mixin.py:190} INFO - [2024-09-11T13:51:57.114+0000] {dag.py:4156} INFO - Setting next_dagrun for tutorial to 2024-09-10 00:00:00+00:00, run_after=2024-09-11 00:00:00+00:00
[2024-09-11T13:51:57.146+0000] {processor.py:208} INFO - Processing /home/airflow/.local/lib/python3.12/site-packages/airflow/example_dags/tutorial.py took 0.123 seconds
[2024-09-11T13:52:28.431+0000] {processor.py:186} INFO - Started process (PID=2183) to work on /home/airflow/.local/lib/python3.12/site-packages/airflow/example_dags/tutorial.py
[2024-09-11T13:52:28.432+0000] {processor.py:914} INFO - Processing file /home/airflow/.local/lib/python3.12/site-packages/airflow/example_dags/tutorial.py for tasks to queue
[2024-09-11T13:52:28.435+0000] {logging_mixin.py:190} INFO - [2024-09-11T13:52:28.435+0000] {dagbag.py:587} INFO - Filling up the DagBag from /home/airflow/.local/lib/python3.12/site-packages/airflow/example_dags/tutorial.py
[2024-09-11T13:52:28.445+0000] {processor.py:925} INFO - DAG(s) 'tutorial' retrieved from /home/airflow/.local/lib/python3.12/site-packages/airflow/example_dags/tutorial.py
[2024-09-11T13:52:28.476+0000] {logging_mixin.py:190} INFO - [2024-09-11T13:52:28.475+0000] {dag.py:3229} INFO - Sync 1 DAGs
[2024-09-11T13:52:28.510+0000] {logging_mixin.py:190} INFO - [2024-09-11T13:52:28.509+0000] {dag.py:4156} INFO - Setting next_dagrun for tutorial to 2024-09-10 00:00:00+00:00, run_after=2024-09-11 00:00:00+00:00
[2024-09-11T13:52:28.543+0000] {processor.py:208} INFO - Processing /home/airflow/.local/lib/python3.12/site-packages/airflow/example_dags/tutorial.py took 0.119 seconds
[2024-09-11T13:52:59.799+0000] {processor.py:186} INFO - Started process (PID=2244) to work on /home/airflow/.local/lib/python3.12/site-packages/airflow/example_dags/tutorial.py
[2024-09-11T13:52:59.801+0000] {processor.py:914} INFO - Processing file /home/airflow/.local/lib/python3.12/site-packages/airflow/example_dags/tutorial.py for tasks to queue
[2024-09-11T13:52:59.804+0000] {logging_mixin.py:190} INFO - [2024-09-11T13:52:59.804+0000] {dagbag.py:587} INFO - Filling up the DagBag from /home/airflow/.local/lib/python3.12/site-packages/airflow/example_dags/tutorial.py
[2024-09-11T13:52:59.814+0000] {processor.py:925} INFO - DAG(s) 'tutorial' retrieved from /home/airflow/.local/lib/python3.12/site-packages/airflow/example_dags/tutorial.py
[2024-09-11T13:52:59.838+0000] {logging_mixin.py:190} INFO - [2024-09-11T13:52:59.838+0000] {dag.py:3229} INFO - Sync 1 DAGs
[2024-09-11T13:52:59.868+0000] {logging_mixin.py:190} INFO - [2024-09-11T13:52:59.868+0000] {dag.py:4156} INFO - Setting next_dagrun for tutorial to 2024-09-10 00:00:00+00:00, run_after=2024-09-11 00:00:00+00:00
[2024-09-11T13:52:59.893+0000] {processor.py:208} INFO - Processing /home/airflow/.local/lib/python3.12/site-packages/airflow/example_dags/tutorial.py took 0.102 seconds
[2024-09-11T13:53:30.369+0000] {processor.py:186} INFO - Started process (PID=2306) to work on /home/airflow/.local/lib/python3.12/site-packages/airflow/example_dags/tutorial.py
[2024-09-11T13:53:30.371+0000] {processor.py:914} INFO - Processing file /home/airflow/.local/lib/python3.12/site-packages/airflow/example_dags/tutorial.py for tasks to queue
[2024-09-11T13:53:30.374+0000] {logging_mixin.py:190} INFO - [2024-09-11T13:53:30.373+0000] {dagbag.py:587} INFO - Filling up the DagBag from /home/airflow/.local/lib/python3.12/site-packages/airflow/example_dags/tutorial.py
[2024-09-11T13:53:30.383+0000] {processor.py:925} INFO - DAG(s) 'tutorial' retrieved from /home/airflow/.local/lib/python3.12/site-packages/airflow/example_dags/tutorial.py
[2024-09-11T13:53:30.406+0000] {logging_mixin.py:190} INFO - [2024-09-11T13:53:30.406+0000] {dag.py:3229} INFO - Sync 1 DAGs
[2024-09-11T13:53:30.430+0000] {logging_mixin.py:190} INFO - [2024-09-11T13:53:30.430+0000] {dag.py:4156} INFO - Setting next_dagrun for tutorial to 2024-09-10 00:00:00+00:00, run_after=2024-09-11 00:00:00+00:00
[2024-09-11T13:53:30.451+0000] {processor.py:208} INFO - Processing /home/airflow/.local/lib/python3.12/site-packages/airflow/example_dags/tutorial.py took 0.090 seconds
[2024-09-11T13:54:01.384+0000] {processor.py:186} INFO - Started process (PID=2367) to work on /home/airflow/.local/lib/python3.12/site-packages/airflow/example_dags/tutorial.py
[2024-09-11T13:54:01.385+0000] {processor.py:914} INFO - Processing file /home/airflow/.local/lib/python3.12/site-packages/airflow/example_dags/tutorial.py for tasks to queue
[2024-09-11T13:54:01.388+0000] {logging_mixin.py:190} INFO - [2024-09-11T13:54:01.388+0000] {dagbag.py:587} INFO - Filling up the DagBag from /home/airflow/.local/lib/python3.12/site-packages/airflow/example_dags/tutorial.py
[2024-09-11T13:54:01.401+0000] {processor.py:925} INFO - DAG(s) 'tutorial' retrieved from /home/airflow/.local/lib/python3.12/site-packages/airflow/example_dags/tutorial.py
[2024-09-11T13:54:01.426+0000] {logging_mixin.py:190} INFO - [2024-09-11T13:54:01.426+0000] {dag.py:3229} INFO - Sync 1 DAGs
[2024-09-11T13:54:01.462+0000] {logging_mixin.py:190} INFO - [2024-09-11T13:54:01.462+0000] {dag.py:4156} INFO - Setting next_dagrun for tutorial to 2024-09-10 00:00:00+00:00, run_after=2024-09-11 00:00:00+00:00
[2024-09-11T13:54:01.489+0000] {processor.py:208} INFO - Processing /home/airflow/.local/lib/python3.12/site-packages/airflow/example_dags/tutorial.py took 0.114 seconds
[2024-09-11T13:54:31.946+0000] {processor.py:186} INFO - Started process (PID=2425) to work on /home/airflow/.local/lib/python3.12/site-packages/airflow/example_dags/tutorial.py
[2024-09-11T13:54:31.948+0000] {processor.py:914} INFO - Processing file /home/airflow/.local/lib/python3.12/site-packages/airflow/example_dags/tutorial.py for tasks to queue
[2024-09-11T13:54:31.951+0000] {logging_mixin.py:190} INFO - [2024-09-11T13:54:31.950+0000] {dagbag.py:587} INFO - Filling up the DagBag from /home/airflow/.local/lib/python3.12/site-packages/airflow/example_dags/tutorial.py
[2024-09-11T13:54:31.960+0000] {processor.py:925} INFO - DAG(s) 'tutorial' retrieved from /home/airflow/.local/lib/python3.12/site-packages/airflow/example_dags/tutorial.py
[2024-09-11T13:54:31.986+0000] {logging_mixin.py:190} INFO - [2024-09-11T13:54:31.986+0000] {dag.py:3229} INFO - Sync 1 DAGs
[2024-09-11T13:54:32.015+0000] {logging_mixin.py:190} INFO - [2024-09-11T13:54:32.015+0000] {dag.py:4156} INFO - Setting next_dagrun for tutorial to 2024-09-10 00:00:00+00:00, run_after=2024-09-11 00:00:00+00:00
[2024-09-11T13:54:32.036+0000] {processor.py:208} INFO - Processing /home/airflow/.local/lib/python3.12/site-packages/airflow/example_dags/tutorial.py took 0.097 seconds
[2024-09-11T13:55:02.482+0000] {processor.py:186} INFO - Started process (PID=2487) to work on /home/airflow/.local/lib/python3.12/site-packages/airflow/example_dags/tutorial.py
[2024-09-11T13:55:02.483+0000] {processor.py:914} INFO - Processing file /home/airflow/.local/lib/python3.12/site-packages/airflow/example_dags/tutorial.py for tasks to queue
[2024-09-11T13:55:02.486+0000] {logging_mixin.py:190} INFO - [2024-09-11T13:55:02.486+0000] {dagbag.py:587} INFO - Filling up the DagBag from /home/airflow/.local/lib/python3.12/site-packages/airflow/example_dags/tutorial.py
[2024-09-11T13:55:02.497+0000] {processor.py:925} INFO - DAG(s) 'tutorial' retrieved from /home/airflow/.local/lib/python3.12/site-packages/airflow/example_dags/tutorial.py
[2024-09-11T13:55:02.525+0000] {logging_mixin.py:190} INFO - [2024-09-11T13:55:02.524+0000] {dag.py:3229} INFO - Sync 1 DAGs
[2024-09-11T13:55:02.564+0000] {logging_mixin.py:190} INFO - [2024-09-11T13:55:02.563+0000] {dag.py:4156} INFO - Setting next_dagrun for tutorial to 2024-09-10 00:00:00+00:00, run_after=2024-09-11 00:00:00+00:00
[2024-09-11T13:55:02.590+0000] {processor.py:208} INFO - Processing /home/airflow/.local/lib/python3.12/site-packages/airflow/example_dags/tutorial.py took 0.116 seconds
[2024-09-11T13:55:32.839+0000] {processor.py:186} INFO - Started process (PID=2549) to work on /home/airflow/.local/lib/python3.12/site-packages/airflow/example_dags/tutorial.py
[2024-09-11T13:55:32.843+0000] {processor.py:914} INFO - Processing file /home/airflow/.local/lib/python3.12/site-packages/airflow/example_dags/tutorial.py for tasks to queue
[2024-09-11T13:55:32.846+0000] {logging_mixin.py:190} INFO - [2024-09-11T13:55:32.846+0000] {dagbag.py:587} INFO - Filling up the DagBag from /home/airflow/.local/lib/python3.12/site-packages/airflow/example_dags/tutorial.py
[2024-09-11T13:55:32.858+0000] {processor.py:925} INFO - DAG(s) 'tutorial' retrieved from /home/airflow/.local/lib/python3.12/site-packages/airflow/example_dags/tutorial.py
[2024-09-11T13:55:32.889+0000] {logging_mixin.py:190} INFO - [2024-09-11T13:55:32.888+0000] {dag.py:3229} INFO - Sync 1 DAGs
[2024-09-11T13:55:32.928+0000] {logging_mixin.py:190} INFO - [2024-09-11T13:55:32.928+0000] {dag.py:4156} INFO - Setting next_dagrun for tutorial to 2024-09-10 00:00:00+00:00, run_after=2024-09-11 00:00:00+00:00
[2024-09-11T13:55:32.950+0000] {processor.py:208} INFO - Processing /home/airflow/.local/lib/python3.12/site-packages/airflow/example_dags/tutorial.py took 0.119 seconds
[2024-09-11T13:56:03.719+0000] {processor.py:186} INFO - Started process (PID=2611) to work on /home/airflow/.local/lib/python3.12/site-packages/airflow/example_dags/tutorial.py
[2024-09-11T13:56:03.722+0000] {processor.py:914} INFO - Processing file /home/airflow/.local/lib/python3.12/site-packages/airflow/example_dags/tutorial.py for tasks to queue
[2024-09-11T13:56:03.726+0000] {logging_mixin.py:190} INFO - [2024-09-11T13:56:03.725+0000] {dagbag.py:587} INFO - Filling up the DagBag from /home/airflow/.local/lib/python3.12/site-packages/airflow/example_dags/tutorial.py
[2024-09-11T13:56:03.747+0000] {processor.py:925} INFO - DAG(s) 'tutorial' retrieved from /home/airflow/.local/lib/python3.12/site-packages/airflow/example_dags/tutorial.py
[2024-09-11T13:56:03.782+0000] {logging_mixin.py:190} INFO - [2024-09-11T13:56:03.782+0000] {dag.py:3229} INFO - Sync 1 DAGs
[2024-09-11T13:56:03.825+0000] {logging_mixin.py:190} INFO - [2024-09-11T13:56:03.825+0000] {dag.py:4156} INFO - Setting next_dagrun for tutorial to 2024-09-10 00:00:00+00:00, run_after=2024-09-11 00:00:00+00:00
[2024-09-11T13:56:04.277+0000] {processor.py:208} INFO - Processing /home/airflow/.local/lib/python3.12/site-packages/airflow/example_dags/tutorial.py took 0.569 seconds
[2024-09-11T13:56:34.685+0000] {processor.py:186} INFO - Started process (PID=2673) to work on /home/airflow/.local/lib/python3.12/site-packages/airflow/example_dags/tutorial.py
[2024-09-11T13:56:34.687+0000] {processor.py:914} INFO - Processing file /home/airflow/.local/lib/python3.12/site-packages/airflow/example_dags/tutorial.py for tasks to queue
[2024-09-11T13:56:34.690+0000] {logging_mixin.py:190} INFO - [2024-09-11T13:56:34.690+0000] {dagbag.py:587} INFO - Filling up the DagBag from /home/airflow/.local/lib/python3.12/site-packages/airflow/example_dags/tutorial.py
[2024-09-11T13:56:34.701+0000] {processor.py:925} INFO - DAG(s) 'tutorial' retrieved from /home/airflow/.local/lib/python3.12/site-packages/airflow/example_dags/tutorial.py
[2024-09-11T13:56:34.729+0000] {logging_mixin.py:190} INFO - [2024-09-11T13:56:34.729+0000] {dag.py:3229} INFO - Sync 1 DAGs
[2024-09-11T13:56:35.009+0000] {logging_mixin.py:190} INFO - [2024-09-11T13:56:35.009+0000] {dag.py:4156} INFO - Setting next_dagrun for tutorial to 2024-09-10 00:00:00+00:00, run_after=2024-09-11 00:00:00+00:00
[2024-09-11T13:56:35.032+0000] {processor.py:208} INFO - Processing /home/airflow/.local/lib/python3.12/site-packages/airflow/example_dags/tutorial.py took 0.354 seconds
[2024-09-11T13:57:05.219+0000] {processor.py:186} INFO - Started process (PID=2735) to work on /home/airflow/.local/lib/python3.12/site-packages/airflow/example_dags/tutorial.py
[2024-09-11T13:57:05.220+0000] {processor.py:914} INFO - Processing file /home/airflow/.local/lib/python3.12/site-packages/airflow/example_dags/tutorial.py for tasks to queue
[2024-09-11T13:57:05.224+0000] {logging_mixin.py:190} INFO - [2024-09-11T13:57:05.224+0000] {dagbag.py:587} INFO - Filling up the DagBag from /home/airflow/.local/lib/python3.12/site-packages/airflow/example_dags/tutorial.py
[2024-09-11T13:57:05.236+0000] {processor.py:925} INFO - DAG(s) 'tutorial' retrieved from /home/airflow/.local/lib/python3.12/site-packages/airflow/example_dags/tutorial.py
[2024-09-11T13:57:05.261+0000] {logging_mixin.py:190} INFO - [2024-09-11T13:57:05.261+0000] {dag.py:3229} INFO - Sync 1 DAGs
[2024-09-11T13:57:05.288+0000] {logging_mixin.py:190} INFO - [2024-09-11T13:57:05.287+0000] {dag.py:4156} INFO - Setting next_dagrun for tutorial to 2024-09-10 00:00:00+00:00, run_after=2024-09-11 00:00:00+00:00
[2024-09-11T13:57:05.535+0000] {processor.py:208} INFO - Processing /home/airflow/.local/lib/python3.12/site-packages/airflow/example_dags/tutorial.py took 0.323 seconds
[2024-09-11T13:57:35.875+0000] {processor.py:186} INFO - Started process (PID=2797) to work on /home/airflow/.local/lib/python3.12/site-packages/airflow/example_dags/tutorial.py
[2024-09-11T13:57:35.876+0000] {processor.py:914} INFO - Processing file /home/airflow/.local/lib/python3.12/site-packages/airflow/example_dags/tutorial.py for tasks to queue
[2024-09-11T13:57:35.879+0000] {logging_mixin.py:190} INFO - [2024-09-11T13:57:35.878+0000] {dagbag.py:587} INFO - Filling up the DagBag from /home/airflow/.local/lib/python3.12/site-packages/airflow/example_dags/tutorial.py
[2024-09-11T13:57:35.888+0000] {processor.py:925} INFO - DAG(s) 'tutorial' retrieved from /home/airflow/.local/lib/python3.12/site-packages/airflow/example_dags/tutorial.py
[2024-09-11T13:57:35.912+0000] {logging_mixin.py:190} INFO - [2024-09-11T13:57:35.911+0000] {dag.py:3229} INFO - Sync 1 DAGs
[2024-09-11T13:57:35.936+0000] {logging_mixin.py:190} INFO - [2024-09-11T13:57:35.936+0000] {dag.py:4156} INFO - Setting next_dagrun for tutorial to 2024-09-10 00:00:00+00:00, run_after=2024-09-11 00:00:00+00:00
[2024-09-11T13:57:35.958+0000] {processor.py:208} INFO - Processing /home/airflow/.local/lib/python3.12/site-packages/airflow/example_dags/tutorial.py took 0.090 seconds
[2024-09-11T13:58:06.355+0000] {processor.py:186} INFO - Started process (PID=2858) to work on /home/airflow/.local/lib/python3.12/site-packages/airflow/example_dags/tutorial.py
[2024-09-11T13:58:06.357+0000] {processor.py:914} INFO - Processing file /home/airflow/.local/lib/python3.12/site-packages/airflow/example_dags/tutorial.py for tasks to queue
[2024-09-11T13:58:06.360+0000] {logging_mixin.py:190} INFO - [2024-09-11T13:58:06.359+0000] {dagbag.py:587} INFO - Filling up the DagBag from /home/airflow/.local/lib/python3.12/site-packages/airflow/example_dags/tutorial.py
[2024-09-11T13:58:06.369+0000] {processor.py:925} INFO - DAG(s) 'tutorial' retrieved from /home/airflow/.local/lib/python3.12/site-packages/airflow/example_dags/tutorial.py
[2024-09-11T13:58:06.391+0000] {logging_mixin.py:190} INFO - [2024-09-11T13:58:06.391+0000] {dag.py:3229} INFO - Sync 1 DAGs
[2024-09-11T13:58:06.426+0000] {logging_mixin.py:190} INFO - [2024-09-11T13:58:06.425+0000] {dag.py:4156} INFO - Setting next_dagrun for tutorial to 2024-09-10 00:00:00+00:00, run_after=2024-09-11 00:00:00+00:00
[2024-09-11T13:58:06.451+0000] {processor.py:208} INFO - Processing /home/airflow/.local/lib/python3.12/site-packages/airflow/example_dags/tutorial.py took 0.103 seconds
[2024-09-11T13:58:36.904+0000] {processor.py:186} INFO - Started process (PID=2918) to work on /home/airflow/.local/lib/python3.12/site-packages/airflow/example_dags/tutorial.py
[2024-09-11T13:58:36.919+0000] {processor.py:914} INFO - Processing file /home/airflow/.local/lib/python3.12/site-packages/airflow/example_dags/tutorial.py for tasks to queue
[2024-09-11T13:58:36.927+0000] {logging_mixin.py:190} INFO - [2024-09-11T13:58:36.924+0000] {dagbag.py:587} INFO - Filling up the DagBag from /home/airflow/.local/lib/python3.12/site-packages/airflow/example_dags/tutorial.py
[2024-09-11T13:58:36.951+0000] {processor.py:925} INFO - DAG(s) 'tutorial' retrieved from /home/airflow/.local/lib/python3.12/site-packages/airflow/example_dags/tutorial.py
[2024-09-11T13:58:36.996+0000] {logging_mixin.py:190} INFO - [2024-09-11T13:58:36.996+0000] {dag.py:3229} INFO - Sync 1 DAGs
[2024-09-11T13:58:37.039+0000] {logging_mixin.py:190} INFO - [2024-09-11T13:58:37.039+0000] {dag.py:4156} INFO - Setting next_dagrun for tutorial to 2024-09-10 00:00:00+00:00, run_after=2024-09-11 00:00:00+00:00
[2024-09-11T13:58:37.077+0000] {processor.py:208} INFO - Processing /home/airflow/.local/lib/python3.12/site-packages/airflow/example_dags/tutorial.py took 0.190 seconds
[2024-09-11T13:59:07.154+0000] {processor.py:186} INFO - Started process (PID=2980) to work on /home/airflow/.local/lib/python3.12/site-packages/airflow/example_dags/tutorial.py
[2024-09-11T13:59:07.155+0000] {processor.py:914} INFO - Processing file /home/airflow/.local/lib/python3.12/site-packages/airflow/example_dags/tutorial.py for tasks to queue
[2024-09-11T13:59:07.158+0000] {logging_mixin.py:190} INFO - [2024-09-11T13:59:07.158+0000] {dagbag.py:587} INFO - Filling up the DagBag from /home/airflow/.local/lib/python3.12/site-packages/airflow/example_dags/tutorial.py
[2024-09-11T13:59:07.166+0000] {processor.py:925} INFO - DAG(s) 'tutorial' retrieved from /home/airflow/.local/lib/python3.12/site-packages/airflow/example_dags/tutorial.py
[2024-09-11T13:59:07.186+0000] {logging_mixin.py:190} INFO - [2024-09-11T13:59:07.186+0000] {dag.py:3229} INFO - Sync 1 DAGs
[2024-09-11T13:59:07.209+0000] {logging_mixin.py:190} INFO - [2024-09-11T13:59:07.209+0000] {dag.py:4156} INFO - Setting next_dagrun for tutorial to 2024-09-10 00:00:00+00:00, run_after=2024-09-11 00:00:00+00:00
[2024-09-11T13:59:07.226+0000] {processor.py:208} INFO - Processing /home/airflow/.local/lib/python3.12/site-packages/airflow/example_dags/tutorial.py took 0.078 seconds
[2024-09-11T13:59:37.509+0000] {processor.py:186} INFO - Started process (PID=3042) to work on /home/airflow/.local/lib/python3.12/site-packages/airflow/example_dags/tutorial.py
[2024-09-11T13:59:37.510+0000] {processor.py:914} INFO - Processing file /home/airflow/.local/lib/python3.12/site-packages/airflow/example_dags/tutorial.py for tasks to queue
[2024-09-11T13:59:37.513+0000] {logging_mixin.py:190} INFO - [2024-09-11T13:59:37.513+0000] {dagbag.py:587} INFO - Filling up the DagBag from /home/airflow/.local/lib/python3.12/site-packages/airflow/example_dags/tutorial.py
[2024-09-11T13:59:37.522+0000] {processor.py:925} INFO - DAG(s) 'tutorial' retrieved from /home/airflow/.local/lib/python3.12/site-packages/airflow/example_dags/tutorial.py
[2024-09-11T13:59:37.567+0000] {logging_mixin.py:190} INFO - [2024-09-11T13:59:37.567+0000] {dag.py:3229} INFO - Sync 1 DAGs
[2024-09-11T13:59:37.605+0000] {logging_mixin.py:190} INFO - [2024-09-11T13:59:37.604+0000] {dag.py:4156} INFO - Setting next_dagrun for tutorial to 2024-09-10 00:00:00+00:00, run_after=2024-09-11 00:00:00+00:00
[2024-09-11T13:59:37.624+0000] {processor.py:208} INFO - Processing /home/airflow/.local/lib/python3.12/site-packages/airflow/example_dags/tutorial.py took 0.122 seconds
[2024-09-11T14:00:07.905+0000] {processor.py:186} INFO - Started process (PID=3104) to work on /home/airflow/.local/lib/python3.12/site-packages/airflow/example_dags/tutorial.py
[2024-09-11T14:00:07.906+0000] {processor.py:914} INFO - Processing file /home/airflow/.local/lib/python3.12/site-packages/airflow/example_dags/tutorial.py for tasks to queue
[2024-09-11T14:00:07.909+0000] {logging_mixin.py:190} INFO - [2024-09-11T14:00:07.909+0000] {dagbag.py:587} INFO - Filling up the DagBag from /home/airflow/.local/lib/python3.12/site-packages/airflow/example_dags/tutorial.py
[2024-09-11T14:00:07.919+0000] {processor.py:925} INFO - DAG(s) 'tutorial' retrieved from /home/airflow/.local/lib/python3.12/site-packages/airflow/example_dags/tutorial.py
[2024-09-11T14:00:07.946+0000] {logging_mixin.py:190} INFO - [2024-09-11T14:00:07.945+0000] {dag.py:3229} INFO - Sync 1 DAGs
[2024-09-11T14:00:07.972+0000] {logging_mixin.py:190} INFO - [2024-09-11T14:00:07.972+0000] {dag.py:4156} INFO - Setting next_dagrun for tutorial to 2024-09-10 00:00:00+00:00, run_after=2024-09-11 00:00:00+00:00
[2024-09-11T14:00:07.990+0000] {processor.py:208} INFO - Processing /home/airflow/.local/lib/python3.12/site-packages/airflow/example_dags/tutorial.py took 0.094 seconds
[2024-09-11T14:00:38.910+0000] {processor.py:186} INFO - Started process (PID=3166) to work on /home/airflow/.local/lib/python3.12/site-packages/airflow/example_dags/tutorial.py
[2024-09-11T14:00:38.911+0000] {processor.py:914} INFO - Processing file /home/airflow/.local/lib/python3.12/site-packages/airflow/example_dags/tutorial.py for tasks to queue
[2024-09-11T14:00:38.914+0000] {logging_mixin.py:190} INFO - [2024-09-11T14:00:38.914+0000] {dagbag.py:587} INFO - Filling up the DagBag from /home/airflow/.local/lib/python3.12/site-packages/airflow/example_dags/tutorial.py
[2024-09-11T14:00:38.922+0000] {processor.py:925} INFO - DAG(s) 'tutorial' retrieved from /home/airflow/.local/lib/python3.12/site-packages/airflow/example_dags/tutorial.py
[2024-09-11T14:00:38.945+0000] {logging_mixin.py:190} INFO - [2024-09-11T14:00:38.944+0000] {dag.py:3229} INFO - Sync 1 DAGs
[2024-09-11T14:00:38.968+0000] {logging_mixin.py:190} INFO - [2024-09-11T14:00:38.968+0000] {dag.py:4156} INFO - Setting next_dagrun for tutorial to 2024-09-10 00:00:00+00:00, run_after=2024-09-11 00:00:00+00:00
[2024-09-11T14:00:38.986+0000] {processor.py:208} INFO - Processing /home/airflow/.local/lib/python3.12/site-packages/airflow/example_dags/tutorial.py took 0.083 seconds
[2024-09-11T14:01:09.998+0000] {processor.py:186} INFO - Started process (PID=3228) to work on /home/airflow/.local/lib/python3.12/site-packages/airflow/example_dags/tutorial.py
[2024-09-11T14:01:10.000+0000] {processor.py:914} INFO - Processing file /home/airflow/.local/lib/python3.12/site-packages/airflow/example_dags/tutorial.py for tasks to queue
[2024-09-11T14:01:10.002+0000] {logging_mixin.py:190} INFO - [2024-09-11T14:01:10.002+0000] {dagbag.py:587} INFO - Filling up the DagBag from /home/airflow/.local/lib/python3.12/site-packages/airflow/example_dags/tutorial.py
[2024-09-11T14:01:10.011+0000] {processor.py:925} INFO - DAG(s) 'tutorial' retrieved from /home/airflow/.local/lib/python3.12/site-packages/airflow/example_dags/tutorial.py
[2024-09-11T14:01:10.035+0000] {logging_mixin.py:190} INFO - [2024-09-11T14:01:10.035+0000] {dag.py:3229} INFO - Sync 1 DAGs
[2024-09-11T14:01:10.057+0000] {logging_mixin.py:190} INFO - [2024-09-11T14:01:10.057+0000] {dag.py:4156} INFO - Setting next_dagrun for tutorial to 2024-09-10 00:00:00+00:00, run_after=2024-09-11 00:00:00+00:00
[2024-09-11T14:01:10.076+0000] {processor.py:208} INFO - Processing /home/airflow/.local/lib/python3.12/site-packages/airflow/example_dags/tutorial.py took 0.085 seconds
[2024-09-11T14:01:40.694+0000] {processor.py:186} INFO - Started process (PID=3290) to work on /home/airflow/.local/lib/python3.12/site-packages/airflow/example_dags/tutorial.py
[2024-09-11T14:01:40.696+0000] {processor.py:914} INFO - Processing file /home/airflow/.local/lib/python3.12/site-packages/airflow/example_dags/tutorial.py for tasks to queue
[2024-09-11T14:01:40.698+0000] {logging_mixin.py:190} INFO - [2024-09-11T14:01:40.698+0000] {dagbag.py:587} INFO - Filling up the DagBag from /home/airflow/.local/lib/python3.12/site-packages/airflow/example_dags/tutorial.py
[2024-09-11T14:01:40.707+0000] {processor.py:925} INFO - DAG(s) 'tutorial' retrieved from /home/airflow/.local/lib/python3.12/site-packages/airflow/example_dags/tutorial.py
[2024-09-11T14:01:40.745+0000] {logging_mixin.py:190} INFO - [2024-09-11T14:01:40.744+0000] {dag.py:3229} INFO - Sync 1 DAGs
[2024-09-11T14:01:40.779+0000] {logging_mixin.py:190} INFO - [2024-09-11T14:01:40.778+0000] {dag.py:4156} INFO - Setting next_dagrun for tutorial to 2024-09-10 00:00:00+00:00, run_after=2024-09-11 00:00:00+00:00
[2024-09-11T14:01:40.797+0000] {processor.py:208} INFO - Processing /home/airflow/.local/lib/python3.12/site-packages/airflow/example_dags/tutorial.py took 0.110 seconds
[2024-09-11T14:02:10.919+0000] {processor.py:186} INFO - Started process (PID=3352) to work on /home/airflow/.local/lib/python3.12/site-packages/airflow/example_dags/tutorial.py
[2024-09-11T14:02:10.921+0000] {processor.py:914} INFO - Processing file /home/airflow/.local/lib/python3.12/site-packages/airflow/example_dags/tutorial.py for tasks to queue
[2024-09-11T14:02:10.925+0000] {logging_mixin.py:190} INFO - [2024-09-11T14:02:10.924+0000] {dagbag.py:587} INFO - Filling up the DagBag from /home/airflow/.local/lib/python3.12/site-packages/airflow/example_dags/tutorial.py
[2024-09-11T14:02:10.945+0000] {processor.py:925} INFO - DAG(s) 'tutorial' retrieved from /home/airflow/.local/lib/python3.12/site-packages/airflow/example_dags/tutorial.py
[2024-09-11T14:02:10.981+0000] {logging_mixin.py:190} INFO - [2024-09-11T14:02:10.980+0000] {dag.py:3229} INFO - Sync 1 DAGs
[2024-09-11T14:02:11.014+0000] {logging_mixin.py:190} INFO - [2024-09-11T14:02:11.014+0000] {dag.py:4156} INFO - Setting next_dagrun for tutorial to 2024-09-10 00:00:00+00:00, run_after=2024-09-11 00:00:00+00:00
[2024-09-11T14:02:11.035+0000] {processor.py:208} INFO - Processing /home/airflow/.local/lib/python3.12/site-packages/airflow/example_dags/tutorial.py took 0.125 seconds
[2024-09-11T14:02:41.212+0000] {processor.py:186} INFO - Started process (PID=3414) to work on /home/airflow/.local/lib/python3.12/site-packages/airflow/example_dags/tutorial.py
[2024-09-11T14:02:41.213+0000] {processor.py:914} INFO - Processing file /home/airflow/.local/lib/python3.12/site-packages/airflow/example_dags/tutorial.py for tasks to queue
[2024-09-11T14:02:41.216+0000] {logging_mixin.py:190} INFO - [2024-09-11T14:02:41.216+0000] {dagbag.py:587} INFO - Filling up the DagBag from /home/airflow/.local/lib/python3.12/site-packages/airflow/example_dags/tutorial.py
[2024-09-11T14:02:41.224+0000] {processor.py:925} INFO - DAG(s) 'tutorial' retrieved from /home/airflow/.local/lib/python3.12/site-packages/airflow/example_dags/tutorial.py
[2024-09-11T14:02:41.245+0000] {logging_mixin.py:190} INFO - [2024-09-11T14:02:41.245+0000] {dag.py:3229} INFO - Sync 1 DAGs
[2024-09-11T14:02:41.268+0000] {logging_mixin.py:190} INFO - [2024-09-11T14:02:41.268+0000] {dag.py:4156} INFO - Setting next_dagrun for tutorial to 2024-09-10 00:00:00+00:00, run_after=2024-09-11 00:00:00+00:00
[2024-09-11T14:02:41.286+0000] {processor.py:208} INFO - Processing /home/airflow/.local/lib/python3.12/site-packages/airflow/example_dags/tutorial.py took 0.081 seconds
[2024-09-11T14:03:11.618+0000] {processor.py:186} INFO - Started process (PID=3476) to work on /home/airflow/.local/lib/python3.12/site-packages/airflow/example_dags/tutorial.py
[2024-09-11T14:03:11.619+0000] {processor.py:914} INFO - Processing file /home/airflow/.local/lib/python3.12/site-packages/airflow/example_dags/tutorial.py for tasks to queue
[2024-09-11T14:03:11.621+0000] {logging_mixin.py:190} INFO - [2024-09-11T14:03:11.621+0000] {dagbag.py:587} INFO - Filling up the DagBag from /home/airflow/.local/lib/python3.12/site-packages/airflow/example_dags/tutorial.py
[2024-09-11T14:03:11.630+0000] {processor.py:925} INFO - DAG(s) 'tutorial' retrieved from /home/airflow/.local/lib/python3.12/site-packages/airflow/example_dags/tutorial.py
[2024-09-11T14:03:11.651+0000] {logging_mixin.py:190} INFO - [2024-09-11T14:03:11.651+0000] {dag.py:3229} INFO - Sync 1 DAGs
[2024-09-11T14:03:11.677+0000] {logging_mixin.py:190} INFO - [2024-09-11T14:03:11.677+0000] {dag.py:4156} INFO - Setting next_dagrun for tutorial to 2024-09-10 00:00:00+00:00, run_after=2024-09-11 00:00:00+00:00
[2024-09-11T14:03:11.696+0000] {processor.py:208} INFO - Processing /home/airflow/.local/lib/python3.12/site-packages/airflow/example_dags/tutorial.py took 0.084 seconds
[2024-09-11T14:03:42.581+0000] {processor.py:186} INFO - Started process (PID=3537) to work on /home/airflow/.local/lib/python3.12/site-packages/airflow/example_dags/tutorial.py
[2024-09-11T14:03:42.583+0000] {processor.py:914} INFO - Processing file /home/airflow/.local/lib/python3.12/site-packages/airflow/example_dags/tutorial.py for tasks to queue
[2024-09-11T14:03:42.587+0000] {logging_mixin.py:190} INFO - [2024-09-11T14:03:42.587+0000] {dagbag.py:587} INFO - Filling up the DagBag from /home/airflow/.local/lib/python3.12/site-packages/airflow/example_dags/tutorial.py
[2024-09-11T14:03:42.597+0000] {processor.py:925} INFO - DAG(s) 'tutorial' retrieved from /home/airflow/.local/lib/python3.12/site-packages/airflow/example_dags/tutorial.py
[2024-09-11T14:03:42.618+0000] {logging_mixin.py:190} INFO - [2024-09-11T14:03:42.618+0000] {dag.py:3229} INFO - Sync 1 DAGs
[2024-09-11T14:03:42.642+0000] {logging_mixin.py:190} INFO - [2024-09-11T14:03:42.642+0000] {dag.py:4156} INFO - Setting next_dagrun for tutorial to 2024-09-10 00:00:00+00:00, run_after=2024-09-11 00:00:00+00:00
[2024-09-11T14:03:42.664+0000] {processor.py:208} INFO - Processing /home/airflow/.local/lib/python3.12/site-packages/airflow/example_dags/tutorial.py took 0.093 seconds
[2024-09-11T14:04:12.759+0000] {processor.py:186} INFO - Started process (PID=3598) to work on /home/airflow/.local/lib/python3.12/site-packages/airflow/example_dags/tutorial.py
[2024-09-11T14:04:12.762+0000] {processor.py:914} INFO - Processing file /home/airflow/.local/lib/python3.12/site-packages/airflow/example_dags/tutorial.py for tasks to queue
[2024-09-11T14:04:12.767+0000] {logging_mixin.py:190} INFO - [2024-09-11T14:04:12.766+0000] {dagbag.py:587} INFO - Filling up the DagBag from /home/airflow/.local/lib/python3.12/site-packages/airflow/example_dags/tutorial.py
[2024-09-11T14:04:12.778+0000] {processor.py:925} INFO - DAG(s) 'tutorial' retrieved from /home/airflow/.local/lib/python3.12/site-packages/airflow/example_dags/tutorial.py
[2024-09-11T14:04:12.804+0000] {logging_mixin.py:190} INFO - [2024-09-11T14:04:12.803+0000] {dag.py:3229} INFO - Sync 1 DAGs
[2024-09-11T14:04:12.831+0000] {logging_mixin.py:190} INFO - [2024-09-11T14:04:12.831+0000] {dag.py:4156} INFO - Setting next_dagrun for tutorial to 2024-09-10 00:00:00+00:00, run_after=2024-09-11 00:00:00+00:00
[2024-09-11T14:04:12.853+0000] {processor.py:208} INFO - Processing /home/airflow/.local/lib/python3.12/site-packages/airflow/example_dags/tutorial.py took 0.114 seconds
[2024-09-11T14:04:43.475+0000] {processor.py:186} INFO - Started process (PID=3661) to work on /home/airflow/.local/lib/python3.12/site-packages/airflow/example_dags/tutorial.py
[2024-09-11T14:04:43.476+0000] {processor.py:914} INFO - Processing file /home/airflow/.local/lib/python3.12/site-packages/airflow/example_dags/tutorial.py for tasks to queue
[2024-09-11T14:04:43.479+0000] {logging_mixin.py:190} INFO - [2024-09-11T14:04:43.479+0000] {dagbag.py:587} INFO - Filling up the DagBag from /home/airflow/.local/lib/python3.12/site-packages/airflow/example_dags/tutorial.py
[2024-09-11T14:04:43.488+0000] {processor.py:925} INFO - DAG(s) 'tutorial' retrieved from /home/airflow/.local/lib/python3.12/site-packages/airflow/example_dags/tutorial.py
[2024-09-11T14:04:43.508+0000] {logging_mixin.py:190} INFO - [2024-09-11T14:04:43.508+0000] {dag.py:3229} INFO - Sync 1 DAGs
[2024-09-11T14:04:43.532+0000] {logging_mixin.py:190} INFO - [2024-09-11T14:04:43.532+0000] {dag.py:4156} INFO - Setting next_dagrun for tutorial to 2024-09-10 00:00:00+00:00, run_after=2024-09-11 00:00:00+00:00
[2024-09-11T14:04:43.554+0000] {processor.py:208} INFO - Processing /home/airflow/.local/lib/python3.12/site-packages/airflow/example_dags/tutorial.py took 0.086 seconds
[2024-09-11T14:05:13.983+0000] {processor.py:186} INFO - Started process (PID=3723) to work on /home/airflow/.local/lib/python3.12/site-packages/airflow/example_dags/tutorial.py
[2024-09-11T14:05:13.984+0000] {processor.py:914} INFO - Processing file /home/airflow/.local/lib/python3.12/site-packages/airflow/example_dags/tutorial.py for tasks to queue
[2024-09-11T14:05:13.987+0000] {logging_mixin.py:190} INFO - [2024-09-11T14:05:13.987+0000] {dagbag.py:587} INFO - Filling up the DagBag from /home/airflow/.local/lib/python3.12/site-packages/airflow/example_dags/tutorial.py
[2024-09-11T14:05:13.996+0000] {processor.py:925} INFO - DAG(s) 'tutorial' retrieved from /home/airflow/.local/lib/python3.12/site-packages/airflow/example_dags/tutorial.py
[2024-09-11T14:05:14.017+0000] {logging_mixin.py:190} INFO - [2024-09-11T14:05:14.017+0000] {dag.py:3229} INFO - Sync 1 DAGs
[2024-09-11T14:05:14.042+0000] {logging_mixin.py:190} INFO - [2024-09-11T14:05:14.042+0000] {dag.py:4156} INFO - Setting next_dagrun for tutorial to 2024-09-10 00:00:00+00:00, run_after=2024-09-11 00:00:00+00:00
[2024-09-11T14:05:14.063+0000] {processor.py:208} INFO - Processing /home/airflow/.local/lib/python3.12/site-packages/airflow/example_dags/tutorial.py took 0.087 seconds
[2024-09-11T14:05:44.862+0000] {processor.py:186} INFO - Started process (PID=3785) to work on /home/airflow/.local/lib/python3.12/site-packages/airflow/example_dags/tutorial.py
[2024-09-11T14:05:44.864+0000] {processor.py:914} INFO - Processing file /home/airflow/.local/lib/python3.12/site-packages/airflow/example_dags/tutorial.py for tasks to queue
[2024-09-11T14:05:44.867+0000] {logging_mixin.py:190} INFO - [2024-09-11T14:05:44.867+0000] {dagbag.py:587} INFO - Filling up the DagBag from /home/airflow/.local/lib/python3.12/site-packages/airflow/example_dags/tutorial.py
[2024-09-11T14:05:44.876+0000] {processor.py:925} INFO - DAG(s) 'tutorial' retrieved from /home/airflow/.local/lib/python3.12/site-packages/airflow/example_dags/tutorial.py
[2024-09-11T14:05:44.899+0000] {logging_mixin.py:190} INFO - [2024-09-11T14:05:44.899+0000] {dag.py:3229} INFO - Sync 1 DAGs
[2024-09-11T14:05:44.924+0000] {logging_mixin.py:190} INFO - [2024-09-11T14:05:44.924+0000] {dag.py:4156} INFO - Setting next_dagrun for tutorial to 2024-09-10 00:00:00+00:00, run_after=2024-09-11 00:00:00+00:00
[2024-09-11T14:05:44.944+0000] {processor.py:208} INFO - Processing /home/airflow/.local/lib/python3.12/site-packages/airflow/example_dags/tutorial.py took 0.092 seconds
[2024-09-11T14:06:15.295+0000] {processor.py:186} INFO - Started process (PID=3847) to work on /home/airflow/.local/lib/python3.12/site-packages/airflow/example_dags/tutorial.py
[2024-09-11T14:06:15.296+0000] {processor.py:914} INFO - Processing file /home/airflow/.local/lib/python3.12/site-packages/airflow/example_dags/tutorial.py for tasks to queue
[2024-09-11T14:06:15.299+0000] {logging_mixin.py:190} INFO - [2024-09-11T14:06:15.298+0000] {dagbag.py:587} INFO - Filling up the DagBag from /home/airflow/.local/lib/python3.12/site-packages/airflow/example_dags/tutorial.py
[2024-09-11T14:06:15.308+0000] {processor.py:925} INFO - DAG(s) 'tutorial' retrieved from /home/airflow/.local/lib/python3.12/site-packages/airflow/example_dags/tutorial.py
[2024-09-11T14:06:15.330+0000] {logging_mixin.py:190} INFO - [2024-09-11T14:06:15.329+0000] {dag.py:3229} INFO - Sync 1 DAGs
[2024-09-11T14:06:15.355+0000] {logging_mixin.py:190} INFO - [2024-09-11T14:06:15.355+0000] {dag.py:4156} INFO - Setting next_dagrun for tutorial to 2024-09-10 00:00:00+00:00, run_after=2024-09-11 00:00:00+00:00
[2024-09-11T14:06:15.375+0000] {processor.py:208} INFO - Processing /home/airflow/.local/lib/python3.12/site-packages/airflow/example_dags/tutorial.py took 0.087 seconds
[2024-09-11T14:06:45.786+0000] {processor.py:186} INFO - Started process (PID=3909) to work on /home/airflow/.local/lib/python3.12/site-packages/airflow/example_dags/tutorial.py
[2024-09-11T14:06:45.787+0000] {processor.py:914} INFO - Processing file /home/airflow/.local/lib/python3.12/site-packages/airflow/example_dags/tutorial.py for tasks to queue
[2024-09-11T14:06:45.790+0000] {logging_mixin.py:190} INFO - [2024-09-11T14:06:45.790+0000] {dagbag.py:587} INFO - Filling up the DagBag from /home/airflow/.local/lib/python3.12/site-packages/airflow/example_dags/tutorial.py
[2024-09-11T14:06:45.799+0000] {processor.py:925} INFO - DAG(s) 'tutorial' retrieved from /home/airflow/.local/lib/python3.12/site-packages/airflow/example_dags/tutorial.py
[2024-09-11T14:06:45.820+0000] {logging_mixin.py:190} INFO - [2024-09-11T14:06:45.820+0000] {dag.py:3229} INFO - Sync 1 DAGs
[2024-09-11T14:06:45.844+0000] {logging_mixin.py:190} INFO - [2024-09-11T14:06:45.844+0000] {dag.py:4156} INFO - Setting next_dagrun for tutorial to 2024-09-10 00:00:00+00:00, run_after=2024-09-11 00:00:00+00:00
[2024-09-11T14:06:45.865+0000] {processor.py:208} INFO - Processing /home/airflow/.local/lib/python3.12/site-packages/airflow/example_dags/tutorial.py took 0.085 seconds
[2024-09-11T14:07:16.426+0000] {processor.py:186} INFO - Started process (PID=3971) to work on /home/airflow/.local/lib/python3.12/site-packages/airflow/example_dags/tutorial.py
[2024-09-11T14:07:16.427+0000] {processor.py:914} INFO - Processing file /home/airflow/.local/lib/python3.12/site-packages/airflow/example_dags/tutorial.py for tasks to queue
[2024-09-11T14:07:16.430+0000] {logging_mixin.py:190} INFO - [2024-09-11T14:07:16.430+0000] {dagbag.py:587} INFO - Filling up the DagBag from /home/airflow/.local/lib/python3.12/site-packages/airflow/example_dags/tutorial.py
[2024-09-11T14:07:16.439+0000] {processor.py:925} INFO - DAG(s) 'tutorial' retrieved from /home/airflow/.local/lib/python3.12/site-packages/airflow/example_dags/tutorial.py
[2024-09-11T14:07:16.463+0000] {logging_mixin.py:190} INFO - [2024-09-11T14:07:16.463+0000] {dag.py:3229} INFO - Sync 1 DAGs
[2024-09-11T14:07:16.490+0000] {logging_mixin.py:190} INFO - [2024-09-11T14:07:16.490+0000] {dag.py:4156} INFO - Setting next_dagrun for tutorial to 2024-09-10 00:00:00+00:00, run_after=2024-09-11 00:00:00+00:00
[2024-09-11T14:07:16.513+0000] {processor.py:208} INFO - Processing /home/airflow/.local/lib/python3.12/site-packages/airflow/example_dags/tutorial.py took 0.094 seconds
[2024-09-11T14:07:46.845+0000] {processor.py:186} INFO - Started process (PID=4033) to work on /home/airflow/.local/lib/python3.12/site-packages/airflow/example_dags/tutorial.py
[2024-09-11T14:07:46.846+0000] {processor.py:914} INFO - Processing file /home/airflow/.local/lib/python3.12/site-packages/airflow/example_dags/tutorial.py for tasks to queue
[2024-09-11T14:07:46.849+0000] {logging_mixin.py:190} INFO - [2024-09-11T14:07:46.849+0000] {dagbag.py:587} INFO - Filling up the DagBag from /home/airflow/.local/lib/python3.12/site-packages/airflow/example_dags/tutorial.py
[2024-09-11T14:07:46.858+0000] {processor.py:925} INFO - DAG(s) 'tutorial' retrieved from /home/airflow/.local/lib/python3.12/site-packages/airflow/example_dags/tutorial.py
[2024-09-11T14:07:46.879+0000] {logging_mixin.py:190} INFO - [2024-09-11T14:07:46.879+0000] {dag.py:3229} INFO - Sync 1 DAGs
[2024-09-11T14:07:46.904+0000] {logging_mixin.py:190} INFO - [2024-09-11T14:07:46.904+0000] {dag.py:4156} INFO - Setting next_dagrun for tutorial to 2024-09-10 00:00:00+00:00, run_after=2024-09-11 00:00:00+00:00
[2024-09-11T14:07:46.924+0000] {processor.py:208} INFO - Processing /home/airflow/.local/lib/python3.12/site-packages/airflow/example_dags/tutorial.py took 0.085 seconds
[2024-09-11T14:08:17.233+0000] {processor.py:186} INFO - Started process (PID=4095) to work on /home/airflow/.local/lib/python3.12/site-packages/airflow/example_dags/tutorial.py
[2024-09-11T14:08:17.234+0000] {processor.py:914} INFO - Processing file /home/airflow/.local/lib/python3.12/site-packages/airflow/example_dags/tutorial.py for tasks to queue
[2024-09-11T14:08:17.238+0000] {logging_mixin.py:190} INFO - [2024-09-11T14:08:17.237+0000] {dagbag.py:587} INFO - Filling up the DagBag from /home/airflow/.local/lib/python3.12/site-packages/airflow/example_dags/tutorial.py
[2024-09-11T14:08:17.251+0000] {processor.py:925} INFO - DAG(s) 'tutorial' retrieved from /home/airflow/.local/lib/python3.12/site-packages/airflow/example_dags/tutorial.py
[2024-09-11T14:08:17.279+0000] {logging_mixin.py:190} INFO - [2024-09-11T14:08:17.279+0000] {dag.py:3229} INFO - Sync 1 DAGs
[2024-09-11T14:08:17.316+0000] {logging_mixin.py:190} INFO - [2024-09-11T14:08:17.315+0000] {dag.py:4156} INFO - Setting next_dagrun for tutorial to 2024-09-10 00:00:00+00:00, run_after=2024-09-11 00:00:00+00:00
[2024-09-11T14:08:17.358+0000] {processor.py:208} INFO - Processing /home/airflow/.local/lib/python3.12/site-packages/airflow/example_dags/tutorial.py took 0.136 seconds
[2024-09-11T14:08:48.112+0000] {processor.py:186} INFO - Started process (PID=4157) to work on /home/airflow/.local/lib/python3.12/site-packages/airflow/example_dags/tutorial.py
[2024-09-11T14:08:48.113+0000] {processor.py:914} INFO - Processing file /home/airflow/.local/lib/python3.12/site-packages/airflow/example_dags/tutorial.py for tasks to queue
[2024-09-11T14:08:48.116+0000] {logging_mixin.py:190} INFO - [2024-09-11T14:08:48.115+0000] {dagbag.py:587} INFO - Filling up the DagBag from /home/airflow/.local/lib/python3.12/site-packages/airflow/example_dags/tutorial.py
[2024-09-11T14:08:48.126+0000] {processor.py:925} INFO - DAG(s) 'tutorial' retrieved from /home/airflow/.local/lib/python3.12/site-packages/airflow/example_dags/tutorial.py
[2024-09-11T14:08:48.147+0000] {logging_mixin.py:190} INFO - [2024-09-11T14:08:48.146+0000] {dag.py:3229} INFO - Sync 1 DAGs
[2024-09-11T14:08:48.170+0000] {logging_mixin.py:190} INFO - [2024-09-11T14:08:48.169+0000] {dag.py:4156} INFO - Setting next_dagrun for tutorial to 2024-09-10 00:00:00+00:00, run_after=2024-09-11 00:00:00+00:00
[2024-09-11T14:08:48.189+0000] {processor.py:208} INFO - Processing /home/airflow/.local/lib/python3.12/site-packages/airflow/example_dags/tutorial.py took 0.086 seconds
[2024-09-11T14:09:18.695+0000] {processor.py:186} INFO - Started process (PID=4219) to work on /home/airflow/.local/lib/python3.12/site-packages/airflow/example_dags/tutorial.py
[2024-09-11T14:09:18.696+0000] {processor.py:914} INFO - Processing file /home/airflow/.local/lib/python3.12/site-packages/airflow/example_dags/tutorial.py for tasks to queue
[2024-09-11T14:09:18.699+0000] {logging_mixin.py:190} INFO - [2024-09-11T14:09:18.698+0000] {dagbag.py:587} INFO - Filling up the DagBag from /home/airflow/.local/lib/python3.12/site-packages/airflow/example_dags/tutorial.py
[2024-09-11T14:09:18.708+0000] {processor.py:925} INFO - DAG(s) 'tutorial' retrieved from /home/airflow/.local/lib/python3.12/site-packages/airflow/example_dags/tutorial.py
[2024-09-11T14:09:18.730+0000] {logging_mixin.py:190} INFO - [2024-09-11T14:09:18.730+0000] {dag.py:3229} INFO - Sync 1 DAGs
[2024-09-11T14:09:18.756+0000] {logging_mixin.py:190} INFO - [2024-09-11T14:09:18.755+0000] {dag.py:4156} INFO - Setting next_dagrun for tutorial to 2024-09-10 00:00:00+00:00, run_after=2024-09-11 00:00:00+00:00
[2024-09-11T14:09:18.777+0000] {processor.py:208} INFO - Processing /home/airflow/.local/lib/python3.12/site-packages/airflow/example_dags/tutorial.py took 0.089 seconds
[2024-09-11T14:09:49.292+0000] {processor.py:186} INFO - Started process (PID=4281) to work on /home/airflow/.local/lib/python3.12/site-packages/airflow/example_dags/tutorial.py
[2024-09-11T14:09:49.293+0000] {processor.py:914} INFO - Processing file /home/airflow/.local/lib/python3.12/site-packages/airflow/example_dags/tutorial.py for tasks to queue
[2024-09-11T14:09:49.296+0000] {logging_mixin.py:190} INFO - [2024-09-11T14:09:49.296+0000] {dagbag.py:587} INFO - Filling up the DagBag from /home/airflow/.local/lib/python3.12/site-packages/airflow/example_dags/tutorial.py
[2024-09-11T14:09:49.305+0000] {processor.py:925} INFO - DAG(s) 'tutorial' retrieved from /home/airflow/.local/lib/python3.12/site-packages/airflow/example_dags/tutorial.py
[2024-09-11T14:09:49.327+0000] {logging_mixin.py:190} INFO - [2024-09-11T14:09:49.327+0000] {dag.py:3229} INFO - Sync 1 DAGs
[2024-09-11T14:09:49.350+0000] {logging_mixin.py:190} INFO - [2024-09-11T14:09:49.350+0000] {dag.py:4156} INFO - Setting next_dagrun for tutorial to 2024-09-10 00:00:00+00:00, run_after=2024-09-11 00:00:00+00:00
[2024-09-11T14:09:49.372+0000] {processor.py:208} INFO - Processing /home/airflow/.local/lib/python3.12/site-packages/airflow/example_dags/tutorial.py took 0.086 seconds
[2024-09-11T14:10:19.673+0000] {processor.py:186} INFO - Started process (PID=4343) to work on /home/airflow/.local/lib/python3.12/site-packages/airflow/example_dags/tutorial.py
[2024-09-11T14:10:19.675+0000] {processor.py:914} INFO - Processing file /home/airflow/.local/lib/python3.12/site-packages/airflow/example_dags/tutorial.py for tasks to queue
[2024-09-11T14:10:19.678+0000] {logging_mixin.py:190} INFO - [2024-09-11T14:10:19.678+0000] {dagbag.py:587} INFO - Filling up the DagBag from /home/airflow/.local/lib/python3.12/site-packages/airflow/example_dags/tutorial.py
[2024-09-11T14:10:19.687+0000] {processor.py:925} INFO - DAG(s) 'tutorial' retrieved from /home/airflow/.local/lib/python3.12/site-packages/airflow/example_dags/tutorial.py
[2024-09-11T14:10:19.709+0000] {logging_mixin.py:190} INFO - [2024-09-11T14:10:19.709+0000] {dag.py:3229} INFO - Sync 1 DAGs
[2024-09-11T14:10:19.736+0000] {logging_mixin.py:190} INFO - [2024-09-11T14:10:19.736+0000] {dag.py:4156} INFO - Setting next_dagrun for tutorial to 2024-09-10 00:00:00+00:00, run_after=2024-09-11 00:00:00+00:00
[2024-09-11T14:10:19.757+0000] {processor.py:208} INFO - Processing /home/airflow/.local/lib/python3.12/site-packages/airflow/example_dags/tutorial.py took 0.092 seconds
[2024-09-11T14:10:50.113+0000] {processor.py:186} INFO - Started process (PID=4405) to work on /home/airflow/.local/lib/python3.12/site-packages/airflow/example_dags/tutorial.py
[2024-09-11T14:10:50.114+0000] {processor.py:914} INFO - Processing file /home/airflow/.local/lib/python3.12/site-packages/airflow/example_dags/tutorial.py for tasks to queue
[2024-09-11T14:10:50.117+0000] {logging_mixin.py:190} INFO - [2024-09-11T14:10:50.116+0000] {dagbag.py:587} INFO - Filling up the DagBag from /home/airflow/.local/lib/python3.12/site-packages/airflow/example_dags/tutorial.py
[2024-09-11T14:10:50.125+0000] {processor.py:925} INFO - DAG(s) 'tutorial' retrieved from /home/airflow/.local/lib/python3.12/site-packages/airflow/example_dags/tutorial.py
[2024-09-11T14:10:50.147+0000] {logging_mixin.py:190} INFO - [2024-09-11T14:10:50.147+0000] {dag.py:3229} INFO - Sync 1 DAGs
[2024-09-11T14:10:50.172+0000] {logging_mixin.py:190} INFO - [2024-09-11T14:10:50.172+0000] {dag.py:4156} INFO - Setting next_dagrun for tutorial to 2024-09-10 00:00:00+00:00, run_after=2024-09-11 00:00:00+00:00
[2024-09-11T14:10:50.192+0000] {processor.py:208} INFO - Processing /home/airflow/.local/lib/python3.12/site-packages/airflow/example_dags/tutorial.py took 0.086 seconds
[2024-09-11T14:11:20.702+0000] {processor.py:186} INFO - Started process (PID=4467) to work on /home/airflow/.local/lib/python3.12/site-packages/airflow/example_dags/tutorial.py
[2024-09-11T14:11:20.703+0000] {processor.py:914} INFO - Processing file /home/airflow/.local/lib/python3.12/site-packages/airflow/example_dags/tutorial.py for tasks to queue
[2024-09-11T14:11:20.707+0000] {logging_mixin.py:190} INFO - [2024-09-11T14:11:20.707+0000] {dagbag.py:587} INFO - Filling up the DagBag from /home/airflow/.local/lib/python3.12/site-packages/airflow/example_dags/tutorial.py
[2024-09-11T14:11:20.716+0000] {processor.py:925} INFO - DAG(s) 'tutorial' retrieved from /home/airflow/.local/lib/python3.12/site-packages/airflow/example_dags/tutorial.py
[2024-09-11T14:11:20.736+0000] {logging_mixin.py:190} INFO - [2024-09-11T14:11:20.735+0000] {dag.py:3229} INFO - Sync 1 DAGs
[2024-09-11T14:11:20.759+0000] {logging_mixin.py:190} INFO - [2024-09-11T14:11:20.759+0000] {dag.py:4156} INFO - Setting next_dagrun for tutorial to 2024-09-10 00:00:00+00:00, run_after=2024-09-11 00:00:00+00:00
[2024-09-11T14:11:20.781+0000] {processor.py:208} INFO - Processing /home/airflow/.local/lib/python3.12/site-packages/airflow/example_dags/tutorial.py took 0.086 seconds
[2024-09-11T14:11:51.154+0000] {processor.py:186} INFO - Started process (PID=4529) to work on /home/airflow/.local/lib/python3.12/site-packages/airflow/example_dags/tutorial.py
[2024-09-11T14:11:51.156+0000] {processor.py:914} INFO - Processing file /home/airflow/.local/lib/python3.12/site-packages/airflow/example_dags/tutorial.py for tasks to queue
[2024-09-11T14:11:51.159+0000] {logging_mixin.py:190} INFO - [2024-09-11T14:11:51.158+0000] {dagbag.py:587} INFO - Filling up the DagBag from /home/airflow/.local/lib/python3.12/site-packages/airflow/example_dags/tutorial.py
[2024-09-11T14:11:51.168+0000] {processor.py:925} INFO - DAG(s) 'tutorial' retrieved from /home/airflow/.local/lib/python3.12/site-packages/airflow/example_dags/tutorial.py
[2024-09-11T14:11:51.189+0000] {logging_mixin.py:190} INFO - [2024-09-11T14:11:51.188+0000] {dag.py:3229} INFO - Sync 1 DAGs
[2024-09-11T14:11:51.212+0000] {logging_mixin.py:190} INFO - [2024-09-11T14:11:51.212+0000] {dag.py:4156} INFO - Setting next_dagrun for tutorial to 2024-09-10 00:00:00+00:00, run_after=2024-09-11 00:00:00+00:00
[2024-09-11T14:11:51.232+0000] {processor.py:208} INFO - Processing /home/airflow/.local/lib/python3.12/site-packages/airflow/example_dags/tutorial.py took 0.084 seconds
[2024-09-11T14:12:21.607+0000] {processor.py:186} INFO - Started process (PID=4591) to work on /home/airflow/.local/lib/python3.12/site-packages/airflow/example_dags/tutorial.py
[2024-09-11T14:12:21.609+0000] {processor.py:914} INFO - Processing file /home/airflow/.local/lib/python3.12/site-packages/airflow/example_dags/tutorial.py for tasks to queue
[2024-09-11T14:12:21.611+0000] {logging_mixin.py:190} INFO - [2024-09-11T14:12:21.611+0000] {dagbag.py:587} INFO - Filling up the DagBag from /home/airflow/.local/lib/python3.12/site-packages/airflow/example_dags/tutorial.py
[2024-09-11T14:12:21.621+0000] {processor.py:925} INFO - DAG(s) 'tutorial' retrieved from /home/airflow/.local/lib/python3.12/site-packages/airflow/example_dags/tutorial.py
[2024-09-11T14:12:21.641+0000] {logging_mixin.py:190} INFO - [2024-09-11T14:12:21.641+0000] {dag.py:3229} INFO - Sync 1 DAGs
[2024-09-11T14:12:21.664+0000] {logging_mixin.py:190} INFO - [2024-09-11T14:12:21.664+0000] {dag.py:4156} INFO - Setting next_dagrun for tutorial to 2024-09-10 00:00:00+00:00, run_after=2024-09-11 00:00:00+00:00
[2024-09-11T14:12:21.685+0000] {processor.py:208} INFO - Processing /home/airflow/.local/lib/python3.12/site-packages/airflow/example_dags/tutorial.py took 0.084 seconds
[2024-09-11T14:12:52.431+0000] {processor.py:186} INFO - Started process (PID=4653) to work on /home/airflow/.local/lib/python3.12/site-packages/airflow/example_dags/tutorial.py
[2024-09-11T14:12:52.432+0000] {processor.py:914} INFO - Processing file /home/airflow/.local/lib/python3.12/site-packages/airflow/example_dags/tutorial.py for tasks to queue
[2024-09-11T14:12:52.435+0000] {logging_mixin.py:190} INFO - [2024-09-11T14:12:52.435+0000] {dagbag.py:587} INFO - Filling up the DagBag from /home/airflow/.local/lib/python3.12/site-packages/airflow/example_dags/tutorial.py
[2024-09-11T14:12:52.444+0000] {processor.py:925} INFO - DAG(s) 'tutorial' retrieved from /home/airflow/.local/lib/python3.12/site-packages/airflow/example_dags/tutorial.py
[2024-09-11T14:12:52.464+0000] {logging_mixin.py:190} INFO - [2024-09-11T14:12:52.464+0000] {dag.py:3229} INFO - Sync 1 DAGs
[2024-09-11T14:12:52.489+0000] {logging_mixin.py:190} INFO - [2024-09-11T14:12:52.489+0000] {dag.py:4156} INFO - Setting next_dagrun for tutorial to 2024-09-10 00:00:00+00:00, run_after=2024-09-11 00:00:00+00:00
[2024-09-11T14:12:52.510+0000] {processor.py:208} INFO - Processing /home/airflow/.local/lib/python3.12/site-packages/airflow/example_dags/tutorial.py took 0.089 seconds
[2024-09-11T14:13:23.248+0000] {processor.py:186} INFO - Started process (PID=4715) to work on /home/airflow/.local/lib/python3.12/site-packages/airflow/example_dags/tutorial.py
[2024-09-11T14:13:23.249+0000] {processor.py:914} INFO - Processing file /home/airflow/.local/lib/python3.12/site-packages/airflow/example_dags/tutorial.py for tasks to queue
[2024-09-11T14:13:23.251+0000] {logging_mixin.py:190} INFO - [2024-09-11T14:13:23.251+0000] {dagbag.py:587} INFO - Filling up the DagBag from /home/airflow/.local/lib/python3.12/site-packages/airflow/example_dags/tutorial.py
[2024-09-11T14:13:23.260+0000] {processor.py:925} INFO - DAG(s) 'tutorial' retrieved from /home/airflow/.local/lib/python3.12/site-packages/airflow/example_dags/tutorial.py
[2024-09-11T14:13:23.280+0000] {logging_mixin.py:190} INFO - [2024-09-11T14:13:23.279+0000] {dag.py:3229} INFO - Sync 1 DAGs
[2024-09-11T14:13:23.304+0000] {logging_mixin.py:190} INFO - [2024-09-11T14:13:23.304+0000] {dag.py:4156} INFO - Setting next_dagrun for tutorial to 2024-09-10 00:00:00+00:00, run_after=2024-09-11 00:00:00+00:00
[2024-09-11T14:13:23.328+0000] {processor.py:208} INFO - Processing /home/airflow/.local/lib/python3.12/site-packages/airflow/example_dags/tutorial.py took 0.087 seconds
[2024-09-11T20:53:34.968+0000] {processor.py:186} INFO - Started process (PID=4777) to work on /home/airflow/.local/lib/python3.12/site-packages/airflow/example_dags/tutorial.py
[2024-09-11T20:53:34.981+0000] {processor.py:914} INFO - Processing file /home/airflow/.local/lib/python3.12/site-packages/airflow/example_dags/tutorial.py for tasks to queue
[2024-09-11T20:53:34.998+0000] {logging_mixin.py:190} INFO - [2024-09-11T20:53:34.997+0000] {dagbag.py:587} INFO - Filling up the DagBag from /home/airflow/.local/lib/python3.12/site-packages/airflow/example_dags/tutorial.py
[2024-09-11T20:53:35.061+0000] {processor.py:925} INFO - DAG(s) 'tutorial' retrieved from /home/airflow/.local/lib/python3.12/site-packages/airflow/example_dags/tutorial.py
[2024-09-11T20:53:35.197+0000] {logging_mixin.py:190} INFO - [2024-09-11T20:53:35.197+0000] {dag.py:3229} INFO - Sync 1 DAGs
[2024-09-11T20:53:35.388+0000] {logging_mixin.py:190} INFO - [2024-09-11T20:53:35.387+0000] {dag.py:4156} INFO - Setting next_dagrun for tutorial to 2024-09-10 00:00:00+00:00, run_after=2024-09-11 00:00:00+00:00
[2024-09-11T20:53:35.501+0000] {processor.py:208} INFO - Processing /home/airflow/.local/lib/python3.12/site-packages/airflow/example_dags/tutorial.py took 0.562 seconds
