[2024-09-13T11:13:53.332+0000] {local_task_job_runner.py:123} INFO - ::group::Pre task execution logs
[2024-09-13T11:13:53.351+0000] {taskinstance.py:2612} INFO - Dependencies all met for dep_context=non-requeueable deps ti=<TaskInstance: dag_populations_wikipedia.upload_to_gcs manual__2024-09-13T11:13:21.785789+00:00 [queued]>
[2024-09-13T11:13:53.361+0000] {taskinstance.py:2612} INFO - Dependencies all met for dep_context=requeueable deps ti=<TaskInstance: dag_populations_wikipedia.upload_to_gcs manual__2024-09-13T11:13:21.785789+00:00 [queued]>
[2024-09-13T11:13:53.362+0000] {taskinstance.py:2865} INFO - Starting attempt 1 of 1
[2024-09-13T11:13:53.384+0000] {taskinstance.py:2888} INFO - Executing <Task(_PythonDecoratedOperator): upload_to_gcs> on 2024-09-13 11:13:21.785789+00:00
[2024-09-13T11:13:53.416+0000] {warnings.py:112} WARNING - /home/***/.local/lib/python3.12/site-packages/***/task/task_runner/standard_task_runner.py:70: DeprecationWarning: This process (pid=402) is multi-threaded, use of fork() may lead to deadlocks in the child.
  pid = os.fork()

[2024-09-13T11:13:53.427+0000] {standard_task_runner.py:72} INFO - Started process 404 to run task
[2024-09-13T11:13:53.417+0000] {standard_task_runner.py:104} INFO - Running: ['***', 'tasks', 'run', 'dag_populations_wikipedia', 'upload_to_gcs', 'manual__2024-09-13T11:13:21.785789+00:00', '--job-id', '22', '--raw', '--subdir', 'DAGS_FOLDER/wikipedia_etl.py', '--cfg-path', '/tmp/tmppspinmrh']
[2024-09-13T11:13:53.429+0000] {standard_task_runner.py:105} INFO - Job 22: Subtask upload_to_gcs
[2024-09-13T11:13:53.542+0000] {task_command.py:467} INFO - Running <TaskInstance: dag_populations_wikipedia.upload_to_gcs manual__2024-09-13T11:13:21.785789+00:00 [running]> on host dc04a9e49db9
[2024-09-13T11:13:53.655+0000] {taskinstance.py:3131} INFO - Exporting env vars: AIRFLOW_CTX_DAG_OWNER='***' AIRFLOW_CTX_DAG_ID='dag_populations_wikipedia' AIRFLOW_CTX_TASK_ID='upload_to_gcs' AIRFLOW_CTX_EXECUTION_DATE='2024-09-13T11:13:21.785789+00:00' AIRFLOW_CTX_TRY_NUMBER='1' AIRFLOW_CTX_DAG_RUN_ID='manual__2024-09-13T11:13:21.785789+00:00'
[2024-09-13T11:13:53.657+0000] {taskinstance.py:731} INFO - ::endgroup::
[2024-09-13T11:13:53.670+0000] {connection.py:277} WARNING - Connection schemes (type: google_cloud_platform) shall not contain '_' according to RFC3986.
[2024-09-13T11:13:53.672+0000] {base.py:84} INFO - Retrieving connection 'gcp'
[2024-09-13T11:13:54.390+0000] {gcs.py:560} INFO - File populations_wikipedia.csv uploaded to raw/populations_wikipedia.csv in wikipedia_population bucket
[2024-09-13T11:13:54.391+0000] {python.py:240} INFO - Done. Returned value was: None
[2024-09-13T11:13:54.406+0000] {taskinstance.py:340} INFO - ::group::Post task execution logs
[2024-09-13T11:13:54.407+0000] {taskinstance.py:352} INFO - Marking task as SUCCESS. dag_id=dag_populations_wikipedia, task_id=upload_to_gcs, run_id=manual__2024-09-13T11:13:21.785789+00:00, execution_date=20240913T111321, start_date=20240913T111353, end_date=20240913T111354
[2024-09-13T11:13:54.466+0000] {local_task_job_runner.py:266} INFO - Task exited with return code 0
[2024-09-13T11:13:54.487+0000] {taskinstance.py:3900} INFO - 0 downstream tasks scheduled from follow-on schedule check
[2024-09-13T11:13:54.492+0000] {local_task_job_runner.py:245} INFO - ::endgroup::
